
===========================================================================
report_checks -path_delay min (Hold)
============================================================================
======================= nom_tt_025C_1v80 Corner ===================================

Startpoint: _40_ (rising edge-triggered flip-flop clocked by clk_i)
Endpoint: _40_ (rising edge-triggered flip-flop clocked by clk_i)
Path Group: clk_i
Path Type: min

Fanout         Cap        Slew       Delay        Time   Description
---------------------------------------------------------------------------------------------
                                  0.000000    0.000000   clock clk_i (rise edge)
                                  0.000000    0.000000   clock source latency
     8    0.023869    0.112929    0.077406    0.077406 ^ clk_i (in)
                                                         clk_i (net)
                      0.112929    0.000000    0.077406 ^ _40_/CLK (sky130_fd_sc_hd__dfxtp_2)
     7    0.052700    0.126040    0.425238    0.502644 v _40_/Q (sky130_fd_sc_hd__dfxtp_2)
                                                         counter_val_o[0] (net)
                      0.126040    0.000091    0.502735 v _27_/A (sky130_fd_sc_hd__nor2_2)
     1    0.001920    0.056517    0.117151    0.619887 ^ _27_/Y (sky130_fd_sc_hd__nor2_2)
                                                         _02_ (net)
                      0.056517    0.000002    0.619889 ^ _40_/D (sky130_fd_sc_hd__dfxtp_2)
                                              0.619889   data arrival time

                                  0.000000    0.000000   clock clk_i (rise edge)
                                  0.000000    0.000000   clock source latency
     8    0.023869    0.112929    0.077406    0.077406 ^ clk_i (in)
                                                         clk_i (net)
                      0.112929    0.000000    0.077406 ^ _40_/CLK (sky130_fd_sc_hd__dfxtp_2)
                                  0.250000    0.327406   clock uncertainty
                                  0.000000    0.327406   clock reconvergence pessimism
                                 -0.024611    0.302795   library hold time
                                              0.302795   data required time
---------------------------------------------------------------------------------------------
                                              0.302795   data required time
                                             -0.619889   data arrival time
---------------------------------------------------------------------------------------------
                                              0.317093   slack (MET)


Startpoint: _45_ (rising edge-triggered flip-flop clocked by clk_i)
Endpoint: _45_ (rising edge-triggered flip-flop clocked by clk_i)
Path Group: clk_i
Path Type: min

Fanout         Cap        Slew       Delay        Time   Description
---------------------------------------------------------------------------------------------
                                  0.000000    0.000000   clock clk_i (rise edge)
                                  0.000000    0.000000   clock source latency
     8    0.023869    0.112929    0.077916    0.077916 ^ clk_i (in)
                                                         clk_i (net)
                      0.112934    0.000000    0.077916 ^ _45_/CLK (sky130_fd_sc_hd__dfxtp_2)
     3    0.040178    0.099288    0.404523    0.482439 v _45_/Q (sky130_fd_sc_hd__dfxtp_2)
                                                         counter_val_o[5] (net)
                      0.099288    0.000014    0.482453 v _36_/B1 (sky130_fd_sc_hd__a21oi_2)
     1    0.004813    0.092978    0.129039    0.611493 ^ _36_/Y (sky130_fd_sc_hd__a21oi_2)
                                                         _18_ (net)
                      0.092978    0.000002    0.611495 ^ _37_/C (sky130_fd_sc_hd__nor3_2)
     1    0.001801    0.024984    0.038706    0.650201 v _37_/Y (sky130_fd_sc_hd__nor3_2)
                                                         _07_ (net)
                      0.024984    0.000000    0.650202 v _45_/D (sky130_fd_sc_hd__dfxtp_2)
                                              0.650202   data arrival time

                                  0.000000    0.000000   clock clk_i (rise edge)
                                  0.000000    0.000000   clock source latency
     8    0.023869    0.112929    0.077916    0.077916 ^ clk_i (in)
                                                         clk_i (net)
                      0.112934    0.000000    0.077916 ^ _45_/CLK (sky130_fd_sc_hd__dfxtp_2)
                                  0.250000    0.327916   clock uncertainty
                                  0.000000    0.327916   clock reconvergence pessimism
                                 -0.022703    0.305213   library hold time
                                              0.305213   data required time
---------------------------------------------------------------------------------------------
                                              0.305213   data required time
                                             -0.650202   data arrival time
---------------------------------------------------------------------------------------------
                                              0.344989   slack (MET)


Startpoint: _39_ (rising edge-triggered flip-flop clocked by clk_i)
Endpoint: _39_ (rising edge-triggered flip-flop clocked by clk_i)
Path Group: clk_i
Path Type: min

Fanout         Cap        Slew       Delay        Time   Description
---------------------------------------------------------------------------------------------
                                  0.000000    0.000000   clock clk_i (rise edge)
                                  0.000000    0.000000   clock source latency
     8    0.023869    0.112929    0.077908    0.077908 ^ clk_i (in)
                                                         clk_i (net)
                      0.112934    0.000000    0.077908 ^ _39_/CLK (sky130_fd_sc_hd__dfxtp_2)
     3    0.040610    0.100211    0.405233    0.483141 v _39_/Q (sky130_fd_sc_hd__dfxtp_2)
                                                         counter_val_o[7] (net)
                      0.100211    0.000034    0.483175 v _24_/B1 (sky130_fd_sc_hd__a21oi_2)
     1    0.004799    0.092822    0.129297    0.612471 ^ _24_/Y (sky130_fd_sc_hd__a21oi_2)
                                                         _12_ (net)
                      0.092822    0.000004    0.612475 ^ _26_/A (sky130_fd_sc_hd__nor2_2)
     1    0.001884    0.015226    0.042873    0.655349 v _26_/Y (sky130_fd_sc_hd__nor2_2)
                                                         _01_ (net)
                      0.015226    0.000002    0.655350 v _39_/D (sky130_fd_sc_hd__dfxtp_2)
                                              0.655350   data arrival time

                                  0.000000    0.000000   clock clk_i (rise edge)
                                  0.000000    0.000000   clock source latency
     8    0.023869    0.112929    0.077908    0.077908 ^ clk_i (in)
                                                         clk_i (net)
                      0.112934    0.000000    0.077908 ^ _39_/CLK (sky130_fd_sc_hd__dfxtp_2)
                                  0.250000    0.327908   clock uncertainty
                                  0.000000    0.327908   clock reconvergence pessimism
                                 -0.018699    0.309209   library hold time
                                              0.309209   data required time
---------------------------------------------------------------------------------------------
                                              0.309209   data required time
                                             -0.655350   data arrival time
---------------------------------------------------------------------------------------------
                                              0.346141   slack (MET)


Startpoint: _42_ (rising edge-triggered flip-flop clocked by clk_i)
Endpoint: _42_ (rising edge-triggered flip-flop clocked by clk_i)
Path Group: clk_i
Path Type: min

Fanout         Cap        Slew       Delay        Time   Description
---------------------------------------------------------------------------------------------
                                  0.000000    0.000000   clock clk_i (rise edge)
                                  0.000000    0.000000   clock source latency
     8    0.023869    0.112929    0.077414    0.077414 ^ clk_i (in)
                                                         clk_i (net)
                      0.112929    0.000000    0.077414 ^ _42_/CLK (sky130_fd_sc_hd__dfxtp_2)
     4    0.041348    0.101771    0.406485    0.483899 v _42_/Q (sky130_fd_sc_hd__dfxtp_2)
                                                         counter_val_o[2] (net)
                      0.101771    0.000020    0.483920 v _30_/B1 (sky130_fd_sc_hd__a21oi_2)
     1    0.004797    0.093127    0.129912    0.613832 ^ _30_/Y (sky130_fd_sc_hd__a21oi_2)
                                                         _15_ (net)
                      0.093127    0.000003    0.613835 ^ _31_/C (sky130_fd_sc_hd__nor3_2)
     1    0.001868    0.024204    0.038963    0.652798 v _31_/Y (sky130_fd_sc_hd__nor3_2)
                                                         _04_ (net)
                      0.024204    0.000001    0.652799 v _42_/D (sky130_fd_sc_hd__dfxtp_2)
                                              0.652799   data arrival time

                                  0.000000    0.000000   clock clk_i (rise edge)
                                  0.000000    0.000000   clock source latency
     8    0.023869    0.112929    0.077414    0.077414 ^ clk_i (in)
                                                         clk_i (net)
                      0.112929    0.000000    0.077414 ^ _42_/CLK (sky130_fd_sc_hd__dfxtp_2)
                                  0.250000    0.327414   clock uncertainty
                                  0.000000    0.327414   clock reconvergence pessimism
                                 -0.022384    0.305030   library hold time
                                              0.305030   data required time
---------------------------------------------------------------------------------------------
                                              0.305030   data required time
                                             -0.652799   data arrival time
---------------------------------------------------------------------------------------------
                                              0.347769   slack (MET)


Startpoint: _43_ (rising edge-triggered flip-flop clocked by clk_i)
Endpoint: _43_ (rising edge-triggered flip-flop clocked by clk_i)
Path Group: clk_i
Path Type: min

Fanout         Cap        Slew       Delay        Time   Description
---------------------------------------------------------------------------------------------
                                  0.000000    0.000000   clock clk_i (rise edge)
                                  0.000000    0.000000   clock source latency
     8    0.023869    0.112929    0.077415    0.077415 ^ clk_i (in)
                                                         clk_i (net)
                      0.112929    0.000000    0.077415 ^ _43_/CLK (sky130_fd_sc_hd__dfxtp_2)
     3    0.038440    0.196745    0.455962    0.533377 ^ _43_/Q (sky130_fd_sc_hd__dfxtp_2)
                                                         counter_val_o[3] (net)
                      0.196745    0.000011    0.533387 ^ _33_/A1 (sky130_fd_sc_hd__o21a_2)
     1    0.001716    0.025322    0.153661    0.687048 ^ _33_/X (sky130_fd_sc_hd__o21a_2)
                                                         _05_ (net)
                      0.025322    0.000000    0.687048 ^ _43_/D (sky130_fd_sc_hd__dfxtp_2)
                                              0.687048   data arrival time

                                  0.000000    0.000000   clock clk_i (rise edge)
                                  0.000000    0.000000   clock source latency
     8    0.023869    0.112929    0.077415    0.077415 ^ clk_i (in)
                                                         clk_i (net)
                      0.112929    0.000000    0.077415 ^ _43_/CLK (sky130_fd_sc_hd__dfxtp_2)
                                  0.250000    0.327415   clock uncertainty
                                  0.000000    0.327415   clock reconvergence pessimism
                                 -0.018204    0.309211   library hold time
                                              0.309211   data required time
---------------------------------------------------------------------------------------------
                                              0.309211   data required time
                                             -0.687048   data arrival time
---------------------------------------------------------------------------------------------
                                              0.377838   slack (MET)


Startpoint: _41_ (rising edge-triggered flip-flop clocked by clk_i)
Endpoint: _41_ (rising edge-triggered flip-flop clocked by clk_i)
Path Group: clk_i
Path Type: min

Fanout         Cap        Slew       Delay        Time   Description
---------------------------------------------------------------------------------------------
                                  0.000000    0.000000   clock clk_i (rise edge)
                                  0.000000    0.000000   clock source latency
     8    0.023869    0.112929    0.077402    0.077402 ^ clk_i (in)
                                                         clk_i (net)
                      0.112929    0.000000    0.077402 ^ _41_/CLK (sky130_fd_sc_hd__dfxtp_2)
     6    0.049057    0.118247    0.419206    0.496608 v _41_/Q (sky130_fd_sc_hd__dfxtp_2)
                                                         counter_val_o[1] (net)
                      0.118247    0.000015    0.496623 v _29_/A2 (sky130_fd_sc_hd__o21a_2)
     1    0.001892    0.021623    0.210668    0.707290 v _29_/X (sky130_fd_sc_hd__o21a_2)
                                                         _03_ (net)
                      0.021623    0.000002    0.707292 v _41_/D (sky130_fd_sc_hd__dfxtp_2)
                                              0.707292   data arrival time

                                  0.000000    0.000000   clock clk_i (rise edge)
                                  0.000000    0.000000   clock source latency
     8    0.023869    0.112929    0.077402    0.077402 ^ clk_i (in)
                                                         clk_i (net)
                      0.112929    0.000000    0.077402 ^ _41_/CLK (sky130_fd_sc_hd__dfxtp_2)
                                  0.250000    0.327402   clock uncertainty
                                  0.000000    0.327402   clock reconvergence pessimism
                                 -0.021325    0.306077   library hold time
                                              0.306077   data required time
---------------------------------------------------------------------------------------------
                                              0.306077   data required time
                                             -0.707292   data arrival time
---------------------------------------------------------------------------------------------
                                              0.401215   slack (MET)


Startpoint: _44_ (rising edge-triggered flip-flop clocked by clk_i)
Endpoint: _44_ (rising edge-triggered flip-flop clocked by clk_i)
Path Group: clk_i
Path Type: min

Fanout         Cap        Slew       Delay        Time   Description
---------------------------------------------------------------------------------------------
                                  0.000000    0.000000   clock clk_i (rise edge)
                                  0.000000    0.000000   clock source latency
     8    0.023869    0.112929    0.077913    0.077913 ^ clk_i (in)
                                                         clk_i (net)
                      0.112934    0.000000    0.077913 ^ _44_/CLK (sky130_fd_sc_hd__dfxtp_2)
     5    0.046947    0.113752    0.415684    0.493597 v _44_/Q (sky130_fd_sc_hd__dfxtp_2)
                                                         counter_val_o[4] (net)
                      0.113752    0.000041    0.493638 v _35_/A1 (sky130_fd_sc_hd__o21a_2)
     1    0.001775    0.021267    0.222768    0.716406 v _35_/X (sky130_fd_sc_hd__o21a_2)
                                                         _06_ (net)
                      0.021267    0.000000    0.716406 v _44_/D (sky130_fd_sc_hd__dfxtp_2)
                                              0.716406   data arrival time

                                  0.000000    0.000000   clock clk_i (rise edge)
                                  0.000000    0.000000   clock source latency
     8    0.023869    0.112929    0.077913    0.077913 ^ clk_i (in)
                                                         clk_i (net)
                      0.112934    0.000000    0.077913 ^ _44_/CLK (sky130_fd_sc_hd__dfxtp_2)
                                  0.250000    0.327913   clock uncertainty
                                  0.000000    0.327913   clock reconvergence pessimism
                                 -0.021178    0.306735   library hold time
                                              0.306735   data required time
---------------------------------------------------------------------------------------------
                                              0.306735   data required time
                                             -0.716406   data arrival time
---------------------------------------------------------------------------------------------
                                              0.409671   slack (MET)


Startpoint: _38_ (rising edge-triggered flip-flop clocked by clk_i)
Endpoint: _38_ (rising edge-triggered flip-flop clocked by clk_i)
Path Group: clk_i
Path Type: min

Fanout         Cap        Slew       Delay        Time   Description
---------------------------------------------------------------------------------------------
                                  0.000000    0.000000   clock clk_i (rise edge)
                                  0.000000    0.000000   clock source latency
     8    0.023869    0.112929    0.077907    0.077907 ^ clk_i (in)
                                                         clk_i (net)
                      0.112934    0.000000    0.077907 ^ _38_/CLK (sky130_fd_sc_hd__dfxtp_2)
     5    0.047710    0.115380    0.416952    0.494859 v _38_/Q (sky130_fd_sc_hd__dfxtp_2)
                                                         counter_val_o[6] (net)
                      0.115380    0.000040    0.494899 v _23_/A1 (sky130_fd_sc_hd__o21a_2)
     1    0.001860    0.021524    0.223794    0.718694 v _23_/X (sky130_fd_sc_hd__o21a_2)
                                                         _00_ (net)
                      0.021524    0.000002    0.718695 v _38_/D (sky130_fd_sc_hd__dfxtp_2)
                                              0.718695   data arrival time

                                  0.000000    0.000000   clock clk_i (rise edge)
                                  0.000000    0.000000   clock source latency
     8    0.023869    0.112929    0.077907    0.077907 ^ clk_i (in)
                                                         clk_i (net)
                      0.112934    0.000000    0.077907 ^ _38_/CLK (sky130_fd_sc_hd__dfxtp_2)
                                  0.250000    0.327907   clock uncertainty
                                  0.000000    0.327907   clock reconvergence pessimism
                                 -0.021283    0.306624   library hold time
                                              0.306624   data required time
---------------------------------------------------------------------------------------------
                                              0.306624   data required time
                                             -0.718695   data arrival time
---------------------------------------------------------------------------------------------
                                              0.412071   slack (MET)


Startpoint: _43_ (rising edge-triggered flip-flop clocked by clk_i)
Endpoint: counter_val_o[3] (output port clocked by clk_i)
Path Group: clk_i
Path Type: min

Fanout         Cap        Slew       Delay        Time   Description
---------------------------------------------------------------------------------------------
                                  0.000000    0.000000   clock clk_i (rise edge)
                                  0.000000    0.000000   clock source latency
     8    0.023869    0.112929    0.077415    0.077415 ^ clk_i (in)
                                                         clk_i (net)
                      0.112929    0.000000    0.077415 ^ _43_/CLK (sky130_fd_sc_hd__dfxtp_2)
     3    0.038116    0.094889    0.401130    0.478544 v _43_/Q (sky130_fd_sc_hd__dfxtp_2)
                                                         counter_val_o[3] (net)
                      0.094889    0.000132    0.478676 v counter_val_o[3] (out)
                                              0.478676   data arrival time

                                  0.000000    0.000000   clock clk_i (rise edge)
                                  0.000000    0.000000   clock network delay (propagated)
                                  0.250000    0.250000   clock uncertainty
                                  0.000000    0.250000   clock reconvergence pessimism
                                 -4.000000   -3.750000   output external delay
                                             -3.750000   data required time
---------------------------------------------------------------------------------------------
                                             -3.750000   data required time
                                             -0.478676   data arrival time
---------------------------------------------------------------------------------------------
                                              4.228676   slack (MET)


Startpoint: _45_ (rising edge-triggered flip-flop clocked by clk_i)
Endpoint: counter_val_o[5] (output port clocked by clk_i)
Path Group: clk_i
Path Type: min

Fanout         Cap        Slew       Delay        Time   Description
---------------------------------------------------------------------------------------------
                                  0.000000    0.000000   clock clk_i (rise edge)
                                  0.000000    0.000000   clock source latency
     8    0.023869    0.112929    0.077916    0.077916 ^ clk_i (in)
                                                         clk_i (net)
                      0.112934    0.000000    0.077916 ^ _45_/CLK (sky130_fd_sc_hd__dfxtp_2)
     3    0.040178    0.099288    0.404523    0.482439 v _45_/Q (sky130_fd_sc_hd__dfxtp_2)
                                                         counter_val_o[5] (net)
                      0.099288    0.000169    0.482608 v counter_val_o[5] (out)
                                              0.482608   data arrival time

                                  0.000000    0.000000   clock clk_i (rise edge)
                                  0.000000    0.000000   clock network delay (propagated)
                                  0.250000    0.250000   clock uncertainty
                                  0.000000    0.250000   clock reconvergence pessimism
                                 -4.000000   -3.750000   output external delay
                                             -3.750000   data required time
---------------------------------------------------------------------------------------------
                                             -3.750000   data required time
                                             -0.482608   data arrival time
---------------------------------------------------------------------------------------------
                                              4.232608   slack (MET)


Startpoint: _39_ (rising edge-triggered flip-flop clocked by clk_i)
Endpoint: counter_val_o[7] (output port clocked by clk_i)
Path Group: clk_i
Path Type: min

Fanout         Cap        Slew       Delay        Time   Description
---------------------------------------------------------------------------------------------
                                  0.000000    0.000000   clock clk_i (rise edge)
                                  0.000000    0.000000   clock source latency
     8    0.023869    0.112929    0.077908    0.077908 ^ clk_i (in)
                                                         clk_i (net)
                      0.112934    0.000000    0.077908 ^ _39_/CLK (sky130_fd_sc_hd__dfxtp_2)
     3    0.040610    0.100211    0.405233    0.483141 v _39_/Q (sky130_fd_sc_hd__dfxtp_2)
                                                         counter_val_o[7] (net)
                      0.100211    0.000176    0.483317 v counter_val_o[7] (out)
                                              0.483317   data arrival time

                                  0.000000    0.000000   clock clk_i (rise edge)
                                  0.000000    0.000000   clock network delay (propagated)
                                  0.250000    0.250000   clock uncertainty
                                  0.000000    0.250000   clock reconvergence pessimism
                                 -4.000000   -3.750000   output external delay
                                             -3.750000   data required time
---------------------------------------------------------------------------------------------
                                             -3.750000   data required time
                                             -0.483317   data arrival time
---------------------------------------------------------------------------------------------
                                              4.233317   slack (MET)


Startpoint: _42_ (rising edge-triggered flip-flop clocked by clk_i)
Endpoint: counter_val_o[2] (output port clocked by clk_i)
Path Group: clk_i
Path Type: min

Fanout         Cap        Slew       Delay        Time   Description
---------------------------------------------------------------------------------------------
                                  0.000000    0.000000   clock clk_i (rise edge)
                                  0.000000    0.000000   clock source latency
     8    0.023869    0.112929    0.077414    0.077414 ^ clk_i (in)
                                                         clk_i (net)
                      0.112929    0.000000    0.077414 ^ _42_/CLK (sky130_fd_sc_hd__dfxtp_2)
     4    0.041348    0.101771    0.406485    0.483899 v _42_/Q (sky130_fd_sc_hd__dfxtp_2)
                                                         counter_val_o[2] (net)
                      0.101771    0.000126    0.484025 v counter_val_o[2] (out)
                                              0.484025   data arrival time

                                  0.000000    0.000000   clock clk_i (rise edge)
                                  0.000000    0.000000   clock network delay (propagated)
                                  0.250000    0.250000   clock uncertainty
                                  0.000000    0.250000   clock reconvergence pessimism
                                 -4.000000   -3.750000   output external delay
                                             -3.750000   data required time
---------------------------------------------------------------------------------------------
                                             -3.750000   data required time
                                             -0.484025   data arrival time
---------------------------------------------------------------------------------------------
                                              4.234025   slack (MET)


Startpoint: _44_ (rising edge-triggered flip-flop clocked by clk_i)
Endpoint: counter_val_o[4] (output port clocked by clk_i)
Path Group: clk_i
Path Type: min

Fanout         Cap        Slew       Delay        Time   Description
---------------------------------------------------------------------------------------------
                                  0.000000    0.000000   clock clk_i (rise edge)
                                  0.000000    0.000000   clock source latency
     8    0.023869    0.112929    0.077913    0.077913 ^ clk_i (in)
                                                         clk_i (net)
                      0.112934    0.000000    0.077913 ^ _44_/CLK (sky130_fd_sc_hd__dfxtp_2)
     5    0.046947    0.113752    0.415684    0.493597 v _44_/Q (sky130_fd_sc_hd__dfxtp_2)
                                                         counter_val_o[4] (net)
                      0.113752    0.000250    0.493847 v counter_val_o[4] (out)
                                              0.493847   data arrival time

                                  0.000000    0.000000   clock clk_i (rise edge)
                                  0.000000    0.000000   clock network delay (propagated)
                                  0.250000    0.250000   clock uncertainty
                                  0.000000    0.250000   clock reconvergence pessimism
                                 -4.000000   -3.750000   output external delay
                                             -3.750000   data required time
---------------------------------------------------------------------------------------------
                                             -3.750000   data required time
                                             -0.493847   data arrival time
---------------------------------------------------------------------------------------------
                                              4.243847   slack (MET)


Startpoint: _38_ (rising edge-triggered flip-flop clocked by clk_i)
Endpoint: counter_val_o[6] (output port clocked by clk_i)
Path Group: clk_i
Path Type: min

Fanout         Cap        Slew       Delay        Time   Description
---------------------------------------------------------------------------------------------
                                  0.000000    0.000000   clock clk_i (rise edge)
                                  0.000000    0.000000   clock source latency
     8    0.023869    0.112929    0.077907    0.077907 ^ clk_i (in)
                                                         clk_i (net)
                      0.112934    0.000000    0.077907 ^ _38_/CLK (sky130_fd_sc_hd__dfxtp_2)
     5    0.047710    0.115380    0.416952    0.494859 v _38_/Q (sky130_fd_sc_hd__dfxtp_2)
                                                         counter_val_o[6] (net)
                      0.115380    0.000244    0.495103 v counter_val_o[6] (out)
                                              0.495103   data arrival time

                                  0.000000    0.000000   clock clk_i (rise edge)
                                  0.000000    0.000000   clock network delay (propagated)
                                  0.250000    0.250000   clock uncertainty
                                  0.000000    0.250000   clock reconvergence pessimism
                                 -4.000000   -3.750000   output external delay
                                             -3.750000   data required time
---------------------------------------------------------------------------------------------
                                             -3.750000   data required time
                                             -0.495103   data arrival time
---------------------------------------------------------------------------------------------
                                              4.245103   slack (MET)


Startpoint: _41_ (rising edge-triggered flip-flop clocked by clk_i)
Endpoint: counter_val_o[1] (output port clocked by clk_i)
Path Group: clk_i
Path Type: min

Fanout         Cap        Slew       Delay        Time   Description
---------------------------------------------------------------------------------------------
                                  0.000000    0.000000   clock clk_i (rise edge)
                                  0.000000    0.000000   clock source latency
     8    0.023869    0.112929    0.077402    0.077402 ^ clk_i (in)
                                                         clk_i (net)
                      0.112929    0.000000    0.077402 ^ _41_/CLK (sky130_fd_sc_hd__dfxtp_2)
     6    0.049057    0.118247    0.419206    0.496608 v _41_/Q (sky130_fd_sc_hd__dfxtp_2)
                                                         counter_val_o[1] (net)
                      0.118247    0.000199    0.496807 v counter_val_o[1] (out)
                                              0.496807   data arrival time

                                  0.000000    0.000000   clock clk_i (rise edge)
                                  0.000000    0.000000   clock network delay (propagated)
                                  0.250000    0.250000   clock uncertainty
                                  0.000000    0.250000   clock reconvergence pessimism
                                 -4.000000   -3.750000   output external delay
                                             -3.750000   data required time
---------------------------------------------------------------------------------------------
                                             -3.750000   data required time
                                             -0.496807   data arrival time
---------------------------------------------------------------------------------------------
                                              4.246807   slack (MET)


Startpoint: _40_ (rising edge-triggered flip-flop clocked by clk_i)
Endpoint: counter_val_o[0] (output port clocked by clk_i)
Path Group: clk_i
Path Type: min

Fanout         Cap        Slew       Delay        Time   Description
---------------------------------------------------------------------------------------------
                                  0.000000    0.000000   clock clk_i (rise edge)
                                  0.000000    0.000000   clock source latency
     8    0.023869    0.112929    0.077406    0.077406 ^ clk_i (in)
                                                         clk_i (net)
                      0.112929    0.000000    0.077406 ^ _40_/CLK (sky130_fd_sc_hd__dfxtp_2)
     7    0.052700    0.126040    0.425238    0.502644 v _40_/Q (sky130_fd_sc_hd__dfxtp_2)
                                                         counter_val_o[0] (net)
                      0.126040    0.000199    0.502843 v counter_val_o[0] (out)
                                              0.502843   data arrival time

                                  0.000000    0.000000   clock clk_i (rise edge)
                                  0.000000    0.000000   clock network delay (propagated)
                                  0.250000    0.250000   clock uncertainty
                                  0.000000    0.250000   clock reconvergence pessimism
                                 -4.000000   -3.750000   output external delay
                                             -3.750000   data required time
---------------------------------------------------------------------------------------------
                                             -3.750000   data required time
                                             -0.502843   data arrival time
---------------------------------------------------------------------------------------------
                                              4.252843   slack (MET)



