
===========================================================================
report_checks -path_delay min (Hold)
============================================================================
======================= min_ss_100C_1v60 Corner ===================================

Startpoint: _42_ (rising edge-triggered flip-flop clocked by clk_i)
Endpoint: _42_ (rising edge-triggered flip-flop clocked by clk_i)
Path Group: clk_i
Path Type: min

Fanout         Cap        Slew       Delay        Time   Description
---------------------------------------------------------------------------------------------
                                  0.000000    0.000000   clock clk_i (rise edge)
                                  0.000000    0.000000   clock source latency
     1    0.012533    0.098504    0.065094    0.065094 ^ clk_i (in)
                                                         clk_i (net)
                      0.098507    0.000000    0.065094 ^ clkbuf_0_clk_i/A (sky130_fd_sc_hd__clkbuf_16)
     2    0.019029    0.066214    0.233221    0.298316 ^ clkbuf_0_clk_i/X (sky130_fd_sc_hd__clkbuf_16)
                                                         clknet_0_clk_i (net)
                      0.066214    0.000268    0.298584 ^ clkbuf_1_0__f_clk_i/A (sky130_fd_sc_hd__clkbuf_16)
     5    0.014577    0.060677    0.212146    0.510730 ^ clkbuf_1_0__f_clk_i/X (sky130_fd_sc_hd__clkbuf_16)
                                                         clknet_1_0__leaf_clk_i (net)
                      0.060677    0.000378    0.511108 ^ _42_/CLK (sky130_fd_sc_hd__dfxtp_4)
     4    0.041248    0.126544    0.726989    1.238097 v _42_/Q (sky130_fd_sc_hd__dfxtp_4)
                                                         counter_val_o[2] (net)
                      0.126544    0.000521    1.238618 v _30_/B1 (sky130_fd_sc_hd__a21oi_1)
     1    0.002655    0.145558    0.201706    1.440324 ^ _30_/Y (sky130_fd_sc_hd__a21oi_1)
                                                         _15_ (net)
                      0.145558    0.000022    1.440346 ^ _31_/C (sky130_fd_sc_hd__nor3_1)
     1    0.002158    0.050914    0.100631    1.540977 v _31_/Y (sky130_fd_sc_hd__nor3_1)
                                                         _04_ (net)
                      0.050914    0.000023    1.541000 v _42_/D (sky130_fd_sc_hd__dfxtp_4)
                                              1.541000   data arrival time

                                  0.000000    0.000000   clock clk_i (rise edge)
                                  0.000000    0.000000   clock source latency
     1    0.012533    0.098504    0.065094    0.065094 ^ clk_i (in)
                                                         clk_i (net)
                      0.098507    0.000000    0.065094 ^ clkbuf_0_clk_i/A (sky130_fd_sc_hd__clkbuf_16)
     2    0.019029    0.066214    0.233221    0.298316 ^ clkbuf_0_clk_i/X (sky130_fd_sc_hd__clkbuf_16)
                                                         clknet_0_clk_i (net)
                      0.066214    0.000268    0.298584 ^ clkbuf_1_0__f_clk_i/A (sky130_fd_sc_hd__clkbuf_16)
     5    0.014577    0.060677    0.212146    0.510730 ^ clkbuf_1_0__f_clk_i/X (sky130_fd_sc_hd__clkbuf_16)
                                                         clknet_1_0__leaf_clk_i (net)
                      0.060677    0.000378    0.511108 ^ _42_/CLK (sky130_fd_sc_hd__dfxtp_4)
                                  0.100000    0.611108   clock uncertainty
                                  0.000000    0.611108   clock reconvergence pessimism
                                 -0.085490    0.525618   library hold time
                                              0.525618   data required time
---------------------------------------------------------------------------------------------
                                              0.525618   data required time
                                             -1.541000   data arrival time
---------------------------------------------------------------------------------------------
                                              1.015381   slack (MET)


Startpoint: _41_ (rising edge-triggered flip-flop clocked by clk_i)
Endpoint: _41_ (rising edge-triggered flip-flop clocked by clk_i)
Path Group: clk_i
Path Type: min

Fanout         Cap        Slew       Delay        Time   Description
---------------------------------------------------------------------------------------------
                                  0.000000    0.000000   clock clk_i (rise edge)
                                  0.000000    0.000000   clock source latency
     1    0.012533    0.098504    0.065094    0.065094 ^ clk_i (in)
                                                         clk_i (net)
                      0.098507    0.000000    0.065094 ^ clkbuf_0_clk_i/A (sky130_fd_sc_hd__clkbuf_16)
     2    0.019029    0.066214    0.233221    0.298316 ^ clkbuf_0_clk_i/X (sky130_fd_sc_hd__clkbuf_16)
                                                         clknet_0_clk_i (net)
                      0.066214    0.000268    0.298584 ^ clkbuf_1_0__f_clk_i/A (sky130_fd_sc_hd__clkbuf_16)
     5    0.014577    0.060677    0.212146    0.510730 ^ clkbuf_1_0__f_clk_i/X (sky130_fd_sc_hd__clkbuf_16)
                                                         clknet_1_0__leaf_clk_i (net)
                      0.060677    0.000382    0.511111 ^ _41_/CLK (sky130_fd_sc_hd__dfxtp_4)
     6    0.047122    0.138185    0.737987    1.249099 v _41_/Q (sky130_fd_sc_hd__dfxtp_4)
                                                         counter_val_o[1] (net)
                      0.138185    0.000121    1.249220 v _29_/A2 (sky130_fd_sc_hd__o21a_1)
     1    0.001871    0.049084    0.323268    1.572489 v _29_/X (sky130_fd_sc_hd__o21a_1)
                                                         _03_ (net)
                      0.049084    0.000017    1.572505 v _41_/D (sky130_fd_sc_hd__dfxtp_4)
                                              1.572505   data arrival time

                                  0.000000    0.000000   clock clk_i (rise edge)
                                  0.000000    0.000000   clock source latency
     1    0.012533    0.098504    0.065094    0.065094 ^ clk_i (in)
                                                         clk_i (net)
                      0.098507    0.000000    0.065094 ^ clkbuf_0_clk_i/A (sky130_fd_sc_hd__clkbuf_16)
     2    0.019029    0.066214    0.233221    0.298316 ^ clkbuf_0_clk_i/X (sky130_fd_sc_hd__clkbuf_16)
                                                         clknet_0_clk_i (net)
                      0.066214    0.000268    0.298584 ^ clkbuf_1_0__f_clk_i/A (sky130_fd_sc_hd__clkbuf_16)
     5    0.014577    0.060677    0.212146    0.510730 ^ clkbuf_1_0__f_clk_i/X (sky130_fd_sc_hd__clkbuf_16)
                                                         clknet_1_0__leaf_clk_i (net)
                      0.060677    0.000382    0.511111 ^ _41_/CLK (sky130_fd_sc_hd__dfxtp_4)
                                  0.100000    0.611112   clock uncertainty
                                  0.000000    0.611112   clock reconvergence pessimism
                                 -0.084828    0.526284   library hold time
                                              0.526284   data required time
---------------------------------------------------------------------------------------------
                                              0.526284   data required time
                                             -1.572505   data arrival time
---------------------------------------------------------------------------------------------
                                              1.046222   slack (MET)


Startpoint: _39_ (rising edge-triggered flip-flop clocked by clk_i)
Endpoint: _39_ (rising edge-triggered flip-flop clocked by clk_i)
Path Group: clk_i
Path Type: min

Fanout         Cap        Slew       Delay        Time   Description
---------------------------------------------------------------------------------------------
                                  0.000000    0.000000   clock clk_i (rise edge)
                                  0.000000    0.000000   clock source latency
     1    0.012533    0.098504    0.065094    0.065094 ^ clk_i (in)
                                                         clk_i (net)
                      0.098507    0.000000    0.065094 ^ clkbuf_0_clk_i/A (sky130_fd_sc_hd__clkbuf_16)
     2    0.019029    0.066214    0.233221    0.298316 ^ clkbuf_0_clk_i/X (sky130_fd_sc_hd__clkbuf_16)
                                                         clknet_0_clk_i (net)
                      0.066214    0.000290    0.298605 ^ clkbuf_1_1__f_clk_i/A (sky130_fd_sc_hd__clkbuf_16)
     4    0.012004    0.057457    0.208493    0.507098 ^ clkbuf_1_1__f_clk_i/X (sky130_fd_sc_hd__clkbuf_16)
                                                         clknet_1_1__leaf_clk_i (net)
                      0.057457    0.000318    0.507416 ^ _39_/CLK (sky130_fd_sc_hd__dfxtp_2)
     3    0.039417    0.182187    0.723103    1.230520 v _39_/Q (sky130_fd_sc_hd__dfxtp_2)
                                                         counter_val_o[7] (net)
                      0.182187    0.000258    1.230778 v _24_/B1 (sky130_fd_sc_hd__a21oi_1)
     1    0.003487    0.171282    0.243906    1.474684 ^ _24_/Y (sky130_fd_sc_hd__a21oi_1)
                                                         _12_ (net)
                      0.171282    0.000029    1.474714 ^ _26_/A (sky130_fd_sc_hd__nor2_1)
     1    0.002002    0.034100    0.114921    1.589635 v _26_/Y (sky130_fd_sc_hd__nor2_1)
                                                         _01_ (net)
                      0.034100    0.000018    1.589652 v _39_/D (sky130_fd_sc_hd__dfxtp_2)
                                              1.589652   data arrival time

                                  0.000000    0.000000   clock clk_i (rise edge)
                                  0.000000    0.000000   clock source latency
     1    0.012533    0.098504    0.065094    0.065094 ^ clk_i (in)
                                                         clk_i (net)
                      0.098507    0.000000    0.065094 ^ clkbuf_0_clk_i/A (sky130_fd_sc_hd__clkbuf_16)
     2    0.019029    0.066214    0.233221    0.298316 ^ clkbuf_0_clk_i/X (sky130_fd_sc_hd__clkbuf_16)
                                                         clknet_0_clk_i (net)
                      0.066214    0.000290    0.298605 ^ clkbuf_1_1__f_clk_i/A (sky130_fd_sc_hd__clkbuf_16)
     4    0.012004    0.057457    0.208493    0.507098 ^ clkbuf_1_1__f_clk_i/X (sky130_fd_sc_hd__clkbuf_16)
                                                         clknet_1_1__leaf_clk_i (net)
                      0.057457    0.000318    0.507416 ^ _39_/CLK (sky130_fd_sc_hd__dfxtp_2)
                                  0.100000    0.607417   clock uncertainty
                                  0.000000    0.607417   clock reconvergence pessimism
                                 -0.079897    0.527520   library hold time
                                              0.527520   data required time
---------------------------------------------------------------------------------------------
                                              0.527520   data required time
                                             -1.589652   data arrival time
---------------------------------------------------------------------------------------------
                                              1.062133   slack (MET)


Startpoint: _44_ (rising edge-triggered flip-flop clocked by clk_i)
Endpoint: _44_ (rising edge-triggered flip-flop clocked by clk_i)
Path Group: clk_i
Path Type: min

Fanout         Cap        Slew       Delay        Time   Description
---------------------------------------------------------------------------------------------
                                  0.000000    0.000000   clock clk_i (rise edge)
                                  0.000000    0.000000   clock source latency
     1    0.012533    0.098504    0.065094    0.065094 ^ clk_i (in)
                                                         clk_i (net)
                      0.098507    0.000000    0.065094 ^ clkbuf_0_clk_i/A (sky130_fd_sc_hd__clkbuf_16)
     2    0.019029    0.066214    0.233221    0.298316 ^ clkbuf_0_clk_i/X (sky130_fd_sc_hd__clkbuf_16)
                                                         clknet_0_clk_i (net)
                      0.066214    0.000290    0.298605 ^ clkbuf_1_1__f_clk_i/A (sky130_fd_sc_hd__clkbuf_16)
     4    0.012004    0.057457    0.208493    0.507098 ^ clkbuf_1_1__f_clk_i/X (sky130_fd_sc_hd__clkbuf_16)
                                                         clknet_1_1__leaf_clk_i (net)
                      0.057457    0.000261    0.507360 ^ _44_/CLK (sky130_fd_sc_hd__dfxtp_4)
     5    0.045309    0.134601    0.732982    1.240342 v _44_/Q (sky130_fd_sc_hd__dfxtp_4)
                                                         counter_val_o[4] (net)
                      0.134601    0.000268    1.240609 v _35_/A1 (sky130_fd_sc_hd__o21a_1)
     1    0.001826    0.048702    0.348179    1.588788 v _35_/X (sky130_fd_sc_hd__o21a_1)
                                                         _06_ (net)
                      0.048702    0.000016    1.588804 v _44_/D (sky130_fd_sc_hd__dfxtp_4)
                                              1.588804   data arrival time

                                  0.000000    0.000000   clock clk_i (rise edge)
                                  0.000000    0.000000   clock source latency
     1    0.012533    0.098504    0.065094    0.065094 ^ clk_i (in)
                                                         clk_i (net)
                      0.098507    0.000000    0.065094 ^ clkbuf_0_clk_i/A (sky130_fd_sc_hd__clkbuf_16)
     2    0.019029    0.066214    0.233221    0.298316 ^ clkbuf_0_clk_i/X (sky130_fd_sc_hd__clkbuf_16)
                                                         clknet_0_clk_i (net)
                      0.066214    0.000290    0.298605 ^ clkbuf_1_1__f_clk_i/A (sky130_fd_sc_hd__clkbuf_16)
     4    0.012004    0.057457    0.208493    0.507098 ^ clkbuf_1_1__f_clk_i/X (sky130_fd_sc_hd__clkbuf_16)
                                                         clknet_1_1__leaf_clk_i (net)
                      0.057457    0.000261    0.507360 ^ _44_/CLK (sky130_fd_sc_hd__dfxtp_4)
                                  0.100000    0.607360   clock uncertainty
                                  0.000000    0.607360   clock reconvergence pessimism
                                 -0.085423    0.521937   library hold time
                                              0.521937   data required time
---------------------------------------------------------------------------------------------
                                              0.521937   data required time
                                             -1.588804   data arrival time
---------------------------------------------------------------------------------------------
                                              1.066867   slack (MET)


Startpoint: _38_ (rising edge-triggered flip-flop clocked by clk_i)
Endpoint: _38_ (rising edge-triggered flip-flop clocked by clk_i)
Path Group: clk_i
Path Type: min

Fanout         Cap        Slew       Delay        Time   Description
---------------------------------------------------------------------------------------------
                                  0.000000    0.000000   clock clk_i (rise edge)
                                  0.000000    0.000000   clock source latency
     1    0.012533    0.098504    0.065094    0.065094 ^ clk_i (in)
                                                         clk_i (net)
                      0.098507    0.000000    0.065094 ^ clkbuf_0_clk_i/A (sky130_fd_sc_hd__clkbuf_16)
     2    0.019029    0.066214    0.233221    0.298316 ^ clkbuf_0_clk_i/X (sky130_fd_sc_hd__clkbuf_16)
                                                         clknet_0_clk_i (net)
                      0.066214    0.000290    0.298605 ^ clkbuf_1_1__f_clk_i/A (sky130_fd_sc_hd__clkbuf_16)
     4    0.012004    0.057457    0.208493    0.507098 ^ clkbuf_1_1__f_clk_i/X (sky130_fd_sc_hd__clkbuf_16)
                                                         clknet_1_1__leaf_clk_i (net)
                      0.057457    0.000307    0.507405 ^ _38_/CLK (sky130_fd_sc_hd__dfxtp_4)
     5    0.045427    0.134970    0.732926    1.240332 v _38_/Q (sky130_fd_sc_hd__dfxtp_4)
                                                         counter_val_o[6] (net)
                      0.134973    0.000864    1.241195 v _23_/A1 (sky130_fd_sc_hd__o21a_1)
     1    0.002442    0.054085    0.355457    1.596652 v _23_/X (sky130_fd_sc_hd__o21a_1)
                                                         _00_ (net)
                      0.054085    0.000028    1.596681 v _38_/D (sky130_fd_sc_hd__dfxtp_4)
                                              1.596681   data arrival time

                                  0.000000    0.000000   clock clk_i (rise edge)
                                  0.000000    0.000000   clock source latency
     1    0.012533    0.098504    0.065094    0.065094 ^ clk_i (in)
                                                         clk_i (net)
                      0.098507    0.000000    0.065094 ^ clkbuf_0_clk_i/A (sky130_fd_sc_hd__clkbuf_16)
     2    0.019029    0.066214    0.233221    0.298316 ^ clkbuf_0_clk_i/X (sky130_fd_sc_hd__clkbuf_16)
                                                         clknet_0_clk_i (net)
                      0.066214    0.000290    0.298605 ^ clkbuf_1_1__f_clk_i/A (sky130_fd_sc_hd__clkbuf_16)
     4    0.012004    0.057457    0.208493    0.507098 ^ clkbuf_1_1__f_clk_i/X (sky130_fd_sc_hd__clkbuf_16)
                                                         clknet_1_1__leaf_clk_i (net)
                      0.057457    0.000307    0.507405 ^ _38_/CLK (sky130_fd_sc_hd__dfxtp_4)
                                  0.100000    0.607405   clock uncertainty
                                  0.000000    0.607405   clock reconvergence pessimism
                                 -0.087370    0.520035   library hold time
                                              0.520035   data required time
---------------------------------------------------------------------------------------------
                                              0.520035   data required time
                                             -1.596681   data arrival time
---------------------------------------------------------------------------------------------
                                              1.076645   slack (MET)


Startpoint: _45_ (rising edge-triggered flip-flop clocked by clk_i)
Endpoint: _45_ (rising edge-triggered flip-flop clocked by clk_i)
Path Group: clk_i
Path Type: min

Fanout         Cap        Slew       Delay        Time   Description
---------------------------------------------------------------------------------------------
                                  0.000000    0.000000   clock clk_i (rise edge)
                                  0.000000    0.000000   clock source latency
     1    0.012533    0.098504    0.065094    0.065094 ^ clk_i (in)
                                                         clk_i (net)
                      0.098507    0.000000    0.065094 ^ clkbuf_0_clk_i/A (sky130_fd_sc_hd__clkbuf_16)
     2    0.019029    0.066214    0.233221    0.298316 ^ clkbuf_0_clk_i/X (sky130_fd_sc_hd__clkbuf_16)
                                                         clknet_0_clk_i (net)
                      0.066214    0.000290    0.298605 ^ clkbuf_1_1__f_clk_i/A (sky130_fd_sc_hd__clkbuf_16)
     4    0.012004    0.057457    0.208493    0.507098 ^ clkbuf_1_1__f_clk_i/X (sky130_fd_sc_hd__clkbuf_16)
                                                         clknet_1_1__leaf_clk_i (net)
                      0.057457    0.000256    0.507355 ^ _45_/CLK (sky130_fd_sc_hd__dfxtp_2)
     3    0.038331    0.177863    0.719671    1.227026 v _45_/Q (sky130_fd_sc_hd__dfxtp_2)
                                                         counter_val_o[5] (net)
                      0.177863    0.000222    1.227248 v _36_/B1 (sky130_fd_sc_hd__a21oi_1)
     1    0.003969    0.186334    0.253458    1.480706 ^ _36_/Y (sky130_fd_sc_hd__a21oi_1)
                                                         _18_ (net)
                      0.186334    0.000053    1.480758 ^ _37_/C (sky130_fd_sc_hd__nor3_1)
     1    0.002529    0.060495    0.120111    1.600869 v _37_/Y (sky130_fd_sc_hd__nor3_1)
                                                         _07_ (net)
                      0.060495    0.000029    1.600898 v _45_/D (sky130_fd_sc_hd__dfxtp_2)
                                              1.600898   data arrival time

                                  0.000000    0.000000   clock clk_i (rise edge)
                                  0.000000    0.000000   clock source latency
     1    0.012533    0.098504    0.065094    0.065094 ^ clk_i (in)
                                                         clk_i (net)
                      0.098507    0.000000    0.065094 ^ clkbuf_0_clk_i/A (sky130_fd_sc_hd__clkbuf_16)
     2    0.019029    0.066214    0.233221    0.298316 ^ clkbuf_0_clk_i/X (sky130_fd_sc_hd__clkbuf_16)
                                                         clknet_0_clk_i (net)
                      0.066214    0.000290    0.298605 ^ clkbuf_1_1__f_clk_i/A (sky130_fd_sc_hd__clkbuf_16)
     4    0.012004    0.057457    0.208493    0.507098 ^ clkbuf_1_1__f_clk_i/X (sky130_fd_sc_hd__clkbuf_16)
                                                         clknet_1_1__leaf_clk_i (net)
                      0.057457    0.000256    0.507355 ^ _45_/CLK (sky130_fd_sc_hd__dfxtp_2)
                                  0.100000    0.607355   clock uncertainty
                                  0.000000    0.607355   clock reconvergence pessimism
                                 -0.089642    0.517713   library hold time
                                              0.517713   data required time
---------------------------------------------------------------------------------------------
                                              0.517713   data required time
                                             -1.600898   data arrival time
---------------------------------------------------------------------------------------------
                                              1.083185   slack (MET)


Startpoint: _43_ (rising edge-triggered flip-flop clocked by clk_i)
Endpoint: _43_ (rising edge-triggered flip-flop clocked by clk_i)
Path Group: clk_i
Path Type: min

Fanout         Cap        Slew       Delay        Time   Description
---------------------------------------------------------------------------------------------
                                  0.000000    0.000000   clock clk_i (rise edge)
                                  0.000000    0.000000   clock source latency
     1    0.012533    0.098504    0.065094    0.065094 ^ clk_i (in)
                                                         clk_i (net)
                      0.098507    0.000000    0.065094 ^ clkbuf_0_clk_i/A (sky130_fd_sc_hd__clkbuf_16)
     2    0.019029    0.066214    0.233221    0.298316 ^ clkbuf_0_clk_i/X (sky130_fd_sc_hd__clkbuf_16)
                                                         clknet_0_clk_i (net)
                      0.066214    0.000268    0.298584 ^ clkbuf_1_0__f_clk_i/A (sky130_fd_sc_hd__clkbuf_16)
     5    0.014577    0.060677    0.212146    0.510730 ^ clkbuf_1_0__f_clk_i/X (sky130_fd_sc_hd__clkbuf_16)
                                                         clknet_1_0__leaf_clk_i (net)
                      0.060677    0.000363    0.511093 ^ _43_/CLK (sky130_fd_sc_hd__dfxtp_2)
     3    0.038706    0.179351    0.722290    1.233383 v _43_/Q (sky130_fd_sc_hd__dfxtp_2)
                                                         counter_val_o[3] (net)
                      0.179351    0.000280    1.233663 v _33_/A1 (sky130_fd_sc_hd__o21a_1)
     1    0.002806    0.057456    0.377348    1.611011 v _33_/X (sky130_fd_sc_hd__o21a_1)
                                                         _05_ (net)
                      0.057456    0.000036    1.611047 v _43_/D (sky130_fd_sc_hd__dfxtp_2)
                                              1.611047   data arrival time

                                  0.000000    0.000000   clock clk_i (rise edge)
                                  0.000000    0.000000   clock source latency
     1    0.012533    0.098504    0.065094    0.065094 ^ clk_i (in)
                                                         clk_i (net)
                      0.098507    0.000000    0.065094 ^ clkbuf_0_clk_i/A (sky130_fd_sc_hd__clkbuf_16)
     2    0.019029    0.066214    0.233221    0.298316 ^ clkbuf_0_clk_i/X (sky130_fd_sc_hd__clkbuf_16)
                                                         clknet_0_clk_i (net)
                      0.066214    0.000268    0.298584 ^ clkbuf_1_0__f_clk_i/A (sky130_fd_sc_hd__clkbuf_16)
     5    0.014577    0.060677    0.212146    0.510730 ^ clkbuf_1_0__f_clk_i/X (sky130_fd_sc_hd__clkbuf_16)
                                                         clknet_1_0__leaf_clk_i (net)
                      0.060677    0.000363    0.511093 ^ _43_/CLK (sky130_fd_sc_hd__dfxtp_2)
                                  0.100000    0.611093   clock uncertainty
                                  0.000000    0.611093   clock reconvergence pessimism
                                 -0.087758    0.523335   library hold time
                                              0.523335   data required time
---------------------------------------------------------------------------------------------
                                              0.523335   data required time
                                             -1.611047   data arrival time
---------------------------------------------------------------------------------------------
                                              1.087712   slack (MET)


Startpoint: _40_ (rising edge-triggered flip-flop clocked by clk_i)
Endpoint: _40_ (rising edge-triggered flip-flop clocked by clk_i)
Path Group: clk_i
Path Type: min

Fanout         Cap        Slew       Delay        Time   Description
---------------------------------------------------------------------------------------------
                                  0.000000    0.000000   clock clk_i (rise edge)
                                  0.000000    0.000000   clock source latency
     1    0.012533    0.098504    0.065094    0.065094 ^ clk_i (in)
                                                         clk_i (net)
                      0.098507    0.000000    0.065094 ^ clkbuf_0_clk_i/A (sky130_fd_sc_hd__clkbuf_16)
     2    0.019029    0.066214    0.233221    0.298316 ^ clkbuf_0_clk_i/X (sky130_fd_sc_hd__clkbuf_16)
                                                         clknet_0_clk_i (net)
                      0.066214    0.000268    0.298584 ^ clkbuf_1_0__f_clk_i/A (sky130_fd_sc_hd__clkbuf_16)
     5    0.014577    0.060677    0.212146    0.510730 ^ clkbuf_1_0__f_clk_i/X (sky130_fd_sc_hd__clkbuf_16)
                                                         clknet_1_0__leaf_clk_i (net)
                      0.060677    0.000367    0.511096 ^ _40_/CLK (sky130_fd_sc_hd__dfxtp_4)
     7    0.050133    0.242566    0.834260    1.345356 ^ _40_/Q (sky130_fd_sc_hd__dfxtp_4)
                                                         counter_val_o[0] (net)
                      0.242566    0.000198    1.345555 ^ hold1/A (sky130_fd_sc_hd__dlygate4sd3_1)
     1    0.002811    0.095943    1.108040    2.453595 ^ hold1/X (sky130_fd_sc_hd__dlygate4sd3_1)
                                                         net2 (net)
                      0.095943    0.000014    2.453609 ^ _27_/A (sky130_fd_sc_hd__nor2_1)
     1    0.001865    0.040481    0.082967    2.536577 v _27_/Y (sky130_fd_sc_hd__nor2_1)
                                                         _02_ (net)
                      0.040481    0.000017    2.536593 v _40_/D (sky130_fd_sc_hd__dfxtp_4)
                                              2.536593   data arrival time

                                  0.000000    0.000000   clock clk_i (rise edge)
                                  0.000000    0.000000   clock source latency
     1    0.012533    0.098504    0.065094    0.065094 ^ clk_i (in)
                                                         clk_i (net)
                      0.098507    0.000000    0.065094 ^ clkbuf_0_clk_i/A (sky130_fd_sc_hd__clkbuf_16)
     2    0.019029    0.066214    0.233221    0.298316 ^ clkbuf_0_clk_i/X (sky130_fd_sc_hd__clkbuf_16)
                                                         clknet_0_clk_i (net)
                      0.066214    0.000268    0.298584 ^ clkbuf_1_0__f_clk_i/A (sky130_fd_sc_hd__clkbuf_16)
     5    0.014577    0.060677    0.212146    0.510730 ^ clkbuf_1_0__f_clk_i/X (sky130_fd_sc_hd__clkbuf_16)
                                                         clknet_1_0__leaf_clk_i (net)
                      0.060677    0.000367    0.511096 ^ _40_/CLK (sky130_fd_sc_hd__dfxtp_4)
                                  0.100000    0.611096   clock uncertainty
                                  0.000000    0.611096   clock reconvergence pessimism
                                 -0.081715    0.529382   library hold time
                                              0.529382   data required time
---------------------------------------------------------------------------------------------
                                              0.529382   data required time
                                             -2.536593   data arrival time
---------------------------------------------------------------------------------------------
                                              2.007212   slack (MET)


Startpoint: _45_ (rising edge-triggered flip-flop clocked by clk_i)
Endpoint: counter_val_o[5] (output port clocked by clk_i)
Path Group: clk_i
Path Type: min

Fanout         Cap        Slew       Delay        Time   Description
---------------------------------------------------------------------------------------------
                                  0.000000    0.000000   clock clk_i (rise edge)
                                  0.000000    0.000000   clock source latency
     1    0.012533    0.098504    0.065094    0.065094 ^ clk_i (in)
                                                         clk_i (net)
                      0.098507    0.000000    0.065094 ^ clkbuf_0_clk_i/A (sky130_fd_sc_hd__clkbuf_16)
     2    0.019029    0.066214    0.233221    0.298316 ^ clkbuf_0_clk_i/X (sky130_fd_sc_hd__clkbuf_16)
                                                         clknet_0_clk_i (net)
                      0.066214    0.000290    0.298605 ^ clkbuf_1_1__f_clk_i/A (sky130_fd_sc_hd__clkbuf_16)
     4    0.012004    0.057457    0.208493    0.507098 ^ clkbuf_1_1__f_clk_i/X (sky130_fd_sc_hd__clkbuf_16)
                                                         clknet_1_1__leaf_clk_i (net)
                      0.057457    0.000256    0.507355 ^ _45_/CLK (sky130_fd_sc_hd__dfxtp_2)
     3    0.038331    0.177863    0.719671    1.227026 v _45_/Q (sky130_fd_sc_hd__dfxtp_2)
                                                         counter_val_o[5] (net)
                      0.177863    0.000313    1.227338 v counter_val_o[5] (out)
                                              1.227338   data arrival time

                                  0.000000    0.000000   clock clk_i (rise edge)
                                  0.000000    0.000000   clock network delay (propagated)
                                  0.100000    0.100000   clock uncertainty
                                  0.000000    0.100000   clock reconvergence pessimism
                                 -4.000000   -3.900000   output external delay
                                             -3.900000   data required time
---------------------------------------------------------------------------------------------
                                             -3.900000   data required time
                                             -1.227338   data arrival time
---------------------------------------------------------------------------------------------
                                              5.127338   slack (MET)


Startpoint: _39_ (rising edge-triggered flip-flop clocked by clk_i)
Endpoint: counter_val_o[7] (output port clocked by clk_i)
Path Group: clk_i
Path Type: min

Fanout         Cap        Slew       Delay        Time   Description
---------------------------------------------------------------------------------------------
                                  0.000000    0.000000   clock clk_i (rise edge)
                                  0.000000    0.000000   clock source latency
     1    0.012533    0.098504    0.065094    0.065094 ^ clk_i (in)
                                                         clk_i (net)
                      0.098507    0.000000    0.065094 ^ clkbuf_0_clk_i/A (sky130_fd_sc_hd__clkbuf_16)
     2    0.019029    0.066214    0.233221    0.298316 ^ clkbuf_0_clk_i/X (sky130_fd_sc_hd__clkbuf_16)
                                                         clknet_0_clk_i (net)
                      0.066214    0.000290    0.298605 ^ clkbuf_1_1__f_clk_i/A (sky130_fd_sc_hd__clkbuf_16)
     4    0.012004    0.057457    0.208493    0.507098 ^ clkbuf_1_1__f_clk_i/X (sky130_fd_sc_hd__clkbuf_16)
                                                         clknet_1_1__leaf_clk_i (net)
                      0.057457    0.000318    0.507416 ^ _39_/CLK (sky130_fd_sc_hd__dfxtp_2)
     3    0.039417    0.182187    0.723103    1.230520 v _39_/Q (sky130_fd_sc_hd__dfxtp_2)
                                                         counter_val_o[7] (net)
                      0.182187    0.000348    1.230868 v counter_val_o[7] (out)
                                              1.230868   data arrival time

                                  0.000000    0.000000   clock clk_i (rise edge)
                                  0.000000    0.000000   clock network delay (propagated)
                                  0.100000    0.100000   clock uncertainty
                                  0.000000    0.100000   clock reconvergence pessimism
                                 -4.000000   -3.900000   output external delay
                                             -3.900000   data required time
---------------------------------------------------------------------------------------------
                                             -3.900000   data required time
                                             -1.230868   data arrival time
---------------------------------------------------------------------------------------------
                                              5.130867   slack (MET)


Startpoint: _43_ (rising edge-triggered flip-flop clocked by clk_i)
Endpoint: counter_val_o[3] (output port clocked by clk_i)
Path Group: clk_i
Path Type: min

Fanout         Cap        Slew       Delay        Time   Description
---------------------------------------------------------------------------------------------
                                  0.000000    0.000000   clock clk_i (rise edge)
                                  0.000000    0.000000   clock source latency
     1    0.012533    0.098504    0.065094    0.065094 ^ clk_i (in)
                                                         clk_i (net)
                      0.098507    0.000000    0.065094 ^ clkbuf_0_clk_i/A (sky130_fd_sc_hd__clkbuf_16)
     2    0.019029    0.066214    0.233221    0.298316 ^ clkbuf_0_clk_i/X (sky130_fd_sc_hd__clkbuf_16)
                                                         clknet_0_clk_i (net)
                      0.066214    0.000268    0.298584 ^ clkbuf_1_0__f_clk_i/A (sky130_fd_sc_hd__clkbuf_16)
     5    0.014577    0.060677    0.212146    0.510730 ^ clkbuf_1_0__f_clk_i/X (sky130_fd_sc_hd__clkbuf_16)
                                                         clknet_1_0__leaf_clk_i (net)
                      0.060677    0.000363    0.511093 ^ _43_/CLK (sky130_fd_sc_hd__dfxtp_2)
     3    0.038706    0.179351    0.722290    1.233383 v _43_/Q (sky130_fd_sc_hd__dfxtp_2)
                                                         counter_val_o[3] (net)
                      0.179351    0.000356    1.233739 v counter_val_o[3] (out)
                                              1.233739   data arrival time

                                  0.000000    0.000000   clock clk_i (rise edge)
                                  0.000000    0.000000   clock network delay (propagated)
                                  0.100000    0.100000   clock uncertainty
                                  0.000000    0.100000   clock reconvergence pessimism
                                 -4.000000   -3.900000   output external delay
                                             -3.900000   data required time
---------------------------------------------------------------------------------------------
                                             -3.900000   data required time
                                             -1.233739   data arrival time
---------------------------------------------------------------------------------------------
                                              5.133739   slack (MET)


Startpoint: _42_ (rising edge-triggered flip-flop clocked by clk_i)
Endpoint: counter_val_o[2] (output port clocked by clk_i)
Path Group: clk_i
Path Type: min

Fanout         Cap        Slew       Delay        Time   Description
---------------------------------------------------------------------------------------------
                                  0.000000    0.000000   clock clk_i (rise edge)
                                  0.000000    0.000000   clock source latency
     1    0.012533    0.098504    0.065094    0.065094 ^ clk_i (in)
                                                         clk_i (net)
                      0.098507    0.000000    0.065094 ^ clkbuf_0_clk_i/A (sky130_fd_sc_hd__clkbuf_16)
     2    0.019029    0.066214    0.233221    0.298316 ^ clkbuf_0_clk_i/X (sky130_fd_sc_hd__clkbuf_16)
                                                         clknet_0_clk_i (net)
                      0.066214    0.000268    0.298584 ^ clkbuf_1_0__f_clk_i/A (sky130_fd_sc_hd__clkbuf_16)
     5    0.014577    0.060677    0.212146    0.510730 ^ clkbuf_1_0__f_clk_i/X (sky130_fd_sc_hd__clkbuf_16)
                                                         clknet_1_0__leaf_clk_i (net)
                      0.060677    0.000378    0.511108 ^ _42_/CLK (sky130_fd_sc_hd__dfxtp_4)
     4    0.041248    0.126544    0.726989    1.238097 v _42_/Q (sky130_fd_sc_hd__dfxtp_4)
                                                         counter_val_o[2] (net)
                      0.126545    0.000606    1.238703 v counter_val_o[2] (out)
                                              1.238703   data arrival time

                                  0.000000    0.000000   clock clk_i (rise edge)
                                  0.000000    0.000000   clock network delay (propagated)
                                  0.100000    0.100000   clock uncertainty
                                  0.000000    0.100000   clock reconvergence pessimism
                                 -4.000000   -3.900000   output external delay
                                             -3.900000   data required time
---------------------------------------------------------------------------------------------
                                             -3.900000   data required time
                                             -1.238703   data arrival time
---------------------------------------------------------------------------------------------
                                              5.138703   slack (MET)


Startpoint: _44_ (rising edge-triggered flip-flop clocked by clk_i)
Endpoint: counter_val_o[4] (output port clocked by clk_i)
Path Group: clk_i
Path Type: min

Fanout         Cap        Slew       Delay        Time   Description
---------------------------------------------------------------------------------------------
                                  0.000000    0.000000   clock clk_i (rise edge)
                                  0.000000    0.000000   clock source latency
     1    0.012533    0.098504    0.065094    0.065094 ^ clk_i (in)
                                                         clk_i (net)
                      0.098507    0.000000    0.065094 ^ clkbuf_0_clk_i/A (sky130_fd_sc_hd__clkbuf_16)
     2    0.019029    0.066214    0.233221    0.298316 ^ clkbuf_0_clk_i/X (sky130_fd_sc_hd__clkbuf_16)
                                                         clknet_0_clk_i (net)
                      0.066214    0.000290    0.298605 ^ clkbuf_1_1__f_clk_i/A (sky130_fd_sc_hd__clkbuf_16)
     4    0.012004    0.057457    0.208493    0.507098 ^ clkbuf_1_1__f_clk_i/X (sky130_fd_sc_hd__clkbuf_16)
                                                         clknet_1_1__leaf_clk_i (net)
                      0.057457    0.000261    0.507360 ^ _44_/CLK (sky130_fd_sc_hd__dfxtp_4)
     5    0.045309    0.134601    0.732982    1.240342 v _44_/Q (sky130_fd_sc_hd__dfxtp_4)
                                                         counter_val_o[4] (net)
                      0.134602    0.000679    1.241021 v counter_val_o[4] (out)
                                              1.241021   data arrival time

                                  0.000000    0.000000   clock clk_i (rise edge)
                                  0.000000    0.000000   clock network delay (propagated)
                                  0.100000    0.100000   clock uncertainty
                                  0.000000    0.100000   clock reconvergence pessimism
                                 -4.000000   -3.900000   output external delay
                                             -3.900000   data required time
---------------------------------------------------------------------------------------------
                                             -3.900000   data required time
                                             -1.241021   data arrival time
---------------------------------------------------------------------------------------------
                                              5.141021   slack (MET)


Startpoint: _38_ (rising edge-triggered flip-flop clocked by clk_i)
Endpoint: counter_val_o[6] (output port clocked by clk_i)
Path Group: clk_i
Path Type: min

Fanout         Cap        Slew       Delay        Time   Description
---------------------------------------------------------------------------------------------
                                  0.000000    0.000000   clock clk_i (rise edge)
                                  0.000000    0.000000   clock source latency
     1    0.012533    0.098504    0.065094    0.065094 ^ clk_i (in)
                                                         clk_i (net)
                      0.098507    0.000000    0.065094 ^ clkbuf_0_clk_i/A (sky130_fd_sc_hd__clkbuf_16)
     2    0.019029    0.066214    0.233221    0.298316 ^ clkbuf_0_clk_i/X (sky130_fd_sc_hd__clkbuf_16)
                                                         clknet_0_clk_i (net)
                      0.066214    0.000290    0.298605 ^ clkbuf_1_1__f_clk_i/A (sky130_fd_sc_hd__clkbuf_16)
     4    0.012004    0.057457    0.208493    0.507098 ^ clkbuf_1_1__f_clk_i/X (sky130_fd_sc_hd__clkbuf_16)
                                                         clknet_1_1__leaf_clk_i (net)
                      0.057457    0.000307    0.507405 ^ _38_/CLK (sky130_fd_sc_hd__dfxtp_4)
     5    0.045427    0.134970    0.732926    1.240332 v _38_/Q (sky130_fd_sc_hd__dfxtp_4)
                                                         counter_val_o[6] (net)
                      0.134978    0.001148    1.241480 v counter_val_o[6] (out)
                                              1.241480   data arrival time

                                  0.000000    0.000000   clock clk_i (rise edge)
                                  0.000000    0.000000   clock network delay (propagated)
                                  0.100000    0.100000   clock uncertainty
                                  0.000000    0.100000   clock reconvergence pessimism
                                 -4.000000   -3.900000   output external delay
                                             -3.900000   data required time
---------------------------------------------------------------------------------------------
                                             -3.900000   data required time
                                             -1.241480   data arrival time
---------------------------------------------------------------------------------------------
                                              5.141480   slack (MET)


Startpoint: _41_ (rising edge-triggered flip-flop clocked by clk_i)
Endpoint: counter_val_o[1] (output port clocked by clk_i)
Path Group: clk_i
Path Type: min

Fanout         Cap        Slew       Delay        Time   Description
---------------------------------------------------------------------------------------------
                                  0.000000    0.000000   clock clk_i (rise edge)
                                  0.000000    0.000000   clock source latency
     1    0.012533    0.098504    0.065094    0.065094 ^ clk_i (in)
                                                         clk_i (net)
                      0.098507    0.000000    0.065094 ^ clkbuf_0_clk_i/A (sky130_fd_sc_hd__clkbuf_16)
     2    0.019029    0.066214    0.233221    0.298316 ^ clkbuf_0_clk_i/X (sky130_fd_sc_hd__clkbuf_16)
                                                         clknet_0_clk_i (net)
                      0.066214    0.000268    0.298584 ^ clkbuf_1_0__f_clk_i/A (sky130_fd_sc_hd__clkbuf_16)
     5    0.014577    0.060677    0.212146    0.510730 ^ clkbuf_1_0__f_clk_i/X (sky130_fd_sc_hd__clkbuf_16)
                                                         clknet_1_0__leaf_clk_i (net)
                      0.060677    0.000382    0.511111 ^ _41_/CLK (sky130_fd_sc_hd__dfxtp_4)
     6    0.047122    0.138185    0.737987    1.249099 v _41_/Q (sky130_fd_sc_hd__dfxtp_4)
                                                         counter_val_o[1] (net)
                      0.138185    0.000374    1.249473 v counter_val_o[1] (out)
                                              1.249473   data arrival time

                                  0.000000    0.000000   clock clk_i (rise edge)
                                  0.000000    0.000000   clock network delay (propagated)
                                  0.100000    0.100000   clock uncertainty
                                  0.000000    0.100000   clock reconvergence pessimism
                                 -4.000000   -3.900000   output external delay
                                             -3.900000   data required time
---------------------------------------------------------------------------------------------
                                             -3.900000   data required time
                                             -1.249473   data arrival time
---------------------------------------------------------------------------------------------
                                              5.149473   slack (MET)


Startpoint: _40_ (rising edge-triggered flip-flop clocked by clk_i)
Endpoint: counter_val_o[0] (output port clocked by clk_i)
Path Group: clk_i
Path Type: min

Fanout         Cap        Slew       Delay        Time   Description
---------------------------------------------------------------------------------------------
                                  0.000000    0.000000   clock clk_i (rise edge)
                                  0.000000    0.000000   clock source latency
     1    0.012533    0.098504    0.065094    0.065094 ^ clk_i (in)
                                                         clk_i (net)
                      0.098507    0.000000    0.065094 ^ clkbuf_0_clk_i/A (sky130_fd_sc_hd__clkbuf_16)
     2    0.019029    0.066214    0.233221    0.298316 ^ clkbuf_0_clk_i/X (sky130_fd_sc_hd__clkbuf_16)
                                                         clknet_0_clk_i (net)
                      0.066214    0.000268    0.298584 ^ clkbuf_1_0__f_clk_i/A (sky130_fd_sc_hd__clkbuf_16)
     5    0.014577    0.060677    0.212146    0.510730 ^ clkbuf_1_0__f_clk_i/X (sky130_fd_sc_hd__clkbuf_16)
                                                         clknet_1_0__leaf_clk_i (net)
                      0.060677    0.000367    0.511096 ^ _40_/CLK (sky130_fd_sc_hd__dfxtp_4)
     7    0.049553    0.143181    0.742294    1.253390 v _40_/Q (sky130_fd_sc_hd__dfxtp_4)
                                                         counter_val_o[0] (net)
                      0.143182    0.000707    1.254097 v counter_val_o[0] (out)
                                              1.254097   data arrival time

                                  0.000000    0.000000   clock clk_i (rise edge)
                                  0.000000    0.000000   clock network delay (propagated)
                                  0.100000    0.100000   clock uncertainty
                                  0.000000    0.100000   clock reconvergence pessimism
                                 -4.000000   -3.900000   output external delay
                                             -3.900000   data required time
---------------------------------------------------------------------------------------------
                                             -3.900000   data required time
                                             -1.254097   data arrival time
---------------------------------------------------------------------------------------------
                                              5.154097   slack (MET)



