Clock: clk_i
Sources: clk_i 
Generated: no
Virtual: yes
Propagated: no
Period: 20.000000

===========================================================================
report_clock_properties
============================================================================
Clock                   Period          Waveform
----------------------------------------------------
clk_i                20.000000    0.000000 10.000000

===========================================================================
report_clock_latency
============================================================================
Clock clk_i
rise -> rise
    min     max
0.000000 0.000000 source latency
0.289514         network latency _45_/CLK
        0.292511 network latency _42_/CLK
---------------
0.289514 0.292511 latency
        0.002997 skew

fall -> fall
    min     max
0.000000 0.000000 source latency
0.291519         network latency _45_/CLK
        0.293888 network latency _42_/CLK
---------------
0.291519 0.293888 latency
        0.002370 skew



===========================================================================
report_clock_min_period
============================================================================
clk_i period_min = 1.59 fmax = 628.41
