
===========================================================================
report_checks -path_delay max (Setup)
============================================================================
======================= nom_tt_025C_1v80 Corner ===================================

Startpoint: _43_ (rising edge-triggered flip-flop clocked by clk_i)
Endpoint: counter_val_o[3] (output port clocked by clk_i)
Path Group: clk_i
Path Type: max

Fanout         Cap        Slew       Delay        Time   Description
---------------------------------------------------------------------------------------------
                                  0.000000    0.000000   clock clk_i (rise edge)
                                  0.000000    0.000000   clock source latency
     1    0.011770    0.059327    0.039793    0.039793 ^ clk_i (in)
                                                         clk_i (net)
                      0.059329    0.000000    0.039793 ^ clkbuf_0_clk_i/A (sky130_fd_sc_hd__clkbuf_16)
     2    0.018338    0.040437    0.129105    0.168898 ^ clkbuf_0_clk_i/X (sky130_fd_sc_hd__clkbuf_16)
                                                         clknet_0_clk_i (net)
                      0.040437    0.000080    0.168978 ^ clkbuf_1_0__f_clk_i/A (sky130_fd_sc_hd__clkbuf_16)
     5    0.013400    0.036230    0.117465    0.286443 ^ clkbuf_1_0__f_clk_i/X (sky130_fd_sc_hd__clkbuf_16)
                                                         clknet_1_0__leaf_clk_i (net)
                      0.036230    0.000145    0.286588 ^ _43_/CLK (sky130_fd_sc_hd__dfxtp_2)
     3    0.038538    0.197247    0.428105    0.714693 ^ _43_/Q (sky130_fd_sc_hd__dfxtp_2)
                                                         counter_val_o[3] (net)
                      0.197247    0.000166    0.714860 ^ counter_val_o[3] (out)
                                              0.714860   data arrival time

                                 20.000000   20.000000   clock clk_i (rise edge)
                                  0.000000   20.000000   clock network delay (propagated)
                                 -0.250000   19.750002   clock uncertainty
                                  0.000000   19.750002   clock reconvergence pessimism
                                 -4.000000   15.750001   output external delay
                                             15.750001   data required time
---------------------------------------------------------------------------------------------
                                             15.750001   data required time
                                             -0.714860   data arrival time
---------------------------------------------------------------------------------------------
                                             15.035142   slack (MET)


Startpoint: _39_ (rising edge-triggered flip-flop clocked by clk_i)
Endpoint: counter_val_o[7] (output port clocked by clk_i)
Path Group: clk_i
Path Type: max

Fanout         Cap        Slew       Delay        Time   Description
---------------------------------------------------------------------------------------------
                                  0.000000    0.000000   clock clk_i (rise edge)
                                  0.000000    0.000000   clock source latency
     1    0.011770    0.059327    0.039793    0.039793 ^ clk_i (in)
                                                         clk_i (net)
                      0.059329    0.000000    0.039793 ^ clkbuf_0_clk_i/A (sky130_fd_sc_hd__clkbuf_16)
     2    0.018338    0.040437    0.129105    0.168898 ^ clkbuf_0_clk_i/X (sky130_fd_sc_hd__clkbuf_16)
                                                         clknet_0_clk_i (net)
                      0.040437    0.000105    0.169002 ^ clkbuf_1_1__f_clk_i/A (sky130_fd_sc_hd__clkbuf_16)
     4    0.010828    0.034043    0.114994    0.283996 ^ clkbuf_1_1__f_clk_i/X (sky130_fd_sc_hd__clkbuf_16)
                                                         clknet_1_1__leaf_clk_i (net)
                      0.034043    0.000156    0.284152 ^ _39_/CLK (sky130_fd_sc_hd__dfxtp_2)
     3    0.039316    0.201058    0.429988    0.714140 ^ _39_/Q (sky130_fd_sc_hd__dfxtp_2)
                                                         counter_val_o[7] (net)
                      0.201058    0.000164    0.714304 ^ counter_val_o[7] (out)
                                              0.714304   data arrival time

                                 20.000000   20.000000   clock clk_i (rise edge)
                                  0.000000   20.000000   clock network delay (propagated)
                                 -0.250000   19.750002   clock uncertainty
                                  0.000000   19.750002   clock reconvergence pessimism
                                 -4.000000   15.750001   output external delay
                                             15.750001   data required time
---------------------------------------------------------------------------------------------
                                             15.750001   data required time
                                             -0.714304   data arrival time
---------------------------------------------------------------------------------------------
                                             15.035698   slack (MET)


Startpoint: _45_ (rising edge-triggered flip-flop clocked by clk_i)
Endpoint: counter_val_o[5] (output port clocked by clk_i)
Path Group: clk_i
Path Type: max

Fanout         Cap        Slew       Delay        Time   Description
---------------------------------------------------------------------------------------------
                                  0.000000    0.000000   clock clk_i (rise edge)
                                  0.000000    0.000000   clock source latency
     1    0.011770    0.059327    0.039793    0.039793 ^ clk_i (in)
                                                         clk_i (net)
                      0.059329    0.000000    0.039793 ^ clkbuf_0_clk_i/A (sky130_fd_sc_hd__clkbuf_16)
     2    0.018338    0.040437    0.129105    0.168898 ^ clkbuf_0_clk_i/X (sky130_fd_sc_hd__clkbuf_16)
                                                         clknet_0_clk_i (net)
                      0.040437    0.000105    0.169002 ^ clkbuf_1_1__f_clk_i/A (sky130_fd_sc_hd__clkbuf_16)
     4    0.010828    0.034043    0.114994    0.283996 ^ clkbuf_1_1__f_clk_i/X (sky130_fd_sc_hd__clkbuf_16)
                                                         clknet_1_1__leaf_clk_i (net)
                      0.034043    0.000138    0.284134 ^ _45_/CLK (sky130_fd_sc_hd__dfxtp_2)
     3    0.038479    0.196984    0.427118    0.711251 ^ _45_/Q (sky130_fd_sc_hd__dfxtp_2)
                                                         counter_val_o[5] (net)
                      0.196984    0.000172    0.711423 ^ counter_val_o[5] (out)
                                              0.711423   data arrival time

                                 20.000000   20.000000   clock clk_i (rise edge)
                                  0.000000   20.000000   clock network delay (propagated)
                                 -0.250000   19.750002   clock uncertainty
                                  0.000000   19.750002   clock reconvergence pessimism
                                 -4.000000   15.750001   output external delay
                                             15.750001   data required time
---------------------------------------------------------------------------------------------
                                             15.750001   data required time
                                             -0.711423   data arrival time
---------------------------------------------------------------------------------------------
                                             15.038577   slack (MET)


Startpoint: _40_ (rising edge-triggered flip-flop clocked by clk_i)
Endpoint: counter_val_o[0] (output port clocked by clk_i)
Path Group: clk_i
Path Type: max

Fanout         Cap        Slew       Delay        Time   Description
---------------------------------------------------------------------------------------------
                                  0.000000    0.000000   clock clk_i (rise edge)
                                  0.000000    0.000000   clock source latency
     1    0.011770    0.059327    0.039793    0.039793 ^ clk_i (in)
                                                         clk_i (net)
                      0.059329    0.000000    0.039793 ^ clkbuf_0_clk_i/A (sky130_fd_sc_hd__clkbuf_16)
     2    0.018338    0.040437    0.129105    0.168898 ^ clkbuf_0_clk_i/X (sky130_fd_sc_hd__clkbuf_16)
                                                         clknet_0_clk_i (net)
                      0.040437    0.000080    0.168978 ^ clkbuf_1_0__f_clk_i/A (sky130_fd_sc_hd__clkbuf_16)
     5    0.013400    0.036230    0.117465    0.286443 ^ clkbuf_1_0__f_clk_i/X (sky130_fd_sc_hd__clkbuf_16)
                                                         clknet_1_0__leaf_clk_i (net)
                      0.036230    0.000158    0.286601 ^ _40_/CLK (sky130_fd_sc_hd__dfxtp_4)
     7    0.048438    0.145465    0.417586    0.704188 ^ _40_/Q (sky130_fd_sc_hd__dfxtp_4)
                                                         counter_val_o[0] (net)
                      0.145465    0.000227    0.704414 ^ counter_val_o[0] (out)
                                              0.704414   data arrival time

                                 20.000000   20.000000   clock clk_i (rise edge)
                                  0.000000   20.000000   clock network delay (propagated)
                                 -0.250000   19.750002   clock uncertainty
                                  0.000000   19.750002   clock reconvergence pessimism
                                 -4.000000   15.750001   output external delay
                                             15.750001   data required time
---------------------------------------------------------------------------------------------
                                             15.750001   data required time
                                             -0.704414   data arrival time
---------------------------------------------------------------------------------------------
                                             15.045587   slack (MET)


Startpoint: _41_ (rising edge-triggered flip-flop clocked by clk_i)
Endpoint: counter_val_o[1] (output port clocked by clk_i)
Path Group: clk_i
Path Type: max

Fanout         Cap        Slew       Delay        Time   Description
---------------------------------------------------------------------------------------------
                                  0.000000    0.000000   clock clk_i (rise edge)
                                  0.000000    0.000000   clock source latency
     1    0.011770    0.059327    0.039793    0.039793 ^ clk_i (in)
                                                         clk_i (net)
                      0.059329    0.000000    0.039793 ^ clkbuf_0_clk_i/A (sky130_fd_sc_hd__clkbuf_16)
     2    0.018338    0.040437    0.129105    0.168898 ^ clkbuf_0_clk_i/X (sky130_fd_sc_hd__clkbuf_16)
                                                         clknet_0_clk_i (net)
                      0.040437    0.000080    0.168978 ^ clkbuf_1_0__f_clk_i/A (sky130_fd_sc_hd__clkbuf_16)
     5    0.013400    0.036230    0.117465    0.286443 ^ clkbuf_1_0__f_clk_i/X (sky130_fd_sc_hd__clkbuf_16)
                                                         clknet_1_0__leaf_clk_i (net)
                      0.036230    0.000161    0.286604 ^ _41_/CLK (sky130_fd_sc_hd__dfxtp_4)
     6    0.046525    0.140430    0.413836    0.700440 ^ _41_/Q (sky130_fd_sc_hd__dfxtp_4)
                                                         counter_val_o[1] (net)
                      0.140430    0.000149    0.700589 ^ counter_val_o[1] (out)
                                              0.700589   data arrival time

                                 20.000000   20.000000   clock clk_i (rise edge)
                                  0.000000   20.000000   clock network delay (propagated)
                                 -0.250000   19.750002   clock uncertainty
                                  0.000000   19.750002   clock reconvergence pessimism
                                 -4.000000   15.750001   output external delay
                                             15.750001   data required time
---------------------------------------------------------------------------------------------
                                             15.750001   data required time
                                             -0.700589   data arrival time
---------------------------------------------------------------------------------------------
                                             15.049411   slack (MET)


Startpoint: _38_ (rising edge-triggered flip-flop clocked by clk_i)
Endpoint: counter_val_o[6] (output port clocked by clk_i)
Path Group: clk_i
Path Type: max

Fanout         Cap        Slew       Delay        Time   Description
---------------------------------------------------------------------------------------------
                                  0.000000    0.000000   clock clk_i (rise edge)
                                  0.000000    0.000000   clock source latency
     1    0.011770    0.059327    0.039793    0.039793 ^ clk_i (in)
                                                         clk_i (net)
                      0.059329    0.000000    0.039793 ^ clkbuf_0_clk_i/A (sky130_fd_sc_hd__clkbuf_16)
     2    0.018338    0.040437    0.129105    0.168898 ^ clkbuf_0_clk_i/X (sky130_fd_sc_hd__clkbuf_16)
                                                         clknet_0_clk_i (net)
                      0.040437    0.000105    0.169002 ^ clkbuf_1_1__f_clk_i/A (sky130_fd_sc_hd__clkbuf_16)
     4    0.010828    0.034043    0.114994    0.283996 ^ clkbuf_1_1__f_clk_i/X (sky130_fd_sc_hd__clkbuf_16)
                                                         clknet_1_1__leaf_clk_i (net)
                      0.034043    0.000159    0.284155 ^ _38_/CLK (sky130_fd_sc_hd__dfxtp_4)
     5    0.044704    0.135681    0.409339    0.693494 ^ _38_/Q (sky130_fd_sc_hd__dfxtp_4)
                                                         counter_val_o[6] (net)
                      0.135681    0.000295    0.693789 ^ counter_val_o[6] (out)
                                              0.693789   data arrival time

                                 20.000000   20.000000   clock clk_i (rise edge)
                                  0.000000   20.000000   clock network delay (propagated)
                                 -0.250000   19.750002   clock uncertainty
                                  0.000000   19.750002   clock reconvergence pessimism
                                 -4.000000   15.750001   output external delay
                                             15.750001   data required time
---------------------------------------------------------------------------------------------
                                             15.750001   data required time
                                             -0.693789   data arrival time
---------------------------------------------------------------------------------------------
                                             15.056212   slack (MET)


Startpoint: _44_ (rising edge-triggered flip-flop clocked by clk_i)
Endpoint: counter_val_o[4] (output port clocked by clk_i)
Path Group: clk_i
Path Type: max

Fanout         Cap        Slew       Delay        Time   Description
---------------------------------------------------------------------------------------------
                                  0.000000    0.000000   clock clk_i (rise edge)
                                  0.000000    0.000000   clock source latency
     1    0.011770    0.059327    0.039793    0.039793 ^ clk_i (in)
                                                         clk_i (net)
                      0.059329    0.000000    0.039793 ^ clkbuf_0_clk_i/A (sky130_fd_sc_hd__clkbuf_16)
     2    0.018338    0.040437    0.129105    0.168898 ^ clkbuf_0_clk_i/X (sky130_fd_sc_hd__clkbuf_16)
                                                         clknet_0_clk_i (net)
                      0.040437    0.000105    0.169002 ^ clkbuf_1_1__f_clk_i/A (sky130_fd_sc_hd__clkbuf_16)
     4    0.010828    0.034043    0.114994    0.283996 ^ clkbuf_1_1__f_clk_i/X (sky130_fd_sc_hd__clkbuf_16)
                                                         clknet_1_1__leaf_clk_i (net)
                      0.034043    0.000128    0.284124 ^ _44_/CLK (sky130_fd_sc_hd__dfxtp_4)
     5    0.044207    0.134372    0.408378    0.692502 ^ _44_/Q (sky130_fd_sc_hd__dfxtp_4)
                                                         counter_val_o[4] (net)
                      0.134372    0.000263    0.692765 ^ counter_val_o[4] (out)
                                              0.692765   data arrival time

                                 20.000000   20.000000   clock clk_i (rise edge)
                                  0.000000   20.000000   clock network delay (propagated)
                                 -0.250000   19.750002   clock uncertainty
                                  0.000000   19.750002   clock reconvergence pessimism
                                 -4.000000   15.750001   output external delay
                                             15.750001   data required time
---------------------------------------------------------------------------------------------
                                             15.750001   data required time
                                             -0.692765   data arrival time
---------------------------------------------------------------------------------------------
                                             15.057236   slack (MET)


Startpoint: _42_ (rising edge-triggered flip-flop clocked by clk_i)
Endpoint: counter_val_o[2] (output port clocked by clk_i)
Path Group: clk_i
Path Type: max

Fanout         Cap        Slew       Delay        Time   Description
---------------------------------------------------------------------------------------------
                                  0.000000    0.000000   clock clk_i (rise edge)
                                  0.000000    0.000000   clock source latency
     1    0.011770    0.059327    0.039793    0.039793 ^ clk_i (in)
                                                         clk_i (net)
                      0.059329    0.000000    0.039793 ^ clkbuf_0_clk_i/A (sky130_fd_sc_hd__clkbuf_16)
     2    0.018338    0.040437    0.129105    0.168898 ^ clkbuf_0_clk_i/X (sky130_fd_sc_hd__clkbuf_16)
                                                         clknet_0_clk_i (net)
                      0.040437    0.000080    0.168978 ^ clkbuf_1_0__f_clk_i/A (sky130_fd_sc_hd__clkbuf_16)
     5    0.013400    0.036230    0.117465    0.286443 ^ clkbuf_1_0__f_clk_i/X (sky130_fd_sc_hd__clkbuf_16)
                                                         clknet_1_0__leaf_clk_i (net)
                      0.036230    0.000148    0.286591 ^ _42_/CLK (sky130_fd_sc_hd__dfxtp_4)
     4    0.040648    0.125039    0.402180    0.688772 ^ _42_/Q (sky130_fd_sc_hd__dfxtp_4)
                                                         counter_val_o[2] (net)
                      0.125039    0.000172    0.688944 ^ counter_val_o[2] (out)
                                              0.688944   data arrival time

                                 20.000000   20.000000   clock clk_i (rise edge)
                                  0.000000   20.000000   clock network delay (propagated)
                                 -0.250000   19.750002   clock uncertainty
                                  0.000000   19.750002   clock reconvergence pessimism
                                 -4.000000   15.750001   output external delay
                                             15.750001   data required time
---------------------------------------------------------------------------------------------
                                             15.750001   data required time
                                             -0.688944   data arrival time
---------------------------------------------------------------------------------------------
                                             15.061057   slack (MET)


Startpoint: rst_i (input port clocked by clk_i)
Endpoint: _39_ (rising edge-triggered flip-flop clocked by clk_i)
Path Group: clk_i
Path Type: max

Fanout         Cap        Slew       Delay        Time   Description
---------------------------------------------------------------------------------------------
                                  0.000000    0.000000   clock clk_i (rise edge)
                                  0.000000    0.000000   clock network delay (propagated)
                                  4.000000    4.000000 v input external delay
     1    0.002228    0.007317    0.003450    4.003450 v rst_i (in)
                                                         rst_i (net)
                      0.007317    0.000000    4.003450 v input1/A (sky130_fd_sc_hd__buf_2)
     8    0.026948    0.073708    0.150840    4.154290 v input1/X (sky130_fd_sc_hd__buf_2)
                                                         net1 (net)
                      0.073713    0.000698    4.154988 v _25_/B1 (sky130_fd_sc_hd__a31o_1)
     1    0.003028    0.038645    0.190808    4.345796 v _25_/X (sky130_fd_sc_hd__a31o_1)
                                                         _13_ (net)
                      0.038645    0.000011    4.345807 v _26_/B (sky130_fd_sc_hd__nor2_1)
     1    0.001903    0.063710    0.067845    4.413652 ^ _26_/Y (sky130_fd_sc_hd__nor2_1)
                                                         _01_ (net)
                      0.063710    0.000003    4.413654 ^ _39_/D (sky130_fd_sc_hd__dfxtp_2)
                                              4.413654   data arrival time

                                 20.000000   20.000000   clock clk_i (rise edge)
                                  0.000000   20.000000   clock source latency
     1    0.011770    0.059327    0.039794   20.039795 ^ clk_i (in)
                                                         clk_i (net)
                      0.059329    0.000000   20.039795 ^ clkbuf_0_clk_i/A (sky130_fd_sc_hd__clkbuf_16)
     2    0.018338    0.040437    0.129104   20.168898 ^ clkbuf_0_clk_i/X (sky130_fd_sc_hd__clkbuf_16)
                                                         clknet_0_clk_i (net)
                      0.040437    0.000105   20.169003 ^ clkbuf_1_1__f_clk_i/A (sky130_fd_sc_hd__clkbuf_16)
     4    0.010828    0.034043    0.114994   20.283997 ^ clkbuf_1_1__f_clk_i/X (sky130_fd_sc_hd__clkbuf_16)
                                                         clknet_1_1__leaf_clk_i (net)
                      0.034043    0.000155   20.284151 ^ _39_/CLK (sky130_fd_sc_hd__dfxtp_2)
                                 -0.250000   20.034153   clock uncertainty
                                  0.000000   20.034153   clock reconvergence pessimism
                                 -0.064906   19.969246   library setup time
                                             19.969246   data required time
---------------------------------------------------------------------------------------------
                                             19.969246   data required time
                                             -4.413654   data arrival time
---------------------------------------------------------------------------------------------
                                             15.555593   slack (MET)


Startpoint: rst_i (input port clocked by clk_i)
Endpoint: _41_ (rising edge-triggered flip-flop clocked by clk_i)
Path Group: clk_i
Path Type: max

Fanout         Cap        Slew       Delay        Time   Description
---------------------------------------------------------------------------------------------
                                  0.000000    0.000000   clock clk_i (rise edge)
                                  0.000000    0.000000   clock network delay (propagated)
                                  4.000000    4.000000 v input external delay
     1    0.002228    0.007317    0.003450    4.003450 v rst_i (in)
                                                         rst_i (net)
                      0.007317    0.000000    4.003450 v input1/A (sky130_fd_sc_hd__buf_2)
     8    0.026948    0.073708    0.150840    4.154290 v input1/X (sky130_fd_sc_hd__buf_2)
                                                         net1 (net)
                      0.073708    0.000127    4.154417 v _28_/B1 (sky130_fd_sc_hd__a21oi_1)
     1    0.003111    0.112738    0.124351    4.278767 ^ _28_/Y (sky130_fd_sc_hd__a21oi_1)
                                                         _14_ (net)
                      0.112738    0.000012    4.278780 ^ _29_/B1 (sky130_fd_sc_hd__o21a_1)
     1    0.001941    0.035667    0.122343    4.401123 ^ _29_/X (sky130_fd_sc_hd__o21a_1)
                                                         _03_ (net)
                      0.035667    0.000004    4.401126 ^ _41_/D (sky130_fd_sc_hd__dfxtp_4)
                                              4.401126   data arrival time

                                 20.000000   20.000000   clock clk_i (rise edge)
                                  0.000000   20.000000   clock source latency
     1    0.011770    0.059327    0.039794   20.039795 ^ clk_i (in)
                                                         clk_i (net)
                      0.059329    0.000000   20.039795 ^ clkbuf_0_clk_i/A (sky130_fd_sc_hd__clkbuf_16)
     2    0.018338    0.040437    0.129104   20.168898 ^ clkbuf_0_clk_i/X (sky130_fd_sc_hd__clkbuf_16)
                                                         clknet_0_clk_i (net)
                      0.040437    0.000080   20.168978 ^ clkbuf_1_0__f_clk_i/A (sky130_fd_sc_hd__clkbuf_16)
     5    0.013400    0.036230    0.117465   20.286444 ^ clkbuf_1_0__f_clk_i/X (sky130_fd_sc_hd__clkbuf_16)
                                                         clknet_1_0__leaf_clk_i (net)
                      0.036230    0.000162   20.286606 ^ _41_/CLK (sky130_fd_sc_hd__dfxtp_4)
                                 -0.250000   20.036606   clock uncertainty
                                  0.000000   20.036606   clock reconvergence pessimism
                                 -0.059238   19.977367   library setup time
                                             19.977367   data required time
---------------------------------------------------------------------------------------------
                                             19.977367   data required time
                                             -4.401126   data arrival time
---------------------------------------------------------------------------------------------
                                             15.576241   slack (MET)


Startpoint: rst_i (input port clocked by clk_i)
Endpoint: _44_ (rising edge-triggered flip-flop clocked by clk_i)
Path Group: clk_i
Path Type: max

Fanout         Cap        Slew       Delay        Time   Description
---------------------------------------------------------------------------------------------
                                  0.000000    0.000000   clock clk_i (rise edge)
                                  0.000000    0.000000   clock network delay (propagated)
                                  4.000000    4.000000 v input external delay
     1    0.002228    0.007317    0.003450    4.003450 v rst_i (in)
                                                         rst_i (net)
                      0.007317    0.000000    4.003450 v input1/A (sky130_fd_sc_hd__buf_2)
     8    0.026948    0.073708    0.150840    4.154290 v input1/X (sky130_fd_sc_hd__buf_2)
                                                         net1 (net)
                      0.073713    0.000692    4.154982 v _34_/B1 (sky130_fd_sc_hd__a21oi_1)
     1    0.002959    0.109815    0.122166    4.277148 ^ _34_/Y (sky130_fd_sc_hd__a21oi_1)
                                                         _17_ (net)
                      0.109815    0.000008    4.277156 ^ _35_/B1 (sky130_fd_sc_hd__o21a_1)
     1    0.001899    0.035150    0.121055    4.398211 ^ _35_/X (sky130_fd_sc_hd__o21a_1)
                                                         _06_ (net)
                      0.035150    0.000003    4.398213 ^ _44_/D (sky130_fd_sc_hd__dfxtp_4)
                                              4.398213   data arrival time

                                 20.000000   20.000000   clock clk_i (rise edge)
                                  0.000000   20.000000   clock source latency
     1    0.011770    0.059327    0.039794   20.039795 ^ clk_i (in)
                                                         clk_i (net)
                      0.059329    0.000000   20.039795 ^ clkbuf_0_clk_i/A (sky130_fd_sc_hd__clkbuf_16)
     2    0.018338    0.040437    0.129104   20.168898 ^ clkbuf_0_clk_i/X (sky130_fd_sc_hd__clkbuf_16)
                                                         clknet_0_clk_i (net)
                      0.040437    0.000105   20.169003 ^ clkbuf_1_1__f_clk_i/A (sky130_fd_sc_hd__clkbuf_16)
     4    0.010828    0.034043    0.114994   20.283997 ^ clkbuf_1_1__f_clk_i/X (sky130_fd_sc_hd__clkbuf_16)
                                                         clknet_1_1__leaf_clk_i (net)
                      0.034043    0.000128   20.284124 ^ _44_/CLK (sky130_fd_sc_hd__dfxtp_4)
                                 -0.250000   20.034126   clock uncertainty
                                  0.000000   20.034126   clock reconvergence pessimism
                                 -0.059437   19.974689   library setup time
                                             19.974689   data required time
---------------------------------------------------------------------------------------------
                                             19.974689   data required time
                                             -4.398213   data arrival time
---------------------------------------------------------------------------------------------
                                             15.576476   slack (MET)


Startpoint: rst_i (input port clocked by clk_i)
Endpoint: _38_ (rising edge-triggered flip-flop clocked by clk_i)
Path Group: clk_i
Path Type: max

Fanout         Cap        Slew       Delay        Time   Description
---------------------------------------------------------------------------------------------
                                  0.000000    0.000000   clock clk_i (rise edge)
                                  0.000000    0.000000   clock network delay (propagated)
                                  4.000000    4.000000 v input external delay
     1    0.002228    0.007317    0.003450    4.003450 v rst_i (in)
                                                         rst_i (net)
                      0.007317    0.000000    4.003450 v input1/A (sky130_fd_sc_hd__buf_2)
     8    0.026948    0.073708    0.150840    4.154290 v input1/X (sky130_fd_sc_hd__buf_2)
                                                         net1 (net)
                      0.073714    0.000706    4.154996 v _22_/B1 (sky130_fd_sc_hd__a21oi_1)
     1    0.002617    0.103223    0.117232    4.272228 ^ _22_/Y (sky130_fd_sc_hd__a21oi_1)
                                                         _11_ (net)
                      0.103223    0.000002    4.272229 ^ _23_/B1 (sky130_fd_sc_hd__o21a_1)
     1    0.002151    0.037303    0.120732    4.392962 ^ _23_/X (sky130_fd_sc_hd__o21a_1)
                                                         _00_ (net)
                      0.037303    0.000007    4.392968 ^ _38_/D (sky130_fd_sc_hd__dfxtp_4)
                                              4.392968   data arrival time

                                 20.000000   20.000000   clock clk_i (rise edge)
                                  0.000000   20.000000   clock source latency
     1    0.011770    0.059327    0.039794   20.039795 ^ clk_i (in)
                                                         clk_i (net)
                      0.059329    0.000000   20.039795 ^ clkbuf_0_clk_i/A (sky130_fd_sc_hd__clkbuf_16)
     2    0.018338    0.040437    0.129104   20.168898 ^ clkbuf_0_clk_i/X (sky130_fd_sc_hd__clkbuf_16)
                                                         clknet_0_clk_i (net)
                      0.040437    0.000105   20.169003 ^ clkbuf_1_1__f_clk_i/A (sky130_fd_sc_hd__clkbuf_16)
     4    0.010828    0.034043    0.114994   20.283997 ^ clkbuf_1_1__f_clk_i/X (sky130_fd_sc_hd__clkbuf_16)
                                                         clknet_1_1__leaf_clk_i (net)
                      0.034043    0.000158   20.284155 ^ _38_/CLK (sky130_fd_sc_hd__dfxtp_4)
                                 -0.250000   20.034157   clock uncertainty
                                  0.000000   20.034157   clock reconvergence pessimism
                                 -0.059951   19.974205   library setup time
                                             19.974205   data required time
---------------------------------------------------------------------------------------------
                                             19.974205   data required time
                                             -4.392968   data arrival time
---------------------------------------------------------------------------------------------
                                             15.581236   slack (MET)


Startpoint: rst_i (input port clocked by clk_i)
Endpoint: _43_ (rising edge-triggered flip-flop clocked by clk_i)
Path Group: clk_i
Path Type: max

Fanout         Cap        Slew       Delay        Time   Description
---------------------------------------------------------------------------------------------
                                  0.000000    0.000000   clock clk_i (rise edge)
                                  0.000000    0.000000   clock network delay (propagated)
                                  4.000000    4.000000 ^ input external delay
     1    0.002388    0.017990    0.008853    4.008853 ^ rst_i (in)
                                                         rst_i (net)
                      0.017990    0.000000    4.008853 ^ input1/A (sky130_fd_sc_hd__buf_2)
     8    0.029133    0.146238    0.170834    4.179688 ^ input1/X (sky130_fd_sc_hd__buf_2)
                                                         net1 (net)
                      0.146239    0.000183    4.179871 ^ _32_/A (sky130_fd_sc_hd__nor2_1)
     1    0.003287    0.044803    0.068438    4.248309 v _32_/Y (sky130_fd_sc_hd__nor2_1)
                                                         _16_ (net)
                      0.044803    0.000016    4.248325 v _33_/B1 (sky130_fd_sc_hd__o21a_1)
     1    0.002425    0.034156    0.095570    4.343895 v _33_/X (sky130_fd_sc_hd__o21a_1)
                                                         _05_ (net)
                      0.034156    0.000008    4.343904 v _43_/D (sky130_fd_sc_hd__dfxtp_2)
                                              4.343904   data arrival time

                                 20.000000   20.000000   clock clk_i (rise edge)
                                  0.000000   20.000000   clock source latency
     1    0.011770    0.059327    0.039794   20.039795 ^ clk_i (in)
                                                         clk_i (net)
                      0.059329    0.000000   20.039795 ^ clkbuf_0_clk_i/A (sky130_fd_sc_hd__clkbuf_16)
     2    0.018338    0.040437    0.129104   20.168898 ^ clkbuf_0_clk_i/X (sky130_fd_sc_hd__clkbuf_16)
                                                         clknet_0_clk_i (net)
                      0.040437    0.000080   20.168978 ^ clkbuf_1_0__f_clk_i/A (sky130_fd_sc_hd__clkbuf_16)
     5    0.013400    0.036230    0.117465   20.286444 ^ clkbuf_1_0__f_clk_i/X (sky130_fd_sc_hd__clkbuf_16)
                                                         clknet_1_0__leaf_clk_i (net)
                      0.036230    0.000146   20.286589 ^ _43_/CLK (sky130_fd_sc_hd__dfxtp_2)
                                 -0.250000   20.036591   clock uncertainty
                                  0.000000   20.036591   clock reconvergence pessimism
                                 -0.110198   19.926392   library setup time
                                             19.926392   data required time
---------------------------------------------------------------------------------------------
                                             19.926392   data required time
                                             -4.343904   data arrival time
---------------------------------------------------------------------------------------------
                                             15.582487   slack (MET)


Startpoint: rst_i (input port clocked by clk_i)
Endpoint: _45_ (rising edge-triggered flip-flop clocked by clk_i)
Path Group: clk_i
Path Type: max

Fanout         Cap        Slew       Delay        Time   Description
---------------------------------------------------------------------------------------------
                                  0.000000    0.000000   clock clk_i (rise edge)
                                  0.000000    0.000000   clock network delay (propagated)
                                  4.000000    4.000000 v input external delay
     1    0.002228    0.007317    0.003450    4.003450 v rst_i (in)
                                                         rst_i (net)
                      0.007317    0.000000    4.003450 v input1/A (sky130_fd_sc_hd__buf_2)
     8    0.026948    0.073708    0.150840    4.154290 v input1/X (sky130_fd_sc_hd__buf_2)
                                                         net1 (net)
                      0.073713    0.000674    4.154964 v _37_/A (sky130_fd_sc_hd__nor3_1)
     1    0.002317    0.136519    0.175460    4.330424 ^ _37_/Y (sky130_fd_sc_hd__nor3_1)
                                                         _07_ (net)
                      0.136519    0.000008    4.330431 ^ _45_/D (sky130_fd_sc_hd__dfxtp_2)
                                              4.330431   data arrival time

                                 20.000000   20.000000   clock clk_i (rise edge)
                                  0.000000   20.000000   clock source latency
     1    0.011770    0.059327    0.039794   20.039795 ^ clk_i (in)
                                                         clk_i (net)
                      0.059329    0.000000   20.039795 ^ clkbuf_0_clk_i/A (sky130_fd_sc_hd__clkbuf_16)
     2    0.018338    0.040437    0.129104   20.168898 ^ clkbuf_0_clk_i/X (sky130_fd_sc_hd__clkbuf_16)
                                                         clknet_0_clk_i (net)
                      0.040437    0.000105   20.169003 ^ clkbuf_1_1__f_clk_i/A (sky130_fd_sc_hd__clkbuf_16)
     4    0.010828    0.034043    0.114994   20.283997 ^ clkbuf_1_1__f_clk_i/X (sky130_fd_sc_hd__clkbuf_16)
                                                         clknet_1_1__leaf_clk_i (net)
                      0.034043    0.000137   20.284134 ^ _45_/CLK (sky130_fd_sc_hd__dfxtp_2)
                                 -0.250000   20.034136   clock uncertainty
                                  0.000000   20.034136   clock reconvergence pessimism
                                 -0.082120   19.952013   library setup time
                                             19.952013   data required time
---------------------------------------------------------------------------------------------
                                             19.952013   data required time
                                             -4.330431   data arrival time
---------------------------------------------------------------------------------------------
                                             15.621583   slack (MET)


Startpoint: rst_i (input port clocked by clk_i)
Endpoint: _42_ (rising edge-triggered flip-flop clocked by clk_i)
Path Group: clk_i
Path Type: max

Fanout         Cap        Slew       Delay        Time   Description
---------------------------------------------------------------------------------------------
                                  0.000000    0.000000   clock clk_i (rise edge)
                                  0.000000    0.000000   clock network delay (propagated)
                                  4.000000    4.000000 v input external delay
     1    0.002228    0.007317    0.003450    4.003450 v rst_i (in)
                                                         rst_i (net)
                      0.007317    0.000000    4.003450 v input1/A (sky130_fd_sc_hd__buf_2)
     8    0.026948    0.073708    0.150840    4.154290 v input1/X (sky130_fd_sc_hd__buf_2)
                                                         net1 (net)
                      0.073708    0.000016    4.154305 v _31_/A (sky130_fd_sc_hd__nor3_1)
     1    0.002072    0.129889    0.170480    4.324786 ^ _31_/Y (sky130_fd_sc_hd__nor3_1)
                                                         _04_ (net)
                      0.129889    0.000004    4.324790 ^ _42_/D (sky130_fd_sc_hd__dfxtp_4)
                                              4.324790   data arrival time

                                 20.000000   20.000000   clock clk_i (rise edge)
                                  0.000000   20.000000   clock source latency
     1    0.011770    0.059327    0.039794   20.039795 ^ clk_i (in)
                                                         clk_i (net)
                      0.059329    0.000000   20.039795 ^ clkbuf_0_clk_i/A (sky130_fd_sc_hd__clkbuf_16)
     2    0.018338    0.040437    0.129104   20.168898 ^ clkbuf_0_clk_i/X (sky130_fd_sc_hd__clkbuf_16)
                                                         clknet_0_clk_i (net)
                      0.040437    0.000080   20.168978 ^ clkbuf_1_0__f_clk_i/A (sky130_fd_sc_hd__clkbuf_16)
     5    0.013400    0.036230    0.117465   20.286444 ^ clkbuf_1_0__f_clk_i/X (sky130_fd_sc_hd__clkbuf_16)
                                                         clknet_1_0__leaf_clk_i (net)
                      0.036230    0.000149   20.286592 ^ _42_/CLK (sky130_fd_sc_hd__dfxtp_4)
                                 -0.250000   20.036592   clock uncertainty
                                  0.000000   20.036592   clock reconvergence pessimism
                                 -0.081737   19.954857   library setup time
                                             19.954857   data required time
---------------------------------------------------------------------------------------------
                                             19.954857   data required time
                                             -4.324790   data arrival time
---------------------------------------------------------------------------------------------
                                             15.630067   slack (MET)


Startpoint: rst_i (input port clocked by clk_i)
Endpoint: _40_ (rising edge-triggered flip-flop clocked by clk_i)
Path Group: clk_i
Path Type: max

Fanout         Cap        Slew       Delay        Time   Description
---------------------------------------------------------------------------------------------
                                  0.000000    0.000000   clock clk_i (rise edge)
                                  0.000000    0.000000   clock network delay (propagated)
                                  4.000000    4.000000 ^ input external delay
     1    0.002388    0.017990    0.008853    4.008853 ^ rst_i (in)
                                                         rst_i (net)
                      0.017990    0.000000    4.008853 ^ input1/A (sky130_fd_sc_hd__buf_2)
     8    0.029133    0.146238    0.170834    4.179688 ^ input1/X (sky130_fd_sc_hd__buf_2)
                                                         net1 (net)
                      0.146238    0.000124    4.179812 ^ _27_/B (sky130_fd_sc_hd__nor2_1)
     1    0.001825    0.036454    0.048889    4.228701 v _27_/Y (sky130_fd_sc_hd__nor2_1)
                                                         _02_ (net)
                      0.036454    0.000003    4.228703 v _40_/D (sky130_fd_sc_hd__dfxtp_4)
                                              4.228703   data arrival time

                                 20.000000   20.000000   clock clk_i (rise edge)
                                  0.000000   20.000000   clock source latency
     1    0.011770    0.059327    0.039794   20.039795 ^ clk_i (in)
                                                         clk_i (net)
                      0.059329    0.000000   20.039795 ^ clkbuf_0_clk_i/A (sky130_fd_sc_hd__clkbuf_16)
     2    0.018338    0.040437    0.129104   20.168898 ^ clkbuf_0_clk_i/X (sky130_fd_sc_hd__clkbuf_16)
                                                         clknet_0_clk_i (net)
                      0.040437    0.000080   20.168978 ^ clkbuf_1_0__f_clk_i/A (sky130_fd_sc_hd__clkbuf_16)
     5    0.013400    0.036230    0.117465   20.286444 ^ clkbuf_1_0__f_clk_i/X (sky130_fd_sc_hd__clkbuf_16)
                                                         clknet_1_0__leaf_clk_i (net)
                      0.036230    0.000158   20.286602 ^ _40_/CLK (sky130_fd_sc_hd__dfxtp_4)
                                 -0.250000   20.036602   clock uncertainty
                                  0.000000   20.036602   clock reconvergence pessimism
                                 -0.110173   19.926430   library setup time
                                             19.926430   data required time
---------------------------------------------------------------------------------------------
                                             19.926430   data required time
                                             -4.228703   data arrival time
---------------------------------------------------------------------------------------------
                                             15.697726   slack (MET)



