Clock: clk_i
Sources: clk_i 
Generated: no
Virtual: no
Propagated: no
Period: 20.000000

===========================================================================
report_clock_properties
============================================================================
Clock                   Period          Waveform
----------------------------------------------------
clk_i                20.000000    0.000000 10.000000

===========================================================================
report_clock_latency
============================================================================
Clock clk_i
rise -> rise
    min     max
0.000000 0.000000 source latency
0.038504         network latency _38_/CLK
        0.038504 network latency _38_/CLK
---------------
0.038504 0.038504 latency
        0.000000 skew

fall -> fall
    min     max
0.000000 0.000000 source latency
0.014339         network latency _38_/CLK
        0.014339 network latency _38_/CLK
---------------
0.014339 0.014339 latency
        0.000000 skew



===========================================================================
report_clock_min_period
============================================================================
clk_i period_min = 1.12 fmax = 889.45
