
===========================================================================
report_checks -path_delay max (Setup)
============================================================================
======================= nom_ff_n40C_1v95 Corner ===================================

Startpoint: _40_ (rising edge-triggered flip-flop clocked by clk_i)
Endpoint: counter_val_o[0] (output port clocked by clk_i)
Path Group: clk_i
Path Type: max

Fanout         Cap        Slew       Delay        Time   Description
---------------------------------------------------------------------------------------------
                      0.150000    0.000000    0.000000   clock clk_i (rise edge)
                                  0.000000    0.000000   clock network delay (ideal)
                      0.150000    0.000000    0.000000 ^ _40_/CLK (sky130_fd_sc_hd__dfxtp_2)
     7    0.052926    0.204237    0.346022    0.346022 ^ _40_/Q (sky130_fd_sc_hd__dfxtp_2)
                                                         counter_val_o[0] (net)
                      0.204237    0.000000    0.346022 ^ counter_val_o[0] (out)
                                              0.346022   data arrival time

                      0.150000   20.000000   20.000000   clock clk_i (rise edge)
                                  0.000000   20.000000   clock network delay (ideal)
                                 -0.250000   19.750002   clock uncertainty
                                  0.000000   19.750002   clock reconvergence pessimism
                                 -4.000000   15.750001   output external delay
                                             15.750001   data required time
---------------------------------------------------------------------------------------------
                                             15.750001   data required time
                                             -0.346022   data arrival time
---------------------------------------------------------------------------------------------
                                             15.403979   slack (MET)


Startpoint: _41_ (rising edge-triggered flip-flop clocked by clk_i)
Endpoint: counter_val_o[1] (output port clocked by clk_i)
Path Group: clk_i
Path Type: max

Fanout         Cap        Slew       Delay        Time   Description
---------------------------------------------------------------------------------------------
                      0.150000    0.000000    0.000000   clock clk_i (rise edge)
                                  0.000000    0.000000   clock network delay (ideal)
                      0.150000    0.000000    0.000000 ^ _41_/CLK (sky130_fd_sc_hd__dfxtp_2)
     6    0.049404    0.191144    0.337025    0.337025 ^ _41_/Q (sky130_fd_sc_hd__dfxtp_2)
                                                         counter_val_o[1] (net)
                      0.191144    0.000000    0.337025 ^ counter_val_o[1] (out)
                                              0.337025   data arrival time

                      0.150000   20.000000   20.000000   clock clk_i (rise edge)
                                  0.000000   20.000000   clock network delay (ideal)
                                 -0.250000   19.750002   clock uncertainty
                                  0.000000   19.750002   clock reconvergence pessimism
                                 -4.000000   15.750001   output external delay
                                             15.750001   data required time
---------------------------------------------------------------------------------------------
                                             15.750001   data required time
                                             -0.337025   data arrival time
---------------------------------------------------------------------------------------------
                                             15.412976   slack (MET)


Startpoint: _38_ (rising edge-triggered flip-flop clocked by clk_i)
Endpoint: counter_val_o[6] (output port clocked by clk_i)
Path Group: clk_i
Path Type: max

Fanout         Cap        Slew       Delay        Time   Description
---------------------------------------------------------------------------------------------
                      0.150000    0.000000    0.000000   clock clk_i (rise edge)
                                  0.000000    0.000000   clock network delay (ideal)
                      0.150000    0.000000    0.000000 ^ _38_/CLK (sky130_fd_sc_hd__dfxtp_2)
     5    0.047633    0.184561    0.332500    0.332500 ^ _38_/Q (sky130_fd_sc_hd__dfxtp_2)
                                                         counter_val_o[6] (net)
                      0.184561    0.000000    0.332500 ^ counter_val_o[6] (out)
                                              0.332500   data arrival time

                      0.150000   20.000000   20.000000   clock clk_i (rise edge)
                                  0.000000   20.000000   clock network delay (ideal)
                                 -0.250000   19.750002   clock uncertainty
                                  0.000000   19.750002   clock reconvergence pessimism
                                 -4.000000   15.750001   output external delay
                                             15.750001   data required time
---------------------------------------------------------------------------------------------
                                             15.750001   data required time
                                             -0.332500   data arrival time
---------------------------------------------------------------------------------------------
                                             15.417500   slack (MET)


Startpoint: _44_ (rising edge-triggered flip-flop clocked by clk_i)
Endpoint: counter_val_o[4] (output port clocked by clk_i)
Path Group: clk_i
Path Type: max

Fanout         Cap        Slew       Delay        Time   Description
---------------------------------------------------------------------------------------------
                      0.150000    0.000000    0.000000   clock clk_i (rise edge)
                                  0.000000    0.000000   clock network delay (ideal)
                      0.150000    0.000000    0.000000 ^ _44_/CLK (sky130_fd_sc_hd__dfxtp_2)
     5    0.046689    0.181051    0.330089    0.330089 ^ _44_/Q (sky130_fd_sc_hd__dfxtp_2)
                                                         counter_val_o[4] (net)
                      0.181051    0.000000    0.330089 ^ counter_val_o[4] (out)
                                              0.330089   data arrival time

                      0.150000   20.000000   20.000000   clock clk_i (rise edge)
                                  0.000000   20.000000   clock network delay (ideal)
                                 -0.250000   19.750002   clock uncertainty
                                  0.000000   19.750002   clock reconvergence pessimism
                                 -4.000000   15.750001   output external delay
                                             15.750001   data required time
---------------------------------------------------------------------------------------------
                                             15.750001   data required time
                                             -0.330089   data arrival time
---------------------------------------------------------------------------------------------
                                             15.419913   slack (MET)


Startpoint: _42_ (rising edge-triggered flip-flop clocked by clk_i)
Endpoint: counter_val_o[2] (output port clocked by clk_i)
Path Group: clk_i
Path Type: max

Fanout         Cap        Slew       Delay        Time   Description
---------------------------------------------------------------------------------------------
                      0.150000    0.000000    0.000000   clock clk_i (rise edge)
                                  0.000000    0.000000   clock network delay (ideal)
                      0.150000    0.000000    0.000000 ^ _42_/CLK (sky130_fd_sc_hd__dfxtp_2)
     4    0.041528    0.161919    0.316881    0.316881 ^ _42_/Q (sky130_fd_sc_hd__dfxtp_2)
                                                         counter_val_o[2] (net)
                      0.161919    0.000000    0.316881 ^ counter_val_o[2] (out)
                                              0.316881   data arrival time

                      0.150000   20.000000   20.000000   clock clk_i (rise edge)
                                  0.000000   20.000000   clock network delay (ideal)
                                 -0.250000   19.750002   clock uncertainty
                                  0.000000   19.750002   clock reconvergence pessimism
                                 -4.000000   15.750001   output external delay
                                             15.750001   data required time
---------------------------------------------------------------------------------------------
                                             15.750001   data required time
                                             -0.316881   data arrival time
---------------------------------------------------------------------------------------------
                                             15.433120   slack (MET)


Startpoint: _39_ (rising edge-triggered flip-flop clocked by clk_i)
Endpoint: counter_val_o[7] (output port clocked by clk_i)
Path Group: clk_i
Path Type: max

Fanout         Cap        Slew       Delay        Time   Description
---------------------------------------------------------------------------------------------
                      0.150000    0.000000    0.000000   clock clk_i (rise edge)
                                  0.000000    0.000000   clock network delay (ideal)
                      0.150000    0.000000    0.000000 ^ _39_/CLK (sky130_fd_sc_hd__dfxtp_2)
     3    0.040669    0.158754    0.314674    0.314674 ^ _39_/Q (sky130_fd_sc_hd__dfxtp_2)
                                                         counter_val_o[7] (net)
                      0.158754    0.000000    0.314674 ^ counter_val_o[7] (out)
                                              0.314674   data arrival time

                      0.150000   20.000000   20.000000   clock clk_i (rise edge)
                                  0.000000   20.000000   clock network delay (ideal)
                                 -0.250000   19.750002   clock uncertainty
                                  0.000000   19.750002   clock reconvergence pessimism
                                 -4.000000   15.750001   output external delay
                                             15.750001   data required time
---------------------------------------------------------------------------------------------
                                             15.750001   data required time
                                             -0.314674   data arrival time
---------------------------------------------------------------------------------------------
                                             15.435327   slack (MET)


Startpoint: _45_ (rising edge-triggered flip-flop clocked by clk_i)
Endpoint: counter_val_o[5] (output port clocked by clk_i)
Path Group: clk_i
Path Type: max

Fanout         Cap        Slew       Delay        Time   Description
---------------------------------------------------------------------------------------------
                      0.150000    0.000000    0.000000   clock clk_i (rise edge)
                                  0.000000    0.000000   clock network delay (ideal)
                      0.150000    0.000000    0.000000 ^ _45_/CLK (sky130_fd_sc_hd__dfxtp_2)
     3    0.039826    0.155648    0.312508    0.312508 ^ _45_/Q (sky130_fd_sc_hd__dfxtp_2)
                                                         counter_val_o[5] (net)
                      0.155648    0.000000    0.312508 ^ counter_val_o[5] (out)
                                              0.312508   data arrival time

                      0.150000   20.000000   20.000000   clock clk_i (rise edge)
                                  0.000000   20.000000   clock network delay (ideal)
                                 -0.250000   19.750002   clock uncertainty
                                  0.000000   19.750002   clock reconvergence pessimism
                                 -4.000000   15.750001   output external delay
                                             15.750001   data required time
---------------------------------------------------------------------------------------------
                                             15.750001   data required time
                                             -0.312508   data arrival time
---------------------------------------------------------------------------------------------
                                             15.437493   slack (MET)


Startpoint: _43_ (rising edge-triggered flip-flop clocked by clk_i)
Endpoint: counter_val_o[3] (output port clocked by clk_i)
Path Group: clk_i
Path Type: max

Fanout         Cap        Slew       Delay        Time   Description
---------------------------------------------------------------------------------------------
                      0.150000    0.000000    0.000000   clock clk_i (rise edge)
                                  0.000000    0.000000   clock network delay (ideal)
                      0.150000    0.000000    0.000000 ^ _43_/CLK (sky130_fd_sc_hd__dfxtp_2)
     3    0.037558    0.147291    0.306682    0.306682 ^ _43_/Q (sky130_fd_sc_hd__dfxtp_2)
                                                         counter_val_o[3] (net)
                      0.147291    0.000000    0.306682 ^ counter_val_o[3] (out)
                                              0.306682   data arrival time

                      0.150000   20.000000   20.000000   clock clk_i (rise edge)
                                  0.000000   20.000000   clock network delay (ideal)
                                 -0.250000   19.750002   clock uncertainty
                                  0.000000   19.750002   clock reconvergence pessimism
                                 -4.000000   15.750001   output external delay
                                             15.750001   data required time
---------------------------------------------------------------------------------------------
                                             15.750001   data required time
                                             -0.306682   data arrival time
---------------------------------------------------------------------------------------------
                                             15.443320   slack (MET)


Startpoint: rst_i (input port clocked by clk_i)
Endpoint: _43_ (rising edge-triggered flip-flop clocked by clk_i)
Path Group: clk_i
Path Type: max

Fanout         Cap        Slew       Delay        Time   Description
---------------------------------------------------------------------------------------------
                      0.150000    0.000000    0.000000   clock clk_i (rise edge)
                                  0.000000    0.000000   clock network delay (ideal)
                                  4.000000    4.000000 ^ input external delay
     8    0.035480    0.124670    0.084682    4.084682 ^ rst_i (in)
                                                         rst_i (net)
                      0.124670    0.000000    4.084682 ^ _32_/A (sky130_fd_sc_hd__nor2_2)
     1    0.002373    0.030405    0.023899    4.108581 v _32_/Y (sky130_fd_sc_hd__nor2_2)
                                                         _16_ (net)
                      0.030405    0.000000    4.108581 v _33_/B1 (sky130_fd_sc_hd__o21a_2)
     1    0.001783    0.022610    0.065194    4.173775 v _33_/X (sky130_fd_sc_hd__o21a_2)
                                                         _05_ (net)
                      0.022610    0.000000    4.173775 v _43_/D (sky130_fd_sc_hd__dfxtp_2)
                                              4.173775   data arrival time

                      0.150000   20.000000   20.000000   clock clk_i (rise edge)
                                  0.000000   20.000000   clock network delay (ideal)
                                 -0.250000   19.750002   clock uncertainty
                                  0.000000   19.750002   clock reconvergence pessimism
                                             19.750002 ^ _43_/CLK (sky130_fd_sc_hd__dfxtp_2)
                                 -0.056532   19.693468   library setup time
                                             19.693468   data required time
---------------------------------------------------------------------------------------------
                                             19.693468   data required time
                                             -4.173775   data arrival time
---------------------------------------------------------------------------------------------
                                             15.519692   slack (MET)


Startpoint: rst_i (input port clocked by clk_i)
Endpoint: _39_ (rising edge-triggered flip-flop clocked by clk_i)
Path Group: clk_i
Path Type: max

Fanout         Cap        Slew       Delay        Time   Description
---------------------------------------------------------------------------------------------
                      0.150000    0.000000    0.000000   clock clk_i (rise edge)
                                  0.000000    0.000000   clock network delay (ideal)
                                  4.000000    4.000000 ^ input external delay
     8    0.035480    0.124670    0.084682    4.084682 ^ rst_i (in)
                                                         rst_i (net)
                      0.124670    0.000000    4.084682 ^ _25_/B1 (sky130_fd_sc_hd__a31o_2)
     1    0.004773    0.035784    0.074225    4.158907 ^ _25_/X (sky130_fd_sc_hd__a31o_2)
                                                         _13_ (net)
                      0.035784    0.000000    4.158907 ^ _26_/B (sky130_fd_sc_hd__nor2_2)
     1    0.001783    0.021466    0.014988    4.173895 v _26_/Y (sky130_fd_sc_hd__nor2_2)
                                                         _01_ (net)
                      0.021466    0.000000    4.173895 v _39_/D (sky130_fd_sc_hd__dfxtp_2)
                                              4.173895   data arrival time

                      0.150000   20.000000   20.000000   clock clk_i (rise edge)
                                  0.000000   20.000000   clock network delay (ideal)
                                 -0.250000   19.750002   clock uncertainty
                                  0.000000   19.750002   clock reconvergence pessimism
                                             19.750002 ^ _39_/CLK (sky130_fd_sc_hd__dfxtp_2)
                                 -0.056125   19.693876   library setup time
                                             19.693876   data required time
---------------------------------------------------------------------------------------------
                                             19.693876   data required time
                                             -4.173895   data arrival time
---------------------------------------------------------------------------------------------
                                             15.519980   slack (MET)


Startpoint: rst_i (input port clocked by clk_i)
Endpoint: _41_ (rising edge-triggered flip-flop clocked by clk_i)
Path Group: clk_i
Path Type: max

Fanout         Cap        Slew       Delay        Time   Description
---------------------------------------------------------------------------------------------
                      0.150000    0.000000    0.000000   clock clk_i (rise edge)
                                  0.000000    0.000000   clock network delay (ideal)
                                  4.000000    4.000000 ^ input external delay
     8    0.035480    0.124670    0.084682    4.084682 ^ rst_i (in)
                                                         rst_i (net)
                      0.124670    0.000000    4.084682 ^ _28_/B1 (sky130_fd_sc_hd__a21oi_2)
     1    0.002373    0.044142    0.013246    4.097929 v _28_/Y (sky130_fd_sc_hd__a21oi_2)
                                                         _14_ (net)
                      0.044142    0.000000    4.097929 v _29_/B1 (sky130_fd_sc_hd__o21a_2)
     1    0.001783    0.022677    0.070987    4.168915 v _29_/X (sky130_fd_sc_hd__o21a_2)
                                                         _03_ (net)
                      0.022677    0.000000    4.168915 v _41_/D (sky130_fd_sc_hd__dfxtp_2)
                                              4.168915   data arrival time

                      0.150000   20.000000   20.000000   clock clk_i (rise edge)
                                  0.000000   20.000000   clock network delay (ideal)
                                 -0.250000   19.750002   clock uncertainty
                                  0.000000   19.750002   clock reconvergence pessimism
                                             19.750002 ^ _41_/CLK (sky130_fd_sc_hd__dfxtp_2)
                                 -0.056556   19.693445   library setup time
                                             19.693445   data required time
---------------------------------------------------------------------------------------------
                                             19.693445   data required time
                                             -4.168915   data arrival time
---------------------------------------------------------------------------------------------
                                             15.524531   slack (MET)


Startpoint: rst_i (input port clocked by clk_i)
Endpoint: _38_ (rising edge-triggered flip-flop clocked by clk_i)
Path Group: clk_i
Path Type: max

Fanout         Cap        Slew       Delay        Time   Description
---------------------------------------------------------------------------------------------
                      0.150000    0.000000    0.000000   clock clk_i (rise edge)
                                  0.000000    0.000000   clock network delay (ideal)
                                  4.000000    4.000000 ^ input external delay
     8    0.035480    0.124670    0.084682    4.084682 ^ rst_i (in)
                                                         rst_i (net)
                      0.124670    0.000000    4.084682 ^ _22_/B1 (sky130_fd_sc_hd__a21oi_2)
     1    0.002373    0.041781    0.013246    4.097929 v _22_/Y (sky130_fd_sc_hd__a21oi_2)
                                                         _11_ (net)
                      0.041781    0.000000    4.097929 v _23_/B1 (sky130_fd_sc_hd__o21a_2)
     1    0.001783    0.022606    0.069991    4.167920 v _23_/X (sky130_fd_sc_hd__o21a_2)
                                                         _00_ (net)
                      0.022606    0.000000    4.167920 v _38_/D (sky130_fd_sc_hd__dfxtp_2)
                                              4.167920   data arrival time

                      0.150000   20.000000   20.000000   clock clk_i (rise edge)
                                  0.000000   20.000000   clock network delay (ideal)
                                 -0.250000   19.750002   clock uncertainty
                                  0.000000   19.750002   clock reconvergence pessimism
                                             19.750002 ^ _38_/CLK (sky130_fd_sc_hd__dfxtp_2)
                                 -0.056531   19.693470   library setup time
                                             19.693470   data required time
---------------------------------------------------------------------------------------------
                                             19.693470   data required time
                                             -4.167920   data arrival time
---------------------------------------------------------------------------------------------
                                             15.525551   slack (MET)


Startpoint: rst_i (input port clocked by clk_i)
Endpoint: _44_ (rising edge-triggered flip-flop clocked by clk_i)
Path Group: clk_i
Path Type: max

Fanout         Cap        Slew       Delay        Time   Description
---------------------------------------------------------------------------------------------
                      0.150000    0.000000    0.000000   clock clk_i (rise edge)
                                  0.000000    0.000000   clock network delay (ideal)
                                  4.000000    4.000000 ^ input external delay
     8    0.035480    0.124670    0.084682    4.084682 ^ rst_i (in)
                                                         rst_i (net)
                      0.124670    0.000000    4.084682 ^ _34_/B1 (sky130_fd_sc_hd__a21oi_2)
     1    0.002373    0.041360    0.013246    4.097929 v _34_/Y (sky130_fd_sc_hd__a21oi_2)
                                                         _17_ (net)
                      0.041360    0.000000    4.097929 v _35_/B1 (sky130_fd_sc_hd__o21a_2)
     1    0.001783    0.022606    0.069813    4.167742 v _35_/X (sky130_fd_sc_hd__o21a_2)
                                                         _06_ (net)
                      0.022606    0.000000    4.167742 v _44_/D (sky130_fd_sc_hd__dfxtp_2)
                                              4.167742   data arrival time

                      0.150000   20.000000   20.000000   clock clk_i (rise edge)
                                  0.000000   20.000000   clock network delay (ideal)
                                 -0.250000   19.750002   clock uncertainty
                                  0.000000   19.750002   clock reconvergence pessimism
                                             19.750002 ^ _44_/CLK (sky130_fd_sc_hd__dfxtp_2)
                                 -0.056531   19.693470   library setup time
                                             19.693470   data required time
---------------------------------------------------------------------------------------------
                                             19.693470   data required time
                                             -4.167742   data arrival time
---------------------------------------------------------------------------------------------
                                             15.525728   slack (MET)


Startpoint: rst_i (input port clocked by clk_i)
Endpoint: _42_ (rising edge-triggered flip-flop clocked by clk_i)
Path Group: clk_i
Path Type: max

Fanout         Cap        Slew       Delay        Time   Description
---------------------------------------------------------------------------------------------
                      0.150000    0.000000    0.000000   clock clk_i (rise edge)
                                  0.000000    0.000000   clock network delay (ideal)
                                  4.000000    4.000000 ^ input external delay
     8    0.035480    0.124670    0.084682    4.084682 ^ rst_i (in)
                                                         rst_i (net)
                      0.124670    0.000000    4.084682 ^ _31_/A (sky130_fd_sc_hd__nor3_2)
     1    0.001783    0.035640    0.028920    4.113603 v _31_/Y (sky130_fd_sc_hd__nor3_2)
                                                         _04_ (net)
                      0.035640    0.000000    4.113603 v _42_/D (sky130_fd_sc_hd__dfxtp_2)
                                              4.113603   data arrival time

                      0.150000   20.000000   20.000000   clock clk_i (rise edge)
                                  0.000000   20.000000   clock network delay (ideal)
                                 -0.250000   19.750002   clock uncertainty
                                  0.000000   19.750002   clock reconvergence pessimism
                                             19.750002 ^ _42_/CLK (sky130_fd_sc_hd__dfxtp_2)
                                 -0.061162   19.688839   library setup time
                                             19.688839   data required time
---------------------------------------------------------------------------------------------
                                             19.688839   data required time
                                             -4.113603   data arrival time
---------------------------------------------------------------------------------------------
                                             15.575235   slack (MET)


Startpoint: rst_i (input port clocked by clk_i)
Endpoint: _45_ (rising edge-triggered flip-flop clocked by clk_i)
Path Group: clk_i
Path Type: max

Fanout         Cap        Slew       Delay        Time   Description
---------------------------------------------------------------------------------------------
                      0.150000    0.000000    0.000000   clock clk_i (rise edge)
                                  0.000000    0.000000   clock network delay (ideal)
                                  4.000000    4.000000 ^ input external delay
     8    0.035480    0.124670    0.084682    4.084682 ^ rst_i (in)
                                                         rst_i (net)
                      0.124670    0.000000    4.084682 ^ _37_/A (sky130_fd_sc_hd__nor3_2)
     1    0.001783    0.035640    0.028920    4.113603 v _37_/Y (sky130_fd_sc_hd__nor3_2)
                                                         _07_ (net)
                      0.035640    0.000000    4.113603 v _45_/D (sky130_fd_sc_hd__dfxtp_2)
                                              4.113603   data arrival time

                      0.150000   20.000000   20.000000   clock clk_i (rise edge)
                                  0.000000   20.000000   clock network delay (ideal)
                                 -0.250000   19.750002   clock uncertainty
                                  0.000000   19.750002   clock reconvergence pessimism
                                             19.750002 ^ _45_/CLK (sky130_fd_sc_hd__dfxtp_2)
                                 -0.061162   19.688839   library setup time
                                             19.688839   data required time
---------------------------------------------------------------------------------------------
                                             19.688839   data required time
                                             -4.113603   data arrival time
---------------------------------------------------------------------------------------------
                                             15.575235   slack (MET)


Startpoint: rst_i (input port clocked by clk_i)
Endpoint: _40_ (rising edge-triggered flip-flop clocked by clk_i)
Path Group: clk_i
Path Type: max

Fanout         Cap        Slew       Delay        Time   Description
---------------------------------------------------------------------------------------------
                      0.150000    0.000000    0.000000   clock clk_i (rise edge)
                                  0.000000    0.000000   clock network delay (ideal)
                                  4.000000    4.000000 ^ input external delay
     8    0.035480    0.124670    0.084682    4.084682 ^ rst_i (in)
                                                         rst_i (net)
                      0.124670    0.000000    4.084682 ^ _27_/B (sky130_fd_sc_hd__nor2_2)
     1    0.001783    0.037713    0.012467    4.097150 v _27_/Y (sky130_fd_sc_hd__nor2_2)
                                                         _02_ (net)
                      0.037713    0.000000    4.097150 v _40_/D (sky130_fd_sc_hd__dfxtp_2)
                                              4.097150   data arrival time

                      0.150000   20.000000   20.000000   clock clk_i (rise edge)
                                  0.000000   20.000000   clock network delay (ideal)
                                 -0.250000   19.750002   clock uncertainty
                                  0.000000   19.750002   clock reconvergence pessimism
                                             19.750002 ^ _40_/CLK (sky130_fd_sc_hd__dfxtp_2)
                                 -0.061899   19.688103   library setup time
                                             19.688103   data required time
---------------------------------------------------------------------------------------------
                                             19.688103   data required time
                                             -4.097150   data arrival time
---------------------------------------------------------------------------------------------
                                             15.590953   slack (MET)



