
===========================================================================
report_checks -path_delay min (Hold)
============================================================================
======================= nom_ff_n40C_1v95 Corner ===================================

Startpoint: _45_ (rising edge-triggered flip-flop clocked by clk_i)
Endpoint: _45_ (rising edge-triggered flip-flop clocked by clk_i)
Path Group: clk_i
Path Type: min

Fanout         Cap        Slew       Delay        Time   Description
---------------------------------------------------------------------------------------------
                      0.150000    0.000000    0.000000   clock clk_i (rise edge)
                                  0.000000    0.000000   clock network delay (ideal)
                      0.150000    0.000000    0.000000 ^ _45_/CLK (sky130_fd_sc_hd__dfxtp_2)
     3    0.039206    0.069644    0.272131    0.272131 v _45_/Q (sky130_fd_sc_hd__dfxtp_2)
                                                         counter_val_o[5] (net)
                      0.069644    0.000000    0.272131 v _36_/B1 (sky130_fd_sc_hd__a21oi_2)
     1    0.004726    0.051361    0.065585    0.337716 ^ _36_/Y (sky130_fd_sc_hd__a21oi_2)
                                                         _18_ (net)
                      0.051361    0.000000    0.337716 ^ _37_/C (sky130_fd_sc_hd__nor3_2)
     1    0.001783    0.016120    0.018945    0.356661 v _37_/Y (sky130_fd_sc_hd__nor3_2)
                                                         _07_ (net)
                      0.016120    0.000000    0.356661 v _45_/D (sky130_fd_sc_hd__dfxtp_2)
                                              0.356661   data arrival time

                      0.150000    0.000000    0.000000   clock clk_i (rise edge)
                                  0.000000    0.000000   clock network delay (ideal)
                                  0.250000    0.250000   clock uncertainty
                                  0.000000    0.250000   clock reconvergence pessimism
                                              0.250000 ^ _45_/CLK (sky130_fd_sc_hd__dfxtp_2)
                                 -0.018004    0.231996   library hold time
                                              0.231996   data required time
---------------------------------------------------------------------------------------------
                                              0.231996   data required time
                                             -0.356661   data arrival time
---------------------------------------------------------------------------------------------
                                              0.124665   slack (MET)


Startpoint: _39_ (rising edge-triggered flip-flop clocked by clk_i)
Endpoint: _39_ (rising edge-triggered flip-flop clocked by clk_i)
Path Group: clk_i
Path Type: min

Fanout         Cap        Slew       Delay        Time   Description
---------------------------------------------------------------------------------------------
                      0.150000    0.000000    0.000000   clock clk_i (rise edge)
                                  0.000000    0.000000   clock network delay (ideal)
                      0.150000    0.000000    0.000000 ^ _39_/CLK (sky130_fd_sc_hd__dfxtp_2)
     3    0.039919    0.070635    0.273060    0.273060 v _39_/Q (sky130_fd_sc_hd__dfxtp_2)
                                                         counter_val_o[7] (net)
                      0.070635    0.000000    0.273060 v _24_/B1 (sky130_fd_sc_hd__a21oi_2)
     1    0.004622    0.050936    0.065514    0.338574 ^ _24_/Y (sky130_fd_sc_hd__a21oi_2)
                                                         _12_ (net)
                      0.050936    0.000000    0.338574 ^ _26_/A (sky130_fd_sc_hd__nor2_2)
     1    0.001783    0.010972    0.021264    0.359839 v _26_/Y (sky130_fd_sc_hd__nor2_2)
                                                         _01_ (net)
                      0.010972    0.000000    0.359839 v _39_/D (sky130_fd_sc_hd__dfxtp_2)
                                              0.359839   data arrival time

                      0.150000    0.000000    0.000000   clock clk_i (rise edge)
                                  0.000000    0.000000   clock network delay (ideal)
                                  0.250000    0.250000   clock uncertainty
                                  0.000000    0.250000   clock reconvergence pessimism
                                              0.250000 ^ _39_/CLK (sky130_fd_sc_hd__dfxtp_2)
                                 -0.016288    0.233712   library hold time
                                              0.233712   data required time
---------------------------------------------------------------------------------------------
                                              0.233712   data required time
                                             -0.359839   data arrival time
---------------------------------------------------------------------------------------------
                                              0.126127   slack (MET)


Startpoint: _42_ (rising edge-triggered flip-flop clocked by clk_i)
Endpoint: _42_ (rising edge-triggered flip-flop clocked by clk_i)
Path Group: clk_i
Path Type: min

Fanout         Cap        Slew       Delay        Time   Description
---------------------------------------------------------------------------------------------
                      0.150000    0.000000    0.000000   clock clk_i (rise edge)
                                  0.000000    0.000000   clock network delay (ideal)
                      0.150000    0.000000    0.000000 ^ _42_/CLK (sky130_fd_sc_hd__dfxtp_2)
     4    0.040763    0.071807    0.274160    0.274160 v _42_/Q (sky130_fd_sc_hd__dfxtp_2)
                                                         counter_val_o[2] (net)
                      0.071807    0.000000    0.274160 v _30_/B1 (sky130_fd_sc_hd__a21oi_2)
     1    0.004726    0.051728    0.066442    0.340602 ^ _30_/Y (sky130_fd_sc_hd__a21oi_2)
                                                         _15_ (net)
                      0.051728    0.000000    0.340602 ^ _31_/C (sky130_fd_sc_hd__nor3_2)
     1    0.001783    0.016193    0.018979    0.359581 v _31_/Y (sky130_fd_sc_hd__nor3_2)
                                                         _04_ (net)
                      0.016193    0.000000    0.359581 v _42_/D (sky130_fd_sc_hd__dfxtp_2)
                                              0.359581   data arrival time

                      0.150000    0.000000    0.000000   clock clk_i (rise edge)
                                  0.000000    0.000000   clock network delay (ideal)
                                  0.250000    0.250000   clock uncertainty
                                  0.000000    0.250000   clock reconvergence pessimism
                                              0.250000 ^ _42_/CLK (sky130_fd_sc_hd__dfxtp_2)
                                 -0.018028    0.231972   library hold time
                                              0.231972   data required time
---------------------------------------------------------------------------------------------
                                              0.231972   data required time
                                             -0.359581   data arrival time
---------------------------------------------------------------------------------------------
                                              0.127609   slack (MET)


Startpoint: _40_ (rising edge-triggered flip-flop clocked by clk_i)
Endpoint: _40_ (rising edge-triggered flip-flop clocked by clk_i)
Path Group: clk_i
Path Type: min

Fanout         Cap        Slew       Delay        Time   Description
---------------------------------------------------------------------------------------------
                      0.150000    0.000000    0.000000   clock clk_i (rise edge)
                                  0.000000    0.000000   clock network delay (ideal)
                      0.150000    0.000000    0.000000 ^ _40_/CLK (sky130_fd_sc_hd__dfxtp_2)
     7    0.051496    0.087426    0.286957    0.286957 v _40_/Q (sky130_fd_sc_hd__dfxtp_2)
                                                         counter_val_o[0] (net)
                      0.087426    0.000000    0.286957 v _27_/A (sky130_fd_sc_hd__nor2_2)
     1    0.001748    0.037852    0.076040    0.362997 ^ _27_/Y (sky130_fd_sc_hd__nor2_2)
                                                         _02_ (net)
                      0.037852    0.000000    0.362997 ^ _40_/D (sky130_fd_sc_hd__dfxtp_2)
                                              0.362997   data arrival time

                      0.150000    0.000000    0.000000   clock clk_i (rise edge)
                                  0.000000    0.000000   clock network delay (ideal)
                                  0.250000    0.250000   clock uncertainty
                                  0.000000    0.250000   clock reconvergence pessimism
                                              0.250000 ^ _40_/CLK (sky130_fd_sc_hd__dfxtp_2)
                                 -0.014937    0.235063   library hold time
                                              0.235063   data required time
---------------------------------------------------------------------------------------------
                                              0.235063   data required time
                                             -0.362997   data arrival time
---------------------------------------------------------------------------------------------
                                              0.127934   slack (MET)


Startpoint: _43_ (rising edge-triggered flip-flop clocked by clk_i)
Endpoint: _43_ (rising edge-triggered flip-flop clocked by clk_i)
Path Group: clk_i
Path Type: min

Fanout         Cap        Slew       Delay        Time   Description
---------------------------------------------------------------------------------------------
                      0.150000    0.000000    0.000000   clock clk_i (rise edge)
                                  0.000000    0.000000   clock network delay (ideal)
                      0.150000    0.000000    0.000000 ^ _43_/CLK (sky130_fd_sc_hd__dfxtp_2)
     3    0.037558    0.147291    0.306682    0.306682 ^ _43_/Q (sky130_fd_sc_hd__dfxtp_2)
                                                         counter_val_o[3] (net)
                      0.147291    0.000000    0.306682 ^ _33_/A1 (sky130_fd_sc_hd__o21a_2)
     1    0.001748    0.016467    0.088408    0.395090 ^ _33_/X (sky130_fd_sc_hd__o21a_2)
                                                         _05_ (net)
                      0.016467    0.000000    0.395090 ^ _43_/D (sky130_fd_sc_hd__dfxtp_2)
                                              0.395090   data arrival time

                      0.150000    0.000000    0.000000   clock clk_i (rise edge)
                                  0.000000    0.000000   clock network delay (ideal)
                                  0.250000    0.250000   clock uncertainty
                                  0.000000    0.250000   clock reconvergence pessimism
                                              0.250000 ^ _43_/CLK (sky130_fd_sc_hd__dfxtp_2)
                                 -0.013449    0.236551   library hold time
                                              0.236551   data required time
---------------------------------------------------------------------------------------------
                                              0.236551   data required time
                                             -0.395090   data arrival time
---------------------------------------------------------------------------------------------
                                              0.158540   slack (MET)


Startpoint: _41_ (rising edge-triggered flip-flop clocked by clk_i)
Endpoint: _41_ (rising edge-triggered flip-flop clocked by clk_i)
Path Group: clk_i
Path Type: min

Fanout         Cap        Slew       Delay        Time   Description
---------------------------------------------------------------------------------------------
                      0.150000    0.000000    0.000000   clock clk_i (rise edge)
                                  0.000000    0.000000   clock network delay (ideal)
                      0.150000    0.000000    0.000000 ^ _41_/CLK (sky130_fd_sc_hd__dfxtp_2)
     6    0.049404    0.191144    0.337025    0.337025 ^ _41_/Q (sky130_fd_sc_hd__dfxtp_2)
                                                         counter_val_o[1] (net)
                      0.191144    0.000000    0.337025 ^ _29_/A2 (sky130_fd_sc_hd__o21a_2)
     1    0.001748    0.016398    0.078777    0.415801 ^ _29_/X (sky130_fd_sc_hd__o21a_2)
                                                         _03_ (net)
                      0.016398    0.000000    0.415801 ^ _41_/D (sky130_fd_sc_hd__dfxtp_2)
                                              0.415801   data arrival time

                      0.150000    0.000000    0.000000   clock clk_i (rise edge)
                                  0.000000    0.000000   clock network delay (ideal)
                                  0.250000    0.250000   clock uncertainty
                                  0.000000    0.250000   clock reconvergence pessimism
                                              0.250000 ^ _41_/CLK (sky130_fd_sc_hd__dfxtp_2)
                                 -0.013445    0.236555   library hold time
                                              0.236555   data required time
---------------------------------------------------------------------------------------------
                                              0.236555   data required time
                                             -0.415801   data arrival time
---------------------------------------------------------------------------------------------
                                              0.179246   slack (MET)


Startpoint: _44_ (rising edge-triggered flip-flop clocked by clk_i)
Endpoint: _44_ (rising edge-triggered flip-flop clocked by clk_i)
Path Group: clk_i
Path Type: min

Fanout         Cap        Slew       Delay        Time   Description
---------------------------------------------------------------------------------------------
                      0.150000    0.000000    0.000000   clock clk_i (rise edge)
                                  0.000000    0.000000   clock network delay (ideal)
                      0.150000    0.000000    0.000000 ^ _44_/CLK (sky130_fd_sc_hd__dfxtp_2)
     5    0.045730    0.078926    0.280266    0.280266 v _44_/Q (sky130_fd_sc_hd__dfxtp_2)
                                                         counter_val_o[4] (net)
                      0.078926    0.000000    0.280266 v _34_/A1 (sky130_fd_sc_hd__a21oi_2)
     1    0.002600    0.036133    0.087407    0.367673 ^ _34_/Y (sky130_fd_sc_hd__a21oi_2)
                                                         _17_ (net)
                      0.036133    0.000000    0.367673 ^ _35_/B1 (sky130_fd_sc_hd__o21a_2)
     1    0.001748    0.016398    0.052752    0.420425 ^ _35_/X (sky130_fd_sc_hd__o21a_2)
                                                         _06_ (net)
                      0.016398    0.000000    0.420425 ^ _44_/D (sky130_fd_sc_hd__dfxtp_2)
                                              0.420425   data arrival time

                      0.150000    0.000000    0.000000   clock clk_i (rise edge)
                                  0.000000    0.000000   clock network delay (ideal)
                                  0.250000    0.250000   clock uncertainty
                                  0.000000    0.250000   clock reconvergence pessimism
                                              0.250000 ^ _44_/CLK (sky130_fd_sc_hd__dfxtp_2)
                                 -0.013445    0.236555   library hold time
                                              0.236555   data required time
---------------------------------------------------------------------------------------------
                                              0.236555   data required time
                                             -0.420425   data arrival time
---------------------------------------------------------------------------------------------
                                              0.183869   slack (MET)


Startpoint: _38_ (rising edge-triggered flip-flop clocked by clk_i)
Endpoint: _38_ (rising edge-triggered flip-flop clocked by clk_i)
Path Group: clk_i
Path Type: min

Fanout         Cap        Slew       Delay        Time   Description
---------------------------------------------------------------------------------------------
                      0.150000    0.000000    0.000000   clock clk_i (rise edge)
                                  0.000000    0.000000   clock network delay (ideal)
                      0.150000    0.000000    0.000000 ^ _38_/CLK (sky130_fd_sc_hd__dfxtp_2)
     5    0.046539    0.080118    0.281205    0.281205 v _38_/Q (sky130_fd_sc_hd__dfxtp_2)
                                                         counter_val_o[6] (net)
                      0.080118    0.000000    0.281205 v _22_/A1 (sky130_fd_sc_hd__a21oi_2)
     1    0.002600    0.036133    0.087835    0.369039 ^ _22_/Y (sky130_fd_sc_hd__a21oi_2)
                                                         _11_ (net)
                      0.036133    0.000000    0.369039 ^ _23_/B1 (sky130_fd_sc_hd__o21a_2)
     1    0.001748    0.016398    0.052752    0.421792 ^ _23_/X (sky130_fd_sc_hd__o21a_2)
                                                         _00_ (net)
                      0.016398    0.000000    0.421792 ^ _38_/D (sky130_fd_sc_hd__dfxtp_2)
                                              0.421792   data arrival time

                      0.150000    0.000000    0.000000   clock clk_i (rise edge)
                                  0.000000    0.000000   clock network delay (ideal)
                                  0.250000    0.250000   clock uncertainty
                                  0.000000    0.250000   clock reconvergence pessimism
                                              0.250000 ^ _38_/CLK (sky130_fd_sc_hd__dfxtp_2)
                                 -0.013445    0.236555   library hold time
                                              0.236555   data required time
---------------------------------------------------------------------------------------------
                                              0.236555   data required time
                                             -0.421792   data arrival time
---------------------------------------------------------------------------------------------
                                              0.185236   slack (MET)


Startpoint: _43_ (rising edge-triggered flip-flop clocked by clk_i)
Endpoint: counter_val_o[3] (output port clocked by clk_i)
Path Group: clk_i
Path Type: min

Fanout         Cap        Slew       Delay        Time   Description
---------------------------------------------------------------------------------------------
                      0.150000    0.000000    0.000000   clock clk_i (rise edge)
                                  0.000000    0.000000   clock network delay (ideal)
                      0.150000    0.000000    0.000000 ^ _43_/CLK (sky130_fd_sc_hd__dfxtp_2)
     3    0.037226    0.066893    0.269551    0.269551 v _43_/Q (sky130_fd_sc_hd__dfxtp_2)
                                                         counter_val_o[3] (net)
                      0.066893    0.000000    0.269551 v counter_val_o[3] (out)
                                              0.269551   data arrival time

                      0.150000    0.000000    0.000000   clock clk_i (rise edge)
                                  0.000000    0.000000   clock network delay (ideal)
                                  0.250000    0.250000   clock uncertainty
                                  0.000000    0.250000   clock reconvergence pessimism
                                 -4.000000   -3.750000   output external delay
                                             -3.750000   data required time
---------------------------------------------------------------------------------------------
                                             -3.750000   data required time
                                             -0.269551   data arrival time
---------------------------------------------------------------------------------------------
                                              4.019551   slack (MET)


Startpoint: _45_ (rising edge-triggered flip-flop clocked by clk_i)
Endpoint: counter_val_o[5] (output port clocked by clk_i)
Path Group: clk_i
Path Type: min

Fanout         Cap        Slew       Delay        Time   Description
---------------------------------------------------------------------------------------------
                      0.150000    0.000000    0.000000   clock clk_i (rise edge)
                                  0.000000    0.000000   clock network delay (ideal)
                      0.150000    0.000000    0.000000 ^ _45_/CLK (sky130_fd_sc_hd__dfxtp_2)
     3    0.039206    0.069644    0.272131    0.272131 v _45_/Q (sky130_fd_sc_hd__dfxtp_2)
                                                         counter_val_o[5] (net)
                      0.069644    0.000000    0.272131 v counter_val_o[5] (out)
                                              0.272131   data arrival time

                      0.150000    0.000000    0.000000   clock clk_i (rise edge)
                                  0.000000    0.000000   clock network delay (ideal)
                                  0.250000    0.250000   clock uncertainty
                                  0.000000    0.250000   clock reconvergence pessimism
                                 -4.000000   -3.750000   output external delay
                                             -3.750000   data required time
---------------------------------------------------------------------------------------------
                                             -3.750000   data required time
                                             -0.272131   data arrival time
---------------------------------------------------------------------------------------------
                                              4.022131   slack (MET)


Startpoint: _39_ (rising edge-triggered flip-flop clocked by clk_i)
Endpoint: counter_val_o[7] (output port clocked by clk_i)
Path Group: clk_i
Path Type: min

Fanout         Cap        Slew       Delay        Time   Description
---------------------------------------------------------------------------------------------
                      0.150000    0.000000    0.000000   clock clk_i (rise edge)
                                  0.000000    0.000000   clock network delay (ideal)
                      0.150000    0.000000    0.000000 ^ _39_/CLK (sky130_fd_sc_hd__dfxtp_2)
     3    0.039919    0.070635    0.273060    0.273060 v _39_/Q (sky130_fd_sc_hd__dfxtp_2)
                                                         counter_val_o[7] (net)
                      0.070635    0.000000    0.273060 v counter_val_o[7] (out)
                                              0.273060   data arrival time

                      0.150000    0.000000    0.000000   clock clk_i (rise edge)
                                  0.000000    0.000000   clock network delay (ideal)
                                  0.250000    0.250000   clock uncertainty
                                  0.000000    0.250000   clock reconvergence pessimism
                                 -4.000000   -3.750000   output external delay
                                             -3.750000   data required time
---------------------------------------------------------------------------------------------
                                             -3.750000   data required time
                                             -0.273060   data arrival time
---------------------------------------------------------------------------------------------
                                              4.023060   slack (MET)


Startpoint: _42_ (rising edge-triggered flip-flop clocked by clk_i)
Endpoint: counter_val_o[2] (output port clocked by clk_i)
Path Group: clk_i
Path Type: min

Fanout         Cap        Slew       Delay        Time   Description
---------------------------------------------------------------------------------------------
                      0.150000    0.000000    0.000000   clock clk_i (rise edge)
                                  0.000000    0.000000   clock network delay (ideal)
                      0.150000    0.000000    0.000000 ^ _42_/CLK (sky130_fd_sc_hd__dfxtp_2)
     4    0.040763    0.071807    0.274160    0.274160 v _42_/Q (sky130_fd_sc_hd__dfxtp_2)
                                                         counter_val_o[2] (net)
                      0.071807    0.000000    0.274160 v counter_val_o[2] (out)
                                              0.274160   data arrival time

                      0.150000    0.000000    0.000000   clock clk_i (rise edge)
                                  0.000000    0.000000   clock network delay (ideal)
                                  0.250000    0.250000   clock uncertainty
                                  0.000000    0.250000   clock reconvergence pessimism
                                 -4.000000   -3.750000   output external delay
                                             -3.750000   data required time
---------------------------------------------------------------------------------------------
                                             -3.750000   data required time
                                             -0.274160   data arrival time
---------------------------------------------------------------------------------------------
                                              4.024160   slack (MET)


Startpoint: _44_ (rising edge-triggered flip-flop clocked by clk_i)
Endpoint: counter_val_o[4] (output port clocked by clk_i)
Path Group: clk_i
Path Type: min

Fanout         Cap        Slew       Delay        Time   Description
---------------------------------------------------------------------------------------------
                      0.150000    0.000000    0.000000   clock clk_i (rise edge)
                                  0.000000    0.000000   clock network delay (ideal)
                      0.150000    0.000000    0.000000 ^ _44_/CLK (sky130_fd_sc_hd__dfxtp_2)
     5    0.045730    0.078926    0.280266    0.280266 v _44_/Q (sky130_fd_sc_hd__dfxtp_2)
                                                         counter_val_o[4] (net)
                      0.078926    0.000000    0.280266 v counter_val_o[4] (out)
                                              0.280266   data arrival time

                      0.150000    0.000000    0.000000   clock clk_i (rise edge)
                                  0.000000    0.000000   clock network delay (ideal)
                                  0.250000    0.250000   clock uncertainty
                                  0.000000    0.250000   clock reconvergence pessimism
                                 -4.000000   -3.750000   output external delay
                                             -3.750000   data required time
---------------------------------------------------------------------------------------------
                                             -3.750000   data required time
                                             -0.280266   data arrival time
---------------------------------------------------------------------------------------------
                                              4.030265   slack (MET)


Startpoint: _38_ (rising edge-triggered flip-flop clocked by clk_i)
Endpoint: counter_val_o[6] (output port clocked by clk_i)
Path Group: clk_i
Path Type: min

Fanout         Cap        Slew       Delay        Time   Description
---------------------------------------------------------------------------------------------
                      0.150000    0.000000    0.000000   clock clk_i (rise edge)
                                  0.000000    0.000000   clock network delay (ideal)
                      0.150000    0.000000    0.000000 ^ _38_/CLK (sky130_fd_sc_hd__dfxtp_2)
     5    0.046539    0.080118    0.281205    0.281205 v _38_/Q (sky130_fd_sc_hd__dfxtp_2)
                                                         counter_val_o[6] (net)
                      0.080118    0.000000    0.281205 v counter_val_o[6] (out)
                                              0.281205   data arrival time

                      0.150000    0.000000    0.000000   clock clk_i (rise edge)
                                  0.000000    0.000000   clock network delay (ideal)
                                  0.250000    0.250000   clock uncertainty
                                  0.000000    0.250000   clock reconvergence pessimism
                                 -4.000000   -3.750000   output external delay
                                             -3.750000   data required time
---------------------------------------------------------------------------------------------
                                             -3.750000   data required time
                                             -0.281205   data arrival time
---------------------------------------------------------------------------------------------
                                              4.031204   slack (MET)


Startpoint: _41_ (rising edge-triggered flip-flop clocked by clk_i)
Endpoint: counter_val_o[1] (output port clocked by clk_i)
Path Group: clk_i
Path Type: min

Fanout         Cap        Slew       Delay        Time   Description
---------------------------------------------------------------------------------------------
                      0.150000    0.000000    0.000000   clock clk_i (rise edge)
                                  0.000000    0.000000   clock network delay (ideal)
                      0.150000    0.000000    0.000000 ^ _41_/CLK (sky130_fd_sc_hd__dfxtp_2)
     6    0.048062    0.082364    0.282972    0.282972 v _41_/Q (sky130_fd_sc_hd__dfxtp_2)
                                                         counter_val_o[1] (net)
                      0.082364    0.000000    0.282972 v counter_val_o[1] (out)
                                              0.282972   data arrival time

                      0.150000    0.000000    0.000000   clock clk_i (rise edge)
                                  0.000000    0.000000   clock network delay (ideal)
                                  0.250000    0.250000   clock uncertainty
                                  0.000000    0.250000   clock reconvergence pessimism
                                 -4.000000   -3.750000   output external delay
                                             -3.750000   data required time
---------------------------------------------------------------------------------------------
                                             -3.750000   data required time
                                             -0.282972   data arrival time
---------------------------------------------------------------------------------------------
                                              4.032972   slack (MET)


Startpoint: _40_ (rising edge-triggered flip-flop clocked by clk_i)
Endpoint: counter_val_o[0] (output port clocked by clk_i)
Path Group: clk_i
Path Type: min

Fanout         Cap        Slew       Delay        Time   Description
---------------------------------------------------------------------------------------------
                      0.150000    0.000000    0.000000   clock clk_i (rise edge)
                                  0.000000    0.000000   clock network delay (ideal)
                      0.150000    0.000000    0.000000 ^ _40_/CLK (sky130_fd_sc_hd__dfxtp_2)
     7    0.051496    0.087426    0.286957    0.286957 v _40_/Q (sky130_fd_sc_hd__dfxtp_2)
                                                         counter_val_o[0] (net)
                      0.087426    0.000000    0.286957 v counter_val_o[0] (out)
                                              0.286957   data arrival time

                      0.150000    0.000000    0.000000   clock clk_i (rise edge)
                                  0.000000    0.000000   clock network delay (ideal)
                                  0.250000    0.250000   clock uncertainty
                                  0.000000    0.250000   clock reconvergence pessimism
                                 -4.000000   -3.750000   output external delay
                                             -3.750000   data required time
---------------------------------------------------------------------------------------------
                                             -3.750000   data required time
                                             -0.286957   data arrival time
---------------------------------------------------------------------------------------------
                                              4.036957   slack (MET)



