
===========================================================================
report_checks -path_delay min (Hold)
============================================================================
======================= max_tt_025C_1v80 Corner ===================================

Startpoint: _41_ (rising edge-triggered flip-flop clocked by clk_i)
Endpoint: _41_ (rising edge-triggered flip-flop clocked by clk_i)
Path Group: clk_i
Path Type: min

Fanout         Cap        Slew       Delay        Time   Description
---------------------------------------------------------------------------------------------
                                  0.000000    0.000000   clock clk_i (rise edge)
                                  0.000000    0.000000   clock source latency
     1    0.013401    0.066345    0.045342    0.045342 ^ clk_i (in)
                                                         clk_i (net)
                      0.066362    0.000000    0.045342 ^ clkbuf_0_clk_i/A (sky130_fd_sc_hd__clkbuf_16)
     2    0.019615    0.041511    0.132461    0.177803 ^ clkbuf_0_clk_i/X (sky130_fd_sc_hd__clkbuf_16)
                                                         clknet_0_clk_i (net)
                      0.041542    0.001277    0.179080 ^ clkbuf_1_0__f_clk_i/A (sky130_fd_sc_hd__clkbuf_16)
     5    0.016268    0.038685    0.120275    0.299355 ^ clkbuf_1_0__f_clk_i/X (sky130_fd_sc_hd__clkbuf_16)
                                                         clknet_1_0__leaf_clk_i (net)
                      0.038703    0.001340    0.300695 ^ _41_/CLK (sky130_fd_sc_hd__dfxtp_4)
     6    0.048899    0.147038    0.418275    0.718969 ^ _41_/Q (sky130_fd_sc_hd__dfxtp_4)
                                                         counter_val_o[1] (net)
                      0.147049    0.001395    0.720364 ^ _29_/A2 (sky130_fd_sc_hd__o21a_1)
     1    0.002159    0.035340    0.120076    0.840440 ^ _29_/X (sky130_fd_sc_hd__o21a_1)
                                                         _03_ (net)
                      0.035340    0.000143    0.840583 ^ _41_/D (sky130_fd_sc_hd__dfxtp_4)
                                              0.840583   data arrival time

                                  0.000000    0.000000   clock clk_i (rise edge)
                                  0.000000    0.000000   clock source latency
     1    0.013401    0.066345    0.045342    0.045342 ^ clk_i (in)
                                                         clk_i (net)
                      0.066362    0.000000    0.045342 ^ clkbuf_0_clk_i/A (sky130_fd_sc_hd__clkbuf_16)
     2    0.019615    0.041511    0.132461    0.177803 ^ clkbuf_0_clk_i/X (sky130_fd_sc_hd__clkbuf_16)
                                                         clknet_0_clk_i (net)
                      0.041542    0.001277    0.179080 ^ clkbuf_1_0__f_clk_i/A (sky130_fd_sc_hd__clkbuf_16)
     5    0.016268    0.038685    0.120275    0.299355 ^ clkbuf_1_0__f_clk_i/X (sky130_fd_sc_hd__clkbuf_16)
                                                         clknet_1_0__leaf_clk_i (net)
                      0.038703    0.001340    0.300695 ^ _41_/CLK (sky130_fd_sc_hd__dfxtp_4)
                                  0.100000    0.400695   clock uncertainty
                                  0.000000    0.400695   clock reconvergence pessimism
                                 -0.030147    0.370547   library hold time
                                              0.370547   data required time
---------------------------------------------------------------------------------------------
                                              0.370547   data required time
                                             -0.840583   data arrival time
---------------------------------------------------------------------------------------------
                                              0.470036   slack (MET)


Startpoint: _44_ (rising edge-triggered flip-flop clocked by clk_i)
Endpoint: _44_ (rising edge-triggered flip-flop clocked by clk_i)
Path Group: clk_i
Path Type: min

Fanout         Cap        Slew       Delay        Time   Description
---------------------------------------------------------------------------------------------
                                  0.000000    0.000000   clock clk_i (rise edge)
                                  0.000000    0.000000   clock source latency
     1    0.013401    0.066345    0.045342    0.045342 ^ clk_i (in)
                                                         clk_i (net)
                      0.066362    0.000000    0.045342 ^ clkbuf_0_clk_i/A (sky130_fd_sc_hd__clkbuf_16)
     2    0.019615    0.041511    0.132461    0.177803 ^ clkbuf_0_clk_i/X (sky130_fd_sc_hd__clkbuf_16)
                                                         clknet_0_clk_i (net)
                      0.041545    0.001310    0.179113 ^ clkbuf_1_1__f_clk_i/A (sky130_fd_sc_hd__clkbuf_16)
     4    0.013646    0.036469    0.117855    0.296968 ^ clkbuf_1_1__f_clk_i/X (sky130_fd_sc_hd__clkbuf_16)
                                                         clknet_1_1__leaf_clk_i (net)
                      0.036472    0.000990    0.297958 ^ _44_/CLK (sky130_fd_sc_hd__dfxtp_4)
     5    0.046577    0.140491    0.412128    0.710086 ^ _44_/Q (sky130_fd_sc_hd__dfxtp_4)
                                                         counter_val_o[4] (net)
                      0.140519    0.001975    0.712061 ^ _35_/A1 (sky130_fd_sc_hd__o21a_1)
     1    0.002114    0.035117    0.134136    0.846196 ^ _35_/X (sky130_fd_sc_hd__o21a_1)
                                                         _06_ (net)
                      0.035117    0.000150    0.846347 ^ _44_/D (sky130_fd_sc_hd__dfxtp_4)
                                              0.846347   data arrival time

                                  0.000000    0.000000   clock clk_i (rise edge)
                                  0.000000    0.000000   clock source latency
     1    0.013401    0.066345    0.045342    0.045342 ^ clk_i (in)
                                                         clk_i (net)
                      0.066362    0.000000    0.045342 ^ clkbuf_0_clk_i/A (sky130_fd_sc_hd__clkbuf_16)
     2    0.019615    0.041511    0.132461    0.177803 ^ clkbuf_0_clk_i/X (sky130_fd_sc_hd__clkbuf_16)
                                                         clknet_0_clk_i (net)
                      0.041545    0.001310    0.179113 ^ clkbuf_1_1__f_clk_i/A (sky130_fd_sc_hd__clkbuf_16)
     4    0.013646    0.036469    0.117855    0.296968 ^ clkbuf_1_1__f_clk_i/X (sky130_fd_sc_hd__clkbuf_16)
                                                         clknet_1_1__leaf_clk_i (net)
                      0.036472    0.000990    0.297958 ^ _44_/CLK (sky130_fd_sc_hd__dfxtp_4)
                                  0.100000    0.397958   clock uncertainty
                                  0.000000    0.397958   clock reconvergence pessimism
                                 -0.030388    0.367569   library hold time
                                              0.367569   data required time
---------------------------------------------------------------------------------------------
                                              0.367569   data required time
                                             -0.846347   data arrival time
---------------------------------------------------------------------------------------------
                                              0.478777   slack (MET)


Startpoint: _38_ (rising edge-triggered flip-flop clocked by clk_i)
Endpoint: _38_ (rising edge-triggered flip-flop clocked by clk_i)
Path Group: clk_i
Path Type: min

Fanout         Cap        Slew       Delay        Time   Description
---------------------------------------------------------------------------------------------
                                  0.000000    0.000000   clock clk_i (rise edge)
                                  0.000000    0.000000   clock source latency
     1    0.013401    0.066345    0.045342    0.045342 ^ clk_i (in)
                                                         clk_i (net)
                      0.066362    0.000000    0.045342 ^ clkbuf_0_clk_i/A (sky130_fd_sc_hd__clkbuf_16)
     2    0.019615    0.041511    0.132461    0.177803 ^ clkbuf_0_clk_i/X (sky130_fd_sc_hd__clkbuf_16)
                                                         clknet_0_clk_i (net)
                      0.041545    0.001310    0.179113 ^ clkbuf_1_1__f_clk_i/A (sky130_fd_sc_hd__clkbuf_16)
     4    0.013646    0.036469    0.117855    0.296968 ^ clkbuf_1_1__f_clk_i/X (sky130_fd_sc_hd__clkbuf_16)
                                                         clknet_1_1__leaf_clk_i (net)
                      0.036472    0.001061    0.298029 ^ _38_/CLK (sky130_fd_sc_hd__dfxtp_4)
     5    0.046514    0.141089    0.410871    0.708900 ^ _38_/Q (sky130_fd_sc_hd__dfxtp_4)
                                                         counter_val_o[6] (net)
                      0.141249    0.004282    0.713182 ^ _23_/A1 (sky130_fd_sc_hd__o21a_1)
     1    0.002875    0.041578    0.140068    0.853250 ^ _23_/X (sky130_fd_sc_hd__o21a_1)
                                                         _00_ (net)
                      0.041578    0.000181    0.853431 ^ _38_/D (sky130_fd_sc_hd__dfxtp_4)
                                              0.853431   data arrival time

                                  0.000000    0.000000   clock clk_i (rise edge)
                                  0.000000    0.000000   clock source latency
     1    0.013401    0.066345    0.045342    0.045342 ^ clk_i (in)
                                                         clk_i (net)
                      0.066362    0.000000    0.045342 ^ clkbuf_0_clk_i/A (sky130_fd_sc_hd__clkbuf_16)
     2    0.019615    0.041511    0.132461    0.177803 ^ clkbuf_0_clk_i/X (sky130_fd_sc_hd__clkbuf_16)
                                                         clknet_0_clk_i (net)
                      0.041545    0.001310    0.179113 ^ clkbuf_1_1__f_clk_i/A (sky130_fd_sc_hd__clkbuf_16)
     4    0.013646    0.036469    0.117855    0.296968 ^ clkbuf_1_1__f_clk_i/X (sky130_fd_sc_hd__clkbuf_16)
                                                         clknet_1_1__leaf_clk_i (net)
                      0.036472    0.001061    0.298029 ^ _38_/CLK (sky130_fd_sc_hd__dfxtp_4)
                                  0.100000    0.398029   clock uncertainty
                                  0.000000    0.398029   clock reconvergence pessimism
                                 -0.031743    0.366285   library hold time
                                              0.366285   data required time
---------------------------------------------------------------------------------------------
                                              0.366285   data required time
                                             -0.853431   data arrival time
---------------------------------------------------------------------------------------------
                                              0.487145   slack (MET)


Startpoint: _42_ (rising edge-triggered flip-flop clocked by clk_i)
Endpoint: _42_ (rising edge-triggered flip-flop clocked by clk_i)
Path Group: clk_i
Path Type: min

Fanout         Cap        Slew       Delay        Time   Description
---------------------------------------------------------------------------------------------
                                  0.000000    0.000000   clock clk_i (rise edge)
                                  0.000000    0.000000   clock source latency
     1    0.013401    0.066345    0.045342    0.045342 ^ clk_i (in)
                                                         clk_i (net)
                      0.066362    0.000000    0.045342 ^ clkbuf_0_clk_i/A (sky130_fd_sc_hd__clkbuf_16)
     2    0.019615    0.041511    0.132461    0.177803 ^ clkbuf_0_clk_i/X (sky130_fd_sc_hd__clkbuf_16)
                                                         clknet_0_clk_i (net)
                      0.041542    0.001277    0.179080 ^ clkbuf_1_0__f_clk_i/A (sky130_fd_sc_hd__clkbuf_16)
     5    0.016268    0.038685    0.120275    0.299355 ^ clkbuf_1_0__f_clk_i/X (sky130_fd_sc_hd__clkbuf_16)
                                                         clknet_1_0__leaf_clk_i (net)
                      0.038703    0.001336    0.300691 ^ _42_/CLK (sky130_fd_sc_hd__dfxtp_4)
     4    0.041821    0.075284    0.377664    0.678355 v _42_/Q (sky130_fd_sc_hd__dfxtp_4)
                                                         counter_val_o[2] (net)
                      0.075398    0.002609    0.680964 v _30_/B1 (sky130_fd_sc_hd__a21oi_1)
     1    0.002704    0.085225    0.119089    0.800053 ^ _30_/Y (sky130_fd_sc_hd__a21oi_1)
                                                         _15_ (net)
                      0.085225    0.000200    0.800253 ^ _31_/C (sky130_fd_sc_hd__nor3_1)
     1    0.002426    0.030827    0.048210    0.848464 v _31_/Y (sky130_fd_sc_hd__nor3_1)
                                                         _04_ (net)
                      0.030827    0.000177    0.848640 v _42_/D (sky130_fd_sc_hd__dfxtp_4)
                                              0.848640   data arrival time

                                  0.000000    0.000000   clock clk_i (rise edge)
                                  0.000000    0.000000   clock source latency
     1    0.013401    0.066345    0.045342    0.045342 ^ clk_i (in)
                                                         clk_i (net)
                      0.066362    0.000000    0.045342 ^ clkbuf_0_clk_i/A (sky130_fd_sc_hd__clkbuf_16)
     2    0.019615    0.041511    0.132461    0.177803 ^ clkbuf_0_clk_i/X (sky130_fd_sc_hd__clkbuf_16)
                                                         clknet_0_clk_i (net)
                      0.041542    0.001277    0.179080 ^ clkbuf_1_0__f_clk_i/A (sky130_fd_sc_hd__clkbuf_16)
     5    0.016268    0.038685    0.120275    0.299355 ^ clkbuf_1_0__f_clk_i/X (sky130_fd_sc_hd__clkbuf_16)
                                                         clknet_1_0__leaf_clk_i (net)
                      0.038703    0.001336    0.300691 ^ _42_/CLK (sky130_fd_sc_hd__dfxtp_4)
                                  0.100000    0.400691   clock uncertainty
                                  0.000000    0.400691   clock reconvergence pessimism
                                 -0.040724    0.359967   library hold time
                                              0.359967   data required time
---------------------------------------------------------------------------------------------
                                              0.359967   data required time
                                             -0.848640   data arrival time
---------------------------------------------------------------------------------------------
                                              0.488674   slack (MET)


Startpoint: _39_ (rising edge-triggered flip-flop clocked by clk_i)
Endpoint: _39_ (rising edge-triggered flip-flop clocked by clk_i)
Path Group: clk_i
Path Type: min

Fanout         Cap        Slew       Delay        Time   Description
---------------------------------------------------------------------------------------------
                                  0.000000    0.000000   clock clk_i (rise edge)
                                  0.000000    0.000000   clock source latency
     1    0.013401    0.066345    0.045342    0.045342 ^ clk_i (in)
                                                         clk_i (net)
                      0.066362    0.000000    0.045342 ^ clkbuf_0_clk_i/A (sky130_fd_sc_hd__clkbuf_16)
     2    0.019615    0.041511    0.132461    0.177803 ^ clkbuf_0_clk_i/X (sky130_fd_sc_hd__clkbuf_16)
                                                         clknet_0_clk_i (net)
                      0.041545    0.001310    0.179113 ^ clkbuf_1_1__f_clk_i/A (sky130_fd_sc_hd__clkbuf_16)
     4    0.013646    0.036469    0.117855    0.296968 ^ clkbuf_1_1__f_clk_i/X (sky130_fd_sc_hd__clkbuf_16)
                                                         clknet_1_1__leaf_clk_i (net)
                      0.036473    0.001130    0.298098 ^ _39_/CLK (sky130_fd_sc_hd__dfxtp_2)
     3    0.039645    0.098146    0.374302    0.672400 v _39_/Q (sky130_fd_sc_hd__dfxtp_2)
                                                         counter_val_o[7] (net)
                      0.098179    0.001710    0.674110 v _24_/B1 (sky130_fd_sc_hd__a21oi_1)
     1    0.003645    0.102106    0.141463    0.815572 ^ _24_/Y (sky130_fd_sc_hd__a21oi_1)
                                                         _12_ (net)
                      0.102106    0.000161    0.815734 ^ _26_/A (sky130_fd_sc_hd__nor2_1)
     1    0.002216    0.020991    0.053619    0.869353 v _26_/Y (sky130_fd_sc_hd__nor2_1)
                                                         _01_ (net)
                      0.020992    0.000150    0.869503 v _39_/D (sky130_fd_sc_hd__dfxtp_2)
                                              0.869503   data arrival time

                                  0.000000    0.000000   clock clk_i (rise edge)
                                  0.000000    0.000000   clock source latency
     1    0.013401    0.066345    0.045342    0.045342 ^ clk_i (in)
                                                         clk_i (net)
                      0.066362    0.000000    0.045342 ^ clkbuf_0_clk_i/A (sky130_fd_sc_hd__clkbuf_16)
     2    0.019615    0.041511    0.132461    0.177803 ^ clkbuf_0_clk_i/X (sky130_fd_sc_hd__clkbuf_16)
                                                         clknet_0_clk_i (net)
                      0.041545    0.001310    0.179113 ^ clkbuf_1_1__f_clk_i/A (sky130_fd_sc_hd__clkbuf_16)
     4    0.013646    0.036469    0.117855    0.296968 ^ clkbuf_1_1__f_clk_i/X (sky130_fd_sc_hd__clkbuf_16)
                                                         clknet_1_1__leaf_clk_i (net)
                      0.036473    0.001130    0.298098 ^ _39_/CLK (sky130_fd_sc_hd__dfxtp_2)
                                  0.100000    0.398098   clock uncertainty
                                  0.000000    0.398098   clock reconvergence pessimism
                                 -0.038107    0.359990   library hold time
                                              0.359990   data required time
---------------------------------------------------------------------------------------------
                                              0.359990   data required time
                                             -0.869503   data arrival time
---------------------------------------------------------------------------------------------
                                              0.509512   slack (MET)


Startpoint: _43_ (rising edge-triggered flip-flop clocked by clk_i)
Endpoint: _43_ (rising edge-triggered flip-flop clocked by clk_i)
Path Group: clk_i
Path Type: min

Fanout         Cap        Slew       Delay        Time   Description
---------------------------------------------------------------------------------------------
                                  0.000000    0.000000   clock clk_i (rise edge)
                                  0.000000    0.000000   clock source latency
     1    0.013401    0.066345    0.045342    0.045342 ^ clk_i (in)
                                                         clk_i (net)
                      0.066362    0.000000    0.045342 ^ clkbuf_0_clk_i/A (sky130_fd_sc_hd__clkbuf_16)
     2    0.019615    0.041511    0.132461    0.177803 ^ clkbuf_0_clk_i/X (sky130_fd_sc_hd__clkbuf_16)
                                                         clknet_0_clk_i (net)
                      0.041542    0.001277    0.179080 ^ clkbuf_1_0__f_clk_i/A (sky130_fd_sc_hd__clkbuf_16)
     5    0.016268    0.038685    0.120275    0.299355 ^ clkbuf_1_0__f_clk_i/X (sky130_fd_sc_hd__clkbuf_16)
                                                         clknet_1_0__leaf_clk_i (net)
                      0.038701    0.001258    0.300613 ^ _43_/CLK (sky130_fd_sc_hd__dfxtp_2)
     3    0.039060    0.096902    0.374106    0.674719 v _43_/Q (sky130_fd_sc_hd__dfxtp_2)
                                                         counter_val_o[3] (net)
                      0.096938    0.001743    0.676462 v _33_/A1 (sky130_fd_sc_hd__o21a_1)
     1    0.003185    0.031433    0.200542    0.877004 v _33_/X (sky130_fd_sc_hd__o21a_1)
                                                         _05_ (net)
                      0.031434    0.000207    0.877211 v _43_/D (sky130_fd_sc_hd__dfxtp_2)
                                              0.877211   data arrival time

                                  0.000000    0.000000   clock clk_i (rise edge)
                                  0.000000    0.000000   clock source latency
     1    0.013401    0.066345    0.045342    0.045342 ^ clk_i (in)
                                                         clk_i (net)
                      0.066362    0.000000    0.045342 ^ clkbuf_0_clk_i/A (sky130_fd_sc_hd__clkbuf_16)
     2    0.019615    0.041511    0.132461    0.177803 ^ clkbuf_0_clk_i/X (sky130_fd_sc_hd__clkbuf_16)
                                                         clknet_0_clk_i (net)
                      0.041542    0.001277    0.179080 ^ clkbuf_1_0__f_clk_i/A (sky130_fd_sc_hd__clkbuf_16)
     5    0.016268    0.038685    0.120275    0.299355 ^ clkbuf_1_0__f_clk_i/X (sky130_fd_sc_hd__clkbuf_16)
                                                         clknet_1_0__leaf_clk_i (net)
                      0.038701    0.001258    0.300613 ^ _43_/CLK (sky130_fd_sc_hd__dfxtp_2)
                                  0.100000    0.400613   clock uncertainty
                                  0.000000    0.400613   clock reconvergence pessimism
                                 -0.041892    0.358721   library hold time
                                              0.358721   data required time
---------------------------------------------------------------------------------------------
                                              0.358721   data required time
                                             -0.877211   data arrival time
---------------------------------------------------------------------------------------------
                                              0.518489   slack (MET)


Startpoint: _45_ (rising edge-triggered flip-flop clocked by clk_i)
Endpoint: _45_ (rising edge-triggered flip-flop clocked by clk_i)
Path Group: clk_i
Path Type: min

Fanout         Cap        Slew       Delay        Time   Description
---------------------------------------------------------------------------------------------
                                  0.000000    0.000000   clock clk_i (rise edge)
                                  0.000000    0.000000   clock source latency
     1    0.013401    0.066345    0.045342    0.045342 ^ clk_i (in)
                                                         clk_i (net)
                      0.066362    0.000000    0.045342 ^ clkbuf_0_clk_i/A (sky130_fd_sc_hd__clkbuf_16)
     2    0.019615    0.041511    0.132461    0.177803 ^ clkbuf_0_clk_i/X (sky130_fd_sc_hd__clkbuf_16)
                                                         clknet_0_clk_i (net)
                      0.041545    0.001310    0.179113 ^ clkbuf_1_1__f_clk_i/A (sky130_fd_sc_hd__clkbuf_16)
     4    0.013646    0.036469    0.117855    0.296968 ^ clkbuf_1_1__f_clk_i/X (sky130_fd_sc_hd__clkbuf_16)
                                                         clknet_1_1__leaf_clk_i (net)
                      0.036471    0.000921    0.297889 ^ _45_/CLK (sky130_fd_sc_hd__dfxtp_2)
     3    0.038623    0.095968    0.372616    0.670505 v _45_/Q (sky130_fd_sc_hd__dfxtp_2)
                                                         counter_val_o[5] (net)
                      0.096000    0.001651    0.672156 v _36_/B1 (sky130_fd_sc_hd__a21oi_1)
     1    0.004352    0.115135    0.150666    0.822822 ^ _36_/Y (sky130_fd_sc_hd__a21oi_1)
                                                         _18_ (net)
                      0.115135    0.000287    0.823109 ^ _37_/C (sky130_fd_sc_hd__nor3_1)
     1    0.002859    0.038393    0.057412    0.880521 v _37_/Y (sky130_fd_sc_hd__nor3_1)
                                                         _07_ (net)
                      0.038393    0.000191    0.880712 v _45_/D (sky130_fd_sc_hd__dfxtp_2)
                                              0.880712   data arrival time

                                  0.000000    0.000000   clock clk_i (rise edge)
                                  0.000000    0.000000   clock source latency
     1    0.013401    0.066345    0.045342    0.045342 ^ clk_i (in)
                                                         clk_i (net)
                      0.066362    0.000000    0.045342 ^ clkbuf_0_clk_i/A (sky130_fd_sc_hd__clkbuf_16)
     2    0.019615    0.041511    0.132461    0.177803 ^ clkbuf_0_clk_i/X (sky130_fd_sc_hd__clkbuf_16)
                                                         clknet_0_clk_i (net)
                      0.041545    0.001310    0.179113 ^ clkbuf_1_1__f_clk_i/A (sky130_fd_sc_hd__clkbuf_16)
     4    0.013646    0.036469    0.117855    0.296968 ^ clkbuf_1_1__f_clk_i/X (sky130_fd_sc_hd__clkbuf_16)
                                                         clknet_1_1__leaf_clk_i (net)
                      0.036471    0.000921    0.297889 ^ _45_/CLK (sky130_fd_sc_hd__dfxtp_2)
                                  0.100000    0.397889   clock uncertainty
                                  0.000000    0.397889   clock reconvergence pessimism
                                 -0.045241    0.352648   library hold time
                                              0.352648   data required time
---------------------------------------------------------------------------------------------
                                              0.352648   data required time
                                             -0.880712   data arrival time
---------------------------------------------------------------------------------------------
                                              0.528065   slack (MET)


Startpoint: _40_ (rising edge-triggered flip-flop clocked by clk_i)
Endpoint: _40_ (rising edge-triggered flip-flop clocked by clk_i)
Path Group: clk_i
Path Type: min

Fanout         Cap        Slew       Delay        Time   Description
---------------------------------------------------------------------------------------------
                                  0.000000    0.000000   clock clk_i (rise edge)
                                  0.000000    0.000000   clock source latency
     1    0.013401    0.066345    0.045342    0.045342 ^ clk_i (in)
                                                         clk_i (net)
                      0.066362    0.000000    0.045342 ^ clkbuf_0_clk_i/A (sky130_fd_sc_hd__clkbuf_16)
     2    0.019615    0.041511    0.132461    0.177803 ^ clkbuf_0_clk_i/X (sky130_fd_sc_hd__clkbuf_16)
                                                         clknet_0_clk_i (net)
                      0.041542    0.001277    0.179080 ^ clkbuf_1_0__f_clk_i/A (sky130_fd_sc_hd__clkbuf_16)
     5    0.016268    0.038685    0.120275    0.299355 ^ clkbuf_1_0__f_clk_i/X (sky130_fd_sc_hd__clkbuf_16)
                                                         clknet_1_0__leaf_clk_i (net)
                      0.038701    0.001262    0.300617 ^ _40_/CLK (sky130_fd_sc_hd__dfxtp_4)
     7    0.051316    0.152946    0.422115    0.722732 ^ _40_/Q (sky130_fd_sc_hd__dfxtp_4)
                                                         counter_val_o[0] (net)
                      0.152973    0.002030    0.724762 ^ hold1/A (sky130_fd_sc_hd__dlygate4sd3_1)
     1    0.002897    0.053723    0.564790    1.289552 ^ hold1/X (sky130_fd_sc_hd__dlygate4sd3_1)
                                                         net2 (net)
                      0.053723    0.000135    1.289687 ^ _27_/A (sky130_fd_sc_hd__nor2_1)
     1    0.002082    0.023374    0.040661    1.330347 v _27_/Y (sky130_fd_sc_hd__nor2_1)
                                                         _02_ (net)
                      0.023375    0.000137    1.330484 v _40_/D (sky130_fd_sc_hd__dfxtp_4)
                                              1.330484   data arrival time

                                  0.000000    0.000000   clock clk_i (rise edge)
                                  0.000000    0.000000   clock source latency
     1    0.013401    0.066345    0.045342    0.045342 ^ clk_i (in)
                                                         clk_i (net)
                      0.066362    0.000000    0.045342 ^ clkbuf_0_clk_i/A (sky130_fd_sc_hd__clkbuf_16)
     2    0.019615    0.041511    0.132461    0.177803 ^ clkbuf_0_clk_i/X (sky130_fd_sc_hd__clkbuf_16)
                                                         clknet_0_clk_i (net)
                      0.041542    0.001277    0.179080 ^ clkbuf_1_0__f_clk_i/A (sky130_fd_sc_hd__clkbuf_16)
     5    0.016268    0.038685    0.120275    0.299355 ^ clkbuf_1_0__f_clk_i/X (sky130_fd_sc_hd__clkbuf_16)
                                                         clknet_1_0__leaf_clk_i (net)
                      0.038701    0.001262    0.300617 ^ _40_/CLK (sky130_fd_sc_hd__dfxtp_4)
                                  0.100000    0.400617   clock uncertainty
                                  0.000000    0.400617   clock reconvergence pessimism
                                 -0.037689    0.362927   library hold time
                                              0.362927   data required time
---------------------------------------------------------------------------------------------
                                              0.362927   data required time
                                             -1.330484   data arrival time
---------------------------------------------------------------------------------------------
                                              0.967557   slack (MET)


Startpoint: _45_ (rising edge-triggered flip-flop clocked by clk_i)
Endpoint: counter_val_o[5] (output port clocked by clk_i)
Path Group: clk_i
Path Type: min

Fanout         Cap        Slew       Delay        Time   Description
---------------------------------------------------------------------------------------------
                                  0.000000    0.000000   clock clk_i (rise edge)
                                  0.000000    0.000000   clock source latency
     1    0.013401    0.066345    0.045342    0.045342 ^ clk_i (in)
                                                         clk_i (net)
                      0.066362    0.000000    0.045342 ^ clkbuf_0_clk_i/A (sky130_fd_sc_hd__clkbuf_16)
     2    0.019615    0.041511    0.132461    0.177803 ^ clkbuf_0_clk_i/X (sky130_fd_sc_hd__clkbuf_16)
                                                         clknet_0_clk_i (net)
                      0.041545    0.001310    0.179113 ^ clkbuf_1_1__f_clk_i/A (sky130_fd_sc_hd__clkbuf_16)
     4    0.013646    0.036469    0.117855    0.296968 ^ clkbuf_1_1__f_clk_i/X (sky130_fd_sc_hd__clkbuf_16)
                                                         clknet_1_1__leaf_clk_i (net)
                      0.036471    0.000921    0.297889 ^ _45_/CLK (sky130_fd_sc_hd__dfxtp_2)
     3    0.038623    0.095968    0.372616    0.670505 v _45_/Q (sky130_fd_sc_hd__dfxtp_2)
                                                         counter_val_o[5] (net)
                      0.096002    0.001703    0.672207 v counter_val_o[5] (out)
                                              0.672207   data arrival time

                                  0.000000    0.000000   clock clk_i (rise edge)
                                  0.000000    0.000000   clock network delay (propagated)
                                  0.100000    0.100000   clock uncertainty
                                  0.000000    0.100000   clock reconvergence pessimism
                                 -4.000000   -3.900000   output external delay
                                             -3.900000   data required time
---------------------------------------------------------------------------------------------
                                             -3.900000   data required time
                                             -0.672207   data arrival time
---------------------------------------------------------------------------------------------
                                              4.572207   slack (MET)


Startpoint: _39_ (rising edge-triggered flip-flop clocked by clk_i)
Endpoint: counter_val_o[7] (output port clocked by clk_i)
Path Group: clk_i
Path Type: min

Fanout         Cap        Slew       Delay        Time   Description
---------------------------------------------------------------------------------------------
                                  0.000000    0.000000   clock clk_i (rise edge)
                                  0.000000    0.000000   clock source latency
     1    0.013401    0.066345    0.045342    0.045342 ^ clk_i (in)
                                                         clk_i (net)
                      0.066362    0.000000    0.045342 ^ clkbuf_0_clk_i/A (sky130_fd_sc_hd__clkbuf_16)
     2    0.019615    0.041511    0.132461    0.177803 ^ clkbuf_0_clk_i/X (sky130_fd_sc_hd__clkbuf_16)
                                                         clknet_0_clk_i (net)
                      0.041545    0.001310    0.179113 ^ clkbuf_1_1__f_clk_i/A (sky130_fd_sc_hd__clkbuf_16)
     4    0.013646    0.036469    0.117855    0.296968 ^ clkbuf_1_1__f_clk_i/X (sky130_fd_sc_hd__clkbuf_16)
                                                         clknet_1_1__leaf_clk_i (net)
                      0.036473    0.001130    0.298098 ^ _39_/CLK (sky130_fd_sc_hd__dfxtp_2)
     3    0.039645    0.098146    0.374302    0.672400 v _39_/Q (sky130_fd_sc_hd__dfxtp_2)
                                                         counter_val_o[7] (net)
                      0.098181    0.001752    0.674152 v counter_val_o[7] (out)
                                              0.674152   data arrival time

                                  0.000000    0.000000   clock clk_i (rise edge)
                                  0.000000    0.000000   clock network delay (propagated)
                                  0.100000    0.100000   clock uncertainty
                                  0.000000    0.100000   clock reconvergence pessimism
                                 -4.000000   -3.900000   output external delay
                                             -3.900000   data required time
---------------------------------------------------------------------------------------------
                                             -3.900000   data required time
                                             -0.674152   data arrival time
---------------------------------------------------------------------------------------------
                                              4.574152   slack (MET)


Startpoint: _43_ (rising edge-triggered flip-flop clocked by clk_i)
Endpoint: counter_val_o[3] (output port clocked by clk_i)
Path Group: clk_i
Path Type: min

Fanout         Cap        Slew       Delay        Time   Description
---------------------------------------------------------------------------------------------
                                  0.000000    0.000000   clock clk_i (rise edge)
                                  0.000000    0.000000   clock source latency
     1    0.013401    0.066345    0.045342    0.045342 ^ clk_i (in)
                                                         clk_i (net)
                      0.066362    0.000000    0.045342 ^ clkbuf_0_clk_i/A (sky130_fd_sc_hd__clkbuf_16)
     2    0.019615    0.041511    0.132461    0.177803 ^ clkbuf_0_clk_i/X (sky130_fd_sc_hd__clkbuf_16)
                                                         clknet_0_clk_i (net)
                      0.041542    0.001277    0.179080 ^ clkbuf_1_0__f_clk_i/A (sky130_fd_sc_hd__clkbuf_16)
     5    0.016268    0.038685    0.120275    0.299355 ^ clkbuf_1_0__f_clk_i/X (sky130_fd_sc_hd__clkbuf_16)
                                                         clknet_1_0__leaf_clk_i (net)
                      0.038701    0.001258    0.300613 ^ _43_/CLK (sky130_fd_sc_hd__dfxtp_2)
     3    0.039060    0.096902    0.374106    0.674719 v _43_/Q (sky130_fd_sc_hd__dfxtp_2)
                                                         counter_val_o[3] (net)
                      0.096939    0.001772    0.676491 v counter_val_o[3] (out)
                                              0.676491   data arrival time

                                  0.000000    0.000000   clock clk_i (rise edge)
                                  0.000000    0.000000   clock network delay (propagated)
                                  0.100000    0.100000   clock uncertainty
                                  0.000000    0.100000   clock reconvergence pessimism
                                 -4.000000   -3.900000   output external delay
                                             -3.900000   data required time
---------------------------------------------------------------------------------------------
                                             -3.900000   data required time
                                             -0.676491   data arrival time
---------------------------------------------------------------------------------------------
                                              4.576490   slack (MET)


Startpoint: _42_ (rising edge-triggered flip-flop clocked by clk_i)
Endpoint: counter_val_o[2] (output port clocked by clk_i)
Path Group: clk_i
Path Type: min

Fanout         Cap        Slew       Delay        Time   Description
---------------------------------------------------------------------------------------------
                                  0.000000    0.000000   clock clk_i (rise edge)
                                  0.000000    0.000000   clock source latency
     1    0.013401    0.066345    0.045342    0.045342 ^ clk_i (in)
                                                         clk_i (net)
                      0.066362    0.000000    0.045342 ^ clkbuf_0_clk_i/A (sky130_fd_sc_hd__clkbuf_16)
     2    0.019615    0.041511    0.132461    0.177803 ^ clkbuf_0_clk_i/X (sky130_fd_sc_hd__clkbuf_16)
                                                         clknet_0_clk_i (net)
                      0.041542    0.001277    0.179080 ^ clkbuf_1_0__f_clk_i/A (sky130_fd_sc_hd__clkbuf_16)
     5    0.016268    0.038685    0.120275    0.299355 ^ clkbuf_1_0__f_clk_i/X (sky130_fd_sc_hd__clkbuf_16)
                                                         clknet_1_0__leaf_clk_i (net)
                      0.038703    0.001336    0.300691 ^ _42_/CLK (sky130_fd_sc_hd__dfxtp_4)
     4    0.041821    0.075284    0.377664    0.678355 v _42_/Q (sky130_fd_sc_hd__dfxtp_4)
                                                         counter_val_o[2] (net)
                      0.075448    0.003076    0.681430 v counter_val_o[2] (out)
                                              0.681430   data arrival time

                                  0.000000    0.000000   clock clk_i (rise edge)
                                  0.000000    0.000000   clock network delay (propagated)
                                  0.100000    0.100000   clock uncertainty
                                  0.000000    0.100000   clock reconvergence pessimism
                                 -4.000000   -3.900000   output external delay
                                             -3.900000   data required time
---------------------------------------------------------------------------------------------
                                             -3.900000   data required time
                                             -0.681430   data arrival time
---------------------------------------------------------------------------------------------
                                              4.581430   slack (MET)


Startpoint: _44_ (rising edge-triggered flip-flop clocked by clk_i)
Endpoint: counter_val_o[4] (output port clocked by clk_i)
Path Group: clk_i
Path Type: min

Fanout         Cap        Slew       Delay        Time   Description
---------------------------------------------------------------------------------------------
                                  0.000000    0.000000   clock clk_i (rise edge)
                                  0.000000    0.000000   clock source latency
     1    0.013401    0.066345    0.045342    0.045342 ^ clk_i (in)
                                                         clk_i (net)
                      0.066362    0.000000    0.045342 ^ clkbuf_0_clk_i/A (sky130_fd_sc_hd__clkbuf_16)
     2    0.019615    0.041511    0.132461    0.177803 ^ clkbuf_0_clk_i/X (sky130_fd_sc_hd__clkbuf_16)
                                                         clknet_0_clk_i (net)
                      0.041545    0.001310    0.179113 ^ clkbuf_1_1__f_clk_i/A (sky130_fd_sc_hd__clkbuf_16)
     4    0.013646    0.036469    0.117855    0.296968 ^ clkbuf_1_1__f_clk_i/X (sky130_fd_sc_hd__clkbuf_16)
                                                         clknet_1_1__leaf_clk_i (net)
                      0.036472    0.000990    0.297958 ^ _44_/CLK (sky130_fd_sc_hd__dfxtp_4)
     5    0.046025    0.080502    0.381784    0.679742 v _44_/Q (sky130_fd_sc_hd__dfxtp_4)
                                                         counter_val_o[4] (net)
                      0.080676    0.003281    0.683023 v counter_val_o[4] (out)
                                              0.683023   data arrival time

                                  0.000000    0.000000   clock clk_i (rise edge)
                                  0.000000    0.000000   clock network delay (propagated)
                                  0.100000    0.100000   clock uncertainty
                                  0.000000    0.100000   clock reconvergence pessimism
                                 -4.000000   -3.900000   output external delay
                                             -3.900000   data required time
---------------------------------------------------------------------------------------------
                                             -3.900000   data required time
                                             -0.683023   data arrival time
---------------------------------------------------------------------------------------------
                                              4.583023   slack (MET)


Startpoint: _38_ (rising edge-triggered flip-flop clocked by clk_i)
Endpoint: counter_val_o[6] (output port clocked by clk_i)
Path Group: clk_i
Path Type: min

Fanout         Cap        Slew       Delay        Time   Description
---------------------------------------------------------------------------------------------
                                  0.000000    0.000000   clock clk_i (rise edge)
                                  0.000000    0.000000   clock source latency
     1    0.013401    0.066345    0.045342    0.045342 ^ clk_i (in)
                                                         clk_i (net)
                      0.066362    0.000000    0.045342 ^ clkbuf_0_clk_i/A (sky130_fd_sc_hd__clkbuf_16)
     2    0.019615    0.041511    0.132461    0.177803 ^ clkbuf_0_clk_i/X (sky130_fd_sc_hd__clkbuf_16)
                                                         clknet_0_clk_i (net)
                      0.041545    0.001310    0.179113 ^ clkbuf_1_1__f_clk_i/A (sky130_fd_sc_hd__clkbuf_16)
     4    0.013646    0.036469    0.117855    0.296968 ^ clkbuf_1_1__f_clk_i/X (sky130_fd_sc_hd__clkbuf_16)
                                                         clknet_1_1__leaf_clk_i (net)
                      0.036472    0.001061    0.298029 ^ _38_/CLK (sky130_fd_sc_hd__dfxtp_4)
     5    0.045856    0.081012    0.380341    0.678370 v _38_/Q (sky130_fd_sc_hd__dfxtp_4)
                                                         counter_val_o[6] (net)
                      0.081427    0.004961    0.683331 v counter_val_o[6] (out)
                                              0.683331   data arrival time

                                  0.000000    0.000000   clock clk_i (rise edge)
                                  0.000000    0.000000   clock network delay (propagated)
                                  0.100000    0.100000   clock uncertainty
                                  0.000000    0.100000   clock reconvergence pessimism
                                 -4.000000   -3.900000   output external delay
                                             -3.900000   data required time
---------------------------------------------------------------------------------------------
                                             -3.900000   data required time
                                             -0.683331   data arrival time
---------------------------------------------------------------------------------------------
                                              4.583331   slack (MET)


Startpoint: _41_ (rising edge-triggered flip-flop clocked by clk_i)
Endpoint: counter_val_o[1] (output port clocked by clk_i)
Path Group: clk_i
Path Type: min

Fanout         Cap        Slew       Delay        Time   Description
---------------------------------------------------------------------------------------------
                                  0.000000    0.000000   clock clk_i (rise edge)
                                  0.000000    0.000000   clock source latency
     1    0.013401    0.066345    0.045342    0.045342 ^ clk_i (in)
                                                         clk_i (net)
                      0.066362    0.000000    0.045342 ^ clkbuf_0_clk_i/A (sky130_fd_sc_hd__clkbuf_16)
     2    0.019615    0.041511    0.132461    0.177803 ^ clkbuf_0_clk_i/X (sky130_fd_sc_hd__clkbuf_16)
                                                         clknet_0_clk_i (net)
                      0.041542    0.001277    0.179080 ^ clkbuf_1_0__f_clk_i/A (sky130_fd_sc_hd__clkbuf_16)
     5    0.016268    0.038685    0.120275    0.299355 ^ clkbuf_1_0__f_clk_i/X (sky130_fd_sc_hd__clkbuf_16)
                                                         clknet_1_0__leaf_clk_i (net)
                      0.038703    0.001340    0.300695 ^ _41_/CLK (sky130_fd_sc_hd__dfxtp_4)
     6    0.048068    0.082534    0.385894    0.686589 v _41_/Q (sky130_fd_sc_hd__dfxtp_4)
                                                         counter_val_o[1] (net)
                      0.082591    0.001955    0.688543 v counter_val_o[1] (out)
                                              0.688543   data arrival time

                                  0.000000    0.000000   clock clk_i (rise edge)
                                  0.000000    0.000000   clock network delay (propagated)
                                  0.100000    0.100000   clock uncertainty
                                  0.000000    0.100000   clock reconvergence pessimism
                                 -4.000000   -3.900000   output external delay
                                             -3.900000   data required time
---------------------------------------------------------------------------------------------
                                             -3.900000   data required time
                                             -0.688543   data arrival time
---------------------------------------------------------------------------------------------
                                              4.588543   slack (MET)


Startpoint: _40_ (rising edge-triggered flip-flop clocked by clk_i)
Endpoint: counter_val_o[0] (output port clocked by clk_i)
Path Group: clk_i
Path Type: min

Fanout         Cap        Slew       Delay        Time   Description
---------------------------------------------------------------------------------------------
                                  0.000000    0.000000   clock clk_i (rise edge)
                                  0.000000    0.000000   clock source latency
     1    0.013401    0.066345    0.045342    0.045342 ^ clk_i (in)
                                                         clk_i (net)
                      0.066362    0.000000    0.045342 ^ clkbuf_0_clk_i/A (sky130_fd_sc_hd__clkbuf_16)
     2    0.019615    0.041511    0.132461    0.177803 ^ clkbuf_0_clk_i/X (sky130_fd_sc_hd__clkbuf_16)
                                                         clknet_0_clk_i (net)
                      0.041542    0.001277    0.179080 ^ clkbuf_1_0__f_clk_i/A (sky130_fd_sc_hd__clkbuf_16)
     5    0.016268    0.038685    0.120275    0.299355 ^ clkbuf_1_0__f_clk_i/X (sky130_fd_sc_hd__clkbuf_16)
                                                         clknet_1_0__leaf_clk_i (net)
                      0.038701    0.001262    0.300617 ^ _40_/CLK (sky130_fd_sc_hd__dfxtp_4)
     7    0.050569    0.086251    0.387743    0.688360 v _40_/Q (sky130_fd_sc_hd__dfxtp_4)
                                                         counter_val_o[0] (net)
                      0.086444    0.003556    0.691916 v counter_val_o[0] (out)
                                              0.691916   data arrival time

                                  0.000000    0.000000   clock clk_i (rise edge)
                                  0.000000    0.000000   clock network delay (propagated)
                                  0.100000    0.100000   clock uncertainty
                                  0.000000    0.100000   clock reconvergence pessimism
                                 -4.000000   -3.900000   output external delay
                                             -3.900000   data required time
---------------------------------------------------------------------------------------------
                                             -3.900000   data required time
                                             -0.691916   data arrival time
---------------------------------------------------------------------------------------------
                                              4.591916   slack (MET)



