Clock: clk_i
Sources: clk_i 
Generated: no
Virtual: no
Propagated: no
Period: 20.000000

===========================================================================
report_clock_properties
============================================================================
Clock                   Period          Waveform
----------------------------------------------------
clk_i                20.000000    0.000000 10.000000

===========================================================================
report_clock_latency
============================================================================
Clock clk_i
rise -> rise
    min     max
0.000000 0.000000 source latency
0.049930         network latency _38_/CLK
        0.049930 network latency _38_/CLK
---------------
0.049930 0.049930 latency
        0.000000 skew

fall -> fall
    min     max
0.000000 0.000000 source latency
0.021941         network latency _38_/CLK
        0.021941 network latency _38_/CLK
---------------
0.021941 0.021941 latency
        0.000000 skew



===========================================================================
report_clock_min_period
============================================================================
clk_i period_min = 1.64 fmax = 609.06
