Clock: clk_i
Sources: clk_i 
Generated: no
Virtual: yes
Propagated: no
Period: 20.000000

===========================================================================
report_clock_properties
============================================================================
Clock                   Period          Waveform
----------------------------------------------------
clk_i                20.000000    0.000000 10.000000

===========================================================================
report_clock_latency
============================================================================
Clock clk_i
rise -> rise
    min     max
0.000000 0.000000 source latency
0.205809         network latency _45_/CLK
        0.207957 network latency _41_/CLK
---------------
0.205809 0.207957 latency
        0.002148 skew

fall -> fall
    min     max
0.000000 0.000000 source latency
0.200521         network latency _45_/CLK
        0.202282 network latency _41_/CLK
---------------
0.200521 0.202282 latency
        0.001761 skew



===========================================================================
report_clock_min_period
============================================================================
clk_i period_min = 0.96 fmax = 1038.57
