100. Printing statistics.

=== counter ===

        +----------Local Count, excluding submodules.
        |        +-Local Area, excluding submodules.
        |        | 
       21        - wires
       42        - wire bits
        3        - public wires
       10        - public wire bits
        3        - ports
       10        - port bits
       32  170.163 cells
        3        -   $_ANDNOT_
        8        -   $_MUX_
        3        -   $_NAND_
        1        -   $_NOT_
        2        -   $_OR_
        3        -   $_XNOR_
        4        -   $_XOR_
        8  170.163   sky130_fd_sc_hd__dfxtp_2

   Area for cell type $_NOT_ is unknown!
   Area for cell type $_NAND_ is unknown!
   Area for cell type $_OR_ is unknown!
   Area for cell type $_XOR_ is unknown!
   Area for cell type $_XNOR_ is unknown!
   Area for cell type $_ANDNOT_ is unknown!
   Area for cell type $_MUX_ is unknown!

   Chip area for module '\counter': 170.163200
     of which used for sequential elements: 170.163200 (100.00%)

