94. Printing statistics.

=== counter ===

        +----------Local Count, excluding submodules.
        | 
       13 wires
       34 wire bits
        3 public wires
       10 public wire bits
        3 ports
       10 port bits
       24 cells
        3   $_ANDNOT_
        3   $_NAND_
        1   $_NOT_
        2   $_OR_
        8   $_SDFF_PP0_
        3   $_XNOR_
        4   $_XOR_

   Area for cell type $_NOT_ is unknown!
   Area for cell type $_NAND_ is unknown!
   Area for cell type $_OR_ is unknown!
   Area for cell type $_XOR_ is unknown!
   Area for cell type $_XNOR_ is unknown!
   Area for cell type $_ANDNOT_ is unknown!
   Area for cell type $_SDFF_PP0_ is unknown!

