108. Printing statistics.

=== counter ===

        +----------Local Count, excluding submodules.
        |        +-Local Area, excluding submodules.
        |        | 
       22        - wires
       29        - wire bits
        3        - public wires
       10        - public wire bits
        3        - ports
       10        - port bits
       27  330.317 cells
        6    52.55   sky130_fd_sc_hd__a21oi_2
        1    8.758   sky130_fd_sc_hd__a31o_2
        2   15.014   sky130_fd_sc_hd__and3_2
        1    10.01   sky130_fd_sc_hd__and4_2
        8  170.163   sky130_fd_sc_hd__dfxtp_2
        3   18.768   sky130_fd_sc_hd__nor2_2
        2   20.019   sky130_fd_sc_hd__nor3_2
        4   35.034   sky130_fd_sc_hd__o21a_2

   Chip area for module '\counter': 330.316800
     of which used for sequential elements: 170.163200 (51.52%)

