
===========================================================================
report_checks -path_delay max (Setup)
============================================================================
======================= nom_tt_025C_1v80 Corner ===================================

Startpoint: _43_ (rising edge-triggered flip-flop clocked by clk_i)
Endpoint: counter_val_o[3] (output port clocked by clk_i)
Path Group: clk_i
Path Type: max

Fanout         Cap        Slew       Delay        Time   Description
---------------------------------------------------------------------------------------------
                                  0.000000    0.000000   clock clk_i (rise edge)
                                  0.000000    0.000000   clock source latency
     1    0.012926    0.064215    0.043692    0.043692 ^ clk_i (in)
                                                         clk_i (net)
                      0.064223    0.000000    0.043692 ^ clkbuf_0_clk_i/A (sky130_fd_sc_hd__clkbuf_16)
     2    0.019305    0.041262    0.131645    0.175337 ^ clkbuf_0_clk_i/X (sky130_fd_sc_hd__clkbuf_16)
                                                         clknet_0_clk_i (net)
                      0.041265    0.000582    0.175919 ^ clkbuf_1_0__f_clk_i/A (sky130_fd_sc_hd__clkbuf_16)
     5    0.015665    0.038163    0.119794    0.295713 ^ clkbuf_1_0__f_clk_i/X (sky130_fd_sc_hd__clkbuf_16)
                                                         clknet_1_0__leaf_clk_i (net)
                      0.038170    0.000648    0.296361 ^ _43_/CLK (sky130_fd_sc_hd__dfxtp_2)
     3    0.039248    0.200809    0.430782    0.727143 ^ _43_/Q (sky130_fd_sc_hd__dfxtp_2)
                                                         counter_val_o[3] (net)
                      0.200810    0.000799    0.727942 ^ counter_val_o[3] (out)
                                              0.727942   data arrival time

                                 20.000000   20.000000   clock clk_i (rise edge)
                                  0.000000   20.000000   clock network delay (propagated)
                                 -0.100000   19.900000   clock uncertainty
                                  0.000000   19.900000   clock reconvergence pessimism
                                 -4.000000   15.900000   output external delay
                                             15.900000   data required time
---------------------------------------------------------------------------------------------
                                             15.900000   data required time
                                             -0.727942   data arrival time
---------------------------------------------------------------------------------------------
                                             15.172058   slack (MET)


Startpoint: _39_ (rising edge-triggered flip-flop clocked by clk_i)
Endpoint: counter_val_o[7] (output port clocked by clk_i)
Path Group: clk_i
Path Type: max

Fanout         Cap        Slew       Delay        Time   Description
---------------------------------------------------------------------------------------------
                                  0.000000    0.000000   clock clk_i (rise edge)
                                  0.000000    0.000000   clock source latency
     1    0.012926    0.064215    0.043692    0.043692 ^ clk_i (in)
                                                         clk_i (net)
                      0.064223    0.000000    0.043692 ^ clkbuf_0_clk_i/A (sky130_fd_sc_hd__clkbuf_16)
     2    0.019305    0.041262    0.131645    0.175337 ^ clkbuf_0_clk_i/X (sky130_fd_sc_hd__clkbuf_16)
                                                         clknet_0_clk_i (net)
                      0.041265    0.000610    0.175947 ^ clkbuf_1_1__f_clk_i/A (sky130_fd_sc_hd__clkbuf_16)
     4    0.013056    0.035951    0.117336    0.293283 ^ clkbuf_1_1__f_clk_i/X (sky130_fd_sc_hd__clkbuf_16)
                                                         clknet_1_1__leaf_clk_i (net)
                      0.035951    0.000568    0.293851 ^ _39_/CLK (sky130_fd_sc_hd__dfxtp_2)
     3    0.040000    0.204492    0.432576    0.726427 ^ _39_/Q (sky130_fd_sc_hd__dfxtp_2)
                                                         counter_val_o[7] (net)
                      0.204492    0.000791    0.727218 ^ counter_val_o[7] (out)
                                              0.727218   data arrival time

                                 20.000000   20.000000   clock clk_i (rise edge)
                                  0.000000   20.000000   clock network delay (propagated)
                                 -0.100000   19.900000   clock uncertainty
                                  0.000000   19.900000   clock reconvergence pessimism
                                 -4.000000   15.900000   output external delay
                                             15.900000   data required time
---------------------------------------------------------------------------------------------
                                             15.900000   data required time
                                             -0.727218   data arrival time
---------------------------------------------------------------------------------------------
                                             15.172783   slack (MET)


Startpoint: _45_ (rising edge-triggered flip-flop clocked by clk_i)
Endpoint: counter_val_o[5] (output port clocked by clk_i)
Path Group: clk_i
Path Type: max

Fanout         Cap        Slew       Delay        Time   Description
---------------------------------------------------------------------------------------------
                                  0.000000    0.000000   clock clk_i (rise edge)
                                  0.000000    0.000000   clock source latency
     1    0.012926    0.064215    0.043692    0.043692 ^ clk_i (in)
                                                         clk_i (net)
                      0.064223    0.000000    0.043692 ^ clkbuf_0_clk_i/A (sky130_fd_sc_hd__clkbuf_16)
     2    0.019305    0.041262    0.131645    0.175337 ^ clkbuf_0_clk_i/X (sky130_fd_sc_hd__clkbuf_16)
                                                         clknet_0_clk_i (net)
                      0.041265    0.000610    0.175947 ^ clkbuf_1_1__f_clk_i/A (sky130_fd_sc_hd__clkbuf_16)
     4    0.013056    0.035951    0.117336    0.293283 ^ clkbuf_1_1__f_clk_i/X (sky130_fd_sc_hd__clkbuf_16)
                                                         clknet_1_1__leaf_clk_i (net)
                      0.035951    0.000468    0.293750 ^ _45_/CLK (sky130_fd_sc_hd__dfxtp_2)
     3    0.038855    0.198909    0.428683    0.722434 ^ _45_/Q (sky130_fd_sc_hd__dfxtp_2)
                                                         counter_val_o[5] (net)
                      0.198910    0.000744    0.723178 ^ counter_val_o[5] (out)
                                              0.723178   data arrival time

                                 20.000000   20.000000   clock clk_i (rise edge)
                                  0.000000   20.000000   clock network delay (propagated)
                                 -0.100000   19.900000   clock uncertainty
                                  0.000000   19.900000   clock reconvergence pessimism
                                 -4.000000   15.900000   output external delay
                                             15.900000   data required time
---------------------------------------------------------------------------------------------
                                             15.900000   data required time
                                             -0.723178   data arrival time
---------------------------------------------------------------------------------------------
                                             15.176822   slack (MET)


Startpoint: _40_ (rising edge-triggered flip-flop clocked by clk_i)
Endpoint: counter_val_o[0] (output port clocked by clk_i)
Path Group: clk_i
Path Type: max

Fanout         Cap        Slew       Delay        Time   Description
---------------------------------------------------------------------------------------------
                                  0.000000    0.000000   clock clk_i (rise edge)
                                  0.000000    0.000000   clock source latency
     1    0.012926    0.064215    0.043692    0.043692 ^ clk_i (in)
                                                         clk_i (net)
                      0.064223    0.000000    0.043692 ^ clkbuf_0_clk_i/A (sky130_fd_sc_hd__clkbuf_16)
     2    0.019305    0.041262    0.131645    0.175337 ^ clkbuf_0_clk_i/X (sky130_fd_sc_hd__clkbuf_16)
                                                         clknet_0_clk_i (net)
                      0.041265    0.000582    0.175919 ^ clkbuf_1_0__f_clk_i/A (sky130_fd_sc_hd__clkbuf_16)
     5    0.015665    0.038163    0.119794    0.295713 ^ clkbuf_1_0__f_clk_i/X (sky130_fd_sc_hd__clkbuf_16)
                                                         clknet_1_0__leaf_clk_i (net)
                      0.038170    0.000652    0.296364 ^ _40_/CLK (sky130_fd_sc_hd__dfxtp_4)
     7    0.050946    0.152324    0.422468    0.718832 ^ _40_/Q (sky130_fd_sc_hd__dfxtp_4)
                                                         counter_val_o[0] (net)
                      0.152337    0.001497    0.720329 ^ counter_val_o[0] (out)
                                              0.720329   data arrival time

                                 20.000000   20.000000   clock clk_i (rise edge)
                                  0.000000   20.000000   clock network delay (propagated)
                                 -0.100000   19.900000   clock uncertainty
                                  0.000000   19.900000   clock reconvergence pessimism
                                 -4.000000   15.900000   output external delay
                                             15.900000   data required time
---------------------------------------------------------------------------------------------
                                             15.900000   data required time
                                             -0.720329   data arrival time
---------------------------------------------------------------------------------------------
                                             15.179671   slack (MET)


Startpoint: _41_ (rising edge-triggered flip-flop clocked by clk_i)
Endpoint: counter_val_o[1] (output port clocked by clk_i)
Path Group: clk_i
Path Type: max

Fanout         Cap        Slew       Delay        Time   Description
---------------------------------------------------------------------------------------------
                                  0.000000    0.000000   clock clk_i (rise edge)
                                  0.000000    0.000000   clock source latency
     1    0.012926    0.064215    0.043692    0.043692 ^ clk_i (in)
                                                         clk_i (net)
                      0.064223    0.000000    0.043692 ^ clkbuf_0_clk_i/A (sky130_fd_sc_hd__clkbuf_16)
     2    0.019305    0.041262    0.131645    0.175337 ^ clkbuf_0_clk_i/X (sky130_fd_sc_hd__clkbuf_16)
                                                         clknet_0_clk_i (net)
                      0.041265    0.000582    0.175919 ^ clkbuf_1_0__f_clk_i/A (sky130_fd_sc_hd__clkbuf_16)
     5    0.015665    0.038163    0.119794    0.295713 ^ clkbuf_1_0__f_clk_i/X (sky130_fd_sc_hd__clkbuf_16)
                                                         clknet_1_0__leaf_clk_i (net)
                      0.038171    0.000683    0.296396 ^ _41_/CLK (sky130_fd_sc_hd__dfxtp_4)
     6    0.048426    0.145587    0.417847    0.714243 ^ _41_/Q (sky130_fd_sc_hd__dfxtp_4)
                                                         counter_val_o[1] (net)
                      0.145590    0.000883    0.715127 ^ counter_val_o[1] (out)
                                              0.715127   data arrival time

                                 20.000000   20.000000   clock clk_i (rise edge)
                                  0.000000   20.000000   clock network delay (propagated)
                                 -0.100000   19.900000   clock uncertainty
                                  0.000000   19.900000   clock reconvergence pessimism
                                 -4.000000   15.900000   output external delay
                                             15.900000   data required time
---------------------------------------------------------------------------------------------
                                             15.900000   data required time
                                             -0.715127   data arrival time
---------------------------------------------------------------------------------------------
                                             15.184873   slack (MET)


Startpoint: _38_ (rising edge-triggered flip-flop clocked by clk_i)
Endpoint: counter_val_o[6] (output port clocked by clk_i)
Path Group: clk_i
Path Type: max

Fanout         Cap        Slew       Delay        Time   Description
---------------------------------------------------------------------------------------------
                                  0.000000    0.000000   clock clk_i (rise edge)
                                  0.000000    0.000000   clock source latency
     1    0.012926    0.064215    0.043692    0.043692 ^ clk_i (in)
                                                         clk_i (net)
                      0.064223    0.000000    0.043692 ^ clkbuf_0_clk_i/A (sky130_fd_sc_hd__clkbuf_16)
     2    0.019305    0.041262    0.131645    0.175337 ^ clkbuf_0_clk_i/X (sky130_fd_sc_hd__clkbuf_16)
                                                         clknet_0_clk_i (net)
                      0.041265    0.000610    0.175947 ^ clkbuf_1_1__f_clk_i/A (sky130_fd_sc_hd__clkbuf_16)
     4    0.013056    0.035951    0.117336    0.293283 ^ clkbuf_1_1__f_clk_i/X (sky130_fd_sc_hd__clkbuf_16)
                                                         clknet_1_1__leaf_clk_i (net)
                      0.035951    0.000543    0.293826 ^ _38_/CLK (sky130_fd_sc_hd__dfxtp_4)
     5    0.046274    0.139675    0.412060    0.705886 ^ _38_/Q (sky130_fd_sc_hd__dfxtp_4)
                                                         counter_val_o[6] (net)
                      0.139710    0.002149    0.708035 ^ counter_val_o[6] (out)
                                              0.708035   data arrival time

                                 20.000000   20.000000   clock clk_i (rise edge)
                                  0.000000   20.000000   clock network delay (propagated)
                                 -0.100000   19.900000   clock uncertainty
                                  0.000000   19.900000   clock reconvergence pessimism
                                 -4.000000   15.900000   output external delay
                                             15.900000   data required time
---------------------------------------------------------------------------------------------
                                             15.900000   data required time
                                             -0.708035   data arrival time
---------------------------------------------------------------------------------------------
                                             15.191965   slack (MET)


Startpoint: _44_ (rising edge-triggered flip-flop clocked by clk_i)
Endpoint: counter_val_o[4] (output port clocked by clk_i)
Path Group: clk_i
Path Type: max

Fanout         Cap        Slew       Delay        Time   Description
---------------------------------------------------------------------------------------------
                                  0.000000    0.000000   clock clk_i (rise edge)
                                  0.000000    0.000000   clock source latency
     1    0.012926    0.064215    0.043692    0.043692 ^ clk_i (in)
                                                         clk_i (net)
                      0.064223    0.000000    0.043692 ^ clkbuf_0_clk_i/A (sky130_fd_sc_hd__clkbuf_16)
     2    0.019305    0.041262    0.131645    0.175337 ^ clkbuf_0_clk_i/X (sky130_fd_sc_hd__clkbuf_16)
                                                         clknet_0_clk_i (net)
                      0.041265    0.000610    0.175947 ^ clkbuf_1_1__f_clk_i/A (sky130_fd_sc_hd__clkbuf_16)
     4    0.013056    0.035951    0.117336    0.293283 ^ clkbuf_1_1__f_clk_i/X (sky130_fd_sc_hd__clkbuf_16)
                                                         clknet_1_1__leaf_clk_i (net)
                      0.035951    0.000483    0.293766 ^ _44_/CLK (sky130_fd_sc_hd__dfxtp_4)
     5    0.046229    0.139902    0.412380    0.706146 ^ _44_/Q (sky130_fd_sc_hd__dfxtp_4)
                                                         counter_val_o[4] (net)
                      0.139914    0.001399    0.707545 ^ counter_val_o[4] (out)
                                              0.707545   data arrival time

                                 20.000000   20.000000   clock clk_i (rise edge)
                                  0.000000   20.000000   clock network delay (propagated)
                                 -0.100000   19.900000   clock uncertainty
                                  0.000000   19.900000   clock reconvergence pessimism
                                 -4.000000   15.900000   output external delay
                                             15.900000   data required time
---------------------------------------------------------------------------------------------
                                             15.900000   data required time
                                             -0.707545   data arrival time
---------------------------------------------------------------------------------------------
                                             15.192455   slack (MET)


Startpoint: _42_ (rising edge-triggered flip-flop clocked by clk_i)
Endpoint: counter_val_o[2] (output port clocked by clk_i)
Path Group: clk_i
Path Type: max

Fanout         Cap        Slew       Delay        Time   Description
---------------------------------------------------------------------------------------------
                                  0.000000    0.000000   clock clk_i (rise edge)
                                  0.000000    0.000000   clock source latency
     1    0.012926    0.064215    0.043692    0.043692 ^ clk_i (in)
                                                         clk_i (net)
                      0.064223    0.000000    0.043692 ^ clkbuf_0_clk_i/A (sky130_fd_sc_hd__clkbuf_16)
     2    0.019305    0.041262    0.131645    0.175337 ^ clkbuf_0_clk_i/X (sky130_fd_sc_hd__clkbuf_16)
                                                         clknet_0_clk_i (net)
                      0.041265    0.000582    0.175919 ^ clkbuf_1_0__f_clk_i/A (sky130_fd_sc_hd__clkbuf_16)
     5    0.015665    0.038163    0.119794    0.295713 ^ clkbuf_1_0__f_clk_i/X (sky130_fd_sc_hd__clkbuf_16)
                                                         clknet_1_0__leaf_clk_i (net)
                      0.038171    0.000680    0.296393 ^ _42_/CLK (sky130_fd_sc_hd__dfxtp_4)
     4    0.042155    0.129206    0.405170    0.701563 ^ _42_/Q (sky130_fd_sc_hd__dfxtp_4)
                                                         counter_val_o[2] (net)
                      0.129217    0.001282    0.702845 ^ counter_val_o[2] (out)
                                              0.702845   data arrival time

                                 20.000000   20.000000   clock clk_i (rise edge)
                                  0.000000   20.000000   clock network delay (propagated)
                                 -0.100000   19.900000   clock uncertainty
                                  0.000000   19.900000   clock reconvergence pessimism
                                 -4.000000   15.900000   output external delay
                                             15.900000   data required time
---------------------------------------------------------------------------------------------
                                             15.900000   data required time
                                             -0.702845   data arrival time
---------------------------------------------------------------------------------------------
                                             15.197154   slack (MET)


Startpoint: rst_i (input port clocked by clk_i)
Endpoint: _39_ (rising edge-triggered flip-flop clocked by clk_i)
Path Group: clk_i
Path Type: max

Fanout         Cap        Slew       Delay        Time   Description
---------------------------------------------------------------------------------------------
                                  0.000000    0.000000   clock clk_i (rise edge)
                                  0.000000    0.000000   clock network delay (propagated)
                                  4.000000    4.000000 v input external delay
     1    0.002529    0.007999    0.003977    4.003977 v rst_i (in)
                                                         rst_i (net)
                      0.007999    0.000000    4.003977 v input1/A (sky130_fd_sc_hd__buf_2)
     8    0.034730    0.090974    0.164522    4.168499 v input1/X (sky130_fd_sc_hd__buf_2)
                                                         net1 (net)
                      0.091067    0.002609    4.171109 v _25_/B1 (sky130_fd_sc_hd__a31o_1)
     1    0.003891    0.041917    0.202650    4.373759 v _25_/X (sky130_fd_sc_hd__a31o_1)
                                                         _13_ (net)
                      0.041917    0.000122    4.373881 v _26_/B (sky130_fd_sc_hd__nor2_1)
     1    0.002150    0.066127    0.072081    4.445962 ^ _26_/Y (sky130_fd_sc_hd__nor2_1)
                                                         _01_ (net)
                      0.066127    0.000061    4.446023 ^ _39_/D (sky130_fd_sc_hd__dfxtp_2)
                                              4.446023   data arrival time

                                 20.000000   20.000000   clock clk_i (rise edge)
                                  0.000000   20.000000   clock source latency
     1    0.012926    0.064215    0.043691   20.043692 ^ clk_i (in)
                                                         clk_i (net)
                      0.064223    0.000000   20.043692 ^ clkbuf_0_clk_i/A (sky130_fd_sc_hd__clkbuf_16)
     2    0.019305    0.041262    0.131646   20.175337 ^ clkbuf_0_clk_i/X (sky130_fd_sc_hd__clkbuf_16)
                                                         clknet_0_clk_i (net)
                      0.041265    0.000609   20.175947 ^ clkbuf_1_1__f_clk_i/A (sky130_fd_sc_hd__clkbuf_16)
     4    0.013056    0.035951    0.117337   20.293283 ^ clkbuf_1_1__f_clk_i/X (sky130_fd_sc_hd__clkbuf_16)
                                                         clknet_1_1__leaf_clk_i (net)
                      0.035951    0.000567   20.293850 ^ _39_/CLK (sky130_fd_sc_hd__dfxtp_2)
                                 -0.100000   20.193851   clock uncertainty
                                  0.000000   20.193851   clock reconvergence pessimism
                                 -0.065193   20.128658   library setup time
                                             20.128658   data required time
---------------------------------------------------------------------------------------------
                                             20.128658   data required time
                                             -4.446023   data arrival time
---------------------------------------------------------------------------------------------
                                             15.682634   slack (MET)


Startpoint: rst_i (input port clocked by clk_i)
Endpoint: _43_ (rising edge-triggered flip-flop clocked by clk_i)
Path Group: clk_i
Path Type: max

Fanout         Cap        Slew       Delay        Time   Description
---------------------------------------------------------------------------------------------
                                  0.000000    0.000000   clock clk_i (rise edge)
                                  0.000000    0.000000   clock network delay (propagated)
                                  4.000000    4.000000 ^ input external delay
     1    0.002689    0.019257    0.009929    4.009929 ^ rst_i (in)
                                                         rst_i (net)
                      0.019257    0.000000    4.009929 ^ input1/A (sky130_fd_sc_hd__buf_2)
     8    0.036915    0.182385    0.195998    4.205927 ^ input1/X (sky130_fd_sc_hd__buf_2)
                                                         net1 (net)
                      0.182396    0.001191    4.207119 ^ _32_/A (sky130_fd_sc_hd__nor2_1)
     1    0.004092    0.053378    0.078701    4.285820 v _32_/Y (sky130_fd_sc_hd__nor2_1)
                                                         _16_ (net)
                      0.053378    0.000142    4.285961 v _33_/B1 (sky130_fd_sc_hd__o21a_1)
     1    0.003041    0.036152    0.102907    4.388868 v _33_/X (sky130_fd_sc_hd__o21a_1)
                                                         _05_ (net)
                      0.036152    0.000098    4.388967 v _43_/D (sky130_fd_sc_hd__dfxtp_2)
                                              4.388967   data arrival time

                                 20.000000   20.000000   clock clk_i (rise edge)
                                  0.000000   20.000000   clock source latency
     1    0.012926    0.064215    0.043691   20.043692 ^ clk_i (in)
                                                         clk_i (net)
                      0.064223    0.000000   20.043692 ^ clkbuf_0_clk_i/A (sky130_fd_sc_hd__clkbuf_16)
     2    0.019305    0.041262    0.131646   20.175337 ^ clkbuf_0_clk_i/X (sky130_fd_sc_hd__clkbuf_16)
                                                         clknet_0_clk_i (net)
                      0.041265    0.000583   20.175920 ^ clkbuf_1_0__f_clk_i/A (sky130_fd_sc_hd__clkbuf_16)
     5    0.015665    0.038163    0.119794   20.295713 ^ clkbuf_1_0__f_clk_i/X (sky130_fd_sc_hd__clkbuf_16)
                                                         clknet_1_0__leaf_clk_i (net)
                      0.038170    0.000647   20.296360 ^ _43_/CLK (sky130_fd_sc_hd__dfxtp_2)
                                 -0.100000   20.196362   clock uncertainty
                                  0.000000   20.196362   clock reconvergence pessimism
                                 -0.110617   20.085743   library setup time
                                             20.085743   data required time
---------------------------------------------------------------------------------------------
                                             20.085743   data required time
                                             -4.388967   data arrival time
---------------------------------------------------------------------------------------------
                                             15.696777   slack (MET)


Startpoint: rst_i (input port clocked by clk_i)
Endpoint: _44_ (rising edge-triggered flip-flop clocked by clk_i)
Path Group: clk_i
Path Type: max

Fanout         Cap        Slew       Delay        Time   Description
---------------------------------------------------------------------------------------------
                                  0.000000    0.000000   clock clk_i (rise edge)
                                  0.000000    0.000000   clock network delay (propagated)
                                  4.000000    4.000000 v input external delay
     1    0.002529    0.007999    0.003977    4.003977 v rst_i (in)
                                                         rst_i (net)
                      0.007999    0.000000    4.003977 v input1/A (sky130_fd_sc_hd__buf_2)
     8    0.034730    0.090974    0.164522    4.168499 v input1/X (sky130_fd_sc_hd__buf_2)
                                                         net1 (net)
                      0.091066    0.002596    4.171095 v _34_/B1 (sky130_fd_sc_hd__a21oi_1)
     1    0.003483    0.116613    0.136410    4.307505 ^ _34_/Y (sky130_fd_sc_hd__a21oi_1)
                                                         _17_ (net)
                      0.116613    0.000103    4.307608 ^ _35_/B1 (sky130_fd_sc_hd__o21a_1)
     1    0.002060    0.035490    0.124513    4.432121 ^ _35_/X (sky130_fd_sc_hd__o21a_1)
                                                         _06_ (net)
                      0.035490    0.000060    4.432180 ^ _44_/D (sky130_fd_sc_hd__dfxtp_4)
                                              4.432180   data arrival time

                                 20.000000   20.000000   clock clk_i (rise edge)
                                  0.000000   20.000000   clock source latency
     1    0.012926    0.064215    0.043691   20.043692 ^ clk_i (in)
                                                         clk_i (net)
                      0.064223    0.000000   20.043692 ^ clkbuf_0_clk_i/A (sky130_fd_sc_hd__clkbuf_16)
     2    0.019305    0.041262    0.131646   20.175337 ^ clkbuf_0_clk_i/X (sky130_fd_sc_hd__clkbuf_16)
                                                         clknet_0_clk_i (net)
                      0.041265    0.000609   20.175947 ^ clkbuf_1_1__f_clk_i/A (sky130_fd_sc_hd__clkbuf_16)
     4    0.013056    0.035951    0.117337   20.293283 ^ clkbuf_1_1__f_clk_i/X (sky130_fd_sc_hd__clkbuf_16)
                                                         clknet_1_1__leaf_clk_i (net)
                      0.035951    0.000483   20.293768 ^ _44_/CLK (sky130_fd_sc_hd__dfxtp_4)
                                 -0.100000   20.193768   clock uncertainty
                                  0.000000   20.193768   clock reconvergence pessimism
                                 -0.059237   20.134529   library setup time
                                             20.134529   data required time
---------------------------------------------------------------------------------------------
                                             20.134529   data required time
                                             -4.432180   data arrival time
---------------------------------------------------------------------------------------------
                                             15.702349   slack (MET)


Startpoint: rst_i (input port clocked by clk_i)
Endpoint: _38_ (rising edge-triggered flip-flop clocked by clk_i)
Path Group: clk_i
Path Type: max

Fanout         Cap        Slew       Delay        Time   Description
---------------------------------------------------------------------------------------------
                                  0.000000    0.000000   clock clk_i (rise edge)
                                  0.000000    0.000000   clock network delay (propagated)
                                  4.000000    4.000000 v input external delay
     1    0.002529    0.007999    0.003977    4.003977 v rst_i (in)
                                                         rst_i (net)
                      0.007999    0.000000    4.003977 v input1/A (sky130_fd_sc_hd__buf_2)
     8    0.034730    0.090974    0.164522    4.168499 v input1/X (sky130_fd_sc_hd__buf_2)
                                                         net1 (net)
                      0.091073    0.002691    4.171191 v _22_/B1 (sky130_fd_sc_hd__a21oi_1)
     1    0.002901    0.106190    0.128098    4.299288 ^ _22_/Y (sky130_fd_sc_hd__a21oi_1)
                                                         _11_ (net)
                      0.106190    0.000060    4.299348 ^ _23_/B1 (sky130_fd_sc_hd__o21a_1)
     1    0.002738    0.040871    0.126098    4.425446 ^ _23_/X (sky130_fd_sc_hd__o21a_1)
                                                         _00_ (net)
                      0.040871    0.000084    4.425529 ^ _38_/D (sky130_fd_sc_hd__dfxtp_4)
                                              4.425529   data arrival time

                                 20.000000   20.000000   clock clk_i (rise edge)
                                  0.000000   20.000000   clock source latency
     1    0.012926    0.064215    0.043691   20.043692 ^ clk_i (in)
                                                         clk_i (net)
                      0.064223    0.000000   20.043692 ^ clkbuf_0_clk_i/A (sky130_fd_sc_hd__clkbuf_16)
     2    0.019305    0.041262    0.131646   20.175337 ^ clkbuf_0_clk_i/X (sky130_fd_sc_hd__clkbuf_16)
                                                         clknet_0_clk_i (net)
                      0.041265    0.000609   20.175947 ^ clkbuf_1_1__f_clk_i/A (sky130_fd_sc_hd__clkbuf_16)
     4    0.013056    0.035951    0.117337   20.293283 ^ clkbuf_1_1__f_clk_i/X (sky130_fd_sc_hd__clkbuf_16)
                                                         clknet_1_1__leaf_clk_i (net)
                      0.035951    0.000542   20.293825 ^ _38_/CLK (sky130_fd_sc_hd__dfxtp_4)
                                 -0.100000   20.193827   clock uncertainty
                                  0.000000   20.193827   clock reconvergence pessimism
                                 -0.060522   20.133303   library setup time
                                             20.133303   data required time
---------------------------------------------------------------------------------------------
                                             20.133303   data required time
                                             -4.425529   data arrival time
---------------------------------------------------------------------------------------------
                                             15.707773   slack (MET)


Startpoint: rst_i (input port clocked by clk_i)
Endpoint: _41_ (rising edge-triggered flip-flop clocked by clk_i)
Path Group: clk_i
Path Type: max

Fanout         Cap        Slew       Delay        Time   Description
---------------------------------------------------------------------------------------------
                                  0.000000    0.000000   clock clk_i (rise edge)
                                  0.000000    0.000000   clock network delay (propagated)
                                  4.000000    4.000000 v input external delay
     1    0.002529    0.007999    0.003977    4.003977 v rst_i (in)
                                                         rst_i (net)
                      0.007999    0.000000    4.003977 v input1/A (sky130_fd_sc_hd__buf_2)
     8    0.034730    0.090974    0.164522    4.168499 v input1/X (sky130_fd_sc_hd__buf_2)
                                                         net1 (net)
                      0.090983    0.000973    4.169472 v _28_/B1 (sky130_fd_sc_hd__a21oi_1)
     1    0.003272    0.112842    0.133368    4.302840 ^ _28_/Y (sky130_fd_sc_hd__a21oi_1)
                                                         _14_ (net)
                      0.112842    0.000102    4.302942 ^ _29_/B1 (sky130_fd_sc_hd__o21a_1)
     1    0.002108    0.036046    0.123614    4.426555 ^ _29_/X (sky130_fd_sc_hd__o21a_1)
                                                         _03_ (net)
                      0.036058    0.000060    4.426615 ^ _41_/D (sky130_fd_sc_hd__dfxtp_4)
                                              4.426615   data arrival time

                                 20.000000   20.000000   clock clk_i (rise edge)
                                  0.000000   20.000000   clock source latency
     1    0.012926    0.064215    0.043691   20.043692 ^ clk_i (in)
                                                         clk_i (net)
                      0.064223    0.000000   20.043692 ^ clkbuf_0_clk_i/A (sky130_fd_sc_hd__clkbuf_16)
     2    0.019305    0.041262    0.131646   20.175337 ^ clkbuf_0_clk_i/X (sky130_fd_sc_hd__clkbuf_16)
                                                         clknet_0_clk_i (net)
                      0.041265    0.000583   20.175920 ^ clkbuf_1_0__f_clk_i/A (sky130_fd_sc_hd__clkbuf_16)
     5    0.015665    0.038163    0.119794   20.295713 ^ clkbuf_1_0__f_clk_i/X (sky130_fd_sc_hd__clkbuf_16)
                                                         clknet_1_0__leaf_clk_i (net)
                      0.038171    0.000682   20.296396 ^ _41_/CLK (sky130_fd_sc_hd__dfxtp_4)
                                 -0.100000   20.196396   clock uncertainty
                                  0.000000   20.196396   clock reconvergence pessimism
                                 -0.059046   20.137350   library setup time
                                             20.137350   data required time
---------------------------------------------------------------------------------------------
                                             20.137350   data required time
                                             -4.426615   data arrival time
---------------------------------------------------------------------------------------------
                                             15.710736   slack (MET)


Startpoint: rst_i (input port clocked by clk_i)
Endpoint: _45_ (rising edge-triggered flip-flop clocked by clk_i)
Path Group: clk_i
Path Type: max

Fanout         Cap        Slew       Delay        Time   Description
---------------------------------------------------------------------------------------------
                                  0.000000    0.000000   clock clk_i (rise edge)
                                  0.000000    0.000000   clock network delay (propagated)
                                  4.000000    4.000000 v input external delay
     1    0.002529    0.007999    0.003977    4.003977 v rst_i (in)
                                                         rst_i (net)
                      0.007999    0.000000    4.003977 v input1/A (sky130_fd_sc_hd__buf_2)
     8    0.034730    0.090974    0.164522    4.168499 v input1/X (sky130_fd_sc_hd__buf_2)
                                                         net1 (net)
                      0.091059    0.002503    4.171003 v _37_/A (sky130_fd_sc_hd__nor3_1)
     1    0.002736    0.144240    0.190021    4.361024 ^ _37_/Y (sky130_fd_sc_hd__nor3_1)
                                                         _07_ (net)
                      0.144240    0.000084    4.361108 ^ _45_/D (sky130_fd_sc_hd__dfxtp_2)
                                              4.361108   data arrival time

                                 20.000000   20.000000   clock clk_i (rise edge)
                                  0.000000   20.000000   clock source latency
     1    0.012926    0.064215    0.043691   20.043692 ^ clk_i (in)
                                                         clk_i (net)
                      0.064223    0.000000   20.043692 ^ clkbuf_0_clk_i/A (sky130_fd_sc_hd__clkbuf_16)
     2    0.019305    0.041262    0.131646   20.175337 ^ clkbuf_0_clk_i/X (sky130_fd_sc_hd__clkbuf_16)
                                                         clknet_0_clk_i (net)
                      0.041265    0.000609   20.175947 ^ clkbuf_1_1__f_clk_i/A (sky130_fd_sc_hd__clkbuf_16)
     4    0.013056    0.035951    0.117337   20.293283 ^ clkbuf_1_1__f_clk_i/X (sky130_fd_sc_hd__clkbuf_16)
                                                         clknet_1_1__leaf_clk_i (net)
                      0.035951    0.000467   20.293751 ^ _45_/CLK (sky130_fd_sc_hd__dfxtp_2)
                                 -0.100000   20.193750   clock uncertainty
                                  0.000000   20.193750   clock reconvergence pessimism
                                 -0.083652   20.110100   library setup time
                                             20.110100   data required time
---------------------------------------------------------------------------------------------
                                             20.110100   data required time
                                             -4.361108   data arrival time
---------------------------------------------------------------------------------------------
                                             15.748992   slack (MET)


Startpoint: rst_i (input port clocked by clk_i)
Endpoint: _42_ (rising edge-triggered flip-flop clocked by clk_i)
Path Group: clk_i
Path Type: max

Fanout         Cap        Slew       Delay        Time   Description
---------------------------------------------------------------------------------------------
                                  0.000000    0.000000   clock clk_i (rise edge)
                                  0.000000    0.000000   clock network delay (propagated)
                                  4.000000    4.000000 v input external delay
     1    0.002529    0.007999    0.003977    4.003977 v rst_i (in)
                                                         rst_i (net)
                      0.007999    0.000000    4.003977 v input1/A (sky130_fd_sc_hd__buf_2)
     8    0.034730    0.090974    0.164522    4.168499 v input1/X (sky130_fd_sc_hd__buf_2)
                                                         net1 (net)
                      0.090976    0.000581    4.169081 v _31_/A (sky130_fd_sc_hd__nor3_1)
     1    0.002425    0.136403    0.183708    4.352789 ^ _31_/Y (sky130_fd_sc_hd__nor3_1)
                                                         _04_ (net)
                      0.136403    0.000073    4.352862 ^ _42_/D (sky130_fd_sc_hd__dfxtp_4)
                                              4.352862   data arrival time

                                 20.000000   20.000000   clock clk_i (rise edge)
                                  0.000000   20.000000   clock source latency
     1    0.012926    0.064215    0.043691   20.043692 ^ clk_i (in)
                                                         clk_i (net)
                      0.064223    0.000000   20.043692 ^ clkbuf_0_clk_i/A (sky130_fd_sc_hd__clkbuf_16)
     2    0.019305    0.041262    0.131646   20.175337 ^ clkbuf_0_clk_i/X (sky130_fd_sc_hd__clkbuf_16)
                                                         clknet_0_clk_i (net)
                      0.041265    0.000583   20.175920 ^ clkbuf_1_0__f_clk_i/A (sky130_fd_sc_hd__clkbuf_16)
     5    0.015665    0.038163    0.119794   20.295713 ^ clkbuf_1_0__f_clk_i/X (sky130_fd_sc_hd__clkbuf_16)
                                                         clknet_1_0__leaf_clk_i (net)
                      0.038171    0.000679   20.296392 ^ _42_/CLK (sky130_fd_sc_hd__dfxtp_4)
                                 -0.100000   20.196392   clock uncertainty
                                  0.000000   20.196392   clock reconvergence pessimism
                                 -0.082995   20.113398   library setup time
                                             20.113398   data required time
---------------------------------------------------------------------------------------------
                                             20.113398   data required time
                                             -4.352862   data arrival time
---------------------------------------------------------------------------------------------
                                             15.760536   slack (MET)


Startpoint: rst_i (input port clocked by clk_i)
Endpoint: _40_ (rising edge-triggered flip-flop clocked by clk_i)
Path Group: clk_i
Path Type: max

Fanout         Cap        Slew       Delay        Time   Description
---------------------------------------------------------------------------------------------
                                  0.000000    0.000000   clock clk_i (rise edge)
                                  0.000000    0.000000   clock network delay (propagated)
                                  4.000000    4.000000 ^ input external delay
     1    0.002689    0.019257    0.009929    4.009929 ^ rst_i (in)
                                                         rst_i (net)
                      0.019257    0.000000    4.009929 ^ input1/A (sky130_fd_sc_hd__buf_2)
     8    0.036915    0.182385    0.195998    4.205927 ^ input1/X (sky130_fd_sc_hd__buf_2)
                                                         net1 (net)
                      0.182393    0.000985    4.206912 ^ _27_/B (sky130_fd_sc_hd__nor2_1)
     1    0.002017    0.041671    0.053556    4.260468 v _27_/Y (sky130_fd_sc_hd__nor2_1)
                                                         _02_ (net)
                      0.041671    0.000057    4.260525 v _40_/D (sky130_fd_sc_hd__dfxtp_4)
                                              4.260525   data arrival time

                                 20.000000   20.000000   clock clk_i (rise edge)
                                  0.000000   20.000000   clock source latency
     1    0.012926    0.064215    0.043691   20.043692 ^ clk_i (in)
                                                         clk_i (net)
                      0.064223    0.000000   20.043692 ^ clkbuf_0_clk_i/A (sky130_fd_sc_hd__clkbuf_16)
     2    0.019305    0.041262    0.131646   20.175337 ^ clkbuf_0_clk_i/X (sky130_fd_sc_hd__clkbuf_16)
                                                         clknet_0_clk_i (net)
                      0.041265    0.000583   20.175920 ^ clkbuf_1_0__f_clk_i/A (sky130_fd_sc_hd__clkbuf_16)
     5    0.015665    0.038163    0.119794   20.295713 ^ clkbuf_1_0__f_clk_i/X (sky130_fd_sc_hd__clkbuf_16)
                                                         clknet_1_0__leaf_clk_i (net)
                      0.038170    0.000650   20.296364 ^ _40_/CLK (sky130_fd_sc_hd__dfxtp_4)
                                 -0.100000   20.196363   clock uncertainty
                                  0.000000   20.196363   clock reconvergence pessimism
                                 -0.112012   20.084352   library setup time
                                             20.084352   data required time
---------------------------------------------------------------------------------------------
                                             20.084352   data required time
                                             -4.260525   data arrival time
---------------------------------------------------------------------------------------------
                                             15.823826   slack (MET)



