
===========================================================================
report_checks -path_delay max (Setup)
============================================================================
======================= max_ff_n40C_1v95 Corner ===================================

Startpoint: _43_ (rising edge-triggered flip-flop clocked by clk_i)
Endpoint: counter_val_o[3] (output port clocked by clk_i)
Path Group: clk_i
Path Type: max

Fanout         Cap        Slew       Delay        Time   Description
---------------------------------------------------------------------------------------------
                                  0.000000    0.000000   clock clk_i (rise edge)
                                  0.000000    0.000000   clock source latency
     1    0.013470    0.050175    0.033886    0.033886 ^ clk_i (in)
                                                         clk_i (net)
                      0.050197    0.000000    0.033886 ^ clkbuf_0_clk_i/A (sky130_fd_sc_hd__clkbuf_16)
     2    0.019753    0.031073    0.089482    0.123369 ^ clkbuf_0_clk_i/X (sky130_fd_sc_hd__clkbuf_16)
                                                         clknet_0_clk_i (net)
                      0.031094    0.001286    0.124655 ^ clkbuf_1_0__f_clk_i/A (sky130_fd_sc_hd__clkbuf_16)
     5    0.016654    0.028963    0.081925    0.206580 ^ clkbuf_1_0__f_clk_i/X (sky130_fd_sc_hd__clkbuf_16)
                                                         clknet_1_0__leaf_clk_i (net)
                      0.028983    0.001292    0.207871 ^ _43_/CLK (sky130_fd_sc_hd__dfxtp_2)
     3    0.039469    0.152278    0.281198    0.489069 ^ _43_/Q (sky130_fd_sc_hd__dfxtp_2)
                                                         counter_val_o[3] (net)
                      0.152299    0.001791    0.490860 ^ counter_val_o[3] (out)
                                              0.490860   data arrival time

                                 20.000000   20.000000   clock clk_i (rise edge)
                                  0.000000   20.000000   clock network delay (propagated)
                                 -0.100000   19.900000   clock uncertainty
                                  0.000000   19.900000   clock reconvergence pessimism
                                 -4.000000   15.900000   output external delay
                                             15.900000   data required time
---------------------------------------------------------------------------------------------
                                             15.900000   data required time
                                             -0.490860   data arrival time
---------------------------------------------------------------------------------------------
                                             15.409142   slack (MET)


Startpoint: _39_ (rising edge-triggered flip-flop clocked by clk_i)
Endpoint: counter_val_o[7] (output port clocked by clk_i)
Path Group: clk_i
Path Type: max

Fanout         Cap        Slew       Delay        Time   Description
---------------------------------------------------------------------------------------------
                                  0.000000    0.000000   clock clk_i (rise edge)
                                  0.000000    0.000000   clock source latency
     1    0.013470    0.050175    0.033886    0.033886 ^ clk_i (in)
                                                         clk_i (net)
                      0.050197    0.000000    0.033886 ^ clkbuf_0_clk_i/A (sky130_fd_sc_hd__clkbuf_16)
     2    0.019753    0.031073    0.089482    0.123369 ^ clkbuf_0_clk_i/X (sky130_fd_sc_hd__clkbuf_16)
                                                         clknet_0_clk_i (net)
                      0.031096    0.001319    0.124687 ^ clkbuf_1_1__f_clk_i/A (sky130_fd_sc_hd__clkbuf_16)
     4    0.013980    0.027197    0.080177    0.204864 ^ clkbuf_1_1__f_clk_i/X (sky130_fd_sc_hd__clkbuf_16)
                                                         clknet_1_1__leaf_clk_i (net)
                      0.027213    0.001161    0.206025 ^ _39_/CLK (sky130_fd_sc_hd__dfxtp_2)
     3    0.040183    0.154896    0.282544    0.488568 ^ _39_/Q (sky130_fd_sc_hd__dfxtp_2)
                                                         counter_val_o[7] (net)
                      0.154915    0.001773    0.490341 ^ counter_val_o[7] (out)
                                              0.490341   data arrival time

                                 20.000000   20.000000   clock clk_i (rise edge)
                                  0.000000   20.000000   clock network delay (propagated)
                                 -0.100000   19.900000   clock uncertainty
                                  0.000000   19.900000   clock reconvergence pessimism
                                 -4.000000   15.900000   output external delay
                                             15.900000   data required time
---------------------------------------------------------------------------------------------
                                             15.900000   data required time
                                             -0.490341   data arrival time
---------------------------------------------------------------------------------------------
                                             15.409659   slack (MET)


Startpoint: _45_ (rising edge-triggered flip-flop clocked by clk_i)
Endpoint: counter_val_o[5] (output port clocked by clk_i)
Path Group: clk_i
Path Type: max

Fanout         Cap        Slew       Delay        Time   Description
---------------------------------------------------------------------------------------------
                                  0.000000    0.000000   clock clk_i (rise edge)
                                  0.000000    0.000000   clock source latency
     1    0.013470    0.050175    0.033886    0.033886 ^ clk_i (in)
                                                         clk_i (net)
                      0.050197    0.000000    0.033886 ^ clkbuf_0_clk_i/A (sky130_fd_sc_hd__clkbuf_16)
     2    0.019753    0.031073    0.089482    0.123369 ^ clkbuf_0_clk_i/X (sky130_fd_sc_hd__clkbuf_16)
                                                         clknet_0_clk_i (net)
                      0.031096    0.001319    0.124687 ^ clkbuf_1_1__f_clk_i/A (sky130_fd_sc_hd__clkbuf_16)
     4    0.013980    0.027197    0.080177    0.204864 ^ clkbuf_1_1__f_clk_i/X (sky130_fd_sc_hd__clkbuf_16)
                                                         clknet_1_1__leaf_clk_i (net)
                      0.027207    0.000945    0.205809 ^ _45_/CLK (sky130_fd_sc_hd__dfxtp_2)
     3    0.039107    0.150952    0.279785    0.485594 ^ _45_/Q (sky130_fd_sc_hd__dfxtp_2)
                                                         counter_val_o[5] (net)
                      0.150971    0.001723    0.487317 ^ counter_val_o[5] (out)
                                              0.487317   data arrival time

                                 20.000000   20.000000   clock clk_i (rise edge)
                                  0.000000   20.000000   clock network delay (propagated)
                                 -0.100000   19.900000   clock uncertainty
                                  0.000000   19.900000   clock reconvergence pessimism
                                 -4.000000   15.900000   output external delay
                                             15.900000   data required time
---------------------------------------------------------------------------------------------
                                             15.900000   data required time
                                             -0.487317   data arrival time
---------------------------------------------------------------------------------------------
                                             15.412683   slack (MET)


Startpoint: _40_ (rising edge-triggered flip-flop clocked by clk_i)
Endpoint: counter_val_o[0] (output port clocked by clk_i)
Path Group: clk_i
Path Type: max

Fanout         Cap        Slew       Delay        Time   Description
---------------------------------------------------------------------------------------------
                                  0.000000    0.000000   clock clk_i (rise edge)
                                  0.000000    0.000000   clock source latency
     1    0.013470    0.050175    0.033886    0.033886 ^ clk_i (in)
                                                         clk_i (net)
                      0.050197    0.000000    0.033886 ^ clkbuf_0_clk_i/A (sky130_fd_sc_hd__clkbuf_16)
     2    0.019753    0.031073    0.089482    0.123369 ^ clkbuf_0_clk_i/X (sky130_fd_sc_hd__clkbuf_16)
                                                         clknet_0_clk_i (net)
                      0.031094    0.001286    0.124655 ^ clkbuf_1_0__f_clk_i/A (sky130_fd_sc_hd__clkbuf_16)
     5    0.016654    0.028963    0.081925    0.206580 ^ clkbuf_1_0__f_clk_i/X (sky130_fd_sc_hd__clkbuf_16)
                                                         clknet_1_0__leaf_clk_i (net)
                      0.028983    0.001296    0.207876 ^ _40_/CLK (sky130_fd_sc_hd__dfxtp_4)
     7    0.051674    0.115345    0.272561    0.480437 ^ _40_/Q (sky130_fd_sc_hd__dfxtp_4)
                                                         counter_val_o[0] (net)
                      0.115488    0.003617    0.484054 ^ counter_val_o[0] (out)
                                              0.484054   data arrival time

                                 20.000000   20.000000   clock clk_i (rise edge)
                                  0.000000   20.000000   clock network delay (propagated)
                                 -0.100000   19.900000   clock uncertainty
                                  0.000000   19.900000   clock reconvergence pessimism
                                 -4.000000   15.900000   output external delay
                                             15.900000   data required time
---------------------------------------------------------------------------------------------
                                             15.900000   data required time
                                             -0.484054   data arrival time
---------------------------------------------------------------------------------------------
                                             15.415946   slack (MET)


Startpoint: _41_ (rising edge-triggered flip-flop clocked by clk_i)
Endpoint: counter_val_o[1] (output port clocked by clk_i)
Path Group: clk_i
Path Type: max

Fanout         Cap        Slew       Delay        Time   Description
---------------------------------------------------------------------------------------------
                                  0.000000    0.000000   clock clk_i (rise edge)
                                  0.000000    0.000000   clock source latency
     1    0.013470    0.050175    0.033886    0.033886 ^ clk_i (in)
                                                         clk_i (net)
                      0.050197    0.000000    0.033886 ^ clkbuf_0_clk_i/A (sky130_fd_sc_hd__clkbuf_16)
     2    0.019753    0.031073    0.089482    0.123369 ^ clkbuf_0_clk_i/X (sky130_fd_sc_hd__clkbuf_16)
                                                         clknet_0_clk_i (net)
                      0.031094    0.001286    0.124655 ^ clkbuf_1_0__f_clk_i/A (sky130_fd_sc_hd__clkbuf_16)
     5    0.016654    0.028963    0.081925    0.206580 ^ clkbuf_1_0__f_clk_i/X (sky130_fd_sc_hd__clkbuf_16)
                                                         clknet_1_0__leaf_clk_i (net)
                      0.028986    0.001377    0.207957 ^ _41_/CLK (sky130_fd_sc_hd__dfxtp_4)
     6    0.049080    0.109647    0.269805    0.477762 ^ _41_/Q (sky130_fd_sc_hd__dfxtp_4)
                                                         counter_val_o[1] (net)
                      0.109688    0.001983    0.479745 ^ counter_val_o[1] (out)
                                              0.479745   data arrival time

                                 20.000000   20.000000   clock clk_i (rise edge)
                                  0.000000   20.000000   clock network delay (propagated)
                                 -0.100000   19.900000   clock uncertainty
                                  0.000000   19.900000   clock reconvergence pessimism
                                 -4.000000   15.900000   output external delay
                                             15.900000   data required time
---------------------------------------------------------------------------------------------
                                             15.900000   data required time
                                             -0.479745   data arrival time
---------------------------------------------------------------------------------------------
                                             15.420254   slack (MET)


Startpoint: _38_ (rising edge-triggered flip-flop clocked by clk_i)
Endpoint: counter_val_o[6] (output port clocked by clk_i)
Path Group: clk_i
Path Type: max

Fanout         Cap        Slew       Delay        Time   Description
---------------------------------------------------------------------------------------------
                                  0.000000    0.000000   clock clk_i (rise edge)
                                  0.000000    0.000000   clock source latency
     1    0.013470    0.050175    0.033886    0.033886 ^ clk_i (in)
                                                         clk_i (net)
                      0.050197    0.000000    0.033886 ^ clkbuf_0_clk_i/A (sky130_fd_sc_hd__clkbuf_16)
     2    0.019753    0.031073    0.089482    0.123369 ^ clkbuf_0_clk_i/X (sky130_fd_sc_hd__clkbuf_16)
                                                         clknet_0_clk_i (net)
                      0.031096    0.001319    0.124687 ^ clkbuf_1_1__f_clk_i/A (sky130_fd_sc_hd__clkbuf_16)
     4    0.013980    0.027197    0.080177    0.204864 ^ clkbuf_1_1__f_clk_i/X (sky130_fd_sc_hd__clkbuf_16)
                                                         clknet_1_1__leaf_clk_i (net)
                      0.027211    0.001089    0.205954 ^ _38_/CLK (sky130_fd_sc_hd__dfxtp_4)
     5    0.046574    0.105121    0.263807    0.469761 ^ _38_/Q (sky130_fd_sc_hd__dfxtp_4)
                                                         counter_val_o[6] (net)
                      0.105441    0.005031    0.474791 ^ counter_val_o[6] (out)
                                              0.474791   data arrival time

                                 20.000000   20.000000   clock clk_i (rise edge)
                                  0.000000   20.000000   clock network delay (propagated)
                                 -0.100000   19.900000   clock uncertainty
                                  0.000000   19.900000   clock reconvergence pessimism
                                 -4.000000   15.900000   output external delay
                                             15.900000   data required time
---------------------------------------------------------------------------------------------
                                             15.900000   data required time
                                             -0.474791   data arrival time
---------------------------------------------------------------------------------------------
                                             15.425208   slack (MET)


Startpoint: _44_ (rising edge-triggered flip-flop clocked by clk_i)
Endpoint: counter_val_o[4] (output port clocked by clk_i)
Path Group: clk_i
Path Type: max

Fanout         Cap        Slew       Delay        Time   Description
---------------------------------------------------------------------------------------------
                                  0.000000    0.000000   clock clk_i (rise edge)
                                  0.000000    0.000000   clock source latency
     1    0.013470    0.050175    0.033886    0.033886 ^ clk_i (in)
                                                         clk_i (net)
                      0.050197    0.000000    0.033886 ^ clkbuf_0_clk_i/A (sky130_fd_sc_hd__clkbuf_16)
     2    0.019753    0.031073    0.089482    0.123369 ^ clkbuf_0_clk_i/X (sky130_fd_sc_hd__clkbuf_16)
                                                         clknet_0_clk_i (net)
                      0.031096    0.001319    0.124687 ^ clkbuf_1_1__f_clk_i/A (sky130_fd_sc_hd__clkbuf_16)
     4    0.013980    0.027197    0.080177    0.204864 ^ clkbuf_1_1__f_clk_i/X (sky130_fd_sc_hd__clkbuf_16)
                                                         clknet_1_1__leaf_clk_i (net)
                      0.027209    0.001017    0.205881 ^ _44_/CLK (sky130_fd_sc_hd__dfxtp_4)
     5    0.046716    0.105394    0.265080    0.470961 ^ _44_/Q (sky130_fd_sc_hd__dfxtp_4)
                                                         counter_val_o[4] (net)
                      0.105525    0.003319    0.474280 ^ counter_val_o[4] (out)
                                              0.474280   data arrival time

                                 20.000000   20.000000   clock clk_i (rise edge)
                                  0.000000   20.000000   clock network delay (propagated)
                                 -0.100000   19.900000   clock uncertainty
                                  0.000000   19.900000   clock reconvergence pessimism
                                 -4.000000   15.900000   output external delay
                                             15.900000   data required time
---------------------------------------------------------------------------------------------
                                             15.900000   data required time
                                             -0.474280   data arrival time
---------------------------------------------------------------------------------------------
                                             15.425720   slack (MET)


Startpoint: _42_ (rising edge-triggered flip-flop clocked by clk_i)
Endpoint: counter_val_o[2] (output port clocked by clk_i)
Path Group: clk_i
Path Type: max

Fanout         Cap        Slew       Delay        Time   Description
---------------------------------------------------------------------------------------------
                                  0.000000    0.000000   clock clk_i (rise edge)
                                  0.000000    0.000000   clock source latency
     1    0.013470    0.050175    0.033886    0.033886 ^ clk_i (in)
                                                         clk_i (net)
                      0.050197    0.000000    0.033886 ^ clkbuf_0_clk_i/A (sky130_fd_sc_hd__clkbuf_16)
     2    0.019753    0.031073    0.089482    0.123369 ^ clkbuf_0_clk_i/X (sky130_fd_sc_hd__clkbuf_16)
                                                         clknet_0_clk_i (net)
                      0.031094    0.001286    0.124655 ^ clkbuf_1_0__f_clk_i/A (sky130_fd_sc_hd__clkbuf_16)
     5    0.016654    0.028963    0.081925    0.206580 ^ clkbuf_1_0__f_clk_i/X (sky130_fd_sc_hd__clkbuf_16)
                                                         clknet_1_0__leaf_clk_i (net)
                      0.028985    0.001374    0.207953 ^ _42_/CLK (sky130_fd_sc_hd__dfxtp_4)
     4    0.042539    0.097010    0.259630    0.467583 ^ _42_/Q (sky130_fd_sc_hd__dfxtp_4)
                                                         counter_val_o[2] (net)
                      0.097136    0.003116    0.470699 ^ counter_val_o[2] (out)
                                              0.470699   data arrival time

                                 20.000000   20.000000   clock clk_i (rise edge)
                                  0.000000   20.000000   clock network delay (propagated)
                                 -0.100000   19.900000   clock uncertainty
                                  0.000000   19.900000   clock reconvergence pessimism
                                 -4.000000   15.900000   output external delay
                                             15.900000   data required time
---------------------------------------------------------------------------------------------
                                             15.900000   data required time
                                             -0.470699   data arrival time
---------------------------------------------------------------------------------------------
                                             15.429301   slack (MET)


Startpoint: rst_i (input port clocked by clk_i)
Endpoint: _43_ (rising edge-triggered flip-flop clocked by clk_i)
Path Group: clk_i
Path Type: max

Fanout         Cap        Slew       Delay        Time   Description
---------------------------------------------------------------------------------------------
                                  0.000000    0.000000   clock clk_i (rise edge)
                                  0.000000    0.000000   clock network delay (propagated)
                                  4.000000    4.000000 ^ input external delay
     1    0.002840    0.014062    0.007379    4.007379 ^ rst_i (in)
                                                         rst_i (net)
                      0.014063    0.000000    4.007379 ^ input1/A (sky130_fd_sc_hd__buf_2)
     8    0.038762    0.144520    0.141113    4.148491 ^ input1/X (sky130_fd_sc_hd__buf_2)
                                                         net1 (net)
                      0.144591    0.002664    4.151155 ^ _32_/A (sky130_fd_sc_hd__nor2_1)
     1    0.004300    0.043121    0.040269    4.191424 v _32_/Y (sky130_fd_sc_hd__nor2_1)
                                                         _16_ (net)
                      0.043122    0.000309    4.191732 v _33_/B1 (sky130_fd_sc_hd__o21a_1)
     1    0.003287    0.026558    0.066294    4.258027 v _33_/X (sky130_fd_sc_hd__o21a_1)
                                                         _05_ (net)
                      0.026558    0.000215    4.258242 v _43_/D (sky130_fd_sc_hd__dfxtp_2)
                                              4.258242   data arrival time

                                 20.000000   20.000000   clock clk_i (rise edge)
                                  0.000000   20.000000   clock source latency
     1    0.013470    0.050175    0.033886   20.033886 ^ clk_i (in)
                                                         clk_i (net)
                      0.050197    0.000000   20.033886 ^ clkbuf_0_clk_i/A (sky130_fd_sc_hd__clkbuf_16)
     2    0.019753    0.031073    0.089482   20.123369 ^ clkbuf_0_clk_i/X (sky130_fd_sc_hd__clkbuf_16)
                                                         clknet_0_clk_i (net)
                      0.031094    0.001286   20.124655 ^ clkbuf_1_0__f_clk_i/A (sky130_fd_sc_hd__clkbuf_16)
     5    0.016654    0.028963    0.081926   20.206579 ^ clkbuf_1_0__f_clk_i/X (sky130_fd_sc_hd__clkbuf_16)
                                                         clknet_1_0__leaf_clk_i (net)
                      0.028983    0.001291   20.207872 ^ _43_/CLK (sky130_fd_sc_hd__dfxtp_2)
                                 -0.100000   20.107872   clock uncertainty
                                  0.000000   20.107872   clock reconvergence pessimism
                                 -0.069570   20.038300   library setup time
                                             20.038300   data required time
---------------------------------------------------------------------------------------------
                                             20.038300   data required time
                                             -4.258242   data arrival time
---------------------------------------------------------------------------------------------
                                             15.780059   slack (MET)


Startpoint: rst_i (input port clocked by clk_i)
Endpoint: _39_ (rising edge-triggered flip-flop clocked by clk_i)
Path Group: clk_i
Path Type: max

Fanout         Cap        Slew       Delay        Time   Description
---------------------------------------------------------------------------------------------
                                  0.000000    0.000000   clock clk_i (rise edge)
                                  0.000000    0.000000   clock network delay (propagated)
                                  4.000000    4.000000 ^ input external delay
     1    0.002840    0.014062    0.007379    4.007379 ^ rst_i (in)
                                                         rst_i (net)
                      0.014063    0.000000    4.007379 ^ input1/A (sky130_fd_sc_hd__buf_2)
     8    0.038762    0.144520    0.141113    4.148491 ^ input1/X (sky130_fd_sc_hd__buf_2)
                                                         net1 (net)
                      0.144786    0.005068    4.153559 ^ _25_/B1 (sky130_fd_sc_hd__a31o_1)
     1    0.004292    0.041309    0.067609    4.221168 ^ _25_/X (sky130_fd_sc_hd__a31o_1)
                                                         _13_ (net)
                      0.041310    0.000275    4.221443 ^ _26_/B (sky130_fd_sc_hd__nor2_1)
     1    0.002318    0.027754    0.020995    4.242438 v _26_/Y (sky130_fd_sc_hd__nor2_1)
                                                         _01_ (net)
                      0.027755    0.000158    4.242596 v _39_/D (sky130_fd_sc_hd__dfxtp_2)
                                              4.242596   data arrival time

                                 20.000000   20.000000   clock clk_i (rise edge)
                                  0.000000   20.000000   clock source latency
     1    0.013470    0.050175    0.033886   20.033886 ^ clk_i (in)
                                                         clk_i (net)
                      0.050197    0.000000   20.033886 ^ clkbuf_0_clk_i/A (sky130_fd_sc_hd__clkbuf_16)
     2    0.019753    0.031073    0.089482   20.123369 ^ clkbuf_0_clk_i/X (sky130_fd_sc_hd__clkbuf_16)
                                                         clknet_0_clk_i (net)
                      0.031096    0.001320   20.124689 ^ clkbuf_1_1__f_clk_i/A (sky130_fd_sc_hd__clkbuf_16)
     4    0.013980    0.027197    0.080176   20.204865 ^ clkbuf_1_1__f_clk_i/X (sky130_fd_sc_hd__clkbuf_16)
                                                         clknet_1_1__leaf_clk_i (net)
                      0.027213    0.001162   20.206026 ^ _39_/CLK (sky130_fd_sc_hd__dfxtp_2)
                                 -0.100000   20.106026   clock uncertainty
                                  0.000000   20.106026   clock reconvergence pessimism
                                 -0.070168   20.035858   library setup time
                                             20.035858   data required time
---------------------------------------------------------------------------------------------
                                             20.035858   data required time
                                             -4.242596   data arrival time
---------------------------------------------------------------------------------------------
                                             15.793262   slack (MET)


Startpoint: rst_i (input port clocked by clk_i)
Endpoint: _44_ (rising edge-triggered flip-flop clocked by clk_i)
Path Group: clk_i
Path Type: max

Fanout         Cap        Slew       Delay        Time   Description
---------------------------------------------------------------------------------------------
                                  0.000000    0.000000   clock clk_i (rise edge)
                                  0.000000    0.000000   clock network delay (propagated)
                                  4.000000    4.000000 ^ input external delay
     1    0.002840    0.014062    0.007379    4.007379 ^ rst_i (in)
                                                         rst_i (net)
                      0.014063    0.000000    4.007379 ^ input1/A (sky130_fd_sc_hd__buf_2)
     8    0.038762    0.144520    0.141113    4.148491 ^ input1/X (sky130_fd_sc_hd__buf_2)
                                                         net1 (net)
                      0.144784    0.005050    4.153541 ^ _34_/B1 (sky130_fd_sc_hd__a21oi_1)
     1    0.003478    0.041518    0.029327    4.182868 v _34_/Y (sky130_fd_sc_hd__a21oi_1)
                                                         _17_ (net)
                      0.041518    0.000226    4.183095 v _35_/B1 (sky130_fd_sc_hd__o21a_1)
     1    0.002116    0.022875    0.061743    4.244837 v _35_/X (sky130_fd_sc_hd__o21a_1)
                                                         _06_ (net)
                      0.022875    0.000151    4.244987 v _44_/D (sky130_fd_sc_hd__dfxtp_4)
                                              4.244987   data arrival time

                                 20.000000   20.000000   clock clk_i (rise edge)
                                  0.000000   20.000000   clock source latency
     1    0.013470    0.050175    0.033886   20.033886 ^ clk_i (in)
                                                         clk_i (net)
                      0.050197    0.000000   20.033886 ^ clkbuf_0_clk_i/A (sky130_fd_sc_hd__clkbuf_16)
     2    0.019753    0.031073    0.089482   20.123369 ^ clkbuf_0_clk_i/X (sky130_fd_sc_hd__clkbuf_16)
                                                         clknet_0_clk_i (net)
                      0.031096    0.001320   20.124689 ^ clkbuf_1_1__f_clk_i/A (sky130_fd_sc_hd__clkbuf_16)
     4    0.013980    0.027197    0.080176   20.204865 ^ clkbuf_1_1__f_clk_i/X (sky130_fd_sc_hd__clkbuf_16)
                                                         clknet_1_1__leaf_clk_i (net)
                      0.027209    0.001018   20.205881 ^ _44_/CLK (sky130_fd_sc_hd__dfxtp_4)
                                 -0.100000   20.105883   clock uncertainty
                                  0.000000   20.105883   clock reconvergence pessimism
                                 -0.067270   20.038610   library setup time
                                             20.038610   data required time
---------------------------------------------------------------------------------------------
                                             20.038610   data required time
                                             -4.244987   data arrival time
---------------------------------------------------------------------------------------------
                                             15.793625   slack (MET)


Startpoint: rst_i (input port clocked by clk_i)
Endpoint: _38_ (rising edge-triggered flip-flop clocked by clk_i)
Path Group: clk_i
Path Type: max

Fanout         Cap        Slew       Delay        Time   Description
---------------------------------------------------------------------------------------------
                                  0.000000    0.000000   clock clk_i (rise edge)
                                  0.000000    0.000000   clock network delay (propagated)
                                  4.000000    4.000000 ^ input external delay
     1    0.002840    0.014062    0.007379    4.007379 ^ rst_i (in)
                                                         rst_i (net)
                      0.014063    0.000000    4.007379 ^ input1/A (sky130_fd_sc_hd__buf_2)
     8    0.038762    0.144520    0.141113    4.148491 ^ input1/X (sky130_fd_sc_hd__buf_2)
                                                         net1 (net)
                      0.144804    0.005231    4.153722 ^ _22_/B1 (sky130_fd_sc_hd__a21oi_1)
     1    0.002805    0.040732    0.025767    4.179489 v _22_/Y (sky130_fd_sc_hd__a21oi_1)
                                                         _11_ (net)
                      0.040732    0.000133    4.179623 v _23_/B1 (sky130_fd_sc_hd__o21a_1)
     1    0.002877    0.025195    0.063926    4.243549 v _23_/X (sky130_fd_sc_hd__o21a_1)
                                                         _00_ (net)
                      0.025209    0.000181    4.243730 v _38_/D (sky130_fd_sc_hd__dfxtp_4)
                                              4.243730   data arrival time

                                 20.000000   20.000000   clock clk_i (rise edge)
                                  0.000000   20.000000   clock source latency
     1    0.013470    0.050175    0.033886   20.033886 ^ clk_i (in)
                                                         clk_i (net)
                      0.050197    0.000000   20.033886 ^ clkbuf_0_clk_i/A (sky130_fd_sc_hd__clkbuf_16)
     2    0.019753    0.031073    0.089482   20.123369 ^ clkbuf_0_clk_i/X (sky130_fd_sc_hd__clkbuf_16)
                                                         clknet_0_clk_i (net)
                      0.031096    0.001320   20.124689 ^ clkbuf_1_1__f_clk_i/A (sky130_fd_sc_hd__clkbuf_16)
     4    0.013980    0.027197    0.080176   20.204865 ^ clkbuf_1_1__f_clk_i/X (sky130_fd_sc_hd__clkbuf_16)
                                                         clknet_1_1__leaf_clk_i (net)
                      0.027211    0.001091   20.205956 ^ _38_/CLK (sky130_fd_sc_hd__dfxtp_4)
                                 -0.100000   20.105955   clock uncertainty
                                  0.000000   20.105955   clock reconvergence pessimism
                                 -0.068093   20.037861   library setup time
                                             20.037861   data required time
---------------------------------------------------------------------------------------------
                                             20.037861   data required time
                                             -4.243730   data arrival time
---------------------------------------------------------------------------------------------
                                             15.794132   slack (MET)


Startpoint: rst_i (input port clocked by clk_i)
Endpoint: _41_ (rising edge-triggered flip-flop clocked by clk_i)
Path Group: clk_i
Path Type: max

Fanout         Cap        Slew       Delay        Time   Description
---------------------------------------------------------------------------------------------
                                  0.000000    0.000000   clock clk_i (rise edge)
                                  0.000000    0.000000   clock network delay (propagated)
                                  4.000000    4.000000 ^ input external delay
     1    0.002840    0.014062    0.007379    4.007379 ^ rst_i (in)
                                                         rst_i (net)
                      0.014063    0.000000    4.007379 ^ input1/A (sky130_fd_sc_hd__buf_2)
     8    0.038762    0.144520    0.141113    4.148491 ^ input1/X (sky130_fd_sc_hd__buf_2)
                                                         net1 (net)
                      0.144581    0.002475    4.150966 ^ _28_/B1 (sky130_fd_sc_hd__a21oi_1)
     1    0.003264    0.042856    0.028274    4.179241 v _28_/Y (sky130_fd_sc_hd__a21oi_1)
                                                         _14_ (net)
                      0.042856    0.000222    4.179463 v _29_/B1 (sky130_fd_sc_hd__o21a_1)
     1    0.002161    0.022994    0.062474    4.241937 v _29_/X (sky130_fd_sc_hd__o21a_1)
                                                         _03_ (net)
                      0.022994    0.000143    4.242080 v _41_/D (sky130_fd_sc_hd__dfxtp_4)
                                              4.242080   data arrival time

                                 20.000000   20.000000   clock clk_i (rise edge)
                                  0.000000   20.000000   clock source latency
     1    0.013470    0.050175    0.033886   20.033886 ^ clk_i (in)
                                                         clk_i (net)
                      0.050197    0.000000   20.033886 ^ clkbuf_0_clk_i/A (sky130_fd_sc_hd__clkbuf_16)
     2    0.019753    0.031073    0.089482   20.123369 ^ clkbuf_0_clk_i/X (sky130_fd_sc_hd__clkbuf_16)
                                                         clknet_0_clk_i (net)
                      0.031094    0.001286   20.124655 ^ clkbuf_1_0__f_clk_i/A (sky130_fd_sc_hd__clkbuf_16)
     5    0.016654    0.028963    0.081926   20.206579 ^ clkbuf_1_0__f_clk_i/X (sky130_fd_sc_hd__clkbuf_16)
                                                         clknet_1_0__leaf_clk_i (net)
                      0.028986    0.001377   20.207956 ^ _41_/CLK (sky130_fd_sc_hd__dfxtp_4)
                                 -0.100000   20.107956   clock uncertainty
                                  0.000000   20.107956   clock reconvergence pessimism
                                 -0.067155   20.040802   library setup time
                                             20.040802   data required time
---------------------------------------------------------------------------------------------
                                             20.040802   data required time
                                             -4.242080   data arrival time
---------------------------------------------------------------------------------------------
                                             15.798723   slack (MET)


Startpoint: rst_i (input port clocked by clk_i)
Endpoint: _45_ (rising edge-triggered flip-flop clocked by clk_i)
Path Group: clk_i
Path Type: max

Fanout         Cap        Slew       Delay        Time   Description
---------------------------------------------------------------------------------------------
                                  0.000000    0.000000   clock clk_i (rise edge)
                                  0.000000    0.000000   clock network delay (propagated)
                                  4.000000    4.000000 v input external delay
     1    0.002681    0.004542    0.002206    4.002206 v rst_i (in)
                                                         rst_i (net)
                      0.004545    0.000000    4.002206 v input1/A (sky130_fd_sc_hd__buf_2)
     8    0.036724    0.067294    0.108757    4.110962 v input1/X (sky130_fd_sc_hd__buf_2)
                                                         net1 (net)
                      0.067749    0.004521    4.115484 v _37_/A (sky130_fd_sc_hd__nor3_1)
     1    0.002926    0.102387    0.128909    4.244393 ^ _37_/Y (sky130_fd_sc_hd__nor3_1)
                                                         _07_ (net)
                      0.102387    0.000197    4.244590 ^ _45_/D (sky130_fd_sc_hd__dfxtp_2)
                                              4.244590   data arrival time

                                 20.000000   20.000000   clock clk_i (rise edge)
                                  0.000000   20.000000   clock source latency
     1    0.013470    0.050175    0.033886   20.033886 ^ clk_i (in)
                                                         clk_i (net)
                      0.050197    0.000000   20.033886 ^ clkbuf_0_clk_i/A (sky130_fd_sc_hd__clkbuf_16)
     2    0.019753    0.031073    0.089482   20.123369 ^ clkbuf_0_clk_i/X (sky130_fd_sc_hd__clkbuf_16)
                                                         clknet_0_clk_i (net)
                      0.031096    0.001320   20.124689 ^ clkbuf_1_1__f_clk_i/A (sky130_fd_sc_hd__clkbuf_16)
     4    0.013980    0.027197    0.080176   20.204865 ^ clkbuf_1_1__f_clk_i/X (sky130_fd_sc_hd__clkbuf_16)
                                                         clknet_1_1__leaf_clk_i (net)
                      0.027207    0.000945   20.205809 ^ _45_/CLK (sky130_fd_sc_hd__dfxtp_2)
                                 -0.100000   20.105808   clock uncertainty
                                  0.000000   20.105808   clock reconvergence pessimism
                                 -0.038550   20.067261   library setup time
                                             20.067261   data required time
---------------------------------------------------------------------------------------------
                                             20.067261   data required time
                                             -4.244590   data arrival time
---------------------------------------------------------------------------------------------
                                             15.822670   slack (MET)


Startpoint: rst_i (input port clocked by clk_i)
Endpoint: _42_ (rising edge-triggered flip-flop clocked by clk_i)
Path Group: clk_i
Path Type: max

Fanout         Cap        Slew       Delay        Time   Description
---------------------------------------------------------------------------------------------
                                  0.000000    0.000000   clock clk_i (rise edge)
                                  0.000000    0.000000   clock network delay (propagated)
                                  4.000000    4.000000 v input external delay
     1    0.002681    0.004542    0.002206    4.002206 v rst_i (in)
                                                         rst_i (net)
                      0.004545    0.000000    4.002206 v input1/A (sky130_fd_sc_hd__buf_2)
     8    0.036724    0.067294    0.108757    4.110962 v input1/X (sky130_fd_sc_hd__buf_2)
                                                         net1 (net)
                      0.067348    0.001611    4.112574 v _31_/A (sky130_fd_sc_hd__nor3_1)
     1    0.002591    0.096405    0.124181    4.236754 ^ _31_/Y (sky130_fd_sc_hd__nor3_1)
                                                         _04_ (net)
                      0.096405    0.000191    4.236945 ^ _42_/D (sky130_fd_sc_hd__dfxtp_4)
                                              4.236945   data arrival time

                                 20.000000   20.000000   clock clk_i (rise edge)
                                  0.000000   20.000000   clock source latency
     1    0.013470    0.050175    0.033886   20.033886 ^ clk_i (in)
                                                         clk_i (net)
                      0.050197    0.000000   20.033886 ^ clkbuf_0_clk_i/A (sky130_fd_sc_hd__clkbuf_16)
     2    0.019753    0.031073    0.089482   20.123369 ^ clkbuf_0_clk_i/X (sky130_fd_sc_hd__clkbuf_16)
                                                         clknet_0_clk_i (net)
                      0.031094    0.001286   20.124655 ^ clkbuf_1_0__f_clk_i/A (sky130_fd_sc_hd__clkbuf_16)
     5    0.016654    0.028963    0.081926   20.206579 ^ clkbuf_1_0__f_clk_i/X (sky130_fd_sc_hd__clkbuf_16)
                                                         clknet_1_0__leaf_clk_i (net)
                      0.028985    0.001373   20.207952 ^ _42_/CLK (sky130_fd_sc_hd__dfxtp_4)
                                 -0.100000   20.107954   clock uncertainty
                                  0.000000   20.107954   clock reconvergence pessimism
                                 -0.038166   20.069788   library setup time
                                             20.069788   data required time
---------------------------------------------------------------------------------------------
                                             20.069788   data required time
                                             -4.236945   data arrival time
---------------------------------------------------------------------------------------------
                                             15.832843   slack (MET)


Startpoint: rst_i (input port clocked by clk_i)
Endpoint: _40_ (rising edge-triggered flip-flop clocked by clk_i)
Path Group: clk_i
Path Type: max

Fanout         Cap        Slew       Delay        Time   Description
---------------------------------------------------------------------------------------------
                                  0.000000    0.000000   clock clk_i (rise edge)
                                  0.000000    0.000000   clock network delay (propagated)
                                  4.000000    4.000000 ^ input external delay
     1    0.002840    0.014062    0.007379    4.007379 ^ rst_i (in)
                                                         rst_i (net)
                      0.014063    0.000000    4.007379 ^ input1/A (sky130_fd_sc_hd__buf_2)
     8    0.038762    0.144520    0.141113    4.148491 ^ input1/X (sky130_fd_sc_hd__buf_2)
                                                         net1 (net)
                      0.144578    0.002412    4.150904 ^ _27_/B (sky130_fd_sc_hd__nor2_1)
     1    0.002172    0.032925    0.021510    4.172414 v _27_/Y (sky130_fd_sc_hd__nor2_1)
                                                         _02_ (net)
                      0.032926    0.000144    4.172558 v _40_/D (sky130_fd_sc_hd__dfxtp_4)
                                              4.172558   data arrival time

                                 20.000000   20.000000   clock clk_i (rise edge)
                                  0.000000   20.000000   clock source latency
     1    0.013470    0.050175    0.033886   20.033886 ^ clk_i (in)
                                                         clk_i (net)
                      0.050197    0.000000   20.033886 ^ clkbuf_0_clk_i/A (sky130_fd_sc_hd__clkbuf_16)
     2    0.019753    0.031073    0.089482   20.123369 ^ clkbuf_0_clk_i/X (sky130_fd_sc_hd__clkbuf_16)
                                                         clknet_0_clk_i (net)
                      0.031094    0.001286   20.124655 ^ clkbuf_1_0__f_clk_i/A (sky130_fd_sc_hd__clkbuf_16)
     5    0.016654    0.028963    0.081926   20.206579 ^ clkbuf_1_0__f_clk_i/X (sky130_fd_sc_hd__clkbuf_16)
                                                         clknet_1_0__leaf_clk_i (net)
                      0.028983    0.001297   20.207876 ^ _40_/CLK (sky130_fd_sc_hd__dfxtp_4)
                                 -0.100000   20.107878   clock uncertainty
                                  0.000000   20.107878   clock reconvergence pessimism
                                 -0.070654   20.037222   library setup time
                                             20.037222   data required time
---------------------------------------------------------------------------------------------
                                             20.037222   data required time
                                             -4.172558   data arrival time
---------------------------------------------------------------------------------------------
                                             15.864665   slack (MET)



