                                                                        Cells by Master                                                                         
┏━━━━━━━━━━━━━━━━━━━━━━━━━━━━━━━━━━━━━━━━━━━━━━━━━━━━━━━━━━━━━━━━━━━━━━━━━━━━━━━━━━━━━━━━━━━━━━━━━━━━━━━━━━━━━━━━━━━━━━━━━━━━━━━━━┳━━━━━━━━━━━━━━━━━━━━━━━━━━━━┓
┃ Cell                                                                                                                            ┃ Count                      ┃
┡━━━━━━━━━━━━━━━━━━━━━━━━━━━━━━━━━━━━━━━━━━━━━━━━━━━━━━━━━━━━━━━━━━━━━━━━━━━━━━━━━━━━━━━━━━━━━━━━━━━━━━━━━━━━━━━━━━━━━━━━━━━━━━━━━╇━━━━━━━━━━━━━━━━━━━━━━━━━━━━┩
│ sky130_fd_sc_hd__a21oi_1                                                                                                        │ 6                          │
│ sky130_fd_sc_hd__a31o_1                                                                                                         │ 1                          │
│ sky130_fd_sc_hd__and3_1                                                                                                         │ 2                          │
│ sky130_fd_sc_hd__and4_2                                                                                                         │ 1                          │
│ sky130_fd_sc_hd__buf_2                                                                                                          │ 1                          │
│ sky130_fd_sc_hd__clkbuf_16                                                                                                      │ 3                          │
│ sky130_fd_sc_hd__clkbuf_4                                                                                                       │ 1                          │
│ sky130_fd_sc_hd__decap_3                                                                                                        │ 3543                       │
│ sky130_fd_sc_hd__dfxtp_2                                                                                                        │ 3                          │
│ sky130_fd_sc_hd__dfxtp_4                                                                                                        │ 5                          │
│ sky130_fd_sc_hd__dlygate4sd3_1                                                                                                  │ 1                          │
│ sky130_fd_sc_hd__fill_1                                                                                                         │ 161                        │
│ sky130_fd_sc_hd__fill_2                                                                                                         │ 44                         │
│ sky130_fd_sc_hd__nor2_1                                                                                                         │ 3                          │
│ sky130_fd_sc_hd__nor3_1                                                                                                         │ 2                          │
│ sky130_fd_sc_hd__o21a_1                                                                                                         │ 4                          │
│ sky130_fd_sc_hd__tapvpwrvgnd_1                                                                                                  │ 198                        │
└─────────────────────────────────────────────────────────────────────────────────────────────────────────────────────────────────┴────────────────────────────┘
