Clock: clk_i
Sources: clk_i 
Generated: no
Virtual: yes
Propagated: no
Period: 20.000000

===========================================================================
report_clock_properties
============================================================================
Clock                   Period          Waveform
----------------------------------------------------
clk_i                20.000000    0.000000 10.000000

===========================================================================
report_clock_latency
============================================================================
Clock clk_i
rise -> rise
    min     max
0.000000 0.000000 source latency
0.297889         network latency _45_/CLK
        0.300695 network latency _41_/CLK
---------------
0.297889 0.300695 latency
        0.002806 skew

fall -> fall
    min     max
0.000000 0.000000 source latency
0.296498         network latency _45_/CLK
        0.298723 network latency _41_/CLK
---------------
0.296498 0.298723 latency
        0.002225 skew



===========================================================================
report_clock_min_period
============================================================================
clk_i period_min = 1.48 fmax = 675.99
