
===========================================================================
report_checks -path_delay max (Setup)
============================================================================
======================= max_tt_025C_1v80 Corner ===================================

Startpoint: _43_ (rising edge-triggered flip-flop clocked by clk_i)
Endpoint: counter_val_o[3] (output port clocked by clk_i)
Path Group: clk_i
Path Type: max

Fanout         Cap        Slew       Delay        Time   Description
---------------------------------------------------------------------------------------------
                                  0.000000    0.000000   clock clk_i (rise edge)
                                  0.000000    0.000000   clock source latency
     1    0.013401    0.066345    0.045342    0.045342 ^ clk_i (in)
                                                         clk_i (net)
                      0.066362    0.000000    0.045342 ^ clkbuf_0_clk_i/A (sky130_fd_sc_hd__clkbuf_16)
     2    0.019615    0.041511    0.132461    0.177803 ^ clkbuf_0_clk_i/X (sky130_fd_sc_hd__clkbuf_16)
                                                         clknet_0_clk_i (net)
                      0.041542    0.001277    0.179080 ^ clkbuf_1_0__f_clk_i/A (sky130_fd_sc_hd__clkbuf_16)
     5    0.016268    0.038685    0.120275    0.299355 ^ clkbuf_1_0__f_clk_i/X (sky130_fd_sc_hd__clkbuf_16)
                                                         clknet_1_0__leaf_clk_i (net)
                      0.038701    0.001258    0.300613 ^ _43_/CLK (sky130_fd_sc_hd__dfxtp_2)
     3    0.039384    0.201627    0.430735    0.731348 ^ _43_/Q (sky130_fd_sc_hd__dfxtp_2)
                                                         counter_val_o[3] (net)
                      0.201640    0.001788    0.733136 ^ counter_val_o[3] (out)
                                              0.733136   data arrival time

                                 20.000000   20.000000   clock clk_i (rise edge)
                                  0.000000   20.000000   clock network delay (propagated)
                                 -0.100000   19.900000   clock uncertainty
                                  0.000000   19.900000   clock reconvergence pessimism
                                 -4.000000   15.900000   output external delay
                                             15.900000   data required time
---------------------------------------------------------------------------------------------
                                             15.900000   data required time
                                             -0.733136   data arrival time
---------------------------------------------------------------------------------------------
                                             15.166863   slack (MET)


Startpoint: _39_ (rising edge-triggered flip-flop clocked by clk_i)
Endpoint: counter_val_o[7] (output port clocked by clk_i)
Path Group: clk_i
Path Type: max

Fanout         Cap        Slew       Delay        Time   Description
---------------------------------------------------------------------------------------------
                                  0.000000    0.000000   clock clk_i (rise edge)
                                  0.000000    0.000000   clock source latency
     1    0.013401    0.066345    0.045342    0.045342 ^ clk_i (in)
                                                         clk_i (net)
                      0.066362    0.000000    0.045342 ^ clkbuf_0_clk_i/A (sky130_fd_sc_hd__clkbuf_16)
     2    0.019615    0.041511    0.132461    0.177803 ^ clkbuf_0_clk_i/X (sky130_fd_sc_hd__clkbuf_16)
                                                         clknet_0_clk_i (net)
                      0.041545    0.001310    0.179113 ^ clkbuf_1_1__f_clk_i/A (sky130_fd_sc_hd__clkbuf_16)
     4    0.013646    0.036469    0.117855    0.296968 ^ clkbuf_1_1__f_clk_i/X (sky130_fd_sc_hd__clkbuf_16)
                                                         clknet_1_1__leaf_clk_i (net)
                      0.036473    0.001130    0.298098 ^ _39_/CLK (sky130_fd_sc_hd__dfxtp_2)
     3    0.040139    0.205328    0.432564    0.730662 ^ _39_/Q (sky130_fd_sc_hd__dfxtp_2)
                                                         counter_val_o[7] (net)
                      0.205340    0.001772    0.732433 ^ counter_val_o[7] (out)
                                              0.732433   data arrival time

                                 20.000000   20.000000   clock clk_i (rise edge)
                                  0.000000   20.000000   clock network delay (propagated)
                                 -0.100000   19.900000   clock uncertainty
                                  0.000000   19.900000   clock reconvergence pessimism
                                 -4.000000   15.900000   output external delay
                                             15.900000   data required time
---------------------------------------------------------------------------------------------
                                             15.900000   data required time
                                             -0.732433   data arrival time
---------------------------------------------------------------------------------------------
                                             15.167567   slack (MET)


Startpoint: _45_ (rising edge-triggered flip-flop clocked by clk_i)
Endpoint: counter_val_o[5] (output port clocked by clk_i)
Path Group: clk_i
Path Type: max

Fanout         Cap        Slew       Delay        Time   Description
---------------------------------------------------------------------------------------------
                                  0.000000    0.000000   clock clk_i (rise edge)
                                  0.000000    0.000000   clock source latency
     1    0.013401    0.066345    0.045342    0.045342 ^ clk_i (in)
                                                         clk_i (net)
                      0.066362    0.000000    0.045342 ^ clkbuf_0_clk_i/A (sky130_fd_sc_hd__clkbuf_16)
     2    0.019615    0.041511    0.132461    0.177803 ^ clkbuf_0_clk_i/X (sky130_fd_sc_hd__clkbuf_16)
                                                         clknet_0_clk_i (net)
                      0.041545    0.001310    0.179113 ^ clkbuf_1_1__f_clk_i/A (sky130_fd_sc_hd__clkbuf_16)
     4    0.013646    0.036469    0.117855    0.296968 ^ clkbuf_1_1__f_clk_i/X (sky130_fd_sc_hd__clkbuf_16)
                                                         clknet_1_1__leaf_clk_i (net)
                      0.036471    0.000921    0.297889 ^ _45_/CLK (sky130_fd_sc_hd__dfxtp_2)
     3    0.038994    0.199745    0.428653    0.726542 ^ _45_/Q (sky130_fd_sc_hd__dfxtp_2)
                                                         counter_val_o[5] (net)
                      0.199757    0.001719    0.728262 ^ counter_val_o[5] (out)
                                              0.728262   data arrival time

                                 20.000000   20.000000   clock clk_i (rise edge)
                                  0.000000   20.000000   clock network delay (propagated)
                                 -0.100000   19.900000   clock uncertainty
                                  0.000000   19.900000   clock reconvergence pessimism
                                 -4.000000   15.900000   output external delay
                                             15.900000   data required time
---------------------------------------------------------------------------------------------
                                             15.900000   data required time
                                             -0.728262   data arrival time
---------------------------------------------------------------------------------------------
                                             15.171738   slack (MET)


Startpoint: _40_ (rising edge-triggered flip-flop clocked by clk_i)
Endpoint: counter_val_o[0] (output port clocked by clk_i)
Path Group: clk_i
Path Type: max

Fanout         Cap        Slew       Delay        Time   Description
---------------------------------------------------------------------------------------------
                                  0.000000    0.000000   clock clk_i (rise edge)
                                  0.000000    0.000000   clock source latency
     1    0.013401    0.066345    0.045342    0.045342 ^ clk_i (in)
                                                         clk_i (net)
                      0.066362    0.000000    0.045342 ^ clkbuf_0_clk_i/A (sky130_fd_sc_hd__clkbuf_16)
     2    0.019615    0.041511    0.132461    0.177803 ^ clkbuf_0_clk_i/X (sky130_fd_sc_hd__clkbuf_16)
                                                         clknet_0_clk_i (net)
                      0.041542    0.001277    0.179080 ^ clkbuf_1_0__f_clk_i/A (sky130_fd_sc_hd__clkbuf_16)
     5    0.016268    0.038685    0.120275    0.299355 ^ clkbuf_1_0__f_clk_i/X (sky130_fd_sc_hd__clkbuf_16)
                                                         clknet_1_0__leaf_clk_i (net)
                      0.038701    0.001262    0.300617 ^ _40_/CLK (sky130_fd_sc_hd__dfxtp_4)
     7    0.051316    0.152946    0.422115    0.722732 ^ _40_/Q (sky130_fd_sc_hd__dfxtp_4)
                                                         counter_val_o[0] (net)
                      0.153048    0.003604    0.726336 ^ counter_val_o[0] (out)
                                              0.726336   data arrival time

                                 20.000000   20.000000   clock clk_i (rise edge)
                                  0.000000   20.000000   clock network delay (propagated)
                                 -0.100000   19.900000   clock uncertainty
                                  0.000000   19.900000   clock reconvergence pessimism
                                 -4.000000   15.900000   output external delay
                                             15.900000   data required time
---------------------------------------------------------------------------------------------
                                             15.900000   data required time
                                             -0.726336   data arrival time
---------------------------------------------------------------------------------------------
                                             15.173664   slack (MET)


Startpoint: _41_ (rising edge-triggered flip-flop clocked by clk_i)
Endpoint: counter_val_o[1] (output port clocked by clk_i)
Path Group: clk_i
Path Type: max

Fanout         Cap        Slew       Delay        Time   Description
---------------------------------------------------------------------------------------------
                                  0.000000    0.000000   clock clk_i (rise edge)
                                  0.000000    0.000000   clock source latency
     1    0.013401    0.066345    0.045342    0.045342 ^ clk_i (in)
                                                         clk_i (net)
                      0.066362    0.000000    0.045342 ^ clkbuf_0_clk_i/A (sky130_fd_sc_hd__clkbuf_16)
     2    0.019615    0.041511    0.132461    0.177803 ^ clkbuf_0_clk_i/X (sky130_fd_sc_hd__clkbuf_16)
                                                         clknet_0_clk_i (net)
                      0.041542    0.001277    0.179080 ^ clkbuf_1_0__f_clk_i/A (sky130_fd_sc_hd__clkbuf_16)
     5    0.016268    0.038685    0.120275    0.299355 ^ clkbuf_1_0__f_clk_i/X (sky130_fd_sc_hd__clkbuf_16)
                                                         clknet_1_0__leaf_clk_i (net)
                      0.038703    0.001340    0.300695 ^ _41_/CLK (sky130_fd_sc_hd__dfxtp_4)
     6    0.048899    0.147038    0.418275    0.718969 ^ _41_/Q (sky130_fd_sc_hd__dfxtp_4)
                                                         counter_val_o[1] (net)
                      0.147065    0.001978    0.720947 ^ counter_val_o[1] (out)
                                              0.720947   data arrival time

                                 20.000000   20.000000   clock clk_i (rise edge)
                                  0.000000   20.000000   clock network delay (propagated)
                                 -0.100000   19.900000   clock uncertainty
                                  0.000000   19.900000   clock reconvergence pessimism
                                 -4.000000   15.900000   output external delay
                                             15.900000   data required time
---------------------------------------------------------------------------------------------
                                             15.900000   data required time
                                             -0.720947   data arrival time
---------------------------------------------------------------------------------------------
                                             15.179053   slack (MET)


Startpoint: _38_ (rising edge-triggered flip-flop clocked by clk_i)
Endpoint: counter_val_o[6] (output port clocked by clk_i)
Path Group: clk_i
Path Type: max

Fanout         Cap        Slew       Delay        Time   Description
---------------------------------------------------------------------------------------------
                                  0.000000    0.000000   clock clk_i (rise edge)
                                  0.000000    0.000000   clock source latency
     1    0.013401    0.066345    0.045342    0.045342 ^ clk_i (in)
                                                         clk_i (net)
                      0.066362    0.000000    0.045342 ^ clkbuf_0_clk_i/A (sky130_fd_sc_hd__clkbuf_16)
     2    0.019615    0.041511    0.132461    0.177803 ^ clkbuf_0_clk_i/X (sky130_fd_sc_hd__clkbuf_16)
                                                         clknet_0_clk_i (net)
                      0.041545    0.001310    0.179113 ^ clkbuf_1_1__f_clk_i/A (sky130_fd_sc_hd__clkbuf_16)
     4    0.013646    0.036469    0.117855    0.296968 ^ clkbuf_1_1__f_clk_i/X (sky130_fd_sc_hd__clkbuf_16)
                                                         clknet_1_1__leaf_clk_i (net)
                      0.036472    0.001061    0.298029 ^ _38_/CLK (sky130_fd_sc_hd__dfxtp_4)
     5    0.046514    0.141089    0.410871    0.708900 ^ _38_/Q (sky130_fd_sc_hd__dfxtp_4)
                                                         counter_val_o[6] (net)
                      0.141319    0.005035    0.713935 ^ counter_val_o[6] (out)
                                              0.713935   data arrival time

                                 20.000000   20.000000   clock clk_i (rise edge)
                                  0.000000   20.000000   clock network delay (propagated)
                                 -0.100000   19.900000   clock uncertainty
                                  0.000000   19.900000   clock reconvergence pessimism
                                 -4.000000   15.900000   output external delay
                                             15.900000   data required time
---------------------------------------------------------------------------------------------
                                             15.900000   data required time
                                             -0.713935   data arrival time
---------------------------------------------------------------------------------------------
                                             15.186067   slack (MET)


Startpoint: _44_ (rising edge-triggered flip-flop clocked by clk_i)
Endpoint: counter_val_o[4] (output port clocked by clk_i)
Path Group: clk_i
Path Type: max

Fanout         Cap        Slew       Delay        Time   Description
---------------------------------------------------------------------------------------------
                                  0.000000    0.000000   clock clk_i (rise edge)
                                  0.000000    0.000000   clock source latency
     1    0.013401    0.066345    0.045342    0.045342 ^ clk_i (in)
                                                         clk_i (net)
                      0.066362    0.000000    0.045342 ^ clkbuf_0_clk_i/A (sky130_fd_sc_hd__clkbuf_16)
     2    0.019615    0.041511    0.132461    0.177803 ^ clkbuf_0_clk_i/X (sky130_fd_sc_hd__clkbuf_16)
                                                         clknet_0_clk_i (net)
                      0.041545    0.001310    0.179113 ^ clkbuf_1_1__f_clk_i/A (sky130_fd_sc_hd__clkbuf_16)
     4    0.013646    0.036469    0.117855    0.296968 ^ clkbuf_1_1__f_clk_i/X (sky130_fd_sc_hd__clkbuf_16)
                                                         clknet_1_1__leaf_clk_i (net)
                      0.036472    0.000990    0.297958 ^ _44_/CLK (sky130_fd_sc_hd__dfxtp_4)
     5    0.046577    0.140491    0.412128    0.710086 ^ _44_/Q (sky130_fd_sc_hd__dfxtp_4)
                                                         counter_val_o[4] (net)
                      0.140585    0.003314    0.713400 ^ counter_val_o[4] (out)
                                              0.713400   data arrival time

                                 20.000000   20.000000   clock clk_i (rise edge)
                                  0.000000   20.000000   clock network delay (propagated)
                                 -0.100000   19.900000   clock uncertainty
                                  0.000000   19.900000   clock reconvergence pessimism
                                 -4.000000   15.900000   output external delay
                                             15.900000   data required time
---------------------------------------------------------------------------------------------
                                             15.900000   data required time
                                             -0.713400   data arrival time
---------------------------------------------------------------------------------------------
                                             15.186601   slack (MET)


Startpoint: _42_ (rising edge-triggered flip-flop clocked by clk_i)
Endpoint: counter_val_o[2] (output port clocked by clk_i)
Path Group: clk_i
Path Type: max

Fanout         Cap        Slew       Delay        Time   Description
---------------------------------------------------------------------------------------------
                                  0.000000    0.000000   clock clk_i (rise edge)
                                  0.000000    0.000000   clock source latency
     1    0.013401    0.066345    0.045342    0.045342 ^ clk_i (in)
                                                         clk_i (net)
                      0.066362    0.000000    0.045342 ^ clkbuf_0_clk_i/A (sky130_fd_sc_hd__clkbuf_16)
     2    0.019615    0.041511    0.132461    0.177803 ^ clkbuf_0_clk_i/X (sky130_fd_sc_hd__clkbuf_16)
                                                         clknet_0_clk_i (net)
                      0.041542    0.001277    0.179080 ^ clkbuf_1_0__f_clk_i/A (sky130_fd_sc_hd__clkbuf_16)
     5    0.016268    0.038685    0.120275    0.299355 ^ clkbuf_1_0__f_clk_i/X (sky130_fd_sc_hd__clkbuf_16)
                                                         clknet_1_0__leaf_clk_i (net)
                      0.038703    0.001336    0.300691 ^ _42_/CLK (sky130_fd_sc_hd__dfxtp_4)
     4    0.042327    0.129360    0.404580    0.705271 ^ _42_/Q (sky130_fd_sc_hd__dfxtp_4)
                                                         counter_val_o[2] (net)
                      0.129449    0.003110    0.708380 ^ counter_val_o[2] (out)
                                              0.708380   data arrival time

                                 20.000000   20.000000   clock clk_i (rise edge)
                                  0.000000   20.000000   clock network delay (propagated)
                                 -0.100000   19.900000   clock uncertainty
                                  0.000000   19.900000   clock reconvergence pessimism
                                 -4.000000   15.900000   output external delay
                                             15.900000   data required time
---------------------------------------------------------------------------------------------
                                             15.900000   data required time
                                             -0.708380   data arrival time
---------------------------------------------------------------------------------------------
                                             15.191619   slack (MET)


Startpoint: rst_i (input port clocked by clk_i)
Endpoint: _39_ (rising edge-triggered flip-flop clocked by clk_i)
Path Group: clk_i
Path Type: max

Fanout         Cap        Slew       Delay        Time   Description
---------------------------------------------------------------------------------------------
                                  0.000000    0.000000   clock clk_i (rise edge)
                                  0.000000    0.000000   clock network delay (propagated)
                                  4.000000    4.000000 v input external delay
     1    0.002609    0.008176    0.004144    4.004144 v rst_i (in)
                                                         rst_i (net)
                      0.008177    0.000000    4.004144 v input1/A (sky130_fd_sc_hd__buf_2)
     8    0.036410    0.093162    0.166462    4.170607 v input1/X (sky130_fd_sc_hd__buf_2)
                                                         net1 (net)
                      0.093565    0.004722    4.175329 v _25_/B1 (sky130_fd_sc_hd__a31o_1)
     1    0.003987    0.042307    0.204083    4.379411 v _25_/X (sky130_fd_sc_hd__a31o_1)
                                                         _13_ (net)
                      0.042308    0.000249    4.379660 v _26_/B (sky130_fd_sc_hd__nor2_1)
     1    0.002209    0.067047    0.072931    4.452591 ^ _26_/Y (sky130_fd_sc_hd__nor2_1)
                                                         _01_ (net)
                      0.067048    0.000149    4.452741 ^ _39_/D (sky130_fd_sc_hd__dfxtp_2)
                                              4.452741   data arrival time

                                 20.000000   20.000000   clock clk_i (rise edge)
                                  0.000000   20.000000   clock source latency
     1    0.013401    0.066345    0.045342   20.045341 ^ clk_i (in)
                                                         clk_i (net)
                      0.066362    0.000000   20.045341 ^ clkbuf_0_clk_i/A (sky130_fd_sc_hd__clkbuf_16)
     2    0.019615    0.041511    0.132461   20.177803 ^ clkbuf_0_clk_i/X (sky130_fd_sc_hd__clkbuf_16)
                                                         clknet_0_clk_i (net)
                      0.041545    0.001309   20.179111 ^ clkbuf_1_1__f_clk_i/A (sky130_fd_sc_hd__clkbuf_16)
     4    0.013646    0.036469    0.117856   20.296968 ^ clkbuf_1_1__f_clk_i/X (sky130_fd_sc_hd__clkbuf_16)
                                                         clknet_1_1__leaf_clk_i (net)
                      0.036473    0.001130   20.298098 ^ _39_/CLK (sky130_fd_sc_hd__dfxtp_2)
                                 -0.100000   20.198097   clock uncertainty
                                  0.000000   20.198097   clock reconvergence pessimism
                                 -0.065332   20.132765   library setup time
                                             20.132765   data required time
---------------------------------------------------------------------------------------------
                                             20.132765   data required time
                                             -4.452741   data arrival time
---------------------------------------------------------------------------------------------
                                             15.680025   slack (MET)


Startpoint: rst_i (input port clocked by clk_i)
Endpoint: _43_ (rising edge-triggered flip-flop clocked by clk_i)
Path Group: clk_i
Path Type: max

Fanout         Cap        Slew       Delay        Time   Description
---------------------------------------------------------------------------------------------
                                  0.000000    0.000000   clock clk_i (rise edge)
                                  0.000000    0.000000   clock network delay (propagated)
                                  4.000000    4.000000 ^ input external delay
     1    0.002769    0.019598    0.010246    4.010246 ^ rst_i (in)
                                                         rst_i (net)
                      0.019598    0.000000    4.010246 ^ input1/A (sky130_fd_sc_hd__buf_2)
     8    0.038595    0.190510    0.200371    4.210617 ^ input1/X (sky130_fd_sc_hd__buf_2)
                                                         net1 (net)
                      0.190563    0.002653    4.213270 ^ _32_/A (sky130_fd_sc_hd__nor2_1)
     1    0.004252    0.055327    0.080989    4.294259 v _32_/Y (sky130_fd_sc_hd__nor2_1)
                                                         _16_ (net)
                      0.055327    0.000304    4.294563 v _33_/B1 (sky130_fd_sc_hd__o21a_1)
     1    0.003185    0.036923    0.104613    4.399177 v _33_/X (sky130_fd_sc_hd__o21a_1)
                                                         _05_ (net)
                      0.036923    0.000207    4.399383 v _43_/D (sky130_fd_sc_hd__dfxtp_2)
                                              4.399383   data arrival time

                                 20.000000   20.000000   clock clk_i (rise edge)
                                  0.000000   20.000000   clock source latency
     1    0.013401    0.066345    0.045342   20.045341 ^ clk_i (in)
                                                         clk_i (net)
                      0.066362    0.000000   20.045341 ^ clkbuf_0_clk_i/A (sky130_fd_sc_hd__clkbuf_16)
     2    0.019615    0.041511    0.132461   20.177803 ^ clkbuf_0_clk_i/X (sky130_fd_sc_hd__clkbuf_16)
                                                         clknet_0_clk_i (net)
                      0.041542    0.001277   20.179081 ^ clkbuf_1_0__f_clk_i/A (sky130_fd_sc_hd__clkbuf_16)
     5    0.016268    0.038685    0.120275   20.299356 ^ clkbuf_1_0__f_clk_i/X (sky130_fd_sc_hd__clkbuf_16)
                                                         clknet_1_0__leaf_clk_i (net)
                      0.038701    0.001258   20.300613 ^ _43_/CLK (sky130_fd_sc_hd__dfxtp_2)
                                 -0.100000   20.200613   clock uncertainty
                                  0.000000   20.200613   clock reconvergence pessimism
                                 -0.110830   20.089783   library setup time
                                             20.089783   data required time
---------------------------------------------------------------------------------------------
                                             20.089783   data required time
                                             -4.399383   data arrival time
---------------------------------------------------------------------------------------------
                                             15.690400   slack (MET)


Startpoint: rst_i (input port clocked by clk_i)
Endpoint: _44_ (rising edge-triggered flip-flop clocked by clk_i)
Path Group: clk_i
Path Type: max

Fanout         Cap        Slew       Delay        Time   Description
---------------------------------------------------------------------------------------------
                                  0.000000    0.000000   clock clk_i (rise edge)
                                  0.000000    0.000000   clock network delay (propagated)
                                  4.000000    4.000000 v input external delay
     1    0.002609    0.008176    0.004144    4.004144 v rst_i (in)
                                                         rst_i (net)
                      0.008177    0.000000    4.004144 v input1/A (sky130_fd_sc_hd__buf_2)
     8    0.036410    0.093162    0.166462    4.170607 v input1/X (sky130_fd_sc_hd__buf_2)
                                                         net1 (net)
                      0.093563    0.004708    4.175315 v _34_/B1 (sky130_fd_sc_hd__a21oi_1)
     1    0.003584    0.118432    0.138780    4.314095 ^ _34_/Y (sky130_fd_sc_hd__a21oi_1)
                                                         _17_ (net)
                      0.118432    0.000235    4.314330 ^ _35_/B1 (sky130_fd_sc_hd__o21a_1)
     1    0.002114    0.035909    0.125492    4.439822 ^ _35_/X (sky130_fd_sc_hd__o21a_1)
                                                         _06_ (net)
                      0.035920    0.000151    4.439972 ^ _44_/D (sky130_fd_sc_hd__dfxtp_4)
                                              4.439972   data arrival time

                                 20.000000   20.000000   clock clk_i (rise edge)
                                  0.000000   20.000000   clock source latency
     1    0.013401    0.066345    0.045342   20.045341 ^ clk_i (in)
                                                         clk_i (net)
                      0.066362    0.000000   20.045341 ^ clkbuf_0_clk_i/A (sky130_fd_sc_hd__clkbuf_16)
     2    0.019615    0.041511    0.132461   20.177803 ^ clkbuf_0_clk_i/X (sky130_fd_sc_hd__clkbuf_16)
                                                         clknet_0_clk_i (net)
                      0.041545    0.001309   20.179111 ^ clkbuf_1_1__f_clk_i/A (sky130_fd_sc_hd__clkbuf_16)
     4    0.013646    0.036469    0.117856   20.296968 ^ clkbuf_1_1__f_clk_i/X (sky130_fd_sc_hd__clkbuf_16)
                                                         clknet_1_1__leaf_clk_i (net)
                      0.036472    0.000989   20.297958 ^ _44_/CLK (sky130_fd_sc_hd__dfxtp_4)
                                 -0.100000   20.197958   clock uncertainty
                                  0.000000   20.197958   clock reconvergence pessimism
                                 -0.059263   20.138695   library setup time
                                             20.138695   data required time
---------------------------------------------------------------------------------------------
                                             20.138695   data required time
                                             -4.439972   data arrival time
---------------------------------------------------------------------------------------------
                                             15.698723   slack (MET)


Startpoint: rst_i (input port clocked by clk_i)
Endpoint: _38_ (rising edge-triggered flip-flop clocked by clk_i)
Path Group: clk_i
Path Type: max

Fanout         Cap        Slew       Delay        Time   Description
---------------------------------------------------------------------------------------------
                                  0.000000    0.000000   clock clk_i (rise edge)
                                  0.000000    0.000000   clock network delay (propagated)
                                  4.000000    4.000000 v input external delay
     1    0.002609    0.008176    0.004144    4.004144 v rst_i (in)
                                                         rst_i (net)
                      0.008177    0.000000    4.004144 v input1/A (sky130_fd_sc_hd__buf_2)
     8    0.036410    0.093162    0.166462    4.170607 v input1/X (sky130_fd_sc_hd__buf_2)
                                                         net1 (net)
                      0.093589    0.004872    4.175478 v _22_/B1 (sky130_fd_sc_hd__a21oi_1)
     1    0.002911    0.106392    0.129199    4.304677 ^ _22_/Y (sky130_fd_sc_hd__a21oi_1)
                                                         _11_ (net)
                      0.106392    0.000138    4.304815 ^ _23_/B1 (sky130_fd_sc_hd__o21a_1)
     1    0.002875    0.042002    0.127162    4.431977 ^ _23_/X (sky130_fd_sc_hd__o21a_1)
                                                         _00_ (net)
                      0.042002    0.000181    4.432158 ^ _38_/D (sky130_fd_sc_hd__dfxtp_4)
                                              4.432158   data arrival time

                                 20.000000   20.000000   clock clk_i (rise edge)
                                  0.000000   20.000000   clock source latency
     1    0.013401    0.066345    0.045342   20.045341 ^ clk_i (in)
                                                         clk_i (net)
                      0.066362    0.000000   20.045341 ^ clkbuf_0_clk_i/A (sky130_fd_sc_hd__clkbuf_16)
     2    0.019615    0.041511    0.132461   20.177803 ^ clkbuf_0_clk_i/X (sky130_fd_sc_hd__clkbuf_16)
                                                         clknet_0_clk_i (net)
                      0.041545    0.001309   20.179111 ^ clkbuf_1_1__f_clk_i/A (sky130_fd_sc_hd__clkbuf_16)
     4    0.013646    0.036469    0.117856   20.296968 ^ clkbuf_1_1__f_clk_i/X (sky130_fd_sc_hd__clkbuf_16)
                                                         clknet_1_1__leaf_clk_i (net)
                      0.036472    0.001060   20.298029 ^ _38_/CLK (sky130_fd_sc_hd__dfxtp_4)
                                 -0.100000   20.198029   clock uncertainty
                                  0.000000   20.198029   clock reconvergence pessimism
                                 -0.060715   20.137312   library setup time
                                             20.137312   data required time
---------------------------------------------------------------------------------------------
                                             20.137312   data required time
                                             -4.432158   data arrival time
---------------------------------------------------------------------------------------------
                                             15.705155   slack (MET)


Startpoint: rst_i (input port clocked by clk_i)
Endpoint: _41_ (rising edge-triggered flip-flop clocked by clk_i)
Path Group: clk_i
Path Type: max

Fanout         Cap        Slew       Delay        Time   Description
---------------------------------------------------------------------------------------------
                                  0.000000    0.000000   clock clk_i (rise edge)
                                  0.000000    0.000000   clock network delay (propagated)
                                  4.000000    4.000000 v input external delay
     1    0.002609    0.008176    0.004144    4.004144 v rst_i (in)
                                                         rst_i (net)
                      0.008177    0.000000    4.004144 v input1/A (sky130_fd_sc_hd__buf_2)
     8    0.036410    0.093162    0.166462    4.170607 v input1/X (sky130_fd_sc_hd__buf_2)
                                                         net1 (net)
                      0.093289    0.002316    4.172923 v _28_/B1 (sky130_fd_sc_hd__a21oi_1)
     1    0.003370    0.114597    0.135616    4.308539 ^ _28_/Y (sky130_fd_sc_hd__a21oi_1)
                                                         _14_ (net)
                      0.114597    0.000231    4.308770 ^ _29_/B1 (sky130_fd_sc_hd__o21a_1)
     1    0.002159    0.036443    0.124554    4.433324 ^ _29_/X (sky130_fd_sc_hd__o21a_1)
                                                         _03_ (net)
                      0.036455    0.000143    4.433467 ^ _41_/D (sky130_fd_sc_hd__dfxtp_4)
                                              4.433467   data arrival time

                                 20.000000   20.000000   clock clk_i (rise edge)
                                  0.000000   20.000000   clock source latency
     1    0.013401    0.066345    0.045342   20.045341 ^ clk_i (in)
                                                         clk_i (net)
                      0.066362    0.000000   20.045341 ^ clkbuf_0_clk_i/A (sky130_fd_sc_hd__clkbuf_16)
     2    0.019615    0.041511    0.132461   20.177803 ^ clkbuf_0_clk_i/X (sky130_fd_sc_hd__clkbuf_16)
                                                         clknet_0_clk_i (net)
                      0.041542    0.001277   20.179081 ^ clkbuf_1_0__f_clk_i/A (sky130_fd_sc_hd__clkbuf_16)
     5    0.016268    0.038685    0.120275   20.299356 ^ clkbuf_1_0__f_clk_i/X (sky130_fd_sc_hd__clkbuf_16)
                                                         clknet_1_0__leaf_clk_i (net)
                      0.038703    0.001339   20.300695 ^ _41_/CLK (sky130_fd_sc_hd__dfxtp_4)
                                 -0.100000   20.200695   clock uncertainty
                                  0.000000   20.200695   clock reconvergence pessimism
                                 -0.059062   20.141632   library setup time
                                             20.141632   data required time
---------------------------------------------------------------------------------------------
                                             20.141632   data required time
                                             -4.433467   data arrival time
---------------------------------------------------------------------------------------------
                                             15.708166   slack (MET)


Startpoint: rst_i (input port clocked by clk_i)
Endpoint: _45_ (rising edge-triggered flip-flop clocked by clk_i)
Path Group: clk_i
Path Type: max

Fanout         Cap        Slew       Delay        Time   Description
---------------------------------------------------------------------------------------------
                                  0.000000    0.000000   clock clk_i (rise edge)
                                  0.000000    0.000000   clock network delay (propagated)
                                  4.000000    4.000000 v input external delay
     1    0.002609    0.008176    0.004144    4.004144 v rst_i (in)
                                                         rst_i (net)
                      0.008177    0.000000    4.004144 v input1/A (sky130_fd_sc_hd__buf_2)
     8    0.036410    0.093162    0.166462    4.170607 v input1/X (sky130_fd_sc_hd__buf_2)
                                                         net1 (net)
                      0.093529    0.004490    4.175097 v _37_/A (sky130_fd_sc_hd__nor3_1)
     1    0.002852    0.147090    0.193200    4.368297 ^ _37_/Y (sky130_fd_sc_hd__nor3_1)
                                                         _07_ (net)
                      0.147090    0.000191    4.368487 ^ _45_/D (sky130_fd_sc_hd__dfxtp_2)
                                              4.368487   data arrival time

                                 20.000000   20.000000   clock clk_i (rise edge)
                                  0.000000   20.000000   clock source latency
     1    0.013401    0.066345    0.045342   20.045341 ^ clk_i (in)
                                                         clk_i (net)
                      0.066362    0.000000   20.045341 ^ clkbuf_0_clk_i/A (sky130_fd_sc_hd__clkbuf_16)
     2    0.019615    0.041511    0.132461   20.177803 ^ clkbuf_0_clk_i/X (sky130_fd_sc_hd__clkbuf_16)
                                                         clknet_0_clk_i (net)
                      0.041545    0.001309   20.179111 ^ clkbuf_1_1__f_clk_i/A (sky130_fd_sc_hd__clkbuf_16)
     4    0.013646    0.036469    0.117856   20.296968 ^ clkbuf_1_1__f_clk_i/X (sky130_fd_sc_hd__clkbuf_16)
                                                         clknet_1_1__leaf_clk_i (net)
                      0.036471    0.000922   20.297890 ^ _45_/CLK (sky130_fd_sc_hd__dfxtp_2)
                                 -0.100000   20.197889   clock uncertainty
                                  0.000000   20.197889   clock reconvergence pessimism
                                 -0.084245   20.113646   library setup time
                                             20.113646   data required time
---------------------------------------------------------------------------------------------
                                             20.113646   data required time
                                             -4.368487   data arrival time
---------------------------------------------------------------------------------------------
                                             15.745156   slack (MET)


Startpoint: rst_i (input port clocked by clk_i)
Endpoint: _42_ (rising edge-triggered flip-flop clocked by clk_i)
Path Group: clk_i
Path Type: max

Fanout         Cap        Slew       Delay        Time   Description
---------------------------------------------------------------------------------------------
                                  0.000000    0.000000   clock clk_i (rise edge)
                                  0.000000    0.000000   clock network delay (propagated)
                                  4.000000    4.000000 v input external delay
     1    0.002609    0.008176    0.004144    4.004144 v rst_i (in)
                                                         rst_i (net)
                      0.008177    0.000000    4.004144 v input1/A (sky130_fd_sc_hd__buf_2)
     8    0.036410    0.093162    0.166462    4.170607 v input1/X (sky130_fd_sc_hd__buf_2)
                                                         net1 (net)
                      0.093245    0.001601    4.172207 v _31_/A (sky130_fd_sc_hd__nor3_1)
     1    0.002514    0.138616    0.186287    4.358495 ^ _31_/Y (sky130_fd_sc_hd__nor3_1)
                                                         _04_ (net)
                      0.138616    0.000184    4.358679 ^ _42_/D (sky130_fd_sc_hd__dfxtp_4)
                                              4.358679   data arrival time

                                 20.000000   20.000000   clock clk_i (rise edge)
                                  0.000000   20.000000   clock source latency
     1    0.013401    0.066345    0.045342   20.045341 ^ clk_i (in)
                                                         clk_i (net)
                      0.066362    0.000000   20.045341 ^ clkbuf_0_clk_i/A (sky130_fd_sc_hd__clkbuf_16)
     2    0.019615    0.041511    0.132461   20.177803 ^ clkbuf_0_clk_i/X (sky130_fd_sc_hd__clkbuf_16)
                                                         clknet_0_clk_i (net)
                      0.041542    0.001277   20.179081 ^ clkbuf_1_0__f_clk_i/A (sky130_fd_sc_hd__clkbuf_16)
     5    0.016268    0.038685    0.120275   20.299356 ^ clkbuf_1_0__f_clk_i/X (sky130_fd_sc_hd__clkbuf_16)
                                                         clknet_1_0__leaf_clk_i (net)
                      0.038703    0.001336   20.300692 ^ _42_/CLK (sky130_fd_sc_hd__dfxtp_4)
                                 -0.100000   20.200691   clock uncertainty
                                  0.000000   20.200691   clock reconvergence pessimism
                                 -0.083441   20.117250   library setup time
                                             20.117250   data required time
---------------------------------------------------------------------------------------------
                                             20.117250   data required time
                                             -4.358679   data arrival time
---------------------------------------------------------------------------------------------
                                             15.758572   slack (MET)


Startpoint: rst_i (input port clocked by clk_i)
Endpoint: _40_ (rising edge-triggered flip-flop clocked by clk_i)
Path Group: clk_i
Path Type: max

Fanout         Cap        Slew       Delay        Time   Description
---------------------------------------------------------------------------------------------
                                  0.000000    0.000000   clock clk_i (rise edge)
                                  0.000000    0.000000   clock network delay (propagated)
                                  4.000000    4.000000 ^ input external delay
     1    0.002769    0.019598    0.010246    4.010246 ^ rst_i (in)
                                                         rst_i (net)
                      0.019598    0.000000    4.010246 ^ input1/A (sky130_fd_sc_hd__buf_2)
     8    0.038595    0.190510    0.200371    4.210617 ^ input1/X (sky130_fd_sc_hd__buf_2)
                                                         net1 (net)
                      0.190553    0.002403    4.213019 ^ _27_/B (sky130_fd_sc_hd__nor2_1)
     1    0.002082    0.043204    0.054843    4.267862 v _27_/Y (sky130_fd_sc_hd__nor2_1)
                                                         _02_ (net)
                      0.043204    0.000137    4.267999 v _40_/D (sky130_fd_sc_hd__dfxtp_4)
                                              4.267999   data arrival time

                                 20.000000   20.000000   clock clk_i (rise edge)
                                  0.000000   20.000000   clock source latency
     1    0.013401    0.066345    0.045342   20.045341 ^ clk_i (in)
                                                         clk_i (net)
                      0.066362    0.000000   20.045341 ^ clkbuf_0_clk_i/A (sky130_fd_sc_hd__clkbuf_16)
     2    0.019615    0.041511    0.132461   20.177803 ^ clkbuf_0_clk_i/X (sky130_fd_sc_hd__clkbuf_16)
                                                         clknet_0_clk_i (net)
                      0.041542    0.001277   20.179081 ^ clkbuf_1_0__f_clk_i/A (sky130_fd_sc_hd__clkbuf_16)
     5    0.016268    0.038685    0.120275   20.299356 ^ clkbuf_1_0__f_clk_i/X (sky130_fd_sc_hd__clkbuf_16)
                                                         clknet_1_0__leaf_clk_i (net)
                      0.038701    0.001261   20.300617 ^ _40_/CLK (sky130_fd_sc_hd__dfxtp_4)
                                 -0.100000   20.200617   clock uncertainty
                                  0.000000   20.200617   clock reconvergence pessimism
                                 -0.112561   20.088057   library setup time
                                             20.088057   data required time
---------------------------------------------------------------------------------------------
                                             20.088057   data required time
                                             -4.267999   data arrival time
---------------------------------------------------------------------------------------------
                                             15.820057   slack (MET)



