Clock: clk_i
Sources: clk_i 
Generated: no
Virtual: yes
Propagated: no
Period: 20.000000

===========================================================================
report_clock_properties
============================================================================
Clock                   Period          Waveform
----------------------------------------------------
clk_i                20.000000    0.000000 10.000000

===========================================================================
report_clock_latency
============================================================================
Clock clk_i
rise -> rise
    min     max
0.000000 0.000000 source latency
0.284124         network latency _44_/CLK
        0.286604 network latency _41_/CLK
---------------
0.284124 0.286604 latency
        0.002479 skew

fall -> fall
    min     max
0.000000 0.000000 source latency
0.287067         network latency _44_/CLK
        0.288987 network latency _41_/CLK
---------------
0.287067 0.288987 latency
        0.001919 skew



===========================================================================
report_clock_min_period
============================================================================
clk_i period_min = 1.56 fmax = 642.54
