
===========================================================================
report_checks -path_delay max (Setup)
============================================================================
======================= nom_tt_025C_1v80 Corner ===================================

Startpoint: _40_ (rising edge-triggered flip-flop clocked by clk_i)
Endpoint: counter_val_o[0] (output port clocked by clk_i)
Path Group: clk_i
Path Type: max

Fanout         Cap        Slew       Delay        Time   Description
---------------------------------------------------------------------------------------------
                      0.150000    0.000000    0.000000   clock clk_i (rise edge)
                                  0.000000    0.000000   clock network delay (ideal)
                      0.150000    0.000000    0.000000 ^ _40_/CLK (sky130_fd_sc_hd__dfxtp_2)
     7    0.052660    0.269341    0.516564    0.516564 ^ _40_/Q (sky130_fd_sc_hd__dfxtp_2)
                                                         counter_val_o[0] (net)
                      0.269341    0.000000    0.516564 ^ counter_val_o[0] (out)
                                              0.516564   data arrival time

                      0.150000   20.000000   20.000000   clock clk_i (rise edge)
                                  0.000000   20.000000   clock network delay (ideal)
                                 -0.250000   19.750002   clock uncertainty
                                  0.000000   19.750002   clock reconvergence pessimism
                                 -4.000000   15.750001   output external delay
                                             15.750001   data required time
---------------------------------------------------------------------------------------------
                                             15.750001   data required time
                                             -0.516564   data arrival time
---------------------------------------------------------------------------------------------
                                             15.233437   slack (MET)


Startpoint: _41_ (rising edge-triggered flip-flop clocked by clk_i)
Endpoint: counter_val_o[1] (output port clocked by clk_i)
Path Group: clk_i
Path Type: max

Fanout         Cap        Slew       Delay        Time   Description
---------------------------------------------------------------------------------------------
                      0.150000    0.000000    0.000000   clock clk_i (rise edge)
                                  0.000000    0.000000   clock network delay (ideal)
                      0.150000    0.000000    0.000000 ^ _41_/CLK (sky130_fd_sc_hd__dfxtp_2)
     6    0.049196    0.252377    0.504719    0.504719 ^ _41_/Q (sky130_fd_sc_hd__dfxtp_2)
                                                         counter_val_o[1] (net)
                      0.252377    0.000000    0.504719 ^ counter_val_o[1] (out)
                                              0.504719   data arrival time

                      0.150000   20.000000   20.000000   clock clk_i (rise edge)
                                  0.000000   20.000000   clock network delay (ideal)
                                 -0.250000   19.750002   clock uncertainty
                                  0.000000   19.750002   clock reconvergence pessimism
                                 -4.000000   15.750001   output external delay
                                             15.750001   data required time
---------------------------------------------------------------------------------------------
                                             15.750001   data required time
                                             -0.504719   data arrival time
---------------------------------------------------------------------------------------------
                                             15.245281   slack (MET)


Startpoint: _38_ (rising edge-triggered flip-flop clocked by clk_i)
Endpoint: counter_val_o[6] (output port clocked by clk_i)
Path Group: clk_i
Path Type: max

Fanout         Cap        Slew       Delay        Time   Description
---------------------------------------------------------------------------------------------
                      0.150000    0.000000    0.000000   clock clk_i (rise edge)
                                  0.000000    0.000000   clock network delay (ideal)
                      0.150000    0.000000    0.000000 ^ _38_/CLK (sky130_fd_sc_hd__dfxtp_2)
     5    0.047550    0.244317    0.499091    0.499091 ^ _38_/Q (sky130_fd_sc_hd__dfxtp_2)
                                                         counter_val_o[6] (net)
                      0.244317    0.000000    0.499091 ^ counter_val_o[6] (out)
                                              0.499091   data arrival time

                      0.150000   20.000000   20.000000   clock clk_i (rise edge)
                                  0.000000   20.000000   clock network delay (ideal)
                                 -0.250000   19.750002   clock uncertainty
                                  0.000000   19.750002   clock reconvergence pessimism
                                 -4.000000   15.750001   output external delay
                                             15.750001   data required time
---------------------------------------------------------------------------------------------
                                             15.750001   data required time
                                             -0.499091   data arrival time
---------------------------------------------------------------------------------------------
                                             15.250911   slack (MET)


Startpoint: _44_ (rising edge-triggered flip-flop clocked by clk_i)
Endpoint: counter_val_o[4] (output port clocked by clk_i)
Path Group: clk_i
Path Type: max

Fanout         Cap        Slew       Delay        Time   Description
---------------------------------------------------------------------------------------------
                      0.150000    0.000000    0.000000   clock clk_i (rise edge)
                                  0.000000    0.000000   clock network delay (ideal)
                      0.150000    0.000000    0.000000 ^ _44_/CLK (sky130_fd_sc_hd__dfxtp_2)
     5    0.046539    0.239366    0.495634    0.495634 ^ _44_/Q (sky130_fd_sc_hd__dfxtp_2)
                                                         counter_val_o[4] (net)
                      0.239366    0.000000    0.495634 ^ counter_val_o[4] (out)
                                              0.495634   data arrival time

                      0.150000   20.000000   20.000000   clock clk_i (rise edge)
                                  0.000000   20.000000   clock network delay (ideal)
                                 -0.250000   19.750002   clock uncertainty
                                  0.000000   19.750002   clock reconvergence pessimism
                                 -4.000000   15.750001   output external delay
                                             15.750001   data required time
---------------------------------------------------------------------------------------------
                                             15.750001   data required time
                                             -0.495634   data arrival time
---------------------------------------------------------------------------------------------
                                             15.254367   slack (MET)


Startpoint: _42_ (rising edge-triggered flip-flop clocked by clk_i)
Endpoint: counter_val_o[2] (output port clocked by clk_i)
Path Group: clk_i
Path Type: max

Fanout         Cap        Slew       Delay        Time   Description
---------------------------------------------------------------------------------------------
                      0.150000    0.000000    0.000000   clock clk_i (rise edge)
                                  0.000000    0.000000   clock network delay (ideal)
                      0.150000    0.000000    0.000000 ^ _42_/CLK (sky130_fd_sc_hd__dfxtp_2)
     4    0.041293    0.213675    0.477695    0.477695 ^ _42_/Q (sky130_fd_sc_hd__dfxtp_2)
                                                         counter_val_o[2] (net)
                      0.213675    0.000000    0.477695 ^ counter_val_o[2] (out)
                                              0.477695   data arrival time

                      0.150000   20.000000   20.000000   clock clk_i (rise edge)
                                  0.000000   20.000000   clock network delay (ideal)
                                 -0.250000   19.750002   clock uncertainty
                                  0.000000   19.750002   clock reconvergence pessimism
                                 -4.000000   15.750001   output external delay
                                             15.750001   data required time
---------------------------------------------------------------------------------------------
                                             15.750001   data required time
                                             -0.477695   data arrival time
---------------------------------------------------------------------------------------------
                                             15.272306   slack (MET)


Startpoint: _39_ (rising edge-triggered flip-flop clocked by clk_i)
Endpoint: counter_val_o[7] (output port clocked by clk_i)
Path Group: clk_i
Path Type: max

Fanout         Cap        Slew       Delay        Time   Description
---------------------------------------------------------------------------------------------
                      0.150000    0.000000    0.000000   clock clk_i (rise edge)
                                  0.000000    0.000000   clock network delay (ideal)
                      0.150000    0.000000    0.000000 ^ _39_/CLK (sky130_fd_sc_hd__dfxtp_2)
     3    0.040594    0.210252    0.475305    0.475305 ^ _39_/Q (sky130_fd_sc_hd__dfxtp_2)
                                                         counter_val_o[7] (net)
                      0.210252    0.000000    0.475305 ^ counter_val_o[7] (out)
                                              0.475305   data arrival time

                      0.150000   20.000000   20.000000   clock clk_i (rise edge)
                                  0.000000   20.000000   clock network delay (ideal)
                                 -0.250000   19.750002   clock uncertainty
                                  0.000000   19.750002   clock reconvergence pessimism
                                 -4.000000   15.750001   output external delay
                                             15.750001   data required time
---------------------------------------------------------------------------------------------
                                             15.750001   data required time
                                             -0.475305   data arrival time
---------------------------------------------------------------------------------------------
                                             15.274695   slack (MET)


Startpoint: _45_ (rising edge-triggered flip-flop clocked by clk_i)
Endpoint: counter_val_o[5] (output port clocked by clk_i)
Path Group: clk_i
Path Type: max

Fanout         Cap        Slew       Delay        Time   Description
---------------------------------------------------------------------------------------------
                      0.150000    0.000000    0.000000   clock clk_i (rise edge)
                                  0.000000    0.000000   clock network delay (ideal)
                      0.150000    0.000000    0.000000 ^ _45_/CLK (sky130_fd_sc_hd__dfxtp_2)
     3    0.039684    0.205795    0.472193    0.472193 ^ _45_/Q (sky130_fd_sc_hd__dfxtp_2)
                                                         counter_val_o[5] (net)
                      0.205795    0.000000    0.472193 ^ counter_val_o[5] (out)
                                              0.472193   data arrival time

                      0.150000   20.000000   20.000000   clock clk_i (rise edge)
                                  0.000000   20.000000   clock network delay (ideal)
                                 -0.250000   19.750002   clock uncertainty
                                  0.000000   19.750002   clock reconvergence pessimism
                                 -4.000000   15.750001   output external delay
                                             15.750001   data required time
---------------------------------------------------------------------------------------------
                                             15.750001   data required time
                                             -0.472193   data arrival time
---------------------------------------------------------------------------------------------
                                             15.277808   slack (MET)


Startpoint: _43_ (rising edge-triggered flip-flop clocked by clk_i)
Endpoint: counter_val_o[3] (output port clocked by clk_i)
Path Group: clk_i
Path Type: max

Fanout         Cap        Slew       Delay        Time   Description
---------------------------------------------------------------------------------------------
                      0.150000    0.000000    0.000000   clock clk_i (rise edge)
                                  0.000000    0.000000   clock network delay (ideal)
                      0.150000    0.000000    0.000000 ^ _43_/CLK (sky130_fd_sc_hd__dfxtp_2)
     3    0.037473    0.194968    0.464633    0.464633 ^ _43_/Q (sky130_fd_sc_hd__dfxtp_2)
                                                         counter_val_o[3] (net)
                      0.194968    0.000000    0.464633 ^ counter_val_o[3] (out)
                                              0.464633   data arrival time

                      0.150000   20.000000   20.000000   clock clk_i (rise edge)
                                  0.000000   20.000000   clock network delay (ideal)
                                 -0.250000   19.750002   clock uncertainty
                                  0.000000   19.750002   clock reconvergence pessimism
                                 -4.000000   15.750001   output external delay
                                             15.750001   data required time
---------------------------------------------------------------------------------------------
                                             15.750001   data required time
                                             -0.464633   data arrival time
---------------------------------------------------------------------------------------------
                                             15.285368   slack (MET)


Startpoint: rst_i (input port clocked by clk_i)
Endpoint: _39_ (rising edge-triggered flip-flop clocked by clk_i)
Path Group: clk_i
Path Type: max

Fanout         Cap        Slew       Delay        Time   Description
---------------------------------------------------------------------------------------------
                      0.150000    0.000000    0.000000   clock clk_i (rise edge)
                                  0.000000    0.000000   clock network delay (ideal)
                                  4.000000    4.000000 v input external delay
     8    0.031164    0.070128    0.049801    4.049801 v rst_i (in)
                                                         rst_i (net)
                      0.070128    0.000000    4.049801 v _25_/B1 (sky130_fd_sc_hd__a31o_2)
     1    0.004136    0.041526    0.222422    4.272223 v _25_/X (sky130_fd_sc_hd__a31o_2)
                                                         _13_ (net)
                      0.041526    0.000000    4.272223 v _26_/B (sky130_fd_sc_hd__nor2_2)
     1    0.001674    0.051293    0.059097    4.331320 ^ _26_/Y (sky130_fd_sc_hd__nor2_2)
                                                         _01_ (net)
                      0.051293    0.000000    4.331320 ^ _39_/D (sky130_fd_sc_hd__dfxtp_2)
                                              4.331320   data arrival time

                      0.150000   20.000000   20.000000   clock clk_i (rise edge)
                                  0.000000   20.000000   clock network delay (ideal)
                                 -0.250000   19.750002   clock uncertainty
                                  0.000000   19.750002   clock reconvergence pessimism
                                             19.750002 ^ _39_/CLK (sky130_fd_sc_hd__dfxtp_2)
                                 -0.044781   19.705221   library setup time
                                             19.705221   data required time
---------------------------------------------------------------------------------------------
                                             19.705221   data required time
                                             -4.331320   data arrival time
---------------------------------------------------------------------------------------------
                                             15.373899   slack (MET)


Startpoint: rst_i (input port clocked by clk_i)
Endpoint: _43_ (rising edge-triggered flip-flop clocked by clk_i)
Path Group: clk_i
Path Type: max

Fanout         Cap        Slew       Delay        Time   Description
---------------------------------------------------------------------------------------------
                      0.150000    0.000000    0.000000   clock clk_i (rise edge)
                                  0.000000    0.000000   clock network delay (ideal)
                                  4.000000    4.000000 ^ input external delay
     8    0.035178    0.165484    0.112841    4.112841 ^ rst_i (in)
                                                         rst_i (net)
                      0.165484    0.000000    4.112841 ^ _32_/A (sky130_fd_sc_hd__nor2_2)
     1    0.002329    0.038470    0.054571    4.167412 v _32_/Y (sky130_fd_sc_hd__nor2_2)
                                                         _16_ (net)
                      0.038470    0.000000    4.167412 v _33_/B1 (sky130_fd_sc_hd__o21a_2)
     1    0.001681    0.030556    0.101689    4.269101 v _33_/X (sky130_fd_sc_hd__o21a_2)
                                                         _05_ (net)
                      0.030556    0.000000    4.269101 v _43_/D (sky130_fd_sc_hd__dfxtp_2)
                                              4.269101   data arrival time

                      0.150000   20.000000   20.000000   clock clk_i (rise edge)
                                  0.000000   20.000000   clock network delay (ideal)
                                 -0.250000   19.750002   clock uncertainty
                                  0.000000   19.750002   clock reconvergence pessimism
                                             19.750002 ^ _43_/CLK (sky130_fd_sc_hd__dfxtp_2)
                                 -0.082080   19.667921   library setup time
                                             19.667921   data required time
---------------------------------------------------------------------------------------------
                                             19.667921   data required time
                                             -4.269101   data arrival time
---------------------------------------------------------------------------------------------
                                             15.398821   slack (MET)


Startpoint: rst_i (input port clocked by clk_i)
Endpoint: _41_ (rising edge-triggered flip-flop clocked by clk_i)
Path Group: clk_i
Path Type: max

Fanout         Cap        Slew       Delay        Time   Description
---------------------------------------------------------------------------------------------
                      0.150000    0.000000    0.000000   clock clk_i (rise edge)
                                  0.000000    0.000000   clock network delay (ideal)
                                  4.000000    4.000000 ^ input external delay
     8    0.035178    0.165484    0.112841    4.112841 ^ rst_i (in)
                                                         rst_i (net)
                      0.165484    0.000000    4.112841 ^ _28_/B1 (sky130_fd_sc_hd__a21oi_2)
     1    0.002329    0.061016    0.040003    4.152843 v _28_/Y (sky130_fd_sc_hd__a21oi_2)
                                                         _14_ (net)
                      0.061016    0.000000    4.152843 v _29_/B1 (sky130_fd_sc_hd__o21a_2)
     1    0.001681    0.030650    0.111763    4.264606 v _29_/X (sky130_fd_sc_hd__o21a_2)
                                                         _03_ (net)
                      0.030650    0.000000    4.264606 v _41_/D (sky130_fd_sc_hd__dfxtp_2)
                                              4.264606   data arrival time

                      0.150000   20.000000   20.000000   clock clk_i (rise edge)
                                  0.000000   20.000000   clock network delay (ideal)
                                 -0.250000   19.750002   clock uncertainty
                                  0.000000   19.750002   clock reconvergence pessimism
                                             19.750002 ^ _41_/CLK (sky130_fd_sc_hd__dfxtp_2)
                                 -0.082121   19.667881   library setup time
                                             19.667881   data required time
---------------------------------------------------------------------------------------------
                                             19.667881   data required time
                                             -4.264606   data arrival time
---------------------------------------------------------------------------------------------
                                             15.403274   slack (MET)


Startpoint: rst_i (input port clocked by clk_i)
Endpoint: _38_ (rising edge-triggered flip-flop clocked by clk_i)
Path Group: clk_i
Path Type: max

Fanout         Cap        Slew       Delay        Time   Description
---------------------------------------------------------------------------------------------
                      0.150000    0.000000    0.000000   clock clk_i (rise edge)
                                  0.000000    0.000000   clock network delay (ideal)
                                  4.000000    4.000000 ^ input external delay
     8    0.035178    0.165484    0.112841    4.112841 ^ rst_i (in)
                                                         rst_i (net)
                      0.165484    0.000000    4.112841 ^ _22_/B1 (sky130_fd_sc_hd__a21oi_2)
     1    0.002329    0.057523    0.040003    4.152843 v _22_/Y (sky130_fd_sc_hd__a21oi_2)
                                                         _11_ (net)
                      0.057523    0.000000    4.152843 v _23_/B1 (sky130_fd_sc_hd__o21a_2)
     1    0.001681    0.030619    0.110140    4.262984 v _23_/X (sky130_fd_sc_hd__o21a_2)
                                                         _00_ (net)
                      0.030619    0.000000    4.262984 v _38_/D (sky130_fd_sc_hd__dfxtp_2)
                                              4.262984   data arrival time

                      0.150000   20.000000   20.000000   clock clk_i (rise edge)
                                  0.000000   20.000000   clock network delay (ideal)
                                 -0.250000   19.750002   clock uncertainty
                                  0.000000   19.750002   clock reconvergence pessimism
                                             19.750002 ^ _38_/CLK (sky130_fd_sc_hd__dfxtp_2)
                                 -0.082108   19.667892   library setup time
                                             19.667892   data required time
---------------------------------------------------------------------------------------------
                                             19.667892   data required time
                                             -4.262984   data arrival time
---------------------------------------------------------------------------------------------
                                             15.404908   slack (MET)


Startpoint: rst_i (input port clocked by clk_i)
Endpoint: _44_ (rising edge-triggered flip-flop clocked by clk_i)
Path Group: clk_i
Path Type: max

Fanout         Cap        Slew       Delay        Time   Description
---------------------------------------------------------------------------------------------
                      0.150000    0.000000    0.000000   clock clk_i (rise edge)
                                  0.000000    0.000000   clock network delay (ideal)
                                  4.000000    4.000000 ^ input external delay
     8    0.035178    0.165484    0.112841    4.112841 ^ rst_i (in)
                                                         rst_i (net)
                      0.165484    0.000000    4.112841 ^ _34_/B1 (sky130_fd_sc_hd__a21oi_2)
     1    0.002329    0.056832    0.040003    4.152843 v _34_/Y (sky130_fd_sc_hd__a21oi_2)
                                                         _17_ (net)
                      0.056832    0.000000    4.152843 v _35_/B1 (sky130_fd_sc_hd__o21a_2)
     1    0.001681    0.030613    0.109819    4.262663 v _35_/X (sky130_fd_sc_hd__o21a_2)
                                                         _06_ (net)
                      0.030613    0.000000    4.262663 v _44_/D (sky130_fd_sc_hd__dfxtp_2)
                                              4.262663   data arrival time

                      0.150000   20.000000   20.000000   clock clk_i (rise edge)
                                  0.000000   20.000000   clock network delay (ideal)
                                 -0.250000   19.750002   clock uncertainty
                                  0.000000   19.750002   clock reconvergence pessimism
                                             19.750002 ^ _44_/CLK (sky130_fd_sc_hd__dfxtp_2)
                                 -0.082105   19.667896   library setup time
                                             19.667896   data required time
---------------------------------------------------------------------------------------------
                                             19.667896   data required time
                                             -4.262663   data arrival time
---------------------------------------------------------------------------------------------
                                             15.405233   slack (MET)


Startpoint: rst_i (input port clocked by clk_i)
Endpoint: _42_ (rising edge-triggered flip-flop clocked by clk_i)
Path Group: clk_i
Path Type: max

Fanout         Cap        Slew       Delay        Time   Description
---------------------------------------------------------------------------------------------
                      0.150000    0.000000    0.000000   clock clk_i (rise edge)
                                  0.000000    0.000000   clock network delay (ideal)
                                  4.000000    4.000000 ^ input external delay
     8    0.035178    0.165484    0.112841    4.112841 ^ rst_i (in)
                                                         rst_i (net)
                      0.165484    0.000000    4.112841 ^ _31_/A (sky130_fd_sc_hd__nor3_2)
     1    0.001681    0.043986    0.061373    4.174213 v _31_/Y (sky130_fd_sc_hd__nor3_2)
                                                         _04_ (net)
                      0.043986    0.000000    4.174213 v _42_/D (sky130_fd_sc_hd__dfxtp_2)
                                              4.174213   data arrival time

                      0.150000   20.000000   20.000000   clock clk_i (rise edge)
                                  0.000000   20.000000   clock network delay (ideal)
                                 -0.250000   19.750002   clock uncertainty
                                  0.000000   19.750002   clock reconvergence pessimism
                                             19.750002 ^ _42_/CLK (sky130_fd_sc_hd__dfxtp_2)
                                 -0.087914   19.662088   library setup time
                                             19.662088   data required time
---------------------------------------------------------------------------------------------
                                             19.662088   data required time
                                             -4.174213   data arrival time
---------------------------------------------------------------------------------------------
                                             15.487875   slack (MET)


Startpoint: rst_i (input port clocked by clk_i)
Endpoint: _45_ (rising edge-triggered flip-flop clocked by clk_i)
Path Group: clk_i
Path Type: max

Fanout         Cap        Slew       Delay        Time   Description
---------------------------------------------------------------------------------------------
                      0.150000    0.000000    0.000000   clock clk_i (rise edge)
                                  0.000000    0.000000   clock network delay (ideal)
                                  4.000000    4.000000 ^ input external delay
     8    0.035178    0.165484    0.112841    4.112841 ^ rst_i (in)
                                                         rst_i (net)
                      0.165484    0.000000    4.112841 ^ _37_/A (sky130_fd_sc_hd__nor3_2)
     1    0.001681    0.043986    0.061373    4.174213 v _37_/Y (sky130_fd_sc_hd__nor3_2)
                                                         _07_ (net)
                      0.043986    0.000000    4.174213 v _45_/D (sky130_fd_sc_hd__dfxtp_2)
                                              4.174213   data arrival time

                      0.150000   20.000000   20.000000   clock clk_i (rise edge)
                                  0.000000   20.000000   clock network delay (ideal)
                                 -0.250000   19.750002   clock uncertainty
                                  0.000000   19.750002   clock reconvergence pessimism
                                             19.750002 ^ _45_/CLK (sky130_fd_sc_hd__dfxtp_2)
                                 -0.087914   19.662088   library setup time
                                             19.662088   data required time
---------------------------------------------------------------------------------------------
                                             19.662088   data required time
                                             -4.174213   data arrival time
---------------------------------------------------------------------------------------------
                                             15.487875   slack (MET)


Startpoint: rst_i (input port clocked by clk_i)
Endpoint: _40_ (rising edge-triggered flip-flop clocked by clk_i)
Path Group: clk_i
Path Type: max

Fanout         Cap        Slew       Delay        Time   Description
---------------------------------------------------------------------------------------------
                      0.150000    0.000000    0.000000   clock clk_i (rise edge)
                                  0.000000    0.000000   clock network delay (ideal)
                                  4.000000    4.000000 ^ input external delay
     8    0.035178    0.165484    0.112841    4.112841 ^ rst_i (in)
                                                         rst_i (net)
                      0.165484    0.000000    4.112841 ^ _27_/B (sky130_fd_sc_hd__nor2_2)
     1    0.001681    0.049710    0.037699    4.150540 v _27_/Y (sky130_fd_sc_hd__nor2_2)
                                                         _02_ (net)
                      0.049710    0.000000    4.150540 v _40_/D (sky130_fd_sc_hd__dfxtp_2)
                                              4.150540   data arrival time

                      0.150000   20.000000   20.000000   clock clk_i (rise edge)
                                  0.000000   20.000000   clock network delay (ideal)
                                 -0.250000   19.750002   clock uncertainty
                                  0.000000   19.750002   clock reconvergence pessimism
                                             19.750002 ^ _40_/CLK (sky130_fd_sc_hd__dfxtp_2)
                                 -0.090400   19.659601   library setup time
                                             19.659601   data required time
---------------------------------------------------------------------------------------------
                                             19.659601   data required time
                                             -4.150540   data arrival time
---------------------------------------------------------------------------------------------
                                             15.509061   slack (MET)



