
===========================================================================
report_checks -path_delay min (Hold)
============================================================================
======================= nom_tt_025C_1v80 Corner ===================================

Startpoint: _40_ (rising edge-triggered flip-flop clocked by clk_i)
Endpoint: _40_ (rising edge-triggered flip-flop clocked by clk_i)
Path Group: clk_i
Path Type: min

Fanout         Cap        Slew       Delay        Time   Description
---------------------------------------------------------------------------------------------
                      0.150000    0.000000    0.000000   clock clk_i (rise edge)
                                  0.000000    0.000000   clock network delay (ideal)
                      0.150000    0.000000    0.000000 ^ _40_/CLK (sky130_fd_sc_hd__dfxtp_2)
     7    0.051300    0.123940    0.434698    0.434698 v _40_/Q (sky130_fd_sc_hd__dfxtp_2)
                                                         counter_val_o[0] (net)
                      0.123940    0.000000    0.434698 v _27_/A (sky130_fd_sc_hd__nor2_2)
     1    0.001674    0.052552    0.114604    0.549302 ^ _27_/Y (sky130_fd_sc_hd__nor2_2)
                                                         _02_ (net)
                      0.052552    0.000000    0.549302 ^ _40_/D (sky130_fd_sc_hd__dfxtp_2)
                                              0.549302   data arrival time

                      0.150000    0.000000    0.000000   clock clk_i (rise edge)
                                  0.000000    0.000000   clock network delay (ideal)
                                  0.250000    0.250000   clock uncertainty
                                  0.000000    0.250000   clock reconvergence pessimism
                                              0.250000 ^ _40_/CLK (sky130_fd_sc_hd__dfxtp_2)
                                 -0.018909    0.231091   library hold time
                                              0.231091   data required time
---------------------------------------------------------------------------------------------
                                              0.231091   data required time
                                             -0.549302   data arrival time
---------------------------------------------------------------------------------------------
                                              0.318211   slack (MET)


Startpoint: _45_ (rising edge-triggered flip-flop clocked by clk_i)
Endpoint: _45_ (rising edge-triggered flip-flop clocked by clk_i)
Path Group: clk_i
Path Type: min

Fanout         Cap        Slew       Delay        Time   Description
---------------------------------------------------------------------------------------------
                      0.150000    0.000000    0.000000   clock clk_i (rise edge)
                                  0.000000    0.000000   clock network delay (ideal)
                      0.150000    0.000000    0.000000 ^ _45_/CLK (sky130_fd_sc_hd__dfxtp_2)
     3    0.039036    0.098276    0.414396    0.414396 v _45_/Q (sky130_fd_sc_hd__dfxtp_2)
                                                         counter_val_o[5] (net)
                      0.098276    0.000000    0.414396 v _36_/B1 (sky130_fd_sc_hd__a21oi_2)
     1    0.004690    0.091578    0.127664    0.542060 ^ _36_/Y (sky130_fd_sc_hd__a21oi_2)
                                                         _18_ (net)
                      0.091578    0.000000    0.542060 ^ _37_/C (sky130_fd_sc_hd__nor3_2)
     1    0.001681    0.024477    0.038078    0.580138 v _37_/Y (sky130_fd_sc_hd__nor3_2)
                                                         _07_ (net)
                      0.024477    0.000000    0.580138 v _45_/D (sky130_fd_sc_hd__dfxtp_2)
                                              0.580138   data arrival time

                      0.150000    0.000000    0.000000   clock clk_i (rise edge)
                                  0.000000    0.000000   clock network delay (ideal)
                                  0.250000    0.250000   clock uncertainty
                                  0.000000    0.250000   clock reconvergence pessimism
                                              0.250000 ^ _45_/CLK (sky130_fd_sc_hd__dfxtp_2)
                                 -0.014234    0.235766   library hold time
                                              0.235766   data required time
---------------------------------------------------------------------------------------------
                                              0.235766   data required time
                                             -0.580138   data arrival time
---------------------------------------------------------------------------------------------
                                              0.344372   slack (MET)


Startpoint: _39_ (rising edge-triggered flip-flop clocked by clk_i)
Endpoint: _39_ (rising edge-triggered flip-flop clocked by clk_i)
Path Group: clk_i
Path Type: min

Fanout         Cap        Slew       Delay        Time   Description
---------------------------------------------------------------------------------------------
                      0.150000    0.000000    0.000000   clock clk_i (rise edge)
                                  0.000000    0.000000   clock network delay (ideal)
                      0.150000    0.000000    0.000000 ^ _39_/CLK (sky130_fd_sc_hd__dfxtp_2)
     3    0.039813    0.099902    0.415682    0.415682 v _39_/Q (sky130_fd_sc_hd__dfxtp_2)
                                                         counter_val_o[7] (net)
                      0.099902    0.000000    0.415682 v _24_/B1 (sky130_fd_sc_hd__a21oi_2)
     1    0.004611    0.090696    0.127699    0.543382 ^ _24_/Y (sky130_fd_sc_hd__a21oi_2)
                                                         _12_ (net)
                      0.090696    0.000000    0.543382 ^ _26_/A (sky130_fd_sc_hd__nor2_2)
     1    0.001681    0.014511    0.041850    0.585232 v _26_/Y (sky130_fd_sc_hd__nor2_2)
                                                         _01_ (net)
                      0.014511    0.000000    0.585232 v _39_/D (sky130_fd_sc_hd__dfxtp_2)
                                              0.585232   data arrival time

                      0.150000    0.000000    0.000000   clock clk_i (rise edge)
                                  0.000000    0.000000   clock network delay (ideal)
                                  0.250000    0.250000   clock uncertainty
                                  0.000000    0.250000   clock reconvergence pessimism
                                              0.250000 ^ _39_/CLK (sky130_fd_sc_hd__dfxtp_2)
                                 -0.010143    0.239857   library hold time
                                              0.239857   data required time
---------------------------------------------------------------------------------------------
                                              0.239857   data required time
                                             -0.585232   data arrival time
---------------------------------------------------------------------------------------------
                                              0.345375   slack (MET)


Startpoint: _42_ (rising edge-triggered flip-flop clocked by clk_i)
Endpoint: _42_ (rising edge-triggered flip-flop clocked by clk_i)
Path Group: clk_i
Path Type: min

Fanout         Cap        Slew       Delay        Time   Description
---------------------------------------------------------------------------------------------
                      0.150000    0.000000    0.000000   clock clk_i (rise edge)
                                  0.000000    0.000000   clock network delay (ideal)
                      0.150000    0.000000    0.000000 ^ _42_/CLK (sky130_fd_sc_hd__dfxtp_2)
     4    0.040505    0.101350    0.416828    0.416828 v _42_/Q (sky130_fd_sc_hd__dfxtp_2)
                                                         counter_val_o[2] (net)
                      0.101350    0.000000    0.416828 v _30_/B1 (sky130_fd_sc_hd__a21oi_2)
     1    0.004690    0.091751    0.128902    0.545730 ^ _30_/Y (sky130_fd_sc_hd__a21oi_2)
                                                         _15_ (net)
                      0.091751    0.000000    0.545730 ^ _31_/C (sky130_fd_sc_hd__nor3_2)
     1    0.001681    0.023606    0.038105    0.583835 v _31_/Y (sky130_fd_sc_hd__nor3_2)
                                                         _04_ (net)
                      0.023606    0.000000    0.583835 v _42_/D (sky130_fd_sc_hd__dfxtp_2)
                                              0.583835   data arrival time

                      0.150000    0.000000    0.000000   clock clk_i (rise edge)
                                  0.000000    0.000000   clock network delay (ideal)
                                  0.250000    0.250000   clock uncertainty
                                  0.000000    0.250000   clock reconvergence pessimism
                                              0.250000 ^ _42_/CLK (sky130_fd_sc_hd__dfxtp_2)
                                 -0.013876    0.236124   library hold time
                                              0.236124   data required time
---------------------------------------------------------------------------------------------
                                              0.236124   data required time
                                             -0.583835   data arrival time
---------------------------------------------------------------------------------------------
                                              0.347711   slack (MET)


Startpoint: _43_ (rising edge-triggered flip-flop clocked by clk_i)
Endpoint: _43_ (rising edge-triggered flip-flop clocked by clk_i)
Path Group: clk_i
Path Type: min

Fanout         Cap        Slew       Delay        Time   Description
---------------------------------------------------------------------------------------------
                      0.150000    0.000000    0.000000   clock clk_i (rise edge)
                                  0.000000    0.000000   clock network delay (ideal)
                      0.150000    0.000000    0.000000 ^ _43_/CLK (sky130_fd_sc_hd__dfxtp_2)
     3    0.037473    0.194968    0.464633    0.464633 ^ _43_/Q (sky130_fd_sc_hd__dfxtp_2)
                                                         counter_val_o[3] (net)
                      0.194968    0.000000    0.464633 ^ _33_/A1 (sky130_fd_sc_hd__o21a_2)
     1    0.001674    0.025112    0.153020    0.617653 ^ _33_/X (sky130_fd_sc_hd__o21a_2)
                                                         _05_ (net)
                      0.025112    0.000000    0.617653 ^ _43_/D (sky130_fd_sc_hd__dfxtp_2)
                                              0.617653   data arrival time

                      0.150000    0.000000    0.000000   clock clk_i (rise edge)
                                  0.000000    0.000000   clock network delay (ideal)
                                  0.250000    0.250000   clock uncertainty
                                  0.000000    0.250000   clock reconvergence pessimism
                                              0.250000 ^ _43_/CLK (sky130_fd_sc_hd__dfxtp_2)
                                 -0.013299    0.236701   library hold time
                                              0.236701   data required time
---------------------------------------------------------------------------------------------
                                              0.236701   data required time
                                             -0.617653   data arrival time
---------------------------------------------------------------------------------------------
                                              0.380952   slack (MET)


Startpoint: _41_ (rising edge-triggered flip-flop clocked by clk_i)
Endpoint: _41_ (rising edge-triggered flip-flop clocked by clk_i)
Path Group: clk_i
Path Type: min

Fanout         Cap        Slew       Delay        Time   Description
---------------------------------------------------------------------------------------------
                      0.150000    0.000000    0.000000   clock clk_i (rise edge)
                                  0.000000    0.000000   clock network delay (ideal)
                      0.150000    0.000000    0.000000 ^ _41_/CLK (sky130_fd_sc_hd__dfxtp_2)
     6    0.047875    0.116773    0.429028    0.429028 v _41_/Q (sky130_fd_sc_hd__dfxtp_2)
                                                         counter_val_o[1] (net)
                      0.116773    0.000000    0.429028 v _29_/A2 (sky130_fd_sc_hd__o21a_2)
     1    0.001681    0.020985    0.209047    0.638075 v _29_/X (sky130_fd_sc_hd__o21a_2)
                                                         _03_ (net)
                      0.020985    0.000000    0.638075 v _41_/D (sky130_fd_sc_hd__dfxtp_2)
                                              0.638075   data arrival time

                      0.150000    0.000000    0.000000   clock clk_i (rise edge)
                                  0.000000    0.000000   clock network delay (ideal)
                                  0.250000    0.250000   clock uncertainty
                                  0.000000    0.250000   clock reconvergence pessimism
                                              0.250000 ^ _41_/CLK (sky130_fd_sc_hd__dfxtp_2)
                                 -0.012800    0.237200   library hold time
                                              0.237200   data required time
---------------------------------------------------------------------------------------------
                                              0.237200   data required time
                                             -0.638075   data arrival time
---------------------------------------------------------------------------------------------
                                              0.400876   slack (MET)


Startpoint: _44_ (rising edge-triggered flip-flop clocked by clk_i)
Endpoint: _44_ (rising edge-triggered flip-flop clocked by clk_i)
Path Group: clk_i
Path Type: min

Fanout         Cap        Slew       Delay        Time   Description
---------------------------------------------------------------------------------------------
                      0.150000    0.000000    0.000000   clock clk_i (rise edge)
                                  0.000000    0.000000   clock network delay (ideal)
                      0.150000    0.000000    0.000000 ^ _44_/CLK (sky130_fd_sc_hd__dfxtp_2)
     5    0.045630    0.112075    0.425312    0.425312 v _44_/Q (sky130_fd_sc_hd__dfxtp_2)
                                                         counter_val_o[4] (net)
                      0.112075    0.000000    0.425312 v _35_/A1 (sky130_fd_sc_hd__o21a_2)
     1    0.001681    0.020984    0.221684    0.646995 v _35_/X (sky130_fd_sc_hd__o21a_2)
                                                         _06_ (net)
                      0.020984    0.000000    0.646995 v _44_/D (sky130_fd_sc_hd__dfxtp_2)
                                              0.646995   data arrival time

                      0.150000    0.000000    0.000000   clock clk_i (rise edge)
                                  0.000000    0.000000   clock network delay (ideal)
                                  0.250000    0.250000   clock uncertainty
                                  0.000000    0.250000   clock reconvergence pessimism
                                              0.250000 ^ _44_/CLK (sky130_fd_sc_hd__dfxtp_2)
                                 -0.012800    0.237200   library hold time
                                              0.237200   data required time
---------------------------------------------------------------------------------------------
                                              0.237200   data required time
                                             -0.646995   data arrival time
---------------------------------------------------------------------------------------------
                                              0.409796   slack (MET)


Startpoint: _38_ (rising edge-triggered flip-flop clocked by clk_i)
Endpoint: _38_ (rising edge-triggered flip-flop clocked by clk_i)
Path Group: clk_i
Path Type: min

Fanout         Cap        Slew       Delay        Time   Description
---------------------------------------------------------------------------------------------
                      0.150000    0.000000    0.000000   clock clk_i (rise edge)
                                  0.000000    0.000000   clock network delay (ideal)
                      0.150000    0.000000    0.000000 ^ _38_/CLK (sky130_fd_sc_hd__dfxtp_2)
     5    0.046510    0.113917    0.426769    0.426769 v _38_/Q (sky130_fd_sc_hd__dfxtp_2)
                                                         counter_val_o[6] (net)
                      0.113917    0.000000    0.426769 v _23_/A1 (sky130_fd_sc_hd__o21a_2)
     1    0.001681    0.020984    0.222378    0.649146 v _23_/X (sky130_fd_sc_hd__o21a_2)
                                                         _00_ (net)
                      0.020984    0.000000    0.649146 v _38_/D (sky130_fd_sc_hd__dfxtp_2)
                                              0.649146   data arrival time

                      0.150000    0.000000    0.000000   clock clk_i (rise edge)
                                  0.000000    0.000000   clock network delay (ideal)
                                  0.250000    0.250000   clock uncertainty
                                  0.000000    0.250000   clock reconvergence pessimism
                                              0.250000 ^ _38_/CLK (sky130_fd_sc_hd__dfxtp_2)
                                 -0.012800    0.237200   library hold time
                                              0.237200   data required time
---------------------------------------------------------------------------------------------
                                              0.237200   data required time
                                             -0.649146   data arrival time
---------------------------------------------------------------------------------------------
                                              0.411946   slack (MET)


Startpoint: _43_ (rising edge-triggered flip-flop clocked by clk_i)
Endpoint: counter_val_o[3] (output port clocked by clk_i)
Path Group: clk_i
Path Type: min

Fanout         Cap        Slew       Delay        Time   Description
---------------------------------------------------------------------------------------------
                      0.150000    0.000000    0.000000   clock clk_i (rise edge)
                                  0.000000    0.000000   clock network delay (ideal)
                      0.150000    0.000000    0.000000 ^ _43_/CLK (sky130_fd_sc_hd__dfxtp_2)
     3    0.037149    0.094328    0.411272    0.411272 v _43_/Q (sky130_fd_sc_hd__dfxtp_2)
                                                         counter_val_o[3] (net)
                      0.094328    0.000000    0.411272 v counter_val_o[3] (out)
                                              0.411272   data arrival time

                      0.150000    0.000000    0.000000   clock clk_i (rise edge)
                                  0.000000    0.000000   clock network delay (ideal)
                                  0.250000    0.250000   clock uncertainty
                                  0.000000    0.250000   clock reconvergence pessimism
                                 -4.000000   -3.750000   output external delay
                                             -3.750000   data required time
---------------------------------------------------------------------------------------------
                                             -3.750000   data required time
                                             -0.411272   data arrival time
---------------------------------------------------------------------------------------------
                                              4.161273   slack (MET)


Startpoint: _45_ (rising edge-triggered flip-flop clocked by clk_i)
Endpoint: counter_val_o[5] (output port clocked by clk_i)
Path Group: clk_i
Path Type: min

Fanout         Cap        Slew       Delay        Time   Description
---------------------------------------------------------------------------------------------
                      0.150000    0.000000    0.000000   clock clk_i (rise edge)
                                  0.000000    0.000000   clock network delay (ideal)
                      0.150000    0.000000    0.000000 ^ _45_/CLK (sky130_fd_sc_hd__dfxtp_2)
     3    0.039036    0.098276    0.414396    0.414396 v _45_/Q (sky130_fd_sc_hd__dfxtp_2)
                                                         counter_val_o[5] (net)
                      0.098276    0.000000    0.414396 v counter_val_o[5] (out)
                                              0.414396   data arrival time

                      0.150000    0.000000    0.000000   clock clk_i (rise edge)
                                  0.000000    0.000000   clock network delay (ideal)
                                  0.250000    0.250000   clock uncertainty
                                  0.000000    0.250000   clock reconvergence pessimism
                                 -4.000000   -3.750000   output external delay
                                             -3.750000   data required time
---------------------------------------------------------------------------------------------
                                             -3.750000   data required time
                                             -0.414396   data arrival time
---------------------------------------------------------------------------------------------
                                              4.164396   slack (MET)


Startpoint: _39_ (rising edge-triggered flip-flop clocked by clk_i)
Endpoint: counter_val_o[7] (output port clocked by clk_i)
Path Group: clk_i
Path Type: min

Fanout         Cap        Slew       Delay        Time   Description
---------------------------------------------------------------------------------------------
                      0.150000    0.000000    0.000000   clock clk_i (rise edge)
                                  0.000000    0.000000   clock network delay (ideal)
                      0.150000    0.000000    0.000000 ^ _39_/CLK (sky130_fd_sc_hd__dfxtp_2)
     3    0.039813    0.099902    0.415682    0.415682 v _39_/Q (sky130_fd_sc_hd__dfxtp_2)
                                                         counter_val_o[7] (net)
                      0.099902    0.000000    0.415682 v counter_val_o[7] (out)
                                              0.415682   data arrival time

                      0.150000    0.000000    0.000000   clock clk_i (rise edge)
                                  0.000000    0.000000   clock network delay (ideal)
                                  0.250000    0.250000   clock uncertainty
                                  0.000000    0.250000   clock reconvergence pessimism
                                 -4.000000   -3.750000   output external delay
                                             -3.750000   data required time
---------------------------------------------------------------------------------------------
                                             -3.750000   data required time
                                             -0.415682   data arrival time
---------------------------------------------------------------------------------------------
                                              4.165683   slack (MET)


Startpoint: _42_ (rising edge-triggered flip-flop clocked by clk_i)
Endpoint: counter_val_o[2] (output port clocked by clk_i)
Path Group: clk_i
Path Type: min

Fanout         Cap        Slew       Delay        Time   Description
---------------------------------------------------------------------------------------------
                      0.150000    0.000000    0.000000   clock clk_i (rise edge)
                                  0.000000    0.000000   clock network delay (ideal)
                      0.150000    0.000000    0.000000 ^ _42_/CLK (sky130_fd_sc_hd__dfxtp_2)
     4    0.040505    0.101350    0.416828    0.416828 v _42_/Q (sky130_fd_sc_hd__dfxtp_2)
                                                         counter_val_o[2] (net)
                      0.101350    0.000000    0.416828 v counter_val_o[2] (out)
                                              0.416828   data arrival time

                      0.150000    0.000000    0.000000   clock clk_i (rise edge)
                                  0.000000    0.000000   clock network delay (ideal)
                                  0.250000    0.250000   clock uncertainty
                                  0.000000    0.250000   clock reconvergence pessimism
                                 -4.000000   -3.750000   output external delay
                                             -3.750000   data required time
---------------------------------------------------------------------------------------------
                                             -3.750000   data required time
                                             -0.416828   data arrival time
---------------------------------------------------------------------------------------------
                                              4.166828   slack (MET)


Startpoint: _44_ (rising edge-triggered flip-flop clocked by clk_i)
Endpoint: counter_val_o[4] (output port clocked by clk_i)
Path Group: clk_i
Path Type: min

Fanout         Cap        Slew       Delay        Time   Description
---------------------------------------------------------------------------------------------
                      0.150000    0.000000    0.000000   clock clk_i (rise edge)
                                  0.000000    0.000000   clock network delay (ideal)
                      0.150000    0.000000    0.000000 ^ _44_/CLK (sky130_fd_sc_hd__dfxtp_2)
     5    0.045630    0.112075    0.425312    0.425312 v _44_/Q (sky130_fd_sc_hd__dfxtp_2)
                                                         counter_val_o[4] (net)
                      0.112075    0.000000    0.425312 v counter_val_o[4] (out)
                                              0.425312   data arrival time

                      0.150000    0.000000    0.000000   clock clk_i (rise edge)
                                  0.000000    0.000000   clock network delay (ideal)
                                  0.250000    0.250000   clock uncertainty
                                  0.000000    0.250000   clock reconvergence pessimism
                                 -4.000000   -3.750000   output external delay
                                             -3.750000   data required time
---------------------------------------------------------------------------------------------
                                             -3.750000   data required time
                                             -0.425312   data arrival time
---------------------------------------------------------------------------------------------
                                              4.175312   slack (MET)


Startpoint: _38_ (rising edge-triggered flip-flop clocked by clk_i)
Endpoint: counter_val_o[6] (output port clocked by clk_i)
Path Group: clk_i
Path Type: min

Fanout         Cap        Slew       Delay        Time   Description
---------------------------------------------------------------------------------------------
                      0.150000    0.000000    0.000000   clock clk_i (rise edge)
                                  0.000000    0.000000   clock network delay (ideal)
                      0.150000    0.000000    0.000000 ^ _38_/CLK (sky130_fd_sc_hd__dfxtp_2)
     5    0.046510    0.113917    0.426769    0.426769 v _38_/Q (sky130_fd_sc_hd__dfxtp_2)
                                                         counter_val_o[6] (net)
                      0.113917    0.000000    0.426769 v counter_val_o[6] (out)
                                              0.426769   data arrival time

                      0.150000    0.000000    0.000000   clock clk_i (rise edge)
                                  0.000000    0.000000   clock network delay (ideal)
                                  0.250000    0.250000   clock uncertainty
                                  0.000000    0.250000   clock reconvergence pessimism
                                 -4.000000   -3.750000   output external delay
                                             -3.750000   data required time
---------------------------------------------------------------------------------------------
                                             -3.750000   data required time
                                             -0.426769   data arrival time
---------------------------------------------------------------------------------------------
                                              4.176768   slack (MET)


Startpoint: _41_ (rising edge-triggered flip-flop clocked by clk_i)
Endpoint: counter_val_o[1] (output port clocked by clk_i)
Path Group: clk_i
Path Type: min

Fanout         Cap        Slew       Delay        Time   Description
---------------------------------------------------------------------------------------------
                      0.150000    0.000000    0.000000   clock clk_i (rise edge)
                                  0.000000    0.000000   clock network delay (ideal)
                      0.150000    0.000000    0.000000 ^ _41_/CLK (sky130_fd_sc_hd__dfxtp_2)
     6    0.047875    0.116773    0.429028    0.429028 v _41_/Q (sky130_fd_sc_hd__dfxtp_2)
                                                         counter_val_o[1] (net)
                      0.116773    0.000000    0.429028 v counter_val_o[1] (out)
                                              0.429028   data arrival time

                      0.150000    0.000000    0.000000   clock clk_i (rise edge)
                                  0.000000    0.000000   clock network delay (ideal)
                                  0.250000    0.250000   clock uncertainty
                                  0.000000    0.250000   clock reconvergence pessimism
                                 -4.000000   -3.750000   output external delay
                                             -3.750000   data required time
---------------------------------------------------------------------------------------------
                                             -3.750000   data required time
                                             -0.429028   data arrival time
---------------------------------------------------------------------------------------------
                                              4.179029   slack (MET)


Startpoint: _40_ (rising edge-triggered flip-flop clocked by clk_i)
Endpoint: counter_val_o[0] (output port clocked by clk_i)
Path Group: clk_i
Path Type: min

Fanout         Cap        Slew       Delay        Time   Description
---------------------------------------------------------------------------------------------
                      0.150000    0.000000    0.000000   clock clk_i (rise edge)
                                  0.000000    0.000000   clock network delay (ideal)
                      0.150000    0.000000    0.000000 ^ _40_/CLK (sky130_fd_sc_hd__dfxtp_2)
     7    0.051300    0.123940    0.434698    0.434698 v _40_/Q (sky130_fd_sc_hd__dfxtp_2)
                                                         counter_val_o[0] (net)
                      0.123940    0.000000    0.434698 v counter_val_o[0] (out)
                                              0.434698   data arrival time

                      0.150000    0.000000    0.000000   clock clk_i (rise edge)
                                  0.000000    0.000000   clock network delay (ideal)
                                  0.250000    0.250000   clock uncertainty
                                  0.000000    0.250000   clock reconvergence pessimism
                                 -4.000000   -3.750000   output external delay
                                             -3.750000   data required time
---------------------------------------------------------------------------------------------
                                             -3.750000   data required time
                                             -0.434698   data arrival time
---------------------------------------------------------------------------------------------
                                              4.184698   slack (MET)



