Clock: clk_i
Sources: clk_i 
Generated: no
Virtual: yes
Propagated: no
Period: 20.000000

===========================================================================
report_clock_properties
============================================================================
Clock                   Period          Waveform
----------------------------------------------------
clk_i                20.000000    0.000000 10.000000

===========================================================================
report_clock_latency
============================================================================
Clock clk_i
rise -> rise
    min     max
0.000000 0.000000 source latency
0.200236         network latency _45_/CLK
        0.202120 network latency _41_/CLK
---------------
0.200236 0.202120 latency
        0.001884 skew

fall -> fall
    min     max
0.000000 0.000000 source latency
0.196525         network latency _45_/CLK
        0.198036 network latency _41_/CLK
---------------
0.196525 0.198036 latency
        0.001511 skew



===========================================================================
report_clock_min_period
============================================================================
clk_i period_min = 0.95 fmax = 1058.08
