
===========================================================================
report_checks -path_delay max (Setup)
============================================================================
======================= min_ff_n40C_1v95 Corner ===================================

Startpoint: _43_ (rising edge-triggered flip-flop clocked by clk_i)
Endpoint: counter_val_o[3] (output port clocked by clk_i)
Path Group: clk_i
Path Type: max

Fanout         Cap        Slew       Delay        Time   Description
---------------------------------------------------------------------------------------------
                                  0.000000    0.000000   clock clk_i (rise edge)
                                  0.000000    0.000000   clock source latency
     1    0.012602    0.047357    0.031520    0.031520 ^ clk_i (in)
                                                         clk_i (net)
                      0.047363    0.000000    0.031520 ^ clkbuf_0_clk_i/A (sky130_fd_sc_hd__clkbuf_16)
     2    0.019167    0.030660    0.088631    0.120151 ^ clkbuf_0_clk_i/X (sky130_fd_sc_hd__clkbuf_16)
                                                         clknet_0_clk_i (net)
                      0.030660    0.000270    0.120421 ^ clkbuf_1_0__f_clk_i/A (sky130_fd_sc_hd__clkbuf_16)
     5    0.015507    0.028173    0.081287    0.201707 ^ clkbuf_1_0__f_clk_i/X (sky130_fd_sc_hd__clkbuf_16)
                                                         clknet_1_0__leaf_clk_i (net)
                      0.028177    0.000393    0.202100 ^ _43_/CLK (sky130_fd_sc_hd__dfxtp_2)
     3    0.039143    0.150868    0.281126    0.483225 ^ _43_/Q (sky130_fd_sc_hd__dfxtp_2)
                                                         counter_val_o[3] (net)
                      0.150868    0.000359    0.483584 ^ counter_val_o[3] (out)
                                              0.483584   data arrival time

                                 20.000000   20.000000   clock clk_i (rise edge)
                                  0.000000   20.000000   clock network delay (propagated)
                                 -0.100000   19.900000   clock uncertainty
                                  0.000000   19.900000   clock reconvergence pessimism
                                 -4.000000   15.900000   output external delay
                                             15.900000   data required time
---------------------------------------------------------------------------------------------
                                             15.900000   data required time
                                             -0.483584   data arrival time
---------------------------------------------------------------------------------------------
                                             15.416415   slack (MET)


Startpoint: _39_ (rising edge-triggered flip-flop clocked by clk_i)
Endpoint: counter_val_o[7] (output port clocked by clk_i)
Path Group: clk_i
Path Type: max

Fanout         Cap        Slew       Delay        Time   Description
---------------------------------------------------------------------------------------------
                                  0.000000    0.000000   clock clk_i (rise edge)
                                  0.000000    0.000000   clock source latency
     1    0.012602    0.047357    0.031520    0.031520 ^ clk_i (in)
                                                         clk_i (net)
                      0.047363    0.000000    0.031520 ^ clkbuf_0_clk_i/A (sky130_fd_sc_hd__clkbuf_16)
     2    0.019167    0.030660    0.088631    0.120151 ^ clkbuf_0_clk_i/X (sky130_fd_sc_hd__clkbuf_16)
                                                         clknet_0_clk_i (net)
                      0.030660    0.000292    0.120443 ^ clkbuf_1_1__f_clk_i/A (sky130_fd_sc_hd__clkbuf_16)
     4    0.012908    0.026455    0.079516    0.199959 ^ clkbuf_1_1__f_clk_i/X (sky130_fd_sc_hd__clkbuf_16)
                                                         clknet_1_1__leaf_clk_i (net)
                      0.026455    0.000345    0.200304 ^ _39_/CLK (sky130_fd_sc_hd__dfxtp_2)
     3    0.039890    0.153604    0.282541    0.482845 ^ _39_/Q (sky130_fd_sc_hd__dfxtp_2)
                                                         counter_val_o[7] (net)
                      0.153604    0.000350    0.483195 ^ counter_val_o[7] (out)
                                              0.483195   data arrival time

                                 20.000000   20.000000   clock clk_i (rise edge)
                                  0.000000   20.000000   clock network delay (propagated)
                                 -0.100000   19.900000   clock uncertainty
                                  0.000000   19.900000   clock reconvergence pessimism
                                 -4.000000   15.900000   output external delay
                                             15.900000   data required time
---------------------------------------------------------------------------------------------
                                             15.900000   data required time
                                             -0.483195   data arrival time
---------------------------------------------------------------------------------------------
                                             15.416804   slack (MET)


Startpoint: _45_ (rising edge-triggered flip-flop clocked by clk_i)
Endpoint: counter_val_o[5] (output port clocked by clk_i)
Path Group: clk_i
Path Type: max

Fanout         Cap        Slew       Delay        Time   Description
---------------------------------------------------------------------------------------------
                                  0.000000    0.000000   clock clk_i (rise edge)
                                  0.000000    0.000000   clock source latency
     1    0.012602    0.047357    0.031520    0.031520 ^ clk_i (in)
                                                         clk_i (net)
                      0.047363    0.000000    0.031520 ^ clkbuf_0_clk_i/A (sky130_fd_sc_hd__clkbuf_16)
     2    0.019167    0.030660    0.088631    0.120151 ^ clkbuf_0_clk_i/X (sky130_fd_sc_hd__clkbuf_16)
                                                         clknet_0_clk_i (net)
                      0.030660    0.000292    0.120443 ^ clkbuf_1_1__f_clk_i/A (sky130_fd_sc_hd__clkbuf_16)
     4    0.012908    0.026455    0.079516    0.199959 ^ clkbuf_1_1__f_clk_i/X (sky130_fd_sc_hd__clkbuf_16)
                                                         clknet_1_1__leaf_clk_i (net)
                      0.026455    0.000277    0.200236 ^ _45_/CLK (sky130_fd_sc_hd__dfxtp_2)
     3    0.038832    0.149724    0.279843    0.480079 ^ _45_/Q (sky130_fd_sc_hd__dfxtp_2)
                                                         counter_val_o[5] (net)
                      0.149724    0.000315    0.480394 ^ counter_val_o[5] (out)
                                              0.480394   data arrival time

                                 20.000000   20.000000   clock clk_i (rise edge)
                                  0.000000   20.000000   clock network delay (propagated)
                                 -0.100000   19.900000   clock uncertainty
                                  0.000000   19.900000   clock reconvergence pessimism
                                 -4.000000   15.900000   output external delay
                                             15.900000   data required time
---------------------------------------------------------------------------------------------
                                             15.900000   data required time
                                             -0.480394   data arrival time
---------------------------------------------------------------------------------------------
                                             15.419605   slack (MET)


Startpoint: _40_ (rising edge-triggered flip-flop clocked by clk_i)
Endpoint: counter_val_o[0] (output port clocked by clk_i)
Path Group: clk_i
Path Type: max

Fanout         Cap        Slew       Delay        Time   Description
---------------------------------------------------------------------------------------------
                                  0.000000    0.000000   clock clk_i (rise edge)
                                  0.000000    0.000000   clock source latency
     1    0.012602    0.047357    0.031520    0.031520 ^ clk_i (in)
                                                         clk_i (net)
                      0.047363    0.000000    0.031520 ^ clkbuf_0_clk_i/A (sky130_fd_sc_hd__clkbuf_16)
     2    0.019167    0.030660    0.088631    0.120151 ^ clkbuf_0_clk_i/X (sky130_fd_sc_hd__clkbuf_16)
                                                         clknet_0_clk_i (net)
                      0.030660    0.000270    0.120421 ^ clkbuf_1_0__f_clk_i/A (sky130_fd_sc_hd__clkbuf_16)
     5    0.015507    0.028173    0.081287    0.201707 ^ clkbuf_1_0__f_clk_i/X (sky130_fd_sc_hd__clkbuf_16)
                                                         clknet_1_0__leaf_clk_i (net)
                      0.028177    0.000396    0.202103 ^ _40_/CLK (sky130_fd_sc_hd__dfxtp_4)
     7    0.050730    0.113196    0.272728    0.474831 ^ _40_/Q (sky130_fd_sc_hd__dfxtp_4)
                                                         counter_val_o[0] (net)
                      0.113198    0.000715    0.475546 ^ counter_val_o[0] (out)
                                              0.475546   data arrival time

                                 20.000000   20.000000   clock clk_i (rise edge)
                                  0.000000   20.000000   clock network delay (propagated)
                                 -0.100000   19.900000   clock uncertainty
                                  0.000000   19.900000   clock reconvergence pessimism
                                 -4.000000   15.900000   output external delay
                                             15.900000   data required time
---------------------------------------------------------------------------------------------
                                             15.900000   data required time
                                             -0.475546   data arrival time
---------------------------------------------------------------------------------------------
                                             15.424454   slack (MET)


Startpoint: _41_ (rising edge-triggered flip-flop clocked by clk_i)
Endpoint: counter_val_o[1] (output port clocked by clk_i)
Path Group: clk_i
Path Type: max

Fanout         Cap        Slew       Delay        Time   Description
---------------------------------------------------------------------------------------------
                                  0.000000    0.000000   clock clk_i (rise edge)
                                  0.000000    0.000000   clock source latency
     1    0.012602    0.047357    0.031520    0.031520 ^ clk_i (in)
                                                         clk_i (net)
                      0.047363    0.000000    0.031520 ^ clkbuf_0_clk_i/A (sky130_fd_sc_hd__clkbuf_16)
     2    0.019167    0.030660    0.088631    0.120151 ^ clkbuf_0_clk_i/X (sky130_fd_sc_hd__clkbuf_16)
                                                         clknet_0_clk_i (net)
                      0.030660    0.000270    0.120421 ^ clkbuf_1_0__f_clk_i/A (sky130_fd_sc_hd__clkbuf_16)
     5    0.015507    0.028173    0.081287    0.201707 ^ clkbuf_1_0__f_clk_i/X (sky130_fd_sc_hd__clkbuf_16)
                                                         clknet_1_0__leaf_clk_i (net)
                      0.028177    0.000413    0.202120 ^ _41_/CLK (sky130_fd_sc_hd__dfxtp_4)
     6    0.048158    0.108006    0.269200    0.471320 ^ _41_/Q (sky130_fd_sc_hd__dfxtp_4)
                                                         counter_val_o[1] (net)
                      0.108006    0.000377    0.471697 ^ counter_val_o[1] (out)
                                              0.471697   data arrival time

                                 20.000000   20.000000   clock clk_i (rise edge)
                                  0.000000   20.000000   clock network delay (propagated)
                                 -0.100000   19.900000   clock uncertainty
                                  0.000000   19.900000   clock reconvergence pessimism
                                 -4.000000   15.900000   output external delay
                                             15.900000   data required time
---------------------------------------------------------------------------------------------
                                             15.900000   data required time
                                             -0.471697   data arrival time
---------------------------------------------------------------------------------------------
                                             15.428303   slack (MET)


Startpoint: _38_ (rising edge-triggered flip-flop clocked by clk_i)
Endpoint: counter_val_o[6] (output port clocked by clk_i)
Path Group: clk_i
Path Type: max

Fanout         Cap        Slew       Delay        Time   Description
---------------------------------------------------------------------------------------------
                                  0.000000    0.000000   clock clk_i (rise edge)
                                  0.000000    0.000000   clock source latency
     1    0.012602    0.047357    0.031520    0.031520 ^ clk_i (in)
                                                         clk_i (net)
                      0.047363    0.000000    0.031520 ^ clkbuf_0_clk_i/A (sky130_fd_sc_hd__clkbuf_16)
     2    0.019167    0.030660    0.088631    0.120151 ^ clkbuf_0_clk_i/X (sky130_fd_sc_hd__clkbuf_16)
                                                         clknet_0_clk_i (net)
                      0.030660    0.000292    0.120443 ^ clkbuf_1_1__f_clk_i/A (sky130_fd_sc_hd__clkbuf_16)
     4    0.012908    0.026455    0.079516    0.199959 ^ clkbuf_1_1__f_clk_i/X (sky130_fd_sc_hd__clkbuf_16)
                                                         clknet_1_1__leaf_clk_i (net)
                      0.026455    0.000333    0.200292 ^ _38_/CLK (sky130_fd_sc_hd__dfxtp_4)
     5    0.046029    0.103870    0.265142    0.465434 ^ _38_/Q (sky130_fd_sc_hd__dfxtp_4)
                                                         counter_val_o[6] (net)
                      0.103882    0.001157    0.466591 ^ counter_val_o[6] (out)
                                              0.466591   data arrival time

                                 20.000000   20.000000   clock clk_i (rise edge)
                                  0.000000   20.000000   clock network delay (propagated)
                                 -0.100000   19.900000   clock uncertainty
                                  0.000000   19.900000   clock reconvergence pessimism
                                 -4.000000   15.900000   output external delay
                                             15.900000   data required time
---------------------------------------------------------------------------------------------
                                             15.900000   data required time
                                             -0.466591   data arrival time
---------------------------------------------------------------------------------------------
                                             15.433410   slack (MET)


Startpoint: _44_ (rising edge-triggered flip-flop clocked by clk_i)
Endpoint: counter_val_o[4] (output port clocked by clk_i)
Path Group: clk_i
Path Type: max

Fanout         Cap        Slew       Delay        Time   Description
---------------------------------------------------------------------------------------------
                                  0.000000    0.000000   clock clk_i (rise edge)
                                  0.000000    0.000000   clock source latency
     1    0.012602    0.047357    0.031520    0.031520 ^ clk_i (in)
                                                         clk_i (net)
                      0.047363    0.000000    0.031520 ^ clkbuf_0_clk_i/A (sky130_fd_sc_hd__clkbuf_16)
     2    0.019167    0.030660    0.088631    0.120151 ^ clkbuf_0_clk_i/X (sky130_fd_sc_hd__clkbuf_16)
                                                         clknet_0_clk_i (net)
                      0.030660    0.000292    0.120443 ^ clkbuf_1_1__f_clk_i/A (sky130_fd_sc_hd__clkbuf_16)
     4    0.012908    0.026455    0.079516    0.199959 ^ clkbuf_1_1__f_clk_i/X (sky130_fd_sc_hd__clkbuf_16)
                                                         clknet_1_1__leaf_clk_i (net)
                      0.026455    0.000282    0.200241 ^ _44_/CLK (sky130_fd_sc_hd__dfxtp_4)
     5    0.045976    0.103704    0.265353    0.465594 ^ _44_/Q (sky130_fd_sc_hd__dfxtp_4)
                                                         counter_val_o[4] (net)
                      0.103707    0.000685    0.466279 ^ counter_val_o[4] (out)
                                              0.466279   data arrival time

                                 20.000000   20.000000   clock clk_i (rise edge)
                                  0.000000   20.000000   clock network delay (propagated)
                                 -0.100000   19.900000   clock uncertainty
                                  0.000000   19.900000   clock reconvergence pessimism
                                 -4.000000   15.900000   output external delay
                                             15.900000   data required time
---------------------------------------------------------------------------------------------
                                             15.900000   data required time
                                             -0.466279   data arrival time
---------------------------------------------------------------------------------------------
                                             15.433721   slack (MET)


Startpoint: _42_ (rising edge-triggered flip-flop clocked by clk_i)
Endpoint: counter_val_o[2] (output port clocked by clk_i)
Path Group: clk_i
Path Type: max

Fanout         Cap        Slew       Delay        Time   Description
---------------------------------------------------------------------------------------------
                                  0.000000    0.000000   clock clk_i (rise edge)
                                  0.000000    0.000000   clock source latency
     1    0.012602    0.047357    0.031520    0.031520 ^ clk_i (in)
                                                         clk_i (net)
                      0.047363    0.000000    0.031520 ^ clkbuf_0_clk_i/A (sky130_fd_sc_hd__clkbuf_16)
     2    0.019167    0.030660    0.088631    0.120151 ^ clkbuf_0_clk_i/X (sky130_fd_sc_hd__clkbuf_16)
                                                         clknet_0_clk_i (net)
                      0.030660    0.000270    0.120421 ^ clkbuf_1_0__f_clk_i/A (sky130_fd_sc_hd__clkbuf_16)
     5    0.015507    0.028173    0.081287    0.201707 ^ clkbuf_1_0__f_clk_i/X (sky130_fd_sc_hd__clkbuf_16)
                                                         clknet_1_0__leaf_clk_i (net)
                      0.028177    0.000409    0.202116 ^ _42_/CLK (sky130_fd_sc_hd__dfxtp_4)
     4    0.042031    0.095813    0.260184    0.462300 ^ _42_/Q (sky130_fd_sc_hd__dfxtp_4)
                                                         counter_val_o[2] (net)
                      0.095815    0.000612    0.462913 ^ counter_val_o[2] (out)
                                              0.462913   data arrival time

                                 20.000000   20.000000   clock clk_i (rise edge)
                                  0.000000   20.000000   clock network delay (propagated)
                                 -0.100000   19.900000   clock uncertainty
                                  0.000000   19.900000   clock reconvergence pessimism
                                 -4.000000   15.900000   output external delay
                                             15.900000   data required time
---------------------------------------------------------------------------------------------
                                             15.900000   data required time
                                             -0.462913   data arrival time
---------------------------------------------------------------------------------------------
                                             15.437087   slack (MET)


Startpoint: rst_i (input port clocked by clk_i)
Endpoint: _43_ (rising edge-triggered flip-flop clocked by clk_i)
Path Group: clk_i
Path Type: max

Fanout         Cap        Slew       Delay        Time   Description
---------------------------------------------------------------------------------------------
                                  0.000000    0.000000   clock clk_i (rise edge)
                                  0.000000    0.000000   clock network delay (propagated)
                                  4.000000    4.000000 ^ input external delay
     1    0.002685    0.013508    0.006922    4.006922 ^ rst_i (in)
                                                         rst_i (net)
                      0.013508    0.000000    4.006922 ^ input1/A (sky130_fd_sc_hd__buf_2)
     8    0.035599    0.133047    0.134980    4.141901 ^ input1/X (sky130_fd_sc_hd__buf_2)
                                                         net1 (net)
                      0.133051    0.000611    4.142512 ^ _32_/A (sky130_fd_sc_hd__nor2_1)
     1    0.003952    0.040467    0.038888    4.181400 v _32_/Y (sky130_fd_sc_hd__nor2_1)
                                                         _16_ (net)
                      0.040467    0.000058    4.181458 v _33_/B1 (sky130_fd_sc_hd__o21a_1)
     1    0.003012    0.025615    0.064314    4.245772 v _33_/X (sky130_fd_sc_hd__o21a_1)
                                                         _05_ (net)
                      0.025615    0.000039    4.245811 v _43_/D (sky130_fd_sc_hd__dfxtp_2)
                                              4.245811   data arrival time

                                 20.000000   20.000000   clock clk_i (rise edge)
                                  0.000000   20.000000   clock source latency
     1    0.012602    0.047357    0.031520   20.031521 ^ clk_i (in)
                                                         clk_i (net)
                      0.047363    0.000000   20.031521 ^ clkbuf_0_clk_i/A (sky130_fd_sc_hd__clkbuf_16)
     2    0.019167    0.030660    0.088631   20.120152 ^ clkbuf_0_clk_i/X (sky130_fd_sc_hd__clkbuf_16)
                                                         clknet_0_clk_i (net)
                      0.030660    0.000270   20.120422 ^ clkbuf_1_0__f_clk_i/A (sky130_fd_sc_hd__clkbuf_16)
     5    0.015507    0.028173    0.081286   20.201708 ^ clkbuf_1_0__f_clk_i/X (sky130_fd_sc_hd__clkbuf_16)
                                                         clknet_1_0__leaf_clk_i (net)
                      0.028177    0.000393   20.202101 ^ _43_/CLK (sky130_fd_sc_hd__dfxtp_2)
                                 -0.100000   20.102100   clock uncertainty
                                  0.000000   20.102100   clock reconvergence pessimism
                                 -0.069311   20.032789   library setup time
                                             20.032789   data required time
---------------------------------------------------------------------------------------------
                                             20.032789   data required time
                                             -4.245811   data arrival time
---------------------------------------------------------------------------------------------
                                             15.786978   slack (MET)


Startpoint: rst_i (input port clocked by clk_i)
Endpoint: _44_ (rising edge-triggered flip-flop clocked by clk_i)
Path Group: clk_i
Path Type: max

Fanout         Cap        Slew       Delay        Time   Description
---------------------------------------------------------------------------------------------
                                  0.000000    0.000000   clock clk_i (rise edge)
                                  0.000000    0.000000   clock network delay (propagated)
                                  4.000000    4.000000 ^ input external delay
     1    0.002685    0.013508    0.006922    4.006922 ^ rst_i (in)
                                                         rst_i (net)
                      0.013508    0.000000    4.006922 ^ input1/A (sky130_fd_sc_hd__buf_2)
     8    0.035599    0.133047    0.134980    4.141901 ^ input1/X (sky130_fd_sc_hd__buf_2)
                                                         net1 (net)
                      0.133083    0.001803    4.143704 ^ _34_/B1 (sky130_fd_sc_hd__a21oi_1)
     1    0.003263    0.040448    0.028804    4.172508 v _34_/Y (sky130_fd_sc_hd__a21oi_1)
                                                         _17_ (net)
                      0.040448    0.000035    4.172543 v _35_/B1 (sky130_fd_sc_hd__o21a_1)
     1    0.002015    0.022554    0.060997    4.233539 v _35_/X (sky130_fd_sc_hd__o21a_1)
                                                         _06_ (net)
                      0.022554    0.000018    4.233557 v _44_/D (sky130_fd_sc_hd__dfxtp_4)
                                              4.233557   data arrival time

                                 20.000000   20.000000   clock clk_i (rise edge)
                                  0.000000   20.000000   clock source latency
     1    0.012602    0.047357    0.031520   20.031521 ^ clk_i (in)
                                                         clk_i (net)
                      0.047363    0.000000   20.031521 ^ clkbuf_0_clk_i/A (sky130_fd_sc_hd__clkbuf_16)
     2    0.019167    0.030660    0.088631   20.120152 ^ clkbuf_0_clk_i/X (sky130_fd_sc_hd__clkbuf_16)
                                                         clknet_0_clk_i (net)
                      0.030660    0.000291   20.120443 ^ clkbuf_1_1__f_clk_i/A (sky130_fd_sc_hd__clkbuf_16)
     4    0.012908    0.026455    0.079517   20.199959 ^ clkbuf_1_1__f_clk_i/X (sky130_fd_sc_hd__clkbuf_16)
                                                         clknet_1_1__leaf_clk_i (net)
                      0.026455    0.000282   20.200243 ^ _44_/CLK (sky130_fd_sc_hd__dfxtp_4)
                                 -0.100000   20.100243   clock uncertainty
                                  0.000000   20.100243   clock reconvergence pessimism
                                 -0.067224   20.033018   library setup time
                                             20.033018   data required time
---------------------------------------------------------------------------------------------
                                             20.033018   data required time
                                             -4.233557   data arrival time
---------------------------------------------------------------------------------------------
                                             15.799460   slack (MET)


Startpoint: rst_i (input port clocked by clk_i)
Endpoint: _39_ (rising edge-triggered flip-flop clocked by clk_i)
Path Group: clk_i
Path Type: max

Fanout         Cap        Slew       Delay        Time   Description
---------------------------------------------------------------------------------------------
                                  0.000000    0.000000   clock clk_i (rise edge)
                                  0.000000    0.000000   clock network delay (propagated)
                                  4.000000    4.000000 ^ input external delay
     1    0.002685    0.013508    0.006922    4.006922 ^ rst_i (in)
                                                         rst_i (net)
                      0.013508    0.000000    4.006922 ^ input1/A (sky130_fd_sc_hd__buf_2)
     8    0.035599    0.133047    0.134980    4.141901 ^ input1/X (sky130_fd_sc_hd__buf_2)
                                                         net1 (net)
                      0.133084    0.001816    4.143717 ^ _25_/B1 (sky130_fd_sc_hd__a31o_1)
     1    0.004028    0.039661    0.066530    4.210248 ^ _25_/X (sky130_fd_sc_hd__a31o_1)
                                                         _13_ (net)
                      0.039661    0.000053    4.210300 ^ _26_/B (sky130_fd_sc_hd__nor2_1)
     1    0.002208    0.027053    0.020456    4.230757 v _26_/Y (sky130_fd_sc_hd__nor2_1)
                                                         _01_ (net)
                      0.027053    0.000020    4.230776 v _39_/D (sky130_fd_sc_hd__dfxtp_2)
                                              4.230776   data arrival time

                                 20.000000   20.000000   clock clk_i (rise edge)
                                  0.000000   20.000000   clock source latency
     1    0.012602    0.047357    0.031520   20.031521 ^ clk_i (in)
                                                         clk_i (net)
                      0.047363    0.000000   20.031521 ^ clkbuf_0_clk_i/A (sky130_fd_sc_hd__clkbuf_16)
     2    0.019167    0.030660    0.088631   20.120152 ^ clkbuf_0_clk_i/X (sky130_fd_sc_hd__clkbuf_16)
                                                         clknet_0_clk_i (net)
                      0.030660    0.000291   20.120443 ^ clkbuf_1_1__f_clk_i/A (sky130_fd_sc_hd__clkbuf_16)
     4    0.012908    0.026455    0.079517   20.199959 ^ clkbuf_1_1__f_clk_i/X (sky130_fd_sc_hd__clkbuf_16)
                                                         clknet_1_1__leaf_clk_i (net)
                      0.026455    0.000345   20.200304 ^ _39_/CLK (sky130_fd_sc_hd__dfxtp_2)
                                 -0.100000   20.100304   clock uncertainty
                                  0.000000   20.100304   clock reconvergence pessimism
                                 -0.069990   20.030313   library setup time
                                             20.030313   data required time
---------------------------------------------------------------------------------------------
                                             20.030313   data required time
                                             -4.230776   data arrival time
---------------------------------------------------------------------------------------------
                                             15.799538   slack (MET)


Startpoint: rst_i (input port clocked by clk_i)
Endpoint: _38_ (rising edge-triggered flip-flop clocked by clk_i)
Path Group: clk_i
Path Type: max

Fanout         Cap        Slew       Delay        Time   Description
---------------------------------------------------------------------------------------------
                                  0.000000    0.000000   clock clk_i (rise edge)
                                  0.000000    0.000000   clock network delay (propagated)
                                  4.000000    4.000000 ^ input external delay
     1    0.002685    0.013508    0.006922    4.006922 ^ rst_i (in)
                                                         rst_i (net)
                      0.013508    0.000000    4.006922 ^ input1/A (sky130_fd_sc_hd__buf_2)
     8    0.035599    0.133047    0.134980    4.141901 ^ input1/X (sky130_fd_sc_hd__buf_2)
                                                         net1 (net)
                      0.133086    0.001867    4.143768 ^ _22_/B1 (sky130_fd_sc_hd__a21oi_1)
     1    0.002749    0.039702    0.026025    4.169794 v _22_/Y (sky130_fd_sc_hd__a21oi_1)
                                                         _11_ (net)
                      0.039702    0.000014    4.169808 v _23_/B1 (sky130_fd_sc_hd__o21a_1)
     1    0.002631    0.024382    0.062720    4.232528 v _23_/X (sky130_fd_sc_hd__o21a_1)
                                                         _00_ (net)
                      0.024382    0.000031    4.232559 v _38_/D (sky130_fd_sc_hd__dfxtp_4)
                                              4.232559   data arrival time

                                 20.000000   20.000000   clock clk_i (rise edge)
                                  0.000000   20.000000   clock source latency
     1    0.012602    0.047357    0.031520   20.031521 ^ clk_i (in)
                                                         clk_i (net)
                      0.047363    0.000000   20.031521 ^ clkbuf_0_clk_i/A (sky130_fd_sc_hd__clkbuf_16)
     2    0.019167    0.030660    0.088631   20.120152 ^ clkbuf_0_clk_i/X (sky130_fd_sc_hd__clkbuf_16)
                                                         clknet_0_clk_i (net)
                      0.030660    0.000291   20.120443 ^ clkbuf_1_1__f_clk_i/A (sky130_fd_sc_hd__clkbuf_16)
     4    0.012908    0.026455    0.079517   20.199959 ^ clkbuf_1_1__f_clk_i/X (sky130_fd_sc_hd__clkbuf_16)
                                                         clknet_1_1__leaf_clk_i (net)
                      0.026455    0.000332   20.200293 ^ _38_/CLK (sky130_fd_sc_hd__dfxtp_4)
                                 -0.100000   20.100292   clock uncertainty
                                  0.000000   20.100292   clock reconvergence pessimism
                                 -0.067868   20.032425   library setup time
                                             20.032425   data required time
---------------------------------------------------------------------------------------------
                                             20.032425   data required time
                                             -4.232559   data arrival time
---------------------------------------------------------------------------------------------
                                             15.799865   slack (MET)


Startpoint: rst_i (input port clocked by clk_i)
Endpoint: _41_ (rising edge-triggered flip-flop clocked by clk_i)
Path Group: clk_i
Path Type: max

Fanout         Cap        Slew       Delay        Time   Description
---------------------------------------------------------------------------------------------
                                  0.000000    0.000000   clock clk_i (rise edge)
                                  0.000000    0.000000   clock network delay (propagated)
                                  4.000000    4.000000 ^ input external delay
     1    0.002685    0.013508    0.006922    4.006922 ^ rst_i (in)
                                                         rst_i (net)
                      0.013508    0.000000    4.006922 ^ input1/A (sky130_fd_sc_hd__buf_2)
     8    0.035599    0.133047    0.134980    4.141901 ^ input1/X (sky130_fd_sc_hd__buf_2)
                                                         net1 (net)
                      0.133050    0.000486    4.142388 ^ _28_/B1 (sky130_fd_sc_hd__a21oi_1)
     1    0.003098    0.041845    0.028009    4.170397 v _28_/Y (sky130_fd_sc_hd__a21oi_1)
                                                         _14_ (net)
                      0.041845    0.000036    4.170434 v _29_/B1 (sky130_fd_sc_hd__o21a_1)
     1    0.002060    0.022684    0.061746    4.232179 v _29_/X (sky130_fd_sc_hd__o21a_1)
                                                         _03_ (net)
                      0.022684    0.000019    4.232198 v _41_/D (sky130_fd_sc_hd__dfxtp_4)
                                              4.232198   data arrival time

                                 20.000000   20.000000   clock clk_i (rise edge)
                                  0.000000   20.000000   clock source latency
     1    0.012602    0.047357    0.031520   20.031521 ^ clk_i (in)
                                                         clk_i (net)
                      0.047363    0.000000   20.031521 ^ clkbuf_0_clk_i/A (sky130_fd_sc_hd__clkbuf_16)
     2    0.019167    0.030660    0.088631   20.120152 ^ clkbuf_0_clk_i/X (sky130_fd_sc_hd__clkbuf_16)
                                                         clknet_0_clk_i (net)
                      0.030660    0.000270   20.120422 ^ clkbuf_1_0__f_clk_i/A (sky130_fd_sc_hd__clkbuf_16)
     5    0.015507    0.028173    0.081286   20.201708 ^ clkbuf_1_0__f_clk_i/X (sky130_fd_sc_hd__clkbuf_16)
                                                         clknet_1_0__leaf_clk_i (net)
                      0.028177    0.000412   20.202120 ^ _41_/CLK (sky130_fd_sc_hd__dfxtp_4)
                                 -0.100000   20.102119   clock uncertainty
                                  0.000000   20.102119   clock reconvergence pessimism
                                 -0.067117   20.035002   library setup time
                                             20.035002   data required time
---------------------------------------------------------------------------------------------
                                             20.035002   data required time
                                             -4.232198   data arrival time
---------------------------------------------------------------------------------------------
                                             15.802805   slack (MET)


Startpoint: rst_i (input port clocked by clk_i)
Endpoint: _45_ (rising edge-triggered flip-flop clocked by clk_i)
Path Group: clk_i
Path Type: max

Fanout         Cap        Slew       Delay        Time   Description
---------------------------------------------------------------------------------------------
                                  0.000000    0.000000   clock clk_i (rise edge)
                                  0.000000    0.000000   clock network delay (propagated)
                                  4.000000    4.000000 v input external delay
     1    0.002526    0.004329    0.002021    4.002021 v rst_i (in)
                                                         rst_i (net)
                      0.004329    0.000000    4.002021 v input1/A (sky130_fd_sc_hd__buf_2)
     8    0.033561    0.061749    0.106571    4.108592 v input1/X (sky130_fd_sc_hd__buf_2)
                                                         net1 (net)
                      0.061837    0.001637    4.110229 v _37_/A (sky130_fd_sc_hd__nor3_1)
     1    0.002700    0.098444    0.124033    4.234262 ^ _37_/Y (sky130_fd_sc_hd__nor3_1)
                                                         _07_ (net)
                      0.098444    0.000031    4.234293 ^ _45_/D (sky130_fd_sc_hd__dfxtp_2)
                                              4.234293   data arrival time

                                 20.000000   20.000000   clock clk_i (rise edge)
                                  0.000000   20.000000   clock source latency
     1    0.012602    0.047357    0.031520   20.031521 ^ clk_i (in)
                                                         clk_i (net)
                      0.047363    0.000000   20.031521 ^ clkbuf_0_clk_i/A (sky130_fd_sc_hd__clkbuf_16)
     2    0.019167    0.030660    0.088631   20.120152 ^ clkbuf_0_clk_i/X (sky130_fd_sc_hd__clkbuf_16)
                                                         clknet_0_clk_i (net)
                      0.030660    0.000291   20.120443 ^ clkbuf_1_1__f_clk_i/A (sky130_fd_sc_hd__clkbuf_16)
     4    0.012908    0.026455    0.079517   20.199959 ^ clkbuf_1_1__f_clk_i/X (sky130_fd_sc_hd__clkbuf_16)
                                                         clknet_1_1__leaf_clk_i (net)
                      0.026455    0.000277   20.200237 ^ _45_/CLK (sky130_fd_sc_hd__dfxtp_2)
                                 -0.100000   20.100237   clock uncertainty
                                  0.000000   20.100237   clock reconvergence pessimism
                                 -0.038192   20.062044   library setup time
                                             20.062044   data required time
---------------------------------------------------------------------------------------------
                                             20.062044   data required time
                                             -4.234293   data arrival time
---------------------------------------------------------------------------------------------
                                             15.827752   slack (MET)


Startpoint: rst_i (input port clocked by clk_i)
Endpoint: _42_ (rising edge-triggered flip-flop clocked by clk_i)
Path Group: clk_i
Path Type: max

Fanout         Cap        Slew       Delay        Time   Description
---------------------------------------------------------------------------------------------
                                  0.000000    0.000000   clock clk_i (rise edge)
                                  0.000000    0.000000   clock network delay (propagated)
                                  4.000000    4.000000 v input external delay
     1    0.002526    0.004329    0.002021    4.002021 v rst_i (in)
                                                         rst_i (net)
                      0.004329    0.000000    4.002021 v input1/A (sky130_fd_sc_hd__buf_2)
     8    0.033561    0.061749    0.106571    4.108592 v input1/X (sky130_fd_sc_hd__buf_2)
                                                         net1 (net)
                      0.061749    0.000169    4.108760 v _31_/A (sky130_fd_sc_hd__nor3_1)
     1    0.002422    0.093400    0.120148    4.228909 ^ _31_/Y (sky130_fd_sc_hd__nor3_1)
                                                         _04_ (net)
                      0.093400    0.000026    4.228935 ^ _42_/D (sky130_fd_sc_hd__dfxtp_4)
                                              4.228935   data arrival time

                                 20.000000   20.000000   clock clk_i (rise edge)
                                  0.000000   20.000000   clock source latency
     1    0.012602    0.047357    0.031520   20.031521 ^ clk_i (in)
                                                         clk_i (net)
                      0.047363    0.000000   20.031521 ^ clkbuf_0_clk_i/A (sky130_fd_sc_hd__clkbuf_16)
     2    0.019167    0.030660    0.088631   20.120152 ^ clkbuf_0_clk_i/X (sky130_fd_sc_hd__clkbuf_16)
                                                         clknet_0_clk_i (net)
                      0.030660    0.000270   20.120422 ^ clkbuf_1_0__f_clk_i/A (sky130_fd_sc_hd__clkbuf_16)
     5    0.015507    0.028173    0.081286   20.201708 ^ clkbuf_1_0__f_clk_i/X (sky130_fd_sc_hd__clkbuf_16)
                                                         clknet_1_0__leaf_clk_i (net)
                      0.028177    0.000409   20.202116 ^ _42_/CLK (sky130_fd_sc_hd__dfxtp_4)
                                 -0.100000   20.102116   clock uncertainty
                                  0.000000   20.102116   clock reconvergence pessimism
                                 -0.037892   20.064224   library setup time
                                             20.064224   data required time
---------------------------------------------------------------------------------------------
                                             20.064224   data required time
                                             -4.228935   data arrival time
---------------------------------------------------------------------------------------------
                                             15.835291   slack (MET)


Startpoint: rst_i (input port clocked by clk_i)
Endpoint: _40_ (rising edge-triggered flip-flop clocked by clk_i)
Path Group: clk_i
Path Type: max

Fanout         Cap        Slew       Delay        Time   Description
---------------------------------------------------------------------------------------------
                                  0.000000    0.000000   clock clk_i (rise edge)
                                  0.000000    0.000000   clock network delay (propagated)
                                  4.000000    4.000000 ^ input external delay
     1    0.002685    0.013508    0.006922    4.006922 ^ rst_i (in)
                                                         rst_i (net)
                      0.013508    0.000000    4.006922 ^ input1/A (sky130_fd_sc_hd__buf_2)
     8    0.035599    0.133047    0.134980    4.141901 ^ input1/X (sky130_fd_sc_hd__buf_2)
                                                         net1 (net)
                      0.133049    0.000444    4.142346 ^ _27_/B (sky130_fd_sc_hd__nor2_1)
     1    0.002054    0.031073    0.021488    4.163834 v _27_/Y (sky130_fd_sc_hd__nor2_1)
                                                         _02_ (net)
                      0.031073    0.000019    4.163852 v _40_/D (sky130_fd_sc_hd__dfxtp_4)
                                              4.163852   data arrival time

                                 20.000000   20.000000   clock clk_i (rise edge)
                                  0.000000   20.000000   clock source latency
     1    0.012602    0.047357    0.031520   20.031521 ^ clk_i (in)
                                                         clk_i (net)
                      0.047363    0.000000   20.031521 ^ clkbuf_0_clk_i/A (sky130_fd_sc_hd__clkbuf_16)
     2    0.019167    0.030660    0.088631   20.120152 ^ clkbuf_0_clk_i/X (sky130_fd_sc_hd__clkbuf_16)
                                                         clknet_0_clk_i (net)
                      0.030660    0.000270   20.120422 ^ clkbuf_1_0__f_clk_i/A (sky130_fd_sc_hd__clkbuf_16)
     5    0.015507    0.028173    0.081286   20.201708 ^ clkbuf_1_0__f_clk_i/X (sky130_fd_sc_hd__clkbuf_16)
                                                         clknet_1_0__leaf_clk_i (net)
                      0.028177    0.000396   20.202105 ^ _40_/CLK (sky130_fd_sc_hd__dfxtp_4)
                                 -0.100000   20.102104   clock uncertainty
                                  0.000000   20.102104   clock reconvergence pessimism
                                 -0.070073   20.032032   library setup time
                                             20.032032   data required time
---------------------------------------------------------------------------------------------
                                             20.032032   data required time
                                             -4.163852   data arrival time
---------------------------------------------------------------------------------------------
                                             15.868180   slack (MET)



