
===========================================================================
report_checks -path_delay min (Hold)
============================================================================
======================= nom_ff_n40C_1v95 Corner ===================================

Startpoint: _41_ (rising edge-triggered flip-flop clocked by clk_i)
Endpoint: _41_ (rising edge-triggered flip-flop clocked by clk_i)
Path Group: clk_i
Path Type: min

Fanout         Cap        Slew       Delay        Time   Description
---------------------------------------------------------------------------------------------
                                  0.000000    0.000000   clock clk_i (rise edge)
                                  0.000000    0.000000   clock source latency
     1    0.012995    0.048704    0.032557    0.032557 ^ clk_i (in)
                                                         clk_i (net)
                      0.048714    0.000000    0.032557 ^ clkbuf_0_clk_i/A (sky130_fd_sc_hd__clkbuf_16)
     2    0.019443    0.030838    0.089094    0.121650 ^ clkbuf_0_clk_i/X (sky130_fd_sc_hd__clkbuf_16)
                                                         clknet_0_clk_i (net)
                      0.030841    0.000587    0.122237 ^ clkbuf_1_0__f_clk_i/A (sky130_fd_sc_hd__clkbuf_16)
     5    0.016051    0.028532    0.081630    0.203867 ^ clkbuf_1_0__f_clk_i/X (sky130_fd_sc_hd__clkbuf_16)
                                                         clknet_1_0__leaf_clk_i (net)
                      0.028540    0.000703    0.204571 ^ _41_/CLK (sky130_fd_sc_hd__dfxtp_4)
     6    0.048607    0.108982    0.269633    0.474204 ^ _41_/Q (sky130_fd_sc_hd__dfxtp_4)
                                                         counter_val_o[1] (net)
                      0.108983    0.000557    0.474761 ^ _29_/A2 (sky130_fd_sc_hd__o21a_1)
     1    0.002185    0.024103    0.069755    0.544516 ^ _29_/X (sky130_fd_sc_hd__o21a_1)
                                                         _03_ (net)
                      0.024103    0.000062    0.544578 ^ _41_/D (sky130_fd_sc_hd__dfxtp_4)
                                              0.544578   data arrival time

                                  0.000000    0.000000   clock clk_i (rise edge)
                                  0.000000    0.000000   clock source latency
     1    0.012995    0.048704    0.032557    0.032557 ^ clk_i (in)
                                                         clk_i (net)
                      0.048714    0.000000    0.032557 ^ clkbuf_0_clk_i/A (sky130_fd_sc_hd__clkbuf_16)
     2    0.019443    0.030838    0.089094    0.121650 ^ clkbuf_0_clk_i/X (sky130_fd_sc_hd__clkbuf_16)
                                                         clknet_0_clk_i (net)
                      0.030841    0.000587    0.122237 ^ clkbuf_1_0__f_clk_i/A (sky130_fd_sc_hd__clkbuf_16)
     5    0.016051    0.028532    0.081630    0.203867 ^ clkbuf_1_0__f_clk_i/X (sky130_fd_sc_hd__clkbuf_16)
                                                         clknet_1_0__leaf_clk_i (net)
                      0.028540    0.000703    0.204571 ^ _41_/CLK (sky130_fd_sc_hd__dfxtp_4)
                                  0.100000    0.304571   clock uncertainty
                                  0.000000    0.304571   clock reconvergence pessimism
                                 -0.015776    0.288795   library hold time
                                              0.288795   data required time
---------------------------------------------------------------------------------------------
                                              0.288795   data required time
                                             -0.544578   data arrival time
---------------------------------------------------------------------------------------------
                                              0.255783   slack (MET)


Startpoint: _42_ (rising edge-triggered flip-flop clocked by clk_i)
Endpoint: _42_ (rising edge-triggered flip-flop clocked by clk_i)
Path Group: clk_i
Path Type: min

Fanout         Cap        Slew       Delay        Time   Description
---------------------------------------------------------------------------------------------
                                  0.000000    0.000000   clock clk_i (rise edge)
                                  0.000000    0.000000   clock source latency
     1    0.012995    0.048704    0.032557    0.032557 ^ clk_i (in)
                                                         clk_i (net)
                      0.048714    0.000000    0.032557 ^ clkbuf_0_clk_i/A (sky130_fd_sc_hd__clkbuf_16)
     2    0.019443    0.030838    0.089094    0.121650 ^ clkbuf_0_clk_i/X (sky130_fd_sc_hd__clkbuf_16)
                                                         clknet_0_clk_i (net)
                      0.030841    0.000587    0.122237 ^ clkbuf_1_0__f_clk_i/A (sky130_fd_sc_hd__clkbuf_16)
     5    0.016051    0.028532    0.081630    0.203867 ^ clkbuf_1_0__f_clk_i/X (sky130_fd_sc_hd__clkbuf_16)
                                                         clknet_1_0__leaf_clk_i (net)
                      0.028540    0.000700    0.204568 ^ _42_/CLK (sky130_fd_sc_hd__dfxtp_4)
     4    0.041875    0.053869    0.244527    0.449094 v _42_/Q (sky130_fd_sc_hd__dfxtp_4)
                                                         counter_val_o[2] (net)
                      0.053896    0.001123    0.450217 v _30_/B1 (sky130_fd_sc_hd__a21oi_1)
     1    0.002704    0.046593    0.057683    0.507900 ^ _30_/Y (sky130_fd_sc_hd__a21oi_1)
                                                         _15_ (net)
                      0.046593    0.000076    0.507976 ^ _31_/C (sky130_fd_sc_hd__nor3_1)
     1    0.002427    0.020377    0.025513    0.533489 v _31_/Y (sky130_fd_sc_hd__nor3_1)
                                                         _04_ (net)
                      0.020378    0.000073    0.533561 v _42_/D (sky130_fd_sc_hd__dfxtp_4)
                                              0.533561   data arrival time

                                  0.000000    0.000000   clock clk_i (rise edge)
                                  0.000000    0.000000   clock source latency
     1    0.012995    0.048704    0.032557    0.032557 ^ clk_i (in)
                                                         clk_i (net)
                      0.048714    0.000000    0.032557 ^ clkbuf_0_clk_i/A (sky130_fd_sc_hd__clkbuf_16)
     2    0.019443    0.030838    0.089094    0.121650 ^ clkbuf_0_clk_i/X (sky130_fd_sc_hd__clkbuf_16)
                                                         clknet_0_clk_i (net)
                      0.030841    0.000587    0.122237 ^ clkbuf_1_0__f_clk_i/A (sky130_fd_sc_hd__clkbuf_16)
     5    0.016051    0.028532    0.081630    0.203867 ^ clkbuf_1_0__f_clk_i/X (sky130_fd_sc_hd__clkbuf_16)
                                                         clknet_1_0__leaf_clk_i (net)
                      0.028540    0.000700    0.204568 ^ _42_/CLK (sky130_fd_sc_hd__dfxtp_4)
                                  0.100000    0.304568   clock uncertainty
                                  0.000000    0.304568   clock reconvergence pessimism
                                 -0.030278    0.274290   library hold time
                                              0.274290   data required time
---------------------------------------------------------------------------------------------
                                              0.274290   data required time
                                             -0.533561   data arrival time
---------------------------------------------------------------------------------------------
                                              0.259272   slack (MET)


Startpoint: _44_ (rising edge-triggered flip-flop clocked by clk_i)
Endpoint: _44_ (rising edge-triggered flip-flop clocked by clk_i)
Path Group: clk_i
Path Type: min

Fanout         Cap        Slew       Delay        Time   Description
---------------------------------------------------------------------------------------------
                                  0.000000    0.000000   clock clk_i (rise edge)
                                  0.000000    0.000000   clock source latency
     1    0.012995    0.048704    0.032557    0.032557 ^ clk_i (in)
                                                         clk_i (net)
                      0.048714    0.000000    0.032557 ^ clkbuf_0_clk_i/A (sky130_fd_sc_hd__clkbuf_16)
     2    0.019443    0.030838    0.089094    0.121650 ^ clkbuf_0_clk_i/X (sky130_fd_sc_hd__clkbuf_16)
                                                         clknet_0_clk_i (net)
                      0.030842    0.000615    0.122265 ^ clkbuf_1_1__f_clk_i/A (sky130_fd_sc_hd__clkbuf_16)
     4    0.013390    0.026779    0.079843    0.202108 ^ clkbuf_1_1__f_clk_i/X (sky130_fd_sc_hd__clkbuf_16)
                                                         clknet_1_1__leaf_clk_i (net)
                      0.026779    0.000497    0.202605 ^ _44_/CLK (sky130_fd_sc_hd__dfxtp_4)
     5    0.046368    0.104268    0.265619    0.468224 ^ _44_/Q (sky130_fd_sc_hd__dfxtp_4)
                                                         counter_val_o[4] (net)
                      0.104271    0.000790    0.469014 ^ _35_/A1 (sky130_fd_sc_hd__o21a_1)
     1    0.002137    0.023847    0.079481    0.548495 ^ _35_/X (sky130_fd_sc_hd__o21a_1)
                                                         _06_ (net)
                      0.023848    0.000062    0.548557 ^ _44_/D (sky130_fd_sc_hd__dfxtp_4)
                                              0.548557   data arrival time

                                  0.000000    0.000000   clock clk_i (rise edge)
                                  0.000000    0.000000   clock source latency
     1    0.012995    0.048704    0.032557    0.032557 ^ clk_i (in)
                                                         clk_i (net)
                      0.048714    0.000000    0.032557 ^ clkbuf_0_clk_i/A (sky130_fd_sc_hd__clkbuf_16)
     2    0.019443    0.030838    0.089094    0.121650 ^ clkbuf_0_clk_i/X (sky130_fd_sc_hd__clkbuf_16)
                                                         clknet_0_clk_i (net)
                      0.030842    0.000615    0.122265 ^ clkbuf_1_1__f_clk_i/A (sky130_fd_sc_hd__clkbuf_16)
     4    0.013390    0.026779    0.079843    0.202108 ^ clkbuf_1_1__f_clk_i/X (sky130_fd_sc_hd__clkbuf_16)
                                                         clknet_1_1__leaf_clk_i (net)
                      0.026779    0.000497    0.202605 ^ _44_/CLK (sky130_fd_sc_hd__dfxtp_4)
                                  0.100000    0.302605   clock uncertainty
                                  0.000000    0.302605   clock reconvergence pessimism
                                 -0.015790    0.286815   library hold time
                                              0.286815   data required time
---------------------------------------------------------------------------------------------
                                              0.286815   data required time
                                             -0.548557   data arrival time
---------------------------------------------------------------------------------------------
                                              0.261742   slack (MET)


Startpoint: _38_ (rising edge-triggered flip-flop clocked by clk_i)
Endpoint: _38_ (rising edge-triggered flip-flop clocked by clk_i)
Path Group: clk_i
Path Type: min

Fanout         Cap        Slew       Delay        Time   Description
---------------------------------------------------------------------------------------------
                                  0.000000    0.000000   clock clk_i (rise edge)
                                  0.000000    0.000000   clock source latency
     1    0.012995    0.048704    0.032557    0.032557 ^ clk_i (in)
                                                         clk_i (net)
                      0.048714    0.000000    0.032557 ^ clkbuf_0_clk_i/A (sky130_fd_sc_hd__clkbuf_16)
     2    0.019443    0.030838    0.089094    0.121650 ^ clkbuf_0_clk_i/X (sky130_fd_sc_hd__clkbuf_16)
                                                         clknet_0_clk_i (net)
                      0.030842    0.000615    0.122265 ^ clkbuf_1_1__f_clk_i/A (sky130_fd_sc_hd__clkbuf_16)
     4    0.013390    0.026779    0.079843    0.202108 ^ clkbuf_1_1__f_clk_i/X (sky130_fd_sc_hd__clkbuf_16)
                                                         clknet_1_1__leaf_clk_i (net)
                      0.026779    0.000558    0.202667 ^ _38_/CLK (sky130_fd_sc_hd__dfxtp_4)
     5    0.046334    0.104174    0.265099    0.467766 ^ _38_/Q (sky130_fd_sc_hd__dfxtp_4)
                                                         counter_val_o[6] (net)
                      0.104206    0.001758    0.469524 ^ _23_/A1 (sky130_fd_sc_hd__o21a_1)
     1    0.002815    0.027890    0.083115    0.552639 ^ _23_/X (sky130_fd_sc_hd__o21a_1)
                                                         _00_ (net)
                      0.027890    0.000087    0.552726 ^ _38_/D (sky130_fd_sc_hd__dfxtp_4)
                                              0.552726   data arrival time

                                  0.000000    0.000000   clock clk_i (rise edge)
                                  0.000000    0.000000   clock source latency
     1    0.012995    0.048704    0.032557    0.032557 ^ clk_i (in)
                                                         clk_i (net)
                      0.048714    0.000000    0.032557 ^ clkbuf_0_clk_i/A (sky130_fd_sc_hd__clkbuf_16)
     2    0.019443    0.030838    0.089094    0.121650 ^ clkbuf_0_clk_i/X (sky130_fd_sc_hd__clkbuf_16)
                                                         clknet_0_clk_i (net)
                      0.030842    0.000615    0.122265 ^ clkbuf_1_1__f_clk_i/A (sky130_fd_sc_hd__clkbuf_16)
     4    0.013390    0.026779    0.079843    0.202108 ^ clkbuf_1_1__f_clk_i/X (sky130_fd_sc_hd__clkbuf_16)
                                                         clknet_1_1__leaf_clk_i (net)
                      0.026779    0.000558    0.202667 ^ _38_/CLK (sky130_fd_sc_hd__dfxtp_4)
                                  0.100000    0.302667   clock uncertainty
                                  0.000000    0.302667   clock reconvergence pessimism
                                 -0.016086    0.286580   library hold time
                                              0.286580   data required time
---------------------------------------------------------------------------------------------
                                              0.286580   data required time
                                             -0.552726   data arrival time
---------------------------------------------------------------------------------------------
                                              0.266146   slack (MET)


Startpoint: _39_ (rising edge-triggered flip-flop clocked by clk_i)
Endpoint: _39_ (rising edge-triggered flip-flop clocked by clk_i)
Path Group: clk_i
Path Type: min

Fanout         Cap        Slew       Delay        Time   Description
---------------------------------------------------------------------------------------------
                                  0.000000    0.000000   clock clk_i (rise edge)
                                  0.000000    0.000000   clock source latency
     1    0.012995    0.048704    0.032557    0.032557 ^ clk_i (in)
                                                         clk_i (net)
                      0.048714    0.000000    0.032557 ^ clkbuf_0_clk_i/A (sky130_fd_sc_hd__clkbuf_16)
     2    0.019443    0.030838    0.089094    0.121650 ^ clkbuf_0_clk_i/X (sky130_fd_sc_hd__clkbuf_16)
                                                         clknet_0_clk_i (net)
                      0.030842    0.000615    0.122265 ^ clkbuf_1_1__f_clk_i/A (sky130_fd_sc_hd__clkbuf_16)
     4    0.013390    0.026779    0.079843    0.202108 ^ clkbuf_1_1__f_clk_i/X (sky130_fd_sc_hd__clkbuf_16)
                                                         clknet_1_1__leaf_clk_i (net)
                      0.026780    0.000584    0.202693 ^ _39_/CLK (sky130_fd_sc_hd__dfxtp_2)
     3    0.039577    0.071150    0.243121    0.445814 v _39_/Q (sky130_fd_sc_hd__dfxtp_2)
                                                         counter_val_o[7] (net)
                      0.071157    0.000702    0.446517 v _24_/B1 (sky130_fd_sc_hd__a21oi_1)
     1    0.003611    0.057981    0.071433    0.517949 ^ _24_/Y (sky130_fd_sc_hd__a21oi_1)
                                                         _12_ (net)
                      0.057983    0.000086    0.518035 ^ _26_/A (sky130_fd_sc_hd__nor2_1)
     1    0.002259    0.015615    0.027374    0.545409 v _26_/Y (sky130_fd_sc_hd__nor2_1)
                                                         _01_ (net)
                      0.015616    0.000064    0.545474 v _39_/D (sky130_fd_sc_hd__dfxtp_2)
                                              0.545474   data arrival time

                                  0.000000    0.000000   clock clk_i (rise edge)
                                  0.000000    0.000000   clock source latency
     1    0.012995    0.048704    0.032557    0.032557 ^ clk_i (in)
                                                         clk_i (net)
                      0.048714    0.000000    0.032557 ^ clkbuf_0_clk_i/A (sky130_fd_sc_hd__clkbuf_16)
     2    0.019443    0.030838    0.089094    0.121650 ^ clkbuf_0_clk_i/X (sky130_fd_sc_hd__clkbuf_16)
                                                         clknet_0_clk_i (net)
                      0.030842    0.000615    0.122265 ^ clkbuf_1_1__f_clk_i/A (sky130_fd_sc_hd__clkbuf_16)
     4    0.013390    0.026779    0.079843    0.202108 ^ clkbuf_1_1__f_clk_i/X (sky130_fd_sc_hd__clkbuf_16)
                                                         clknet_1_1__leaf_clk_i (net)
                      0.026780    0.000584    0.202693 ^ _39_/CLK (sky130_fd_sc_hd__dfxtp_2)
                                  0.100000    0.302693   clock uncertainty
                                  0.000000    0.302693   clock reconvergence pessimism
                                 -0.029955    0.272737   library hold time
                                              0.272737   data required time
---------------------------------------------------------------------------------------------
                                              0.272737   data required time
                                             -0.545474   data arrival time
---------------------------------------------------------------------------------------------
                                              0.272736   slack (MET)


Startpoint: _45_ (rising edge-triggered flip-flop clocked by clk_i)
Endpoint: _45_ (rising edge-triggered flip-flop clocked by clk_i)
Path Group: clk_i
Path Type: min

Fanout         Cap        Slew       Delay        Time   Description
---------------------------------------------------------------------------------------------
                                  0.000000    0.000000   clock clk_i (rise edge)
                                  0.000000    0.000000   clock source latency
     1    0.012995    0.048704    0.032557    0.032557 ^ clk_i (in)
                                                         clk_i (net)
                      0.048714    0.000000    0.032557 ^ clkbuf_0_clk_i/A (sky130_fd_sc_hd__clkbuf_16)
     2    0.019443    0.030838    0.089094    0.121650 ^ clkbuf_0_clk_i/X (sky130_fd_sc_hd__clkbuf_16)
                                                         clknet_0_clk_i (net)
                      0.030842    0.000615    0.122265 ^ clkbuf_1_1__f_clk_i/A (sky130_fd_sc_hd__clkbuf_16)
     4    0.013390    0.026779    0.079843    0.202108 ^ clkbuf_1_1__f_clk_i/X (sky130_fd_sc_hd__clkbuf_16)
                                                         clknet_1_1__leaf_clk_i (net)
                      0.026779    0.000481    0.202589 ^ _45_/CLK (sky130_fd_sc_hd__dfxtp_2)
     3    0.038621    0.069704    0.241903    0.444493 v _45_/Q (sky130_fd_sc_hd__dfxtp_2)
                                                         counter_val_o[5] (net)
                      0.069710    0.000654    0.445146 v _36_/B1 (sky130_fd_sc_hd__a21oi_1)
     1    0.004166    0.063074    0.075066    0.520213 ^ _36_/Y (sky130_fd_sc_hd__a21oi_1)
                                                         _18_ (net)
                      0.063074    0.000140    0.520352 ^ _37_/C (sky130_fd_sc_hd__nor3_1)
     1    0.002845    0.024739    0.028679    0.549031 v _37_/Y (sky130_fd_sc_hd__nor3_1)
                                                         _07_ (net)
                      0.024739    0.000088    0.549119 v _45_/D (sky130_fd_sc_hd__dfxtp_2)
                                              0.549119   data arrival time

                                  0.000000    0.000000   clock clk_i (rise edge)
                                  0.000000    0.000000   clock source latency
     1    0.012995    0.048704    0.032557    0.032557 ^ clk_i (in)
                                                         clk_i (net)
                      0.048714    0.000000    0.032557 ^ clkbuf_0_clk_i/A (sky130_fd_sc_hd__clkbuf_16)
     2    0.019443    0.030838    0.089094    0.121650 ^ clkbuf_0_clk_i/X (sky130_fd_sc_hd__clkbuf_16)
                                                         clknet_0_clk_i (net)
                      0.030842    0.000615    0.122265 ^ clkbuf_1_1__f_clk_i/A (sky130_fd_sc_hd__clkbuf_16)
     4    0.013390    0.026779    0.079843    0.202108 ^ clkbuf_1_1__f_clk_i/X (sky130_fd_sc_hd__clkbuf_16)
                                                         clknet_1_1__leaf_clk_i (net)
                      0.026779    0.000481    0.202589 ^ _45_/CLK (sky130_fd_sc_hd__dfxtp_2)
                                  0.100000    0.302589   clock uncertainty
                                  0.000000    0.302589   clock reconvergence pessimism
                                 -0.032990    0.269599   library hold time
                                              0.269599   data required time
---------------------------------------------------------------------------------------------
                                              0.269599   data required time
                                             -0.549119   data arrival time
---------------------------------------------------------------------------------------------
                                              0.279520   slack (MET)


Startpoint: _43_ (rising edge-triggered flip-flop clocked by clk_i)
Endpoint: _43_ (rising edge-triggered flip-flop clocked by clk_i)
Path Group: clk_i
Path Type: min

Fanout         Cap        Slew       Delay        Time   Description
---------------------------------------------------------------------------------------------
                                  0.000000    0.000000   clock clk_i (rise edge)
                                  0.000000    0.000000   clock source latency
     1    0.012995    0.048704    0.032557    0.032557 ^ clk_i (in)
                                                         clk_i (net)
                      0.048714    0.000000    0.032557 ^ clkbuf_0_clk_i/A (sky130_fd_sc_hd__clkbuf_16)
     2    0.019443    0.030838    0.089094    0.121650 ^ clkbuf_0_clk_i/X (sky130_fd_sc_hd__clkbuf_16)
                                                         clknet_0_clk_i (net)
                      0.030841    0.000587    0.122237 ^ clkbuf_1_0__f_clk_i/A (sky130_fd_sc_hd__clkbuf_16)
     5    0.016051    0.028532    0.081630    0.203867 ^ clkbuf_1_0__f_clk_i/X (sky130_fd_sc_hd__clkbuf_16)
                                                         clknet_1_0__leaf_clk_i (net)
                      0.028539    0.000667    0.204534 ^ _43_/CLK (sky130_fd_sc_hd__dfxtp_2)
     3    0.039333    0.151642    0.281412    0.485946 ^ _43_/Q (sky130_fd_sc_hd__dfxtp_2)
                                                         counter_val_o[3] (net)
                      0.151643    0.000734    0.486680 ^ _33_/A1 (sky130_fd_sc_hd__o21a_1)
     1    0.003108    0.029980    0.088977    0.575657 ^ _33_/X (sky130_fd_sc_hd__o21a_1)
                                                         _05_ (net)
                      0.029980    0.000101    0.575757 ^ _43_/D (sky130_fd_sc_hd__dfxtp_2)
                                              0.575757   data arrival time

                                  0.000000    0.000000   clock clk_i (rise edge)
                                  0.000000    0.000000   clock source latency
     1    0.012995    0.048704    0.032557    0.032557 ^ clk_i (in)
                                                         clk_i (net)
                      0.048714    0.000000    0.032557 ^ clkbuf_0_clk_i/A (sky130_fd_sc_hd__clkbuf_16)
     2    0.019443    0.030838    0.089094    0.121650 ^ clkbuf_0_clk_i/X (sky130_fd_sc_hd__clkbuf_16)
                                                         clknet_0_clk_i (net)
                      0.030841    0.000587    0.122237 ^ clkbuf_1_0__f_clk_i/A (sky130_fd_sc_hd__clkbuf_16)
     5    0.016051    0.028532    0.081630    0.203867 ^ clkbuf_1_0__f_clk_i/X (sky130_fd_sc_hd__clkbuf_16)
                                                         clknet_1_0__leaf_clk_i (net)
                      0.028539    0.000667    0.204534 ^ _43_/CLK (sky130_fd_sc_hd__dfxtp_2)
                                  0.100000    0.304534   clock uncertainty
                                  0.000000    0.304534   clock reconvergence pessimism
                                 -0.017286    0.287248   library hold time
                                              0.287248   data required time
---------------------------------------------------------------------------------------------
                                              0.287248   data required time
                                             -0.575757   data arrival time
---------------------------------------------------------------------------------------------
                                              0.288510   slack (MET)


Startpoint: _40_ (rising edge-triggered flip-flop clocked by clk_i)
Endpoint: _40_ (rising edge-triggered flip-flop clocked by clk_i)
Path Group: clk_i
Path Type: min

Fanout         Cap        Slew       Delay        Time   Description
---------------------------------------------------------------------------------------------
                                  0.000000    0.000000   clock clk_i (rise edge)
                                  0.000000    0.000000   clock source latency
     1    0.012995    0.048704    0.032557    0.032557 ^ clk_i (in)
                                                         clk_i (net)
                      0.048714    0.000000    0.032557 ^ clkbuf_0_clk_i/A (sky130_fd_sc_hd__clkbuf_16)
     2    0.019443    0.030838    0.089094    0.121650 ^ clkbuf_0_clk_i/X (sky130_fd_sc_hd__clkbuf_16)
                                                         clknet_0_clk_i (net)
                      0.030841    0.000587    0.122237 ^ clkbuf_1_0__f_clk_i/A (sky130_fd_sc_hd__clkbuf_16)
     5    0.016051    0.028532    0.081630    0.203867 ^ clkbuf_1_0__f_clk_i/X (sky130_fd_sc_hd__clkbuf_16)
                                                         clknet_1_0__leaf_clk_i (net)
                      0.028540    0.000671    0.204538 ^ _40_/CLK (sky130_fd_sc_hd__dfxtp_4)
     7    0.050504    0.061344    0.251507    0.456045 v _40_/Q (sky130_fd_sc_hd__dfxtp_4)
                                                         counter_val_o[0] (net)
                      0.061352    0.000733    0.456779 v hold1/A (sky130_fd_sc_hd__dlygate4sd3_1)
     1    0.002664    0.037487    0.370869    0.827647 v hold1/X (sky130_fd_sc_hd__dlygate4sd3_1)
                                                         net2 (net)
                      0.037487    0.000054    0.827701 v _27_/A (sky130_fd_sc_hd__nor2_1)
     1    0.002182    0.046423    0.061634    0.889335 ^ _27_/Y (sky130_fd_sc_hd__nor2_1)
                                                         _02_ (net)
                      0.046423    0.000062    0.889398 ^ _40_/D (sky130_fd_sc_hd__dfxtp_4)
                                              0.889398   data arrival time

                                  0.000000    0.000000   clock clk_i (rise edge)
                                  0.000000    0.000000   clock source latency
     1    0.012995    0.048704    0.032557    0.032557 ^ clk_i (in)
                                                         clk_i (net)
                      0.048714    0.000000    0.032557 ^ clkbuf_0_clk_i/A (sky130_fd_sc_hd__clkbuf_16)
     2    0.019443    0.030838    0.089094    0.121650 ^ clkbuf_0_clk_i/X (sky130_fd_sc_hd__clkbuf_16)
                                                         clknet_0_clk_i (net)
                      0.030841    0.000587    0.122237 ^ clkbuf_1_0__f_clk_i/A (sky130_fd_sc_hd__clkbuf_16)
     5    0.016051    0.028532    0.081630    0.203867 ^ clkbuf_1_0__f_clk_i/X (sky130_fd_sc_hd__clkbuf_16)
                                                         clknet_1_0__leaf_clk_i (net)
                      0.028540    0.000671    0.204538 ^ _40_/CLK (sky130_fd_sc_hd__dfxtp_4)
                                  0.100000    0.304538   clock uncertainty
                                  0.000000    0.304538   clock reconvergence pessimism
                                 -0.017410    0.287128   library hold time
                                              0.287128   data required time
---------------------------------------------------------------------------------------------
                                              0.287128   data required time
                                             -0.889398   data arrival time
---------------------------------------------------------------------------------------------
                                              0.602269   slack (MET)


Startpoint: _45_ (rising edge-triggered flip-flop clocked by clk_i)
Endpoint: counter_val_o[5] (output port clocked by clk_i)
Path Group: clk_i
Path Type: min

Fanout         Cap        Slew       Delay        Time   Description
---------------------------------------------------------------------------------------------
                                  0.000000    0.000000   clock clk_i (rise edge)
                                  0.000000    0.000000   clock source latency
     1    0.012995    0.048704    0.032557    0.032557 ^ clk_i (in)
                                                         clk_i (net)
                      0.048714    0.000000    0.032557 ^ clkbuf_0_clk_i/A (sky130_fd_sc_hd__clkbuf_16)
     2    0.019443    0.030838    0.089094    0.121650 ^ clkbuf_0_clk_i/X (sky130_fd_sc_hd__clkbuf_16)
                                                         clknet_0_clk_i (net)
                      0.030842    0.000615    0.122265 ^ clkbuf_1_1__f_clk_i/A (sky130_fd_sc_hd__clkbuf_16)
     4    0.013390    0.026779    0.079843    0.202108 ^ clkbuf_1_1__f_clk_i/X (sky130_fd_sc_hd__clkbuf_16)
                                                         clknet_1_1__leaf_clk_i (net)
                      0.026779    0.000481    0.202589 ^ _45_/CLK (sky130_fd_sc_hd__dfxtp_2)
     3    0.038621    0.069704    0.241903    0.444493 v _45_/Q (sky130_fd_sc_hd__dfxtp_2)
                                                         counter_val_o[5] (net)
                      0.069712    0.000739    0.445232 v counter_val_o[5] (out)
                                              0.445232   data arrival time

                                  0.000000    0.000000   clock clk_i (rise edge)
                                  0.000000    0.000000   clock network delay (propagated)
                                  0.100000    0.100000   clock uncertainty
                                  0.000000    0.100000   clock reconvergence pessimism
                                 -4.000000   -3.900000   output external delay
                                             -3.900000   data required time
---------------------------------------------------------------------------------------------
                                             -3.900000   data required time
                                             -0.445232   data arrival time
---------------------------------------------------------------------------------------------
                                              4.345232   slack (MET)


Startpoint: _39_ (rising edge-triggered flip-flop clocked by clk_i)
Endpoint: counter_val_o[7] (output port clocked by clk_i)
Path Group: clk_i
Path Type: min

Fanout         Cap        Slew       Delay        Time   Description
---------------------------------------------------------------------------------------------
                                  0.000000    0.000000   clock clk_i (rise edge)
                                  0.000000    0.000000   clock source latency
     1    0.012995    0.048704    0.032557    0.032557 ^ clk_i (in)
                                                         clk_i (net)
                      0.048714    0.000000    0.032557 ^ clkbuf_0_clk_i/A (sky130_fd_sc_hd__clkbuf_16)
     2    0.019443    0.030838    0.089094    0.121650 ^ clkbuf_0_clk_i/X (sky130_fd_sc_hd__clkbuf_16)
                                                         clknet_0_clk_i (net)
                      0.030842    0.000615    0.122265 ^ clkbuf_1_1__f_clk_i/A (sky130_fd_sc_hd__clkbuf_16)
     4    0.013390    0.026779    0.079843    0.202108 ^ clkbuf_1_1__f_clk_i/X (sky130_fd_sc_hd__clkbuf_16)
                                                         clknet_1_1__leaf_clk_i (net)
                      0.026780    0.000584    0.202693 ^ _39_/CLK (sky130_fd_sc_hd__dfxtp_2)
     3    0.039577    0.071150    0.243121    0.445814 v _39_/Q (sky130_fd_sc_hd__dfxtp_2)
                                                         counter_val_o[7] (net)
                      0.071159    0.000784    0.446599 v counter_val_o[7] (out)
                                              0.446599   data arrival time

                                  0.000000    0.000000   clock clk_i (rise edge)
                                  0.000000    0.000000   clock network delay (propagated)
                                  0.100000    0.100000   clock uncertainty
                                  0.000000    0.100000   clock reconvergence pessimism
                                 -4.000000   -3.900000   output external delay
                                             -3.900000   data required time
---------------------------------------------------------------------------------------------
                                             -3.900000   data required time
                                             -0.446599   data arrival time
---------------------------------------------------------------------------------------------
                                              4.346599   slack (MET)


Startpoint: _43_ (rising edge-triggered flip-flop clocked by clk_i)
Endpoint: counter_val_o[3] (output port clocked by clk_i)
Path Group: clk_i
Path Type: min

Fanout         Cap        Slew       Delay        Time   Description
---------------------------------------------------------------------------------------------
                                  0.000000    0.000000   clock clk_i (rise edge)
                                  0.000000    0.000000   clock source latency
     1    0.012995    0.048704    0.032557    0.032557 ^ clk_i (in)
                                                         clk_i (net)
                      0.048714    0.000000    0.032557 ^ clkbuf_0_clk_i/A (sky130_fd_sc_hd__clkbuf_16)
     2    0.019443    0.030838    0.089094    0.121650 ^ clkbuf_0_clk_i/X (sky130_fd_sc_hd__clkbuf_16)
                                                         clknet_0_clk_i (net)
                      0.030841    0.000587    0.122237 ^ clkbuf_1_0__f_clk_i/A (sky130_fd_sc_hd__clkbuf_16)
     5    0.016051    0.028532    0.081630    0.203867 ^ clkbuf_1_0__f_clk_i/X (sky130_fd_sc_hd__clkbuf_16)
                                                         clknet_1_0__leaf_clk_i (net)
                      0.028539    0.000667    0.204534 ^ _43_/CLK (sky130_fd_sc_hd__dfxtp_2)
     3    0.039003    0.070299    0.242885    0.447419 v _43_/Q (sky130_fd_sc_hd__dfxtp_2)
                                                         counter_val_o[3] (net)
                      0.070308    0.000794    0.448213 v counter_val_o[3] (out)
                                              0.448213   data arrival time

                                  0.000000    0.000000   clock clk_i (rise edge)
                                  0.000000    0.000000   clock network delay (propagated)
                                  0.100000    0.100000   clock uncertainty
                                  0.000000    0.100000   clock reconvergence pessimism
                                 -4.000000   -3.900000   output external delay
                                             -3.900000   data required time
---------------------------------------------------------------------------------------------
                                             -3.900000   data required time
                                             -0.448213   data arrival time
---------------------------------------------------------------------------------------------
                                              4.348213   slack (MET)


Startpoint: _42_ (rising edge-triggered flip-flop clocked by clk_i)
Endpoint: counter_val_o[2] (output port clocked by clk_i)
Path Group: clk_i
Path Type: min

Fanout         Cap        Slew       Delay        Time   Description
---------------------------------------------------------------------------------------------
                                  0.000000    0.000000   clock clk_i (rise edge)
                                  0.000000    0.000000   clock source latency
     1    0.012995    0.048704    0.032557    0.032557 ^ clk_i (in)
                                                         clk_i (net)
                      0.048714    0.000000    0.032557 ^ clkbuf_0_clk_i/A (sky130_fd_sc_hd__clkbuf_16)
     2    0.019443    0.030838    0.089094    0.121650 ^ clkbuf_0_clk_i/X (sky130_fd_sc_hd__clkbuf_16)
                                                         clknet_0_clk_i (net)
                      0.030841    0.000587    0.122237 ^ clkbuf_1_0__f_clk_i/A (sky130_fd_sc_hd__clkbuf_16)
     5    0.016051    0.028532    0.081630    0.203867 ^ clkbuf_1_0__f_clk_i/X (sky130_fd_sc_hd__clkbuf_16)
                                                         clknet_1_0__leaf_clk_i (net)
                      0.028540    0.000700    0.204568 ^ _42_/CLK (sky130_fd_sc_hd__dfxtp_4)
     4    0.041875    0.053869    0.244527    0.449094 v _42_/Q (sky130_fd_sc_hd__dfxtp_4)
                                                         counter_val_o[2] (net)
                      0.053905    0.001273    0.450367 v counter_val_o[2] (out)
                                              0.450367   data arrival time

                                  0.000000    0.000000   clock clk_i (rise edge)
                                  0.000000    0.000000   clock network delay (propagated)
                                  0.100000    0.100000   clock uncertainty
                                  0.000000    0.100000   clock reconvergence pessimism
                                 -4.000000   -3.900000   output external delay
                                             -3.900000   data required time
---------------------------------------------------------------------------------------------
                                             -3.900000   data required time
                                             -0.450367   data arrival time
---------------------------------------------------------------------------------------------
                                              4.350367   slack (MET)


Startpoint: _44_ (rising edge-triggered flip-flop clocked by clk_i)
Endpoint: counter_val_o[4] (output port clocked by clk_i)
Path Group: clk_i
Path Type: min

Fanout         Cap        Slew       Delay        Time   Description
---------------------------------------------------------------------------------------------
                                  0.000000    0.000000   clock clk_i (rise edge)
                                  0.000000    0.000000   clock source latency
     1    0.012995    0.048704    0.032557    0.032557 ^ clk_i (in)
                                                         clk_i (net)
                      0.048714    0.000000    0.032557 ^ clkbuf_0_clk_i/A (sky130_fd_sc_hd__clkbuf_16)
     2    0.019443    0.030838    0.089094    0.121650 ^ clkbuf_0_clk_i/X (sky130_fd_sc_hd__clkbuf_16)
                                                         clknet_0_clk_i (net)
                      0.030842    0.000615    0.122265 ^ clkbuf_1_1__f_clk_i/A (sky130_fd_sc_hd__clkbuf_16)
     4    0.013390    0.026779    0.079843    0.202108 ^ clkbuf_1_1__f_clk_i/X (sky130_fd_sc_hd__clkbuf_16)
                                                         clknet_1_1__leaf_clk_i (net)
                      0.026779    0.000497    0.202605 ^ _44_/CLK (sky130_fd_sc_hd__dfxtp_4)
     5    0.045780    0.057107    0.247194    0.449800 v _44_/Q (sky130_fd_sc_hd__dfxtp_4)
                                                         counter_val_o[4] (net)
                      0.057148    0.001389    0.451189 v counter_val_o[4] (out)
                                              0.451189   data arrival time

                                  0.000000    0.000000   clock clk_i (rise edge)
                                  0.000000    0.000000   clock network delay (propagated)
                                  0.100000    0.100000   clock uncertainty
                                  0.000000    0.100000   clock reconvergence pessimism
                                 -4.000000   -3.900000   output external delay
                                             -3.900000   data required time
---------------------------------------------------------------------------------------------
                                             -3.900000   data required time
                                             -0.451189   data arrival time
---------------------------------------------------------------------------------------------
                                              4.351189   slack (MET)


Startpoint: _38_ (rising edge-triggered flip-flop clocked by clk_i)
Endpoint: counter_val_o[6] (output port clocked by clk_i)
Path Group: clk_i
Path Type: min

Fanout         Cap        Slew       Delay        Time   Description
---------------------------------------------------------------------------------------------
                                  0.000000    0.000000   clock clk_i (rise edge)
                                  0.000000    0.000000   clock source latency
     1    0.012995    0.048704    0.032557    0.032557 ^ clk_i (in)
                                                         clk_i (net)
                      0.048714    0.000000    0.032557 ^ clkbuf_0_clk_i/A (sky130_fd_sc_hd__clkbuf_16)
     2    0.019443    0.030838    0.089094    0.121650 ^ clkbuf_0_clk_i/X (sky130_fd_sc_hd__clkbuf_16)
                                                         clknet_0_clk_i (net)
                      0.030842    0.000615    0.122265 ^ clkbuf_1_1__f_clk_i/A (sky130_fd_sc_hd__clkbuf_16)
     4    0.013390    0.026779    0.079843    0.202108 ^ clkbuf_1_1__f_clk_i/X (sky130_fd_sc_hd__clkbuf_16)
                                                         clknet_1_1__leaf_clk_i (net)
                      0.026779    0.000558    0.202667 ^ _38_/CLK (sky130_fd_sc_hd__dfxtp_4)
     5    0.045641    0.057465    0.246565    0.449232 v _38_/Q (sky130_fd_sc_hd__dfxtp_4)
                                                         counter_val_o[6] (net)
                      0.057566    0.002123    0.451355 v counter_val_o[6] (out)
                                              0.451355   data arrival time

                                  0.000000    0.000000   clock clk_i (rise edge)
                                  0.000000    0.000000   clock network delay (propagated)
                                  0.100000    0.100000   clock uncertainty
                                  0.000000    0.100000   clock reconvergence pessimism
                                 -4.000000   -3.900000   output external delay
                                             -3.900000   data required time
---------------------------------------------------------------------------------------------
                                             -3.900000   data required time
                                             -0.451355   data arrival time
---------------------------------------------------------------------------------------------
                                              4.351355   slack (MET)


Startpoint: _41_ (rising edge-triggered flip-flop clocked by clk_i)
Endpoint: counter_val_o[1] (output port clocked by clk_i)
Path Group: clk_i
Path Type: min

Fanout         Cap        Slew       Delay        Time   Description
---------------------------------------------------------------------------------------------
                                  0.000000    0.000000   clock clk_i (rise edge)
                                  0.000000    0.000000   clock source latency
     1    0.012995    0.048704    0.032557    0.032557 ^ clk_i (in)
                                                         clk_i (net)
                      0.048714    0.000000    0.032557 ^ clkbuf_0_clk_i/A (sky130_fd_sc_hd__clkbuf_16)
     2    0.019443    0.030838    0.089094    0.121650 ^ clkbuf_0_clk_i/X (sky130_fd_sc_hd__clkbuf_16)
                                                         clknet_0_clk_i (net)
                      0.030841    0.000587    0.122237 ^ clkbuf_1_0__f_clk_i/A (sky130_fd_sc_hd__clkbuf_16)
     5    0.016051    0.028532    0.081630    0.203867 ^ clkbuf_1_0__f_clk_i/X (sky130_fd_sc_hd__clkbuf_16)
                                                         clknet_1_0__leaf_clk_i (net)
                      0.028540    0.000703    0.204571 ^ _41_/CLK (sky130_fd_sc_hd__dfxtp_4)
     6    0.047752    0.058791    0.249618    0.454189 v _41_/Q (sky130_fd_sc_hd__dfxtp_4)
                                                         counter_val_o[1] (net)
                      0.058806    0.000877    0.455065 v counter_val_o[1] (out)
                                              0.455065   data arrival time

                                  0.000000    0.000000   clock clk_i (rise edge)
                                  0.000000    0.000000   clock network delay (propagated)
                                  0.100000    0.100000   clock uncertainty
                                  0.000000    0.100000   clock reconvergence pessimism
                                 -4.000000   -3.900000   output external delay
                                             -3.900000   data required time
---------------------------------------------------------------------------------------------
                                             -3.900000   data required time
                                             -0.455065   data arrival time
---------------------------------------------------------------------------------------------
                                              4.355065   slack (MET)


Startpoint: _40_ (rising edge-triggered flip-flop clocked by clk_i)
Endpoint: counter_val_o[0] (output port clocked by clk_i)
Path Group: clk_i
Path Type: min

Fanout         Cap        Slew       Delay        Time   Description
---------------------------------------------------------------------------------------------
                                  0.000000    0.000000   clock clk_i (rise edge)
                                  0.000000    0.000000   clock source latency
     1    0.012995    0.048704    0.032557    0.032557 ^ clk_i (in)
                                                         clk_i (net)
                      0.048714    0.000000    0.032557 ^ clkbuf_0_clk_i/A (sky130_fd_sc_hd__clkbuf_16)
     2    0.019443    0.030838    0.089094    0.121650 ^ clkbuf_0_clk_i/X (sky130_fd_sc_hd__clkbuf_16)
                                                         clknet_0_clk_i (net)
                      0.030841    0.000587    0.122237 ^ clkbuf_1_0__f_clk_i/A (sky130_fd_sc_hd__clkbuf_16)
     5    0.016051    0.028532    0.081630    0.203867 ^ clkbuf_1_0__f_clk_i/X (sky130_fd_sc_hd__clkbuf_16)
                                                         clknet_1_0__leaf_clk_i (net)
                      0.028540    0.000671    0.204538 ^ _40_/CLK (sky130_fd_sc_hd__dfxtp_4)
     7    0.050504    0.061344    0.251507    0.456045 v _40_/Q (sky130_fd_sc_hd__dfxtp_4)
                                                         counter_val_o[0] (net)
                      0.061387    0.001484    0.457529 v counter_val_o[0] (out)
                                              0.457529   data arrival time

                                  0.000000    0.000000   clock clk_i (rise edge)
                                  0.000000    0.000000   clock network delay (propagated)
                                  0.100000    0.100000   clock uncertainty
                                  0.000000    0.100000   clock reconvergence pessimism
                                 -4.000000   -3.900000   output external delay
                                             -3.900000   data required time
---------------------------------------------------------------------------------------------
                                             -3.900000   data required time
                                             -0.457529   data arrival time
---------------------------------------------------------------------------------------------
                                              4.357530   slack (MET)



