Clock: clk_i
Sources: clk_i 
Generated: no
Virtual: yes
Propagated: no
Period: 20.000000

===========================================================================
report_clock_properties
============================================================================
Clock                   Period          Waveform
----------------------------------------------------
clk_i                20.000000    0.000000 10.000000

===========================================================================
report_clock_latency
============================================================================
Clock clk_i
rise -> rise
    min     max
0.000000 0.000000 source latency
0.290627         network latency _45_/CLK
        0.293160 network latency _41_/CLK
---------------
0.290627 0.293160 latency
        0.002533 skew

fall -> fall
    min     max
0.000000 0.000000 source latency
0.291497         network latency _45_/CLK
        0.293468 network latency _41_/CLK
---------------
0.291497 0.293468 latency
        0.001972 skew



===========================================================================
report_clock_min_period
============================================================================
clk_i period_min = 1.45 fmax = 687.79
