
===========================================================================
report_checks -path_delay max (Setup)
============================================================================
======================= min_tt_025C_1v80 Corner ===================================

Startpoint: _43_ (rising edge-triggered flip-flop clocked by clk_i)
Endpoint: counter_val_o[3] (output port clocked by clk_i)
Path Group: clk_i
Path Type: max

Fanout         Cap        Slew       Delay        Time   Description
---------------------------------------------------------------------------------------------
                                  0.000000    0.000000   clock clk_i (rise edge)
                                  0.000000    0.000000   clock source latency
     1    0.012533    0.062558    0.042335    0.042335 ^ clk_i (in)
                                                         clk_i (net)
                      0.062563    0.000000    0.042335 ^ clkbuf_0_clk_i/A (sky130_fd_sc_hd__clkbuf_16)
     2    0.019029    0.041028    0.130889    0.173225 ^ clkbuf_0_clk_i/X (sky130_fd_sc_hd__clkbuf_16)
                                                         clknet_0_clk_i (net)
                      0.041029    0.000268    0.173492 ^ clkbuf_1_0__f_clk_i/A (sky130_fd_sc_hd__clkbuf_16)
     5    0.015121    0.037696    0.119268    0.292760 ^ clkbuf_1_0__f_clk_i/X (sky130_fd_sc_hd__clkbuf_16)
                                                         clknet_1_0__leaf_clk_i (net)
                      0.037696    0.000381    0.293141 ^ _43_/CLK (sky130_fd_sc_hd__dfxtp_2)
     3    0.039058    0.199803    0.430274    0.723415 ^ _43_/Q (sky130_fd_sc_hd__dfxtp_2)
                                                         counter_val_o[3] (net)
                      0.199803    0.000358    0.723774 ^ counter_val_o[3] (out)
                                              0.723774   data arrival time

                                 20.000000   20.000000   clock clk_i (rise edge)
                                  0.000000   20.000000   clock network delay (propagated)
                                 -0.100000   19.900000   clock uncertainty
                                  0.000000   19.900000   clock reconvergence pessimism
                                 -4.000000   15.900000   output external delay
                                             15.900000   data required time
---------------------------------------------------------------------------------------------
                                             15.900000   data required time
                                             -0.723774   data arrival time
---------------------------------------------------------------------------------------------
                                             15.176227   slack (MET)


Startpoint: _39_ (rising edge-triggered flip-flop clocked by clk_i)
Endpoint: counter_val_o[7] (output port clocked by clk_i)
Path Group: clk_i
Path Type: max

Fanout         Cap        Slew       Delay        Time   Description
---------------------------------------------------------------------------------------------
                                  0.000000    0.000000   clock clk_i (rise edge)
                                  0.000000    0.000000   clock source latency
     1    0.012533    0.062558    0.042335    0.042335 ^ clk_i (in)
                                                         clk_i (net)
                      0.062563    0.000000    0.042335 ^ clkbuf_0_clk_i/A (sky130_fd_sc_hd__clkbuf_16)
     2    0.019029    0.041028    0.130889    0.173225 ^ clkbuf_0_clk_i/X (sky130_fd_sc_hd__clkbuf_16)
                                                         clknet_0_clk_i (net)
                      0.041029    0.000290    0.173514 ^ clkbuf_1_1__f_clk_i/A (sky130_fd_sc_hd__clkbuf_16)
     4    0.012574    0.035534    0.116843    0.290358 ^ clkbuf_1_1__f_clk_i/X (sky130_fd_sc_hd__clkbuf_16)
                                                         clknet_1_1__leaf_clk_i (net)
                      0.035534    0.000335    0.290693 ^ _39_/CLK (sky130_fd_sc_hd__dfxtp_2)
     3    0.039846    0.203662    0.432210    0.722903 ^ _39_/Q (sky130_fd_sc_hd__dfxtp_2)
                                                         counter_val_o[7] (net)
                      0.203662    0.000350    0.723253 ^ counter_val_o[7] (out)
                                              0.723253   data arrival time

                                 20.000000   20.000000   clock clk_i (rise edge)
                                  0.000000   20.000000   clock network delay (propagated)
                                 -0.100000   19.900000   clock uncertainty
                                  0.000000   19.900000   clock reconvergence pessimism
                                 -4.000000   15.900000   output external delay
                                             15.900000   data required time
---------------------------------------------------------------------------------------------
                                             15.900000   data required time
                                             -0.723253   data arrival time
---------------------------------------------------------------------------------------------
                                             15.176747   slack (MET)


Startpoint: _45_ (rising edge-triggered flip-flop clocked by clk_i)
Endpoint: counter_val_o[5] (output port clocked by clk_i)
Path Group: clk_i
Path Type: max

Fanout         Cap        Slew       Delay        Time   Description
---------------------------------------------------------------------------------------------
                                  0.000000    0.000000   clock clk_i (rise edge)
                                  0.000000    0.000000   clock source latency
     1    0.012533    0.062558    0.042335    0.042335 ^ clk_i (in)
                                                         clk_i (net)
                      0.062563    0.000000    0.042335 ^ clkbuf_0_clk_i/A (sky130_fd_sc_hd__clkbuf_16)
     2    0.019029    0.041028    0.130889    0.173225 ^ clkbuf_0_clk_i/X (sky130_fd_sc_hd__clkbuf_16)
                                                         clknet_0_clk_i (net)
                      0.041029    0.000290    0.173514 ^ clkbuf_1_1__f_clk_i/A (sky130_fd_sc_hd__clkbuf_16)
     4    0.012574    0.035534    0.116843    0.290358 ^ clkbuf_1_1__f_clk_i/X (sky130_fd_sc_hd__clkbuf_16)
                                                         clknet_1_1__leaf_clk_i (net)
                      0.035534    0.000270    0.290627 ^ _45_/CLK (sky130_fd_sc_hd__dfxtp_2)
     3    0.038719    0.198165    0.428372    0.718999 ^ _45_/Q (sky130_fd_sc_hd__dfxtp_2)
                                                         counter_val_o[5] (net)
                      0.198165    0.000315    0.719314 ^ counter_val_o[5] (out)
                                              0.719314   data arrival time

                                 20.000000   20.000000   clock clk_i (rise edge)
                                  0.000000   20.000000   clock network delay (propagated)
                                 -0.100000   19.900000   clock uncertainty
                                  0.000000   19.900000   clock reconvergence pessimism
                                 -4.000000   15.900000   output external delay
                                             15.900000   data required time
---------------------------------------------------------------------------------------------
                                             15.900000   data required time
                                             -0.719314   data arrival time
---------------------------------------------------------------------------------------------
                                             15.180686   slack (MET)


Startpoint: _40_ (rising edge-triggered flip-flop clocked by clk_i)
Endpoint: counter_val_o[0] (output port clocked by clk_i)
Path Group: clk_i
Path Type: max

Fanout         Cap        Slew       Delay        Time   Description
---------------------------------------------------------------------------------------------
                                  0.000000    0.000000   clock clk_i (rise edge)
                                  0.000000    0.000000   clock source latency
     1    0.012533    0.062558    0.042335    0.042335 ^ clk_i (in)
                                                         clk_i (net)
                      0.062563    0.000000    0.042335 ^ clkbuf_0_clk_i/A (sky130_fd_sc_hd__clkbuf_16)
     2    0.019029    0.041028    0.130889    0.173225 ^ clkbuf_0_clk_i/X (sky130_fd_sc_hd__clkbuf_16)
                                                         clknet_0_clk_i (net)
                      0.041029    0.000268    0.173492 ^ clkbuf_1_0__f_clk_i/A (sky130_fd_sc_hd__clkbuf_16)
     5    0.015121    0.037696    0.119268    0.292760 ^ clkbuf_1_0__f_clk_i/X (sky130_fd_sc_hd__clkbuf_16)
                                                         clknet_1_0__leaf_clk_i (net)
                      0.037696    0.000384    0.293144 ^ _40_/CLK (sky130_fd_sc_hd__dfxtp_4)
     7    0.050372    0.150651    0.421664    0.714808 ^ _40_/Q (sky130_fd_sc_hd__dfxtp_4)
                                                         counter_val_o[0] (net)
                      0.150652    0.000713    0.715522 ^ counter_val_o[0] (out)
                                              0.715522   data arrival time

                                 20.000000   20.000000   clock clk_i (rise edge)
                                  0.000000   20.000000   clock network delay (propagated)
                                 -0.100000   19.900000   clock uncertainty
                                  0.000000   19.900000   clock reconvergence pessimism
                                 -4.000000   15.900000   output external delay
                                             15.900000   data required time
---------------------------------------------------------------------------------------------
                                             15.900000   data required time
                                             -0.715522   data arrival time
---------------------------------------------------------------------------------------------
                                             15.184478   slack (MET)


Startpoint: _41_ (rising edge-triggered flip-flop clocked by clk_i)
Endpoint: counter_val_o[1] (output port clocked by clk_i)
Path Group: clk_i
Path Type: max

Fanout         Cap        Slew       Delay        Time   Description
---------------------------------------------------------------------------------------------
                                  0.000000    0.000000   clock clk_i (rise edge)
                                  0.000000    0.000000   clock source latency
     1    0.012533    0.062558    0.042335    0.042335 ^ clk_i (in)
                                                         clk_i (net)
                      0.062563    0.000000    0.042335 ^ clkbuf_0_clk_i/A (sky130_fd_sc_hd__clkbuf_16)
     2    0.019029    0.041028    0.130889    0.173225 ^ clkbuf_0_clk_i/X (sky130_fd_sc_hd__clkbuf_16)
                                                         clknet_0_clk_i (net)
                      0.041029    0.000268    0.173492 ^ clkbuf_1_0__f_clk_i/A (sky130_fd_sc_hd__clkbuf_16)
     5    0.015121    0.037696    0.119268    0.292760 ^ clkbuf_1_0__f_clk_i/X (sky130_fd_sc_hd__clkbuf_16)
                                                         clknet_1_0__leaf_clk_i (net)
                      0.037696    0.000400    0.293160 ^ _41_/CLK (sky130_fd_sc_hd__dfxtp_4)
     6    0.047977    0.144291    0.417120    0.710280 ^ _41_/Q (sky130_fd_sc_hd__dfxtp_4)
                                                         counter_val_o[1] (net)
                      0.144291    0.000376    0.710656 ^ counter_val_o[1] (out)
                                              0.710656   data arrival time

                                 20.000000   20.000000   clock clk_i (rise edge)
                                  0.000000   20.000000   clock network delay (propagated)
                                 -0.100000   19.900000   clock uncertainty
                                  0.000000   19.900000   clock reconvergence pessimism
                                 -4.000000   15.900000   output external delay
                                             15.900000   data required time
---------------------------------------------------------------------------------------------
                                             15.900000   data required time
                                             -0.710656   data arrival time
---------------------------------------------------------------------------------------------
                                             15.189343   slack (MET)


Startpoint: _38_ (rising edge-triggered flip-flop clocked by clk_i)
Endpoint: counter_val_o[6] (output port clocked by clk_i)
Path Group: clk_i
Path Type: max

Fanout         Cap        Slew       Delay        Time   Description
---------------------------------------------------------------------------------------------
                                  0.000000    0.000000   clock clk_i (rise edge)
                                  0.000000    0.000000   clock source latency
     1    0.012533    0.062558    0.042335    0.042335 ^ clk_i (in)
                                                         clk_i (net)
                      0.062563    0.000000    0.042335 ^ clkbuf_0_clk_i/A (sky130_fd_sc_hd__clkbuf_16)
     2    0.019029    0.041028    0.130889    0.173225 ^ clkbuf_0_clk_i/X (sky130_fd_sc_hd__clkbuf_16)
                                                         clknet_0_clk_i (net)
                      0.041029    0.000290    0.173514 ^ clkbuf_1_1__f_clk_i/A (sky130_fd_sc_hd__clkbuf_16)
     4    0.012574    0.035534    0.116843    0.290358 ^ clkbuf_1_1__f_clk_i/X (sky130_fd_sc_hd__clkbuf_16)
                                                         clknet_1_1__leaf_clk_i (net)
                      0.035534    0.000323    0.290681 ^ _38_/CLK (sky130_fd_sc_hd__dfxtp_4)
     5    0.045969    0.139171    0.411865    0.702546 ^ _38_/Q (sky130_fd_sc_hd__dfxtp_4)
                                                         counter_val_o[6] (net)
                      0.139178    0.001157    0.703702 ^ counter_val_o[6] (out)
                                              0.703702   data arrival time

                                 20.000000   20.000000   clock clk_i (rise edge)
                                  0.000000   20.000000   clock network delay (propagated)
                                 -0.100000   19.900000   clock uncertainty
                                  0.000000   19.900000   clock reconvergence pessimism
                                 -4.000000   15.900000   output external delay
                                             15.900000   data required time
---------------------------------------------------------------------------------------------
                                             15.900000   data required time
                                             -0.703702   data arrival time
---------------------------------------------------------------------------------------------
                                             15.196298   slack (MET)


Startpoint: _44_ (rising edge-triggered flip-flop clocked by clk_i)
Endpoint: counter_val_o[4] (output port clocked by clk_i)
Path Group: clk_i
Path Type: max

Fanout         Cap        Slew       Delay        Time   Description
---------------------------------------------------------------------------------------------
                                  0.000000    0.000000   clock clk_i (rise edge)
                                  0.000000    0.000000   clock source latency
     1    0.012533    0.062558    0.042335    0.042335 ^ clk_i (in)
                                                         clk_i (net)
                      0.062563    0.000000    0.042335 ^ clkbuf_0_clk_i/A (sky130_fd_sc_hd__clkbuf_16)
     2    0.019029    0.041028    0.130889    0.173225 ^ clkbuf_0_clk_i/X (sky130_fd_sc_hd__clkbuf_16)
                                                         clknet_0_clk_i (net)
                      0.041029    0.000290    0.173514 ^ clkbuf_1_1__f_clk_i/A (sky130_fd_sc_hd__clkbuf_16)
     4    0.012574    0.035534    0.116843    0.290358 ^ clkbuf_1_1__f_clk_i/X (sky130_fd_sc_hd__clkbuf_16)
                                                         clknet_1_1__leaf_clk_i (net)
                      0.035534    0.000275    0.290632 ^ _44_/CLK (sky130_fd_sc_hd__dfxtp_4)
     5    0.045837    0.138733    0.411903    0.702535 ^ _44_/Q (sky130_fd_sc_hd__dfxtp_4)
                                                         counter_val_o[4] (net)
                      0.138734    0.000683    0.703218 ^ counter_val_o[4] (out)
                                              0.703218   data arrival time

                                 20.000000   20.000000   clock clk_i (rise edge)
                                  0.000000   20.000000   clock network delay (propagated)
                                 -0.100000   19.900000   clock uncertainty
                                  0.000000   19.900000   clock reconvergence pessimism
                                 -4.000000   15.900000   output external delay
                                             15.900000   data required time
---------------------------------------------------------------------------------------------
                                             15.900000   data required time
                                             -0.703218   data arrival time
---------------------------------------------------------------------------------------------
                                             15.196781   slack (MET)


Startpoint: _42_ (rising edge-triggered flip-flop clocked by clk_i)
Endpoint: counter_val_o[2] (output port clocked by clk_i)
Path Group: clk_i
Path Type: max

Fanout         Cap        Slew       Delay        Time   Description
---------------------------------------------------------------------------------------------
                                  0.000000    0.000000   clock clk_i (rise edge)
                                  0.000000    0.000000   clock source latency
     1    0.012533    0.062558    0.042335    0.042335 ^ clk_i (in)
                                                         clk_i (net)
                      0.062563    0.000000    0.042335 ^ clkbuf_0_clk_i/A (sky130_fd_sc_hd__clkbuf_16)
     2    0.019029    0.041028    0.130889    0.173225 ^ clkbuf_0_clk_i/X (sky130_fd_sc_hd__clkbuf_16)
                                                         clknet_0_clk_i (net)
                      0.041029    0.000268    0.173492 ^ clkbuf_1_0__f_clk_i/A (sky130_fd_sc_hd__clkbuf_16)
     5    0.015121    0.037696    0.119268    0.292760 ^ clkbuf_1_0__f_clk_i/X (sky130_fd_sc_hd__clkbuf_16)
                                                         clknet_1_0__leaf_clk_i (net)
                      0.037696    0.000397    0.293157 ^ _42_/CLK (sky130_fd_sc_hd__dfxtp_4)
     4    0.041819    0.128199    0.404761    0.697918 ^ _42_/Q (sky130_fd_sc_hd__dfxtp_4)
                                                         counter_val_o[2] (net)
                      0.128200    0.000611    0.698529 ^ counter_val_o[2] (out)
                                              0.698529   data arrival time

                                 20.000000   20.000000   clock clk_i (rise edge)
                                  0.000000   20.000000   clock network delay (propagated)
                                 -0.100000   19.900000   clock uncertainty
                                  0.000000   19.900000   clock reconvergence pessimism
                                 -4.000000   15.900000   output external delay
                                             15.900000   data required time
---------------------------------------------------------------------------------------------
                                             15.900000   data required time
                                             -0.698529   data arrival time
---------------------------------------------------------------------------------------------
                                             15.201470   slack (MET)


Startpoint: rst_i (input port clocked by clk_i)
Endpoint: _39_ (rising edge-triggered flip-flop clocked by clk_i)
Path Group: clk_i
Path Type: max

Fanout         Cap        Slew       Delay        Time   Description
---------------------------------------------------------------------------------------------
                                  0.000000    0.000000   clock clk_i (rise edge)
                                  0.000000    0.000000   clock network delay (propagated)
                                  4.000000    4.000000 v input external delay
     1    0.002454    0.007833    0.003836    4.003837 v rst_i (in)
                                                         rst_i (net)
                      0.007833    0.000000    4.003837 v input1/A (sky130_fd_sc_hd__buf_2)
     8    0.033247    0.087496    0.162262    4.166099 v input1/X (sky130_fd_sc_hd__buf_2)
                                                         net1 (net)
                      0.087533    0.001688    4.167787 v _25_/B1 (sky130_fd_sc_hd__a31o_1)
     1    0.003723    0.041252    0.200436    4.368222 v _25_/X (sky130_fd_sc_hd__a31o_1)
                                                         _13_ (net)
                      0.041252    0.000049    4.368271 v _26_/B (sky130_fd_sc_hd__nor2_1)
     1    0.002099    0.065307    0.071218    4.439489 ^ _26_/Y (sky130_fd_sc_hd__nor2_1)
                                                         _01_ (net)
                      0.065307    0.000019    4.439507 ^ _39_/D (sky130_fd_sc_hd__dfxtp_2)
                                              4.439507   data arrival time

                                 20.000000   20.000000   clock clk_i (rise edge)
                                  0.000000   20.000000   clock source latency
     1    0.012533    0.062558    0.042336   20.042336 ^ clk_i (in)
                                                         clk_i (net)
                      0.062563    0.000000   20.042336 ^ clkbuf_0_clk_i/A (sky130_fd_sc_hd__clkbuf_16)
     2    0.019029    0.041028    0.130889   20.173225 ^ clkbuf_0_clk_i/X (sky130_fd_sc_hd__clkbuf_16)
                                                         clknet_0_clk_i (net)
                      0.041029    0.000290   20.173515 ^ clkbuf_1_1__f_clk_i/A (sky130_fd_sc_hd__clkbuf_16)
     4    0.012574    0.035534    0.116843   20.290358 ^ clkbuf_1_1__f_clk_i/X (sky130_fd_sc_hd__clkbuf_16)
                                                         clknet_1_1__leaf_clk_i (net)
                      0.035534    0.000334   20.290693 ^ _39_/CLK (sky130_fd_sc_hd__dfxtp_2)
                                 -0.100000   20.190693   clock uncertainty
                                  0.000000   20.190693   clock reconvergence pessimism
                                 -0.065061   20.125631   library setup time
                                             20.125631   data required time
---------------------------------------------------------------------------------------------
                                             20.125631   data required time
                                             -4.439507   data arrival time
---------------------------------------------------------------------------------------------
                                             15.686123   slack (MET)


Startpoint: rst_i (input port clocked by clk_i)
Endpoint: _43_ (rising edge-triggered flip-flop clocked by clk_i)
Path Group: clk_i
Path Type: max

Fanout         Cap        Slew       Delay        Time   Description
---------------------------------------------------------------------------------------------
                                  0.000000    0.000000   clock clk_i (rise edge)
                                  0.000000    0.000000   clock network delay (propagated)
                                  4.000000    4.000000 ^ input external delay
     1    0.002614    0.018939    0.009651    4.009651 ^ rst_i (in)
                                                         rst_i (net)
                      0.018939    0.000000    4.009651 ^ input1/A (sky130_fd_sc_hd__buf_2)
     8    0.035432    0.175670    0.191514    4.201164 ^ input1/X (sky130_fd_sc_hd__buf_2)
                                                         net1 (net)
                      0.175673    0.000608    4.201772 ^ _32_/A (sky130_fd_sc_hd__nor2_1)
     1    0.003904    0.051610    0.076524    4.278296 v _32_/Y (sky130_fd_sc_hd__nor2_1)
                                                         _16_ (net)
                      0.051610    0.000057    4.278352 v _33_/B1 (sky130_fd_sc_hd__o21a_1)
     1    0.002910    0.035465    0.101390    4.379743 v _33_/X (sky130_fd_sc_hd__o21a_1)
                                                         _05_ (net)
                      0.035465    0.000037    4.379779 v _43_/D (sky130_fd_sc_hd__dfxtp_2)
                                              4.379779   data arrival time

                                 20.000000   20.000000   clock clk_i (rise edge)
                                  0.000000   20.000000   clock source latency
     1    0.012533    0.062558    0.042336   20.042336 ^ clk_i (in)
                                                         clk_i (net)
                      0.062563    0.000000   20.042336 ^ clkbuf_0_clk_i/A (sky130_fd_sc_hd__clkbuf_16)
     2    0.019029    0.041028    0.130889   20.173225 ^ clkbuf_0_clk_i/X (sky130_fd_sc_hd__clkbuf_16)
                                                         clknet_0_clk_i (net)
                      0.041029    0.000268   20.173494 ^ clkbuf_1_0__f_clk_i/A (sky130_fd_sc_hd__clkbuf_16)
     5    0.015121    0.037696    0.119266   20.292761 ^ clkbuf_1_0__f_clk_i/X (sky130_fd_sc_hd__clkbuf_16)
                                                         clknet_1_0__leaf_clk_i (net)
                      0.037696    0.000382   20.293142 ^ _43_/CLK (sky130_fd_sc_hd__dfxtp_2)
                                 -0.100000   20.193142   clock uncertainty
                                  0.000000   20.193142   clock reconvergence pessimism
                                 -0.110428   20.082714   library setup time
                                             20.082714   data required time
---------------------------------------------------------------------------------------------
                                             20.082714   data required time
                                             -4.379779   data arrival time
---------------------------------------------------------------------------------------------
                                             15.702934   slack (MET)


Startpoint: rst_i (input port clocked by clk_i)
Endpoint: _44_ (rising edge-triggered flip-flop clocked by clk_i)
Path Group: clk_i
Path Type: max

Fanout         Cap        Slew       Delay        Time   Description
---------------------------------------------------------------------------------------------
                                  0.000000    0.000000   clock clk_i (rise edge)
                                  0.000000    0.000000   clock network delay (propagated)
                                  4.000000    4.000000 v input external delay
     1    0.002454    0.007833    0.003836    4.003837 v rst_i (in)
                                                         rst_i (net)
                      0.007833    0.000000    4.003837 v input1/A (sky130_fd_sc_hd__buf_2)
     8    0.033247    0.087496    0.162262    4.166099 v input1/X (sky130_fd_sc_hd__buf_2)
                                                         net1 (net)
                      0.087532    0.001676    4.167775 v _34_/B1 (sky130_fd_sc_hd__a21oi_1)
     1    0.003369    0.114544    0.133432    4.301207 ^ _34_/Y (sky130_fd_sc_hd__a21oi_1)
                                                         _17_ (net)
                      0.114544    0.000036    4.301243 ^ _35_/B1 (sky130_fd_sc_hd__o21a_1)
     1    0.002013    0.035112    0.123485    4.424727 ^ _35_/X (sky130_fd_sc_hd__o21a_1)
                                                         _06_ (net)
                      0.035112    0.000018    4.424746 ^ _44_/D (sky130_fd_sc_hd__dfxtp_4)
                                              4.424746   data arrival time

                                 20.000000   20.000000   clock clk_i (rise edge)
                                  0.000000   20.000000   clock source latency
     1    0.012533    0.062558    0.042336   20.042336 ^ clk_i (in)
                                                         clk_i (net)
                      0.062563    0.000000   20.042336 ^ clkbuf_0_clk_i/A (sky130_fd_sc_hd__clkbuf_16)
     2    0.019029    0.041028    0.130889   20.173225 ^ clkbuf_0_clk_i/X (sky130_fd_sc_hd__clkbuf_16)
                                                         clknet_0_clk_i (net)
                      0.041029    0.000290   20.173515 ^ clkbuf_1_1__f_clk_i/A (sky130_fd_sc_hd__clkbuf_16)
     4    0.012574    0.035534    0.116843   20.290358 ^ clkbuf_1_1__f_clk_i/X (sky130_fd_sc_hd__clkbuf_16)
                                                         clknet_1_1__leaf_clk_i (net)
                      0.035534    0.000274   20.290632 ^ _44_/CLK (sky130_fd_sc_hd__dfxtp_4)
                                 -0.100000   20.190632   clock uncertainty
                                  0.000000   20.190632   clock reconvergence pessimism
                                 -0.059208   20.131424   library setup time
                                             20.131424   data required time
---------------------------------------------------------------------------------------------
                                             20.131424   data required time
                                             -4.424746   data arrival time
---------------------------------------------------------------------------------------------
                                             15.706679   slack (MET)


Startpoint: rst_i (input port clocked by clk_i)
Endpoint: _38_ (rising edge-triggered flip-flop clocked by clk_i)
Path Group: clk_i
Path Type: max

Fanout         Cap        Slew       Delay        Time   Description
---------------------------------------------------------------------------------------------
                                  0.000000    0.000000   clock clk_i (rise edge)
                                  0.000000    0.000000   clock network delay (propagated)
                                  4.000000    4.000000 v input external delay
     1    0.002454    0.007833    0.003836    4.003837 v rst_i (in)
                                                         rst_i (net)
                      0.007833    0.000000    4.003837 v input1/A (sky130_fd_sc_hd__buf_2)
     8    0.033247    0.087496    0.162262    4.166099 v input1/X (sky130_fd_sc_hd__buf_2)
                                                         net1 (net)
                      0.087535    0.001734    4.167833 v _22_/B1 (sky130_fd_sc_hd__a21oi_1)
     1    0.002855    0.107937    0.126082    4.293915 ^ _22_/Y (sky130_fd_sc_hd__a21oi_1)
                                                         _11_ (net)
                      0.107937    0.000015    4.293930 ^ _23_/B1 (sky130_fd_sc_hd__o21a_1)
     1    0.002629    0.039980    0.125883    4.419813 ^ _23_/X (sky130_fd_sc_hd__o21a_1)
                                                         _00_ (net)
                      0.039980    0.000031    4.419844 ^ _38_/D (sky130_fd_sc_hd__dfxtp_4)
                                              4.419844   data arrival time

                                 20.000000   20.000000   clock clk_i (rise edge)
                                  0.000000   20.000000   clock source latency
     1    0.012533    0.062558    0.042336   20.042336 ^ clk_i (in)
                                                         clk_i (net)
                      0.062563    0.000000   20.042336 ^ clkbuf_0_clk_i/A (sky130_fd_sc_hd__clkbuf_16)
     2    0.019029    0.041028    0.130889   20.173225 ^ clkbuf_0_clk_i/X (sky130_fd_sc_hd__clkbuf_16)
                                                         clknet_0_clk_i (net)
                      0.041029    0.000290   20.173515 ^ clkbuf_1_1__f_clk_i/A (sky130_fd_sc_hd__clkbuf_16)
     4    0.012574    0.035534    0.116843   20.290358 ^ clkbuf_1_1__f_clk_i/X (sky130_fd_sc_hd__clkbuf_16)
                                                         clknet_1_1__leaf_clk_i (net)
                      0.035534    0.000323   20.290682 ^ _38_/CLK (sky130_fd_sc_hd__dfxtp_4)
                                 -0.100000   20.190681   clock uncertainty
                                  0.000000   20.190681   clock reconvergence pessimism
                                 -0.060371   20.130310   library setup time
                                             20.130310   data required time
---------------------------------------------------------------------------------------------
                                             20.130310   data required time
                                             -4.419844   data arrival time
---------------------------------------------------------------------------------------------
                                             15.710466   slack (MET)


Startpoint: rst_i (input port clocked by clk_i)
Endpoint: _41_ (rising edge-triggered flip-flop clocked by clk_i)
Path Group: clk_i
Path Type: max

Fanout         Cap        Slew       Delay        Time   Description
---------------------------------------------------------------------------------------------
                                  0.000000    0.000000   clock clk_i (rise edge)
                                  0.000000    0.000000   clock network delay (propagated)
                                  4.000000    4.000000 v input external delay
     1    0.002454    0.007833    0.003836    4.003837 v rst_i (in)
                                                         rst_i (net)
                      0.007833    0.000000    4.003837 v input1/A (sky130_fd_sc_hd__buf_2)
     8    0.033247    0.087496    0.162262    4.166099 v input1/X (sky130_fd_sc_hd__buf_2)
                                                         net1 (net)
                      0.087497    0.000453    4.166552 v _28_/B1 (sky130_fd_sc_hd__a21oi_1)
     1    0.003204    0.111588    0.131054    4.297606 ^ _28_/Y (sky130_fd_sc_hd__a21oi_1)
                                                         _14_ (net)
                      0.111588    0.000038    4.297644 ^ _29_/B1 (sky130_fd_sc_hd__o21a_1)
     1    0.002058    0.035635    0.122831    4.420475 ^ _29_/X (sky130_fd_sc_hd__o21a_1)
                                                         _03_ (net)
                      0.035635    0.000019    4.420494 ^ _41_/D (sky130_fd_sc_hd__dfxtp_4)
                                              4.420494   data arrival time

                                 20.000000   20.000000   clock clk_i (rise edge)
                                  0.000000   20.000000   clock source latency
     1    0.012533    0.062558    0.042336   20.042336 ^ clk_i (in)
                                                         clk_i (net)
                      0.062563    0.000000   20.042336 ^ clkbuf_0_clk_i/A (sky130_fd_sc_hd__clkbuf_16)
     2    0.019029    0.041028    0.130889   20.173225 ^ clkbuf_0_clk_i/X (sky130_fd_sc_hd__clkbuf_16)
                                                         clknet_0_clk_i (net)
                      0.041029    0.000268   20.173494 ^ clkbuf_1_0__f_clk_i/A (sky130_fd_sc_hd__clkbuf_16)
     5    0.015121    0.037696    0.119266   20.292761 ^ clkbuf_1_0__f_clk_i/X (sky130_fd_sc_hd__clkbuf_16)
                                                         clknet_1_0__leaf_clk_i (net)
                      0.037696    0.000401   20.293161 ^ _41_/CLK (sky130_fd_sc_hd__dfxtp_4)
                                 -0.100000   20.193161   clock uncertainty
                                  0.000000   20.193161   clock reconvergence pessimism
                                 -0.059015   20.134148   library setup time
                                             20.134148   data required time
---------------------------------------------------------------------------------------------
                                             20.134148   data required time
                                             -4.420494   data arrival time
---------------------------------------------------------------------------------------------
                                             15.713653   slack (MET)


Startpoint: rst_i (input port clocked by clk_i)
Endpoint: _45_ (rising edge-triggered flip-flop clocked by clk_i)
Path Group: clk_i
Path Type: max

Fanout         Cap        Slew       Delay        Time   Description
---------------------------------------------------------------------------------------------
                                  0.000000    0.000000   clock clk_i (rise edge)
                                  0.000000    0.000000   clock network delay (propagated)
                                  4.000000    4.000000 v input external delay
     1    0.002454    0.007833    0.003836    4.003837 v rst_i (in)
                                                         rst_i (net)
                      0.007833    0.000000    4.003837 v input1/A (sky130_fd_sc_hd__buf_2)
     8    0.033247    0.087496    0.162262    4.166099 v input1/X (sky130_fd_sc_hd__buf_2)
                                                         net1 (net)
                      0.087529    0.001618    4.167717 v _37_/A (sky130_fd_sc_hd__nor3_1)
     1    0.002626    0.144720    0.186564    4.354281 ^ _37_/Y (sky130_fd_sc_hd__nor3_1)
                                                         _07_ (net)
                      0.144720    0.000030    4.354311 ^ _45_/D (sky130_fd_sc_hd__dfxtp_2)
                                              4.354311   data arrival time

                                 20.000000   20.000000   clock clk_i (rise edge)
                                  0.000000   20.000000   clock source latency
     1    0.012533    0.062558    0.042336   20.042336 ^ clk_i (in)
                                                         clk_i (net)
                      0.062563    0.000000   20.042336 ^ clkbuf_0_clk_i/A (sky130_fd_sc_hd__clkbuf_16)
     2    0.019029    0.041028    0.130889   20.173225 ^ clkbuf_0_clk_i/X (sky130_fd_sc_hd__clkbuf_16)
                                                         clknet_0_clk_i (net)
                      0.041029    0.000290   20.173515 ^ clkbuf_1_1__f_clk_i/A (sky130_fd_sc_hd__clkbuf_16)
     4    0.012574    0.035534    0.116843   20.290358 ^ clkbuf_1_1__f_clk_i/X (sky130_fd_sc_hd__clkbuf_16)
                                                         clknet_1_1__leaf_clk_i (net)
                      0.035534    0.000270   20.290628 ^ _45_/CLK (sky130_fd_sc_hd__dfxtp_2)
                                 -0.100000   20.190628   clock uncertainty
                                  0.000000   20.190628   clock reconvergence pessimism
                                 -0.083829   20.106798   library setup time
                                             20.106798   data required time
---------------------------------------------------------------------------------------------
                                             20.106798   data required time
                                             -4.354311   data arrival time
---------------------------------------------------------------------------------------------
                                             15.752488   slack (MET)


Startpoint: rst_i (input port clocked by clk_i)
Endpoint: _42_ (rising edge-triggered flip-flop clocked by clk_i)
Path Group: clk_i
Path Type: max

Fanout         Cap        Slew       Delay        Time   Description
---------------------------------------------------------------------------------------------
                                  0.000000    0.000000   clock clk_i (rise edge)
                                  0.000000    0.000000   clock network delay (propagated)
                                  4.000000    4.000000 v input external delay
     1    0.002454    0.007833    0.003836    4.003837 v rst_i (in)
                                                         rst_i (net)
                      0.007833    0.000000    4.003837 v input1/A (sky130_fd_sc_hd__buf_2)
     8    0.033247    0.087496    0.162262    4.166099 v input1/X (sky130_fd_sc_hd__buf_2)
                                                         net1 (net)
                      0.087496    0.000168    4.166266 v _31_/A (sky130_fd_sc_hd__nor3_1)
     1    0.002345    0.137132    0.180881    4.347147 ^ _31_/Y (sky130_fd_sc_hd__nor3_1)
                                                         _04_ (net)
                      0.137132    0.000025    4.347172 ^ _42_/D (sky130_fd_sc_hd__dfxtp_4)
                                              4.347172   data arrival time

                                 20.000000   20.000000   clock clk_i (rise edge)
                                  0.000000   20.000000   clock source latency
     1    0.012533    0.062558    0.042336   20.042336 ^ clk_i (in)
                                                         clk_i (net)
                      0.062563    0.000000   20.042336 ^ clkbuf_0_clk_i/A (sky130_fd_sc_hd__clkbuf_16)
     2    0.019029    0.041028    0.130889   20.173225 ^ clkbuf_0_clk_i/X (sky130_fd_sc_hd__clkbuf_16)
                                                         clknet_0_clk_i (net)
                      0.041029    0.000268   20.173494 ^ clkbuf_1_0__f_clk_i/A (sky130_fd_sc_hd__clkbuf_16)
     5    0.015121    0.037696    0.119266   20.292761 ^ clkbuf_1_0__f_clk_i/X (sky130_fd_sc_hd__clkbuf_16)
                                                         clknet_1_0__leaf_clk_i (net)
                      0.037696    0.000398   20.293158 ^ _42_/CLK (sky130_fd_sc_hd__dfxtp_4)
                                 -0.100000   20.193157   clock uncertainty
                                  0.000000   20.193157   clock reconvergence pessimism
                                 -0.083242   20.109917   library setup time
                                             20.109917   data required time
---------------------------------------------------------------------------------------------
                                             20.109917   data required time
                                             -4.347172   data arrival time
---------------------------------------------------------------------------------------------
                                             15.762745   slack (MET)


Startpoint: rst_i (input port clocked by clk_i)
Endpoint: _40_ (rising edge-triggered flip-flop clocked by clk_i)
Path Group: clk_i
Path Type: max

Fanout         Cap        Slew       Delay        Time   Description
---------------------------------------------------------------------------------------------
                                  0.000000    0.000000   clock clk_i (rise edge)
                                  0.000000    0.000000   clock network delay (propagated)
                                  4.000000    4.000000 ^ input external delay
     1    0.002614    0.018939    0.009651    4.009651 ^ rst_i (in)
                                                         rst_i (net)
                      0.018939    0.000000    4.009651 ^ input1/A (sky130_fd_sc_hd__buf_2)
     8    0.035432    0.175670    0.191514    4.201164 ^ input1/X (sky130_fd_sc_hd__buf_2)
                                                         net1 (net)
                      0.175672    0.000442    4.201606 ^ _27_/B (sky130_fd_sc_hd__nor2_1)
     1    0.001964    0.040428    0.052522    4.254128 v _27_/Y (sky130_fd_sc_hd__nor2_1)
                                                         _02_ (net)
                      0.040428    0.000018    4.254146 v _40_/D (sky130_fd_sc_hd__dfxtp_4)
                                              4.254146   data arrival time

                                 20.000000   20.000000   clock clk_i (rise edge)
                                  0.000000   20.000000   clock source latency
     1    0.012533    0.062558    0.042336   20.042336 ^ clk_i (in)
                                                         clk_i (net)
                      0.062563    0.000000   20.042336 ^ clkbuf_0_clk_i/A (sky130_fd_sc_hd__clkbuf_16)
     2    0.019029    0.041028    0.130889   20.173225 ^ clkbuf_0_clk_i/X (sky130_fd_sc_hd__clkbuf_16)
                                                         clknet_0_clk_i (net)
                      0.041029    0.000268   20.173494 ^ clkbuf_1_0__f_clk_i/A (sky130_fd_sc_hd__clkbuf_16)
     5    0.015121    0.037696    0.119266   20.292761 ^ clkbuf_1_0__f_clk_i/X (sky130_fd_sc_hd__clkbuf_16)
                                                         clknet_1_0__leaf_clk_i (net)
                      0.037696    0.000385   20.293146 ^ _40_/CLK (sky130_fd_sc_hd__dfxtp_4)
                                 -0.100000   20.193146   clock uncertainty
                                  0.000000   20.193146   clock reconvergence pessimism
                                 -0.111577   20.081570   library setup time
                                             20.081570   data required time
---------------------------------------------------------------------------------------------
                                             20.081570   data required time
                                             -4.254146   data arrival time
---------------------------------------------------------------------------------------------
                                             15.827423   slack (MET)



