Clock: clk_i
Sources: clk_i 
Generated: no
Virtual: yes
Propagated: no
Period: 20.000000

===========================================================================
report_clock_properties
============================================================================
Clock                   Period          Waveform
----------------------------------------------------
clk_i                20.000000    0.000000 10.000000

===========================================================================
report_clock_latency
============================================================================
Clock clk_i
rise -> rise
    min     max
0.000000 0.000000 source latency
0.512234         network latency _45_/CLK
        0.516134 network latency _41_/CLK
---------------
0.512234 0.516134 latency
        0.003900 skew

fall -> fall
    min     max
0.000000 0.000000 source latency
0.526835         network latency _45_/CLK
        0.529966 network latency _41_/CLK
---------------
0.526835 0.529966 latency
        0.003132 skew



===========================================================================
report_clock_min_period
============================================================================
clk_i period_min = 2.92 fmax = 342.04
