
===========================================================================
report_checks -path_delay max (Setup)
============================================================================
======================= nom_ss_100C_1v60 Corner ===================================

Startpoint: _43_ (rising edge-triggered flip-flop clocked by clk_i)
Endpoint: counter_val_o[3] (output port clocked by clk_i)
Path Group: clk_i
Path Type: max

Fanout         Cap        Slew       Delay        Time   Description
---------------------------------------------------------------------------------------------
                                  0.000000    0.000000   clock clk_i (rise edge)
                                  0.000000    0.000000   clock source latency
     1    0.012926    0.101215    0.067129    0.067129 ^ clk_i (in)
                                                         clk_i (net)
                      0.101220    0.000000    0.067129 ^ clkbuf_0_clk_i/A (sky130_fd_sc_hd__clkbuf_16)
     2    0.019305    0.066564    0.234756    0.301885 ^ clkbuf_0_clk_i/X (sky130_fd_sc_hd__clkbuf_16)
                                                         clknet_0_clk_i (net)
                      0.066564    0.000583    0.302468 ^ clkbuf_1_0__f_clk_i/A (sky130_fd_sc_hd__clkbuf_16)
     5    0.015121    0.061364    0.213013    0.515480 ^ clkbuf_1_0__f_clk_i/X (sky130_fd_sc_hd__clkbuf_16)
                                                         clknet_1_0__leaf_clk_i (net)
                      0.061364    0.000620    0.516100 ^ _43_/CLK (sky130_fd_sc_hd__dfxtp_2)
     3    0.039166    0.320231    0.842243    1.358343 ^ _43_/Q (sky130_fd_sc_hd__dfxtp_2)
                                                         counter_val_o[3] (net)
                      0.320231    0.000797    1.359141 ^ counter_val_o[3] (out)
                                              1.359141   data arrival time

                                 20.000000   20.000000   clock clk_i (rise edge)
                                  0.000000   20.000000   clock network delay (propagated)
                                 -0.100000   19.900000   clock uncertainty
                                  0.000000   19.900000   clock reconvergence pessimism
                                 -4.000000   15.900000   output external delay
                                             15.900000   data required time
---------------------------------------------------------------------------------------------
                                             15.900000   data required time
                                             -1.359141   data arrival time
---------------------------------------------------------------------------------------------
                                             14.540859   slack (MET)


Startpoint: _39_ (rising edge-triggered flip-flop clocked by clk_i)
Endpoint: counter_val_o[7] (output port clocked by clk_i)
Path Group: clk_i
Path Type: max

Fanout         Cap        Slew       Delay        Time   Description
---------------------------------------------------------------------------------------------
                                  0.000000    0.000000   clock clk_i (rise edge)
                                  0.000000    0.000000   clock source latency
     1    0.012926    0.101215    0.067129    0.067129 ^ clk_i (in)
                                                         clk_i (net)
                      0.101220    0.000000    0.067129 ^ clkbuf_0_clk_i/A (sky130_fd_sc_hd__clkbuf_16)
     2    0.019305    0.066564    0.234756    0.301885 ^ clkbuf_0_clk_i/X (sky130_fd_sc_hd__clkbuf_16)
                                                         clknet_0_clk_i (net)
                      0.066564    0.000611    0.302496 ^ clkbuf_1_1__f_clk_i/A (sky130_fd_sc_hd__clkbuf_16)
     4    0.012486    0.058069    0.209293    0.511789 ^ clkbuf_1_1__f_clk_i/X (sky130_fd_sc_hd__clkbuf_16)
                                                         clknet_1_1__leaf_clk_i (net)
                      0.058070    0.000540    0.512329 ^ _39_/CLK (sky130_fd_sc_hd__dfxtp_2)
     3    0.039991    0.326528    0.845330    1.357659 ^ _39_/Q (sky130_fd_sc_hd__dfxtp_2)
                                                         counter_val_o[7] (net)
                      0.326528    0.000791    1.358450 ^ counter_val_o[7] (out)
                                              1.358450   data arrival time

                                 20.000000   20.000000   clock clk_i (rise edge)
                                  0.000000   20.000000   clock network delay (propagated)
                                 -0.100000   19.900000   clock uncertainty
                                  0.000000   19.900000   clock reconvergence pessimism
                                 -4.000000   15.900000   output external delay
                                             15.900000   data required time
---------------------------------------------------------------------------------------------
                                             15.900000   data required time
                                             -1.358450   data arrival time
---------------------------------------------------------------------------------------------
                                             14.541550   slack (MET)


Startpoint: _40_ (rising edge-triggered flip-flop clocked by clk_i)
Endpoint: counter_val_o[0] (output port clocked by clk_i)
Path Group: clk_i
Path Type: max

Fanout         Cap        Slew       Delay        Time   Description
---------------------------------------------------------------------------------------------
                                  0.000000    0.000000   clock clk_i (rise edge)
                                  0.000000    0.000000   clock source latency
     1    0.012926    0.101215    0.067129    0.067129 ^ clk_i (in)
                                                         clk_i (net)
                      0.101220    0.000000    0.067129 ^ clkbuf_0_clk_i/A (sky130_fd_sc_hd__clkbuf_16)
     2    0.019305    0.066564    0.234756    0.301885 ^ clkbuf_0_clk_i/X (sky130_fd_sc_hd__clkbuf_16)
                                                         clknet_0_clk_i (net)
                      0.066564    0.000583    0.302468 ^ clkbuf_1_0__f_clk_i/A (sky130_fd_sc_hd__clkbuf_16)
     5    0.015121    0.061364    0.213013    0.515480 ^ clkbuf_1_0__f_clk_i/X (sky130_fd_sc_hd__clkbuf_16)
                                                         clknet_1_0__leaf_clk_i (net)
                      0.061364    0.000624    0.516104 ^ _40_/CLK (sky130_fd_sc_hd__dfxtp_4)
     7    0.050707    0.245112    0.835878    1.351982 ^ _40_/Q (sky130_fd_sc_hd__dfxtp_4)
                                                         counter_val_o[0] (net)
                      0.245117    0.001493    1.353475 ^ counter_val_o[0] (out)
                                              1.353475   data arrival time

                                 20.000000   20.000000   clock clk_i (rise edge)
                                  0.000000   20.000000   clock network delay (propagated)
                                 -0.100000   19.900000   clock uncertainty
                                  0.000000   19.900000   clock reconvergence pessimism
                                 -4.000000   15.900000   output external delay
                                             15.900000   data required time
---------------------------------------------------------------------------------------------
                                             15.900000   data required time
                                             -1.353475   data arrival time
---------------------------------------------------------------------------------------------
                                             14.546525   slack (MET)


Startpoint: _45_ (rising edge-triggered flip-flop clocked by clk_i)
Endpoint: counter_val_o[5] (output port clocked by clk_i)
Path Group: clk_i
Path Type: max

Fanout         Cap        Slew       Delay        Time   Description
---------------------------------------------------------------------------------------------
                                  0.000000    0.000000   clock clk_i (rise edge)
                                  0.000000    0.000000   clock source latency
     1    0.012926    0.101215    0.067129    0.067129 ^ clk_i (in)
                                                         clk_i (net)
                      0.101220    0.000000    0.067129 ^ clkbuf_0_clk_i/A (sky130_fd_sc_hd__clkbuf_16)
     2    0.019305    0.066564    0.234756    0.301885 ^ clkbuf_0_clk_i/X (sky130_fd_sc_hd__clkbuf_16)
                                                         clknet_0_clk_i (net)
                      0.066564    0.000611    0.302496 ^ clkbuf_1_1__f_clk_i/A (sky130_fd_sc_hd__clkbuf_16)
     4    0.012486    0.058069    0.209293    0.511789 ^ clkbuf_1_1__f_clk_i/X (sky130_fd_sc_hd__clkbuf_16)
                                                         clknet_1_1__leaf_clk_i (net)
                      0.058069    0.000445    0.512234 ^ _45_/CLK (sky130_fd_sc_hd__dfxtp_2)
     3    0.038772    0.317216    0.838608    1.350842 ^ _45_/Q (sky130_fd_sc_hd__dfxtp_2)
                                                         counter_val_o[5] (net)
                      0.317216    0.000743    1.351584 ^ counter_val_o[5] (out)
                                              1.351584   data arrival time

                                 20.000000   20.000000   clock clk_i (rise edge)
                                  0.000000   20.000000   clock network delay (propagated)
                                 -0.100000   19.900000   clock uncertainty
                                  0.000000   19.900000   clock reconvergence pessimism
                                 -4.000000   15.900000   output external delay
                                             15.900000   data required time
---------------------------------------------------------------------------------------------
                                             15.900000   data required time
                                             -1.351584   data arrival time
---------------------------------------------------------------------------------------------
                                             14.548415   slack (MET)


Startpoint: _41_ (rising edge-triggered flip-flop clocked by clk_i)
Endpoint: counter_val_o[1] (output port clocked by clk_i)
Path Group: clk_i
Path Type: max

Fanout         Cap        Slew       Delay        Time   Description
---------------------------------------------------------------------------------------------
                                  0.000000    0.000000   clock clk_i (rise edge)
                                  0.000000    0.000000   clock source latency
     1    0.012926    0.101215    0.067129    0.067129 ^ clk_i (in)
                                                         clk_i (net)
                      0.101220    0.000000    0.067129 ^ clkbuf_0_clk_i/A (sky130_fd_sc_hd__clkbuf_16)
     2    0.019305    0.066564    0.234756    0.301885 ^ clkbuf_0_clk_i/X (sky130_fd_sc_hd__clkbuf_16)
                                                         clknet_0_clk_i (net)
                      0.066564    0.000583    0.302468 ^ clkbuf_1_0__f_clk_i/A (sky130_fd_sc_hd__clkbuf_16)
     5    0.015121    0.061364    0.213013    0.515480 ^ clkbuf_1_0__f_clk_i/X (sky130_fd_sc_hd__clkbuf_16)
                                                         clknet_1_0__leaf_clk_i (net)
                      0.061364    0.000654    0.516134 ^ _41_/CLK (sky130_fd_sc_hd__dfxtp_4)
     6    0.048284    0.234934    0.828637    1.344771 ^ _41_/Q (sky130_fd_sc_hd__dfxtp_4)
                                                         counter_val_o[1] (net)
                      0.234934    0.000882    1.345652 ^ counter_val_o[1] (out)
                                              1.345652   data arrival time

                                 20.000000   20.000000   clock clk_i (rise edge)
                                  0.000000   20.000000   clock network delay (propagated)
                                 -0.100000   19.900000   clock uncertainty
                                  0.000000   19.900000   clock reconvergence pessimism
                                 -4.000000   15.900000   output external delay
                                             15.900000   data required time
---------------------------------------------------------------------------------------------
                                             15.900000   data required time
                                             -1.345652   data arrival time
---------------------------------------------------------------------------------------------
                                             14.554347   slack (MET)


Startpoint: _38_ (rising edge-triggered flip-flop clocked by clk_i)
Endpoint: counter_val_o[6] (output port clocked by clk_i)
Path Group: clk_i
Path Type: max

Fanout         Cap        Slew       Delay        Time   Description
---------------------------------------------------------------------------------------------
                                  0.000000    0.000000   clock clk_i (rise edge)
                                  0.000000    0.000000   clock source latency
     1    0.012926    0.101215    0.067129    0.067129 ^ clk_i (in)
                                                         clk_i (net)
                      0.101220    0.000000    0.067129 ^ clkbuf_0_clk_i/A (sky130_fd_sc_hd__clkbuf_16)
     2    0.019305    0.066564    0.234756    0.301885 ^ clkbuf_0_clk_i/X (sky130_fd_sc_hd__clkbuf_16)
                                                         clknet_0_clk_i (net)
                      0.066564    0.000611    0.302496 ^ clkbuf_1_1__f_clk_i/A (sky130_fd_sc_hd__clkbuf_16)
     4    0.012486    0.058069    0.209293    0.511789 ^ clkbuf_1_1__f_clk_i/X (sky130_fd_sc_hd__clkbuf_16)
                                                         clknet_1_1__leaf_clk_i (net)
                      0.058070    0.000516    0.512305 ^ _38_/CLK (sky130_fd_sc_hd__dfxtp_4)
     5    0.046265    0.226760    0.820083    1.332389 ^ _38_/Q (sky130_fd_sc_hd__dfxtp_4)
                                                         counter_val_o[6] (net)
                      0.226777    0.002150    1.334539 ^ counter_val_o[6] (out)
                                              1.334539   data arrival time

                                 20.000000   20.000000   clock clk_i (rise edge)
                                  0.000000   20.000000   clock network delay (propagated)
                                 -0.100000   19.900000   clock uncertainty
                                  0.000000   19.900000   clock reconvergence pessimism
                                 -4.000000   15.900000   output external delay
                                             15.900000   data required time
---------------------------------------------------------------------------------------------
                                             15.900000   data required time
                                             -1.334539   data arrival time
---------------------------------------------------------------------------------------------
                                             14.565461   slack (MET)


Startpoint: _44_ (rising edge-triggered flip-flop clocked by clk_i)
Endpoint: counter_val_o[4] (output port clocked by clk_i)
Path Group: clk_i
Path Type: max

Fanout         Cap        Slew       Delay        Time   Description
---------------------------------------------------------------------------------------------
                                  0.000000    0.000000   clock clk_i (rise edge)
                                  0.000000    0.000000   clock source latency
     1    0.012926    0.101215    0.067129    0.067129 ^ clk_i (in)
                                                         clk_i (net)
                      0.101220    0.000000    0.067129 ^ clkbuf_0_clk_i/A (sky130_fd_sc_hd__clkbuf_16)
     2    0.019305    0.066564    0.234756    0.301885 ^ clkbuf_0_clk_i/X (sky130_fd_sc_hd__clkbuf_16)
                                                         clknet_0_clk_i (net)
                      0.066564    0.000611    0.302496 ^ clkbuf_1_1__f_clk_i/A (sky130_fd_sc_hd__clkbuf_16)
     4    0.012486    0.058069    0.209293    0.511789 ^ clkbuf_1_1__f_clk_i/X (sky130_fd_sc_hd__clkbuf_16)
                                                         clknet_1_1__leaf_clk_i (net)
                      0.058069    0.000460    0.512249 ^ _44_/CLK (sky130_fd_sc_hd__dfxtp_4)
     5    0.046144    0.226131    0.820163    1.332412 ^ _44_/Q (sky130_fd_sc_hd__dfxtp_4)
                                                         counter_val_o[4] (net)
                      0.226136    0.001397    1.333810 ^ counter_val_o[4] (out)
                                              1.333810   data arrival time

                                 20.000000   20.000000   clock clk_i (rise edge)
                                  0.000000   20.000000   clock network delay (propagated)
                                 -0.100000   19.900000   clock uncertainty
                                  0.000000   19.900000   clock reconvergence pessimism
                                 -4.000000   15.900000   output external delay
                                             15.900000   data required time
---------------------------------------------------------------------------------------------
                                             15.900000   data required time
                                             -1.333810   data arrival time
---------------------------------------------------------------------------------------------
                                             14.566191   slack (MET)


Startpoint: _42_ (rising edge-triggered flip-flop clocked by clk_i)
Endpoint: counter_val_o[2] (output port clocked by clk_i)
Path Group: clk_i
Path Type: max

Fanout         Cap        Slew       Delay        Time   Description
---------------------------------------------------------------------------------------------
                                  0.000000    0.000000   clock clk_i (rise edge)
                                  0.000000    0.000000   clock source latency
     1    0.012926    0.101215    0.067129    0.067129 ^ clk_i (in)
                                                         clk_i (net)
                      0.101220    0.000000    0.067129 ^ clkbuf_0_clk_i/A (sky130_fd_sc_hd__clkbuf_16)
     2    0.019305    0.066564    0.234756    0.301885 ^ clkbuf_0_clk_i/X (sky130_fd_sc_hd__clkbuf_16)
                                                         clknet_0_clk_i (net)
                      0.066564    0.000583    0.302468 ^ clkbuf_1_0__f_clk_i/A (sky130_fd_sc_hd__clkbuf_16)
     5    0.015121    0.061364    0.213013    0.515480 ^ clkbuf_1_0__f_clk_i/X (sky130_fd_sc_hd__clkbuf_16)
                                                         clknet_1_0__leaf_clk_i (net)
                      0.061364    0.000651    0.516131 ^ _42_/CLK (sky130_fd_sc_hd__dfxtp_4)
     4    0.041994    0.208925    0.808662    1.324793 ^ _42_/Q (sky130_fd_sc_hd__dfxtp_4)
                                                         counter_val_o[2] (net)
                      0.208929    0.001279    1.326072 ^ counter_val_o[2] (out)
                                              1.326072   data arrival time

                                 20.000000   20.000000   clock clk_i (rise edge)
                                  0.000000   20.000000   clock network delay (propagated)
                                 -0.100000   19.900000   clock uncertainty
                                  0.000000   19.900000   clock reconvergence pessimism
                                 -4.000000   15.900000   output external delay
                                             15.900000   data required time
---------------------------------------------------------------------------------------------
                                             15.900000   data required time
                                             -1.326072   data arrival time
---------------------------------------------------------------------------------------------
                                             14.573928   slack (MET)


Startpoint: rst_i (input port clocked by clk_i)
Endpoint: _43_ (rising edge-triggered flip-flop clocked by clk_i)
Path Group: clk_i
Path Type: max

Fanout         Cap        Slew       Delay        Time   Description
---------------------------------------------------------------------------------------------
                                  0.000000    0.000000   clock clk_i (rise edge)
                                  0.000000    0.000000   clock network delay (propagated)
                                  4.000000    4.000000 ^ input external delay
     1    0.002635    0.031165    0.014920    4.014920 ^ rst_i (in)
                                                         rst_i (net)
                      0.031165    0.000000    4.014920 ^ input1/A (sky130_fd_sc_hd__buf_2)
     8    0.036782    0.290926    0.338159    4.353079 ^ input1/X (sky130_fd_sc_hd__buf_2)
                                                         net1 (net)
                      0.290933    0.001187    4.354266 ^ _32_/A (sky130_fd_sc_hd__nor2_1)
     1    0.004116    0.086253    0.176753    4.531019 v _32_/Y (sky130_fd_sc_hd__nor2_1)
                                                         _16_ (net)
                      0.086253    0.000143    4.531162 v _33_/B1 (sky130_fd_sc_hd__o21a_1)
     1    0.002937    0.066264    0.195945    4.727107 v _33_/X (sky130_fd_sc_hd__o21a_1)
                                                         _05_ (net)
                      0.066264    0.000095    4.727201 v _43_/D (sky130_fd_sc_hd__dfxtp_2)
                                              4.727201   data arrival time

                                 20.000000   20.000000   clock clk_i (rise edge)
                                  0.000000   20.000000   clock source latency
     1    0.012926    0.101215    0.067129   20.067129 ^ clk_i (in)
                                                         clk_i (net)
                      0.101220    0.000000   20.067129 ^ clkbuf_0_clk_i/A (sky130_fd_sc_hd__clkbuf_16)
     2    0.019305    0.066564    0.234756   20.301886 ^ clkbuf_0_clk_i/X (sky130_fd_sc_hd__clkbuf_16)
                                                         clknet_0_clk_i (net)
                      0.066564    0.000583   20.302467 ^ clkbuf_1_0__f_clk_i/A (sky130_fd_sc_hd__clkbuf_16)
     5    0.015121    0.061364    0.213014   20.515482 ^ clkbuf_1_0__f_clk_i/X (sky130_fd_sc_hd__clkbuf_16)
                                                         clknet_1_0__leaf_clk_i (net)
                      0.061364    0.000620   20.516102 ^ _43_/CLK (sky130_fd_sc_hd__dfxtp_2)
                                 -0.100000   20.416101   clock uncertainty
                                  0.000000   20.416101   clock reconvergence pessimism
                                 -0.275171   20.140930   library setup time
                                             20.140930   data required time
---------------------------------------------------------------------------------------------
                                             20.140930   data required time
                                             -4.727201   data arrival time
---------------------------------------------------------------------------------------------
                                             15.413728   slack (MET)


Startpoint: rst_i (input port clocked by clk_i)
Endpoint: _39_ (rising edge-triggered flip-flop clocked by clk_i)
Path Group: clk_i
Path Type: max

Fanout         Cap        Slew       Delay        Time   Description
---------------------------------------------------------------------------------------------
                                  0.000000    0.000000   clock clk_i (rise edge)
                                  0.000000    0.000000   clock network delay (propagated)
                                  4.000000    4.000000 v input external delay
     1    0.002507    0.017351    0.008311    4.008311 v rst_i (in)
                                                         rst_i (net)
                      0.017351    0.000000    4.008311 v input1/A (sky130_fd_sc_hd__buf_2)
     8    0.034989    0.169097    0.322280    4.330590 v input1/X (sky130_fd_sc_hd__buf_2)
                                                         net1 (net)
                      0.169140    0.002636    4.333226 v _25_/B1 (sky130_fd_sc_hd__a31o_1)
     1    0.003912    0.075890    0.381647    4.714873 v _25_/X (sky130_fd_sc_hd__a31o_1)
                                                         _13_ (net)
                      0.075890    0.000123    4.714996 v _26_/B (sky130_fd_sc_hd__nor2_1)
     1    0.002013    0.109146    0.125929    4.840925 ^ _26_/Y (sky130_fd_sc_hd__nor2_1)
                                                         _01_ (net)
                      0.109146    0.000057    4.840982 ^ _39_/D (sky130_fd_sc_hd__dfxtp_2)
                                              4.840982   data arrival time

                                 20.000000   20.000000   clock clk_i (rise edge)
                                  0.000000   20.000000   clock source latency
     1    0.012926    0.101215    0.067129   20.067129 ^ clk_i (in)
                                                         clk_i (net)
                      0.101220    0.000000   20.067129 ^ clkbuf_0_clk_i/A (sky130_fd_sc_hd__clkbuf_16)
     2    0.019305    0.066564    0.234756   20.301886 ^ clkbuf_0_clk_i/X (sky130_fd_sc_hd__clkbuf_16)
                                                         clknet_0_clk_i (net)
                      0.066564    0.000611   20.302496 ^ clkbuf_1_1__f_clk_i/A (sky130_fd_sc_hd__clkbuf_16)
     4    0.012486    0.058069    0.209294   20.511789 ^ clkbuf_1_1__f_clk_i/X (sky130_fd_sc_hd__clkbuf_16)
                                                         clknet_1_1__leaf_clk_i (net)
                      0.058070    0.000538   20.512329 ^ _39_/CLK (sky130_fd_sc_hd__dfxtp_2)
                                 -0.100000   20.412329   clock uncertainty
                                  0.000000   20.412329   clock reconvergence pessimism
                                 -0.153392   20.258936   library setup time
                                             20.258936   data required time
---------------------------------------------------------------------------------------------
                                             20.258936   data required time
                                             -4.840982   data arrival time
---------------------------------------------------------------------------------------------
                                             15.417953   slack (MET)


Startpoint: rst_i (input port clocked by clk_i)
Endpoint: _44_ (rising edge-triggered flip-flop clocked by clk_i)
Path Group: clk_i
Path Type: max

Fanout         Cap        Slew       Delay        Time   Description
---------------------------------------------------------------------------------------------
                                  0.000000    0.000000   clock clk_i (rise edge)
                                  0.000000    0.000000   clock network delay (propagated)
                                  4.000000    4.000000 ^ input external delay
     1    0.002635    0.031165    0.014920    4.014920 ^ rst_i (in)
                                                         rst_i (net)
                      0.031165    0.000000    4.014920 ^ input1/A (sky130_fd_sc_hd__buf_2)
     8    0.036782    0.290926    0.338159    4.353079 ^ input1/X (sky130_fd_sc_hd__buf_2)
                                                         net1 (net)
                      0.290964    0.002763    4.355842 ^ _34_/B1 (sky130_fd_sc_hd__a21oi_1)
     1    0.003353    0.104084    0.152010    4.507852 v _34_/Y (sky130_fd_sc_hd__a21oi_1)
                                                         _17_ (net)
                      0.104084    0.000099    4.507951 v _35_/B1 (sky130_fd_sc_hd__o21a_1)
     1    0.001873    0.056898    0.193110    4.701062 v _35_/X (sky130_fd_sc_hd__o21a_1)
                                                         _06_ (net)
                      0.056898    0.000054    4.701116 v _44_/D (sky130_fd_sc_hd__dfxtp_4)
                                              4.701116   data arrival time

                                 20.000000   20.000000   clock clk_i (rise edge)
                                  0.000000   20.000000   clock source latency
     1    0.012926    0.101215    0.067129   20.067129 ^ clk_i (in)
                                                         clk_i (net)
                      0.101220    0.000000   20.067129 ^ clkbuf_0_clk_i/A (sky130_fd_sc_hd__clkbuf_16)
     2    0.019305    0.066564    0.234756   20.301886 ^ clkbuf_0_clk_i/X (sky130_fd_sc_hd__clkbuf_16)
                                                         clknet_0_clk_i (net)
                      0.066564    0.000611   20.302496 ^ clkbuf_1_1__f_clk_i/A (sky130_fd_sc_hd__clkbuf_16)
     4    0.012486    0.058069    0.209294   20.511789 ^ clkbuf_1_1__f_clk_i/X (sky130_fd_sc_hd__clkbuf_16)
                                                         clknet_1_1__leaf_clk_i (net)
                      0.058069    0.000460   20.512251 ^ _44_/CLK (sky130_fd_sc_hd__dfxtp_4)
                                 -0.100000   20.412251   clock uncertainty
                                  0.000000   20.412251   clock reconvergence pessimism
                                 -0.270484   20.141766   library setup time
                                             20.141766   data required time
---------------------------------------------------------------------------------------------
                                             20.141766   data required time
                                             -4.701116   data arrival time
---------------------------------------------------------------------------------------------
                                             15.440650   slack (MET)


Startpoint: rst_i (input port clocked by clk_i)
Endpoint: _38_ (rising edge-triggered flip-flop clocked by clk_i)
Path Group: clk_i
Path Type: max

Fanout         Cap        Slew       Delay        Time   Description
---------------------------------------------------------------------------------------------
                                  0.000000    0.000000   clock clk_i (rise edge)
                                  0.000000    0.000000   clock network delay (propagated)
                                  4.000000    4.000000 ^ input external delay
     1    0.002635    0.031165    0.014920    4.014920 ^ rst_i (in)
                                                         rst_i (net)
                      0.031165    0.000000    4.014920 ^ input1/A (sky130_fd_sc_hd__buf_2)
     8    0.036782    0.290926    0.338159    4.353079 ^ input1/X (sky130_fd_sc_hd__buf_2)
                                                         net1 (net)
                      0.290967    0.002866    4.355945 ^ _22_/B1 (sky130_fd_sc_hd__a21oi_1)
     1    0.002771    0.098674    0.144204    4.500149 v _22_/Y (sky130_fd_sc_hd__a21oi_1)
                                                         _11_ (net)
                      0.098674    0.000057    4.500206 v _23_/B1 (sky130_fd_sc_hd__o21a_1)
     1    0.002551    0.062644    0.197819    4.698025 v _23_/X (sky130_fd_sc_hd__o21a_1)
                                                         _00_ (net)
                      0.062644    0.000078    4.698102 v _38_/D (sky130_fd_sc_hd__dfxtp_4)
                                              4.698102   data arrival time

                                 20.000000   20.000000   clock clk_i (rise edge)
                                  0.000000   20.000000   clock source latency
     1    0.012926    0.101215    0.067129   20.067129 ^ clk_i (in)
                                                         clk_i (net)
                      0.101220    0.000000   20.067129 ^ clkbuf_0_clk_i/A (sky130_fd_sc_hd__clkbuf_16)
     2    0.019305    0.066564    0.234756   20.301886 ^ clkbuf_0_clk_i/X (sky130_fd_sc_hd__clkbuf_16)
                                                         clknet_0_clk_i (net)
                      0.066564    0.000611   20.302496 ^ clkbuf_1_1__f_clk_i/A (sky130_fd_sc_hd__clkbuf_16)
     4    0.012486    0.058069    0.209294   20.511789 ^ clkbuf_1_1__f_clk_i/X (sky130_fd_sc_hd__clkbuf_16)
                                                         clknet_1_1__leaf_clk_i (net)
                      0.058070    0.000515   20.512306 ^ _38_/CLK (sky130_fd_sc_hd__dfxtp_4)
                                 -0.100000   20.412306   clock uncertainty
                                  0.000000   20.412306   clock reconvergence pessimism
                                 -0.272844   20.139462   library setup time
                                             20.139462   data required time
---------------------------------------------------------------------------------------------
                                             20.139462   data required time
                                             -4.698102   data arrival time
---------------------------------------------------------------------------------------------
                                             15.441359   slack (MET)


Startpoint: rst_i (input port clocked by clk_i)
Endpoint: _41_ (rising edge-triggered flip-flop clocked by clk_i)
Path Group: clk_i
Path Type: max

Fanout         Cap        Slew       Delay        Time   Description
---------------------------------------------------------------------------------------------
                                  0.000000    0.000000   clock clk_i (rise edge)
                                  0.000000    0.000000   clock network delay (propagated)
                                  4.000000    4.000000 ^ input external delay
     1    0.002635    0.031165    0.014920    4.014920 ^ rst_i (in)
                                                         rst_i (net)
                      0.031165    0.000000    4.014920 ^ input1/A (sky130_fd_sc_hd__buf_2)
     8    0.036782    0.290926    0.338159    4.353079 ^ input1/X (sky130_fd_sc_hd__buf_2)
                                                         net1 (net)
                      0.290931    0.001033    4.354112 ^ _28_/B1 (sky130_fd_sc_hd__a21oi_1)
     1    0.003142    0.104831    0.149175    4.503288 v _28_/Y (sky130_fd_sc_hd__a21oi_1)
                                                         _14_ (net)
                      0.104831    0.000097    4.503385 v _29_/B1 (sky130_fd_sc_hd__o21a_1)
     1    0.001921    0.057376    0.193999    4.697383 v _29_/X (sky130_fd_sc_hd__o21a_1)
                                                         _03_ (net)
                      0.057376    0.000054    4.697437 v _41_/D (sky130_fd_sc_hd__dfxtp_4)
                                              4.697437   data arrival time

                                 20.000000   20.000000   clock clk_i (rise edge)
                                  0.000000   20.000000   clock source latency
     1    0.012926    0.101215    0.067129   20.067129 ^ clk_i (in)
                                                         clk_i (net)
                      0.101220    0.000000   20.067129 ^ clkbuf_0_clk_i/A (sky130_fd_sc_hd__clkbuf_16)
     2    0.019305    0.066564    0.234756   20.301886 ^ clkbuf_0_clk_i/X (sky130_fd_sc_hd__clkbuf_16)
                                                         clknet_0_clk_i (net)
                      0.066564    0.000583   20.302467 ^ clkbuf_1_0__f_clk_i/A (sky130_fd_sc_hd__clkbuf_16)
     5    0.015121    0.061364    0.213014   20.515482 ^ clkbuf_1_0__f_clk_i/X (sky130_fd_sc_hd__clkbuf_16)
                                                         clknet_1_0__leaf_clk_i (net)
                      0.061364    0.000654   20.516134 ^ _41_/CLK (sky130_fd_sc_hd__dfxtp_4)
                                 -0.100000   20.416136   clock uncertainty
                                  0.000000   20.416136   clock reconvergence pessimism
                                 -0.269815   20.146320   library setup time
                                             20.146320   data required time
---------------------------------------------------------------------------------------------
                                             20.146320   data required time
                                             -4.697437   data arrival time
---------------------------------------------------------------------------------------------
                                             15.448883   slack (MET)


Startpoint: rst_i (input port clocked by clk_i)
Endpoint: _45_ (rising edge-triggered flip-flop clocked by clk_i)
Path Group: clk_i
Path Type: max

Fanout         Cap        Slew       Delay        Time   Description
---------------------------------------------------------------------------------------------
                                  0.000000    0.000000   clock clk_i (rise edge)
                                  0.000000    0.000000   clock network delay (propagated)
                                  4.000000    4.000000 v input external delay
     1    0.002507    0.017351    0.008311    4.008311 v rst_i (in)
                                                         rst_i (net)
                      0.017351    0.000000    4.008311 v input1/A (sky130_fd_sc_hd__buf_2)
     8    0.034989    0.169097    0.322280    4.330590 v input1/X (sky130_fd_sc_hd__buf_2)
                                                         net1 (net)
                      0.169136    0.002528    4.333118 v _37_/A (sky130_fd_sc_hd__nor3_1)
     1    0.002599    0.243414    0.340877    4.673995 ^ _37_/Y (sky130_fd_sc_hd__nor3_1)
                                                         _07_ (net)
                      0.243414    0.000079    4.674074 ^ _45_/D (sky130_fd_sc_hd__dfxtp_2)
                                              4.674074   data arrival time

                                 20.000000   20.000000   clock clk_i (rise edge)
                                  0.000000   20.000000   clock source latency
     1    0.012926    0.101215    0.067129   20.067129 ^ clk_i (in)
                                                         clk_i (net)
                      0.101220    0.000000   20.067129 ^ clkbuf_0_clk_i/A (sky130_fd_sc_hd__clkbuf_16)
     2    0.019305    0.066564    0.234756   20.301886 ^ clkbuf_0_clk_i/X (sky130_fd_sc_hd__clkbuf_16)
                                                         clknet_0_clk_i (net)
                      0.066564    0.000611   20.302496 ^ clkbuf_1_1__f_clk_i/A (sky130_fd_sc_hd__clkbuf_16)
     4    0.012486    0.058069    0.209294   20.511789 ^ clkbuf_1_1__f_clk_i/X (sky130_fd_sc_hd__clkbuf_16)
                                                         clknet_1_1__leaf_clk_i (net)
                      0.058069    0.000444   20.512234 ^ _45_/CLK (sky130_fd_sc_hd__dfxtp_2)
                                 -0.100000   20.412233   clock uncertainty
                                  0.000000   20.412233   clock reconvergence pessimism
                                 -0.188635   20.223598   library setup time
                                             20.223598   data required time
---------------------------------------------------------------------------------------------
                                             20.223598   data required time
                                             -4.674074   data arrival time
---------------------------------------------------------------------------------------------
                                             15.549524   slack (MET)


Startpoint: rst_i (input port clocked by clk_i)
Endpoint: _42_ (rising edge-triggered flip-flop clocked by clk_i)
Path Group: clk_i
Path Type: max

Fanout         Cap        Slew       Delay        Time   Description
---------------------------------------------------------------------------------------------
                                  0.000000    0.000000   clock clk_i (rise edge)
                                  0.000000    0.000000   clock network delay (propagated)
                                  4.000000    4.000000 v input external delay
     1    0.002507    0.017351    0.008311    4.008311 v rst_i (in)
                                                         rst_i (net)
                      0.017351    0.000000    4.008311 v input1/A (sky130_fd_sc_hd__buf_2)
     8    0.034989    0.169097    0.322280    4.330590 v input1/X (sky130_fd_sc_hd__buf_2)
                                                         net1 (net)
                      0.169097    0.000586    4.331176 v _31_/A (sky130_fd_sc_hd__nor3_1)
     1    0.002293    0.230609    0.330191    4.661368 ^ _31_/Y (sky130_fd_sc_hd__nor3_1)
                                                         _04_ (net)
                      0.230609    0.000068    4.661436 ^ _42_/D (sky130_fd_sc_hd__dfxtp_4)
                                              4.661436   data arrival time

                                 20.000000   20.000000   clock clk_i (rise edge)
                                  0.000000   20.000000   clock source latency
     1    0.012926    0.101215    0.067129   20.067129 ^ clk_i (in)
                                                         clk_i (net)
                      0.101220    0.000000   20.067129 ^ clkbuf_0_clk_i/A (sky130_fd_sc_hd__clkbuf_16)
     2    0.019305    0.066564    0.234756   20.301886 ^ clkbuf_0_clk_i/X (sky130_fd_sc_hd__clkbuf_16)
                                                         clknet_0_clk_i (net)
                      0.066564    0.000583   20.302467 ^ clkbuf_1_0__f_clk_i/A (sky130_fd_sc_hd__clkbuf_16)
     5    0.015121    0.061364    0.213014   20.515482 ^ clkbuf_1_0__f_clk_i/X (sky130_fd_sc_hd__clkbuf_16)
                                                         clknet_1_0__leaf_clk_i (net)
                      0.061364    0.000650   20.516132 ^ _42_/CLK (sky130_fd_sc_hd__dfxtp_4)
                                 -0.100000   20.416132   clock uncertainty
                                  0.000000   20.416132   clock reconvergence pessimism
                                 -0.184900   20.231232   library setup time
                                             20.231232   data required time
---------------------------------------------------------------------------------------------
                                             20.231232   data required time
                                             -4.661436   data arrival time
---------------------------------------------------------------------------------------------
                                             15.569797   slack (MET)


Startpoint: rst_i (input port clocked by clk_i)
Endpoint: _40_ (rising edge-triggered flip-flop clocked by clk_i)
Path Group: clk_i
Path Type: max

Fanout         Cap        Slew       Delay        Time   Description
---------------------------------------------------------------------------------------------
                                  0.000000    0.000000   clock clk_i (rise edge)
                                  0.000000    0.000000   clock network delay (propagated)
                                  4.000000    4.000000 ^ input external delay
     1    0.002635    0.031165    0.014920    4.014920 ^ rst_i (in)
                                                         rst_i (net)
                      0.031165    0.000000    4.014920 ^ input1/A (sky130_fd_sc_hd__buf_2)
     8    0.036782    0.290926    0.338159    4.353079 ^ input1/X (sky130_fd_sc_hd__buf_2)
                                                         net1 (net)
                      0.290931    0.000982    4.354061 ^ _27_/B (sky130_fd_sc_hd__nor2_1)
     1    0.001918    0.067653    0.133420    4.487481 v _27_/Y (sky130_fd_sc_hd__nor2_1)
                                                         _02_ (net)
                      0.067653    0.000054    4.487535 v _40_/D (sky130_fd_sc_hd__dfxtp_4)
                                              4.487535   data arrival time

                                 20.000000   20.000000   clock clk_i (rise edge)
                                  0.000000   20.000000   clock source latency
     1    0.012926    0.101215    0.067129   20.067129 ^ clk_i (in)
                                                         clk_i (net)
                      0.101220    0.000000   20.067129 ^ clkbuf_0_clk_i/A (sky130_fd_sc_hd__clkbuf_16)
     2    0.019305    0.066564    0.234756   20.301886 ^ clkbuf_0_clk_i/X (sky130_fd_sc_hd__clkbuf_16)
                                                         clknet_0_clk_i (net)
                      0.066564    0.000583   20.302467 ^ clkbuf_1_0__f_clk_i/A (sky130_fd_sc_hd__clkbuf_16)
     5    0.015121    0.061364    0.213014   20.515482 ^ clkbuf_1_0__f_clk_i/X (sky130_fd_sc_hd__clkbuf_16)
                                                         clknet_1_0__leaf_clk_i (net)
                      0.061364    0.000624   20.516106 ^ _40_/CLK (sky130_fd_sc_hd__dfxtp_4)
                                 -0.100000   20.416105   clock uncertainty
                                  0.000000   20.416105   clock reconvergence pessimism
                                 -0.274035   20.142071   library setup time
                                             20.142071   data required time
---------------------------------------------------------------------------------------------
                                             20.142071   data required time
                                             -4.487535   data arrival time
---------------------------------------------------------------------------------------------
                                             15.654534   slack (MET)



