
===========================================================================
report_checks -path_delay min (Hold)
============================================================================
======================= nom_ss_100C_1v60 Corner ===================================

Startpoint: _42_ (rising edge-triggered flip-flop clocked by clk_i)
Endpoint: _42_ (rising edge-triggered flip-flop clocked by clk_i)
Path Group: clk_i
Path Type: min

Fanout         Cap        Slew       Delay        Time   Description
---------------------------------------------------------------------------------------------
                                  0.000000    0.000000   clock clk_i (rise edge)
                                  0.000000    0.000000   clock source latency
     1    0.012926    0.101215    0.067129    0.067129 ^ clk_i (in)
                                                         clk_i (net)
                      0.101220    0.000000    0.067129 ^ clkbuf_0_clk_i/A (sky130_fd_sc_hd__clkbuf_16)
     2    0.019305    0.066564    0.234756    0.301885 ^ clkbuf_0_clk_i/X (sky130_fd_sc_hd__clkbuf_16)
                                                         clknet_0_clk_i (net)
                      0.066564    0.000583    0.302468 ^ clkbuf_1_0__f_clk_i/A (sky130_fd_sc_hd__clkbuf_16)
     5    0.015121    0.061364    0.213013    0.515480 ^ clkbuf_1_0__f_clk_i/X (sky130_fd_sc_hd__clkbuf_16)
                                                         clknet_1_0__leaf_clk_i (net)
                      0.061364    0.000651    0.516131 ^ _42_/CLK (sky130_fd_sc_hd__dfxtp_4)
     4    0.041584    0.127263    0.727543    1.243674 v _42_/Q (sky130_fd_sc_hd__dfxtp_4)
                                                         counter_val_o[2] (net)
                      0.127399    0.001119    1.244793 v _30_/B1 (sky130_fd_sc_hd__a21oi_1)
     1    0.002671    0.141480    0.202414    1.447206 ^ _30_/Y (sky130_fd_sc_hd__a21oi_1)
                                                         _15_ (net)
                      0.141480    0.000075    1.447282 ^ _31_/C (sky130_fd_sc_hd__nor3_1)
     1    0.002238    0.050727    0.099742    1.547024 v _31_/Y (sky130_fd_sc_hd__nor3_1)
                                                         _04_ (net)
                      0.050727    0.000067    1.547090 v _42_/D (sky130_fd_sc_hd__dfxtp_4)
                                              1.547090   data arrival time

                                  0.000000    0.000000   clock clk_i (rise edge)
                                  0.000000    0.000000   clock source latency
     1    0.012926    0.101215    0.067129    0.067129 ^ clk_i (in)
                                                         clk_i (net)
                      0.101220    0.000000    0.067129 ^ clkbuf_0_clk_i/A (sky130_fd_sc_hd__clkbuf_16)
     2    0.019305    0.066564    0.234756    0.301885 ^ clkbuf_0_clk_i/X (sky130_fd_sc_hd__clkbuf_16)
                                                         clknet_0_clk_i (net)
                      0.066564    0.000583    0.302468 ^ clkbuf_1_0__f_clk_i/A (sky130_fd_sc_hd__clkbuf_16)
     5    0.015121    0.061364    0.213013    0.515480 ^ clkbuf_1_0__f_clk_i/X (sky130_fd_sc_hd__clkbuf_16)
                                                         clknet_1_0__leaf_clk_i (net)
                      0.061364    0.000651    0.516131 ^ _42_/CLK (sky130_fd_sc_hd__dfxtp_4)
                                  0.100000    0.616131   clock uncertainty
                                  0.000000    0.616131   clock reconvergence pessimism
                                 -0.085266    0.530865   library hold time
                                              0.530865   data required time
---------------------------------------------------------------------------------------------
                                              0.530865   data required time
                                             -1.547090   data arrival time
---------------------------------------------------------------------------------------------
                                              1.016225   slack (MET)


Startpoint: _41_ (rising edge-triggered flip-flop clocked by clk_i)
Endpoint: _41_ (rising edge-triggered flip-flop clocked by clk_i)
Path Group: clk_i
Path Type: min

Fanout         Cap        Slew       Delay        Time   Description
---------------------------------------------------------------------------------------------
                                  0.000000    0.000000   clock clk_i (rise edge)
                                  0.000000    0.000000   clock source latency
     1    0.012926    0.101215    0.067129    0.067129 ^ clk_i (in)
                                                         clk_i (net)
                      0.101220    0.000000    0.067129 ^ clkbuf_0_clk_i/A (sky130_fd_sc_hd__clkbuf_16)
     2    0.019305    0.066564    0.234756    0.301885 ^ clkbuf_0_clk_i/X (sky130_fd_sc_hd__clkbuf_16)
                                                         clknet_0_clk_i (net)
                      0.066564    0.000583    0.302468 ^ clkbuf_1_0__f_clk_i/A (sky130_fd_sc_hd__clkbuf_16)
     5    0.015121    0.061364    0.213013    0.515480 ^ clkbuf_1_0__f_clk_i/X (sky130_fd_sc_hd__clkbuf_16)
                                                         clknet_1_0__leaf_clk_i (net)
                      0.061364    0.000654    0.516134 ^ _41_/CLK (sky130_fd_sc_hd__dfxtp_4)
     6    0.047571    0.139256    0.738825    1.254959 v _41_/Q (sky130_fd_sc_hd__dfxtp_4)
                                                         counter_val_o[1] (net)
                      0.139256    0.000538    1.255498 v _29_/A2 (sky130_fd_sc_hd__o21a_1)
     1    0.001921    0.049534    0.324294    1.579792 v _29_/X (sky130_fd_sc_hd__o21a_1)
                                                         _03_ (net)
                      0.049534    0.000054    1.579846 v _41_/D (sky130_fd_sc_hd__dfxtp_4)
                                              1.579846   data arrival time

                                  0.000000    0.000000   clock clk_i (rise edge)
                                  0.000000    0.000000   clock source latency
     1    0.012926    0.101215    0.067129    0.067129 ^ clk_i (in)
                                                         clk_i (net)
                      0.101220    0.000000    0.067129 ^ clkbuf_0_clk_i/A (sky130_fd_sc_hd__clkbuf_16)
     2    0.019305    0.066564    0.234756    0.301885 ^ clkbuf_0_clk_i/X (sky130_fd_sc_hd__clkbuf_16)
                                                         clknet_0_clk_i (net)
                      0.066564    0.000583    0.302468 ^ clkbuf_1_0__f_clk_i/A (sky130_fd_sc_hd__clkbuf_16)
     5    0.015121    0.061364    0.213013    0.515480 ^ clkbuf_1_0__f_clk_i/X (sky130_fd_sc_hd__clkbuf_16)
                                                         clknet_1_0__leaf_clk_i (net)
                      0.061364    0.000654    0.516134 ^ _41_/CLK (sky130_fd_sc_hd__dfxtp_4)
                                  0.100000    0.616134   clock uncertainty
                                  0.000000    0.616134   clock reconvergence pessimism
                                 -0.084834    0.531300   library hold time
                                              0.531300   data required time
---------------------------------------------------------------------------------------------
                                              0.531300   data required time
                                             -1.579846   data arrival time
---------------------------------------------------------------------------------------------
                                              1.048546   slack (MET)


Startpoint: _39_ (rising edge-triggered flip-flop clocked by clk_i)
Endpoint: _39_ (rising edge-triggered flip-flop clocked by clk_i)
Path Group: clk_i
Path Type: min

Fanout         Cap        Slew       Delay        Time   Description
---------------------------------------------------------------------------------------------
                                  0.000000    0.000000   clock clk_i (rise edge)
                                  0.000000    0.000000   clock source latency
     1    0.012926    0.101215    0.067129    0.067129 ^ clk_i (in)
                                                         clk_i (net)
                      0.101220    0.000000    0.067129 ^ clkbuf_0_clk_i/A (sky130_fd_sc_hd__clkbuf_16)
     2    0.019305    0.066564    0.234756    0.301885 ^ clkbuf_0_clk_i/X (sky130_fd_sc_hd__clkbuf_16)
                                                         clknet_0_clk_i (net)
                      0.066564    0.000611    0.302496 ^ clkbuf_1_1__f_clk_i/A (sky130_fd_sc_hd__clkbuf_16)
     4    0.012486    0.058069    0.209293    0.511789 ^ clkbuf_1_1__f_clk_i/X (sky130_fd_sc_hd__clkbuf_16)
                                                         clknet_1_1__leaf_clk_i (net)
                      0.058070    0.000540    0.512329 ^ _39_/CLK (sky130_fd_sc_hd__dfxtp_2)
     3    0.039571    0.182942    0.723547    1.235876 v _39_/Q (sky130_fd_sc_hd__dfxtp_2)
                                                         counter_val_o[7] (net)
                      0.182942    0.000702    1.236578 v _24_/B1 (sky130_fd_sc_hd__a21oi_1)
     1    0.003601    0.168677    0.246845    1.483424 ^ _24_/Y (sky130_fd_sc_hd__a21oi_1)
                                                         _12_ (net)
                      0.168677    0.000085    1.483509 ^ _26_/A (sky130_fd_sc_hd__nor2_1)
     1    0.002053    0.034856    0.114286    1.597795 v _26_/Y (sky130_fd_sc_hd__nor2_1)
                                                         _01_ (net)
                      0.034856    0.000058    1.597853 v _39_/D (sky130_fd_sc_hd__dfxtp_2)
                                              1.597853   data arrival time

                                  0.000000    0.000000   clock clk_i (rise edge)
                                  0.000000    0.000000   clock source latency
     1    0.012926    0.101215    0.067129    0.067129 ^ clk_i (in)
                                                         clk_i (net)
                      0.101220    0.000000    0.067129 ^ clkbuf_0_clk_i/A (sky130_fd_sc_hd__clkbuf_16)
     2    0.019305    0.066564    0.234756    0.301885 ^ clkbuf_0_clk_i/X (sky130_fd_sc_hd__clkbuf_16)
                                                         clknet_0_clk_i (net)
                      0.066564    0.000611    0.302496 ^ clkbuf_1_1__f_clk_i/A (sky130_fd_sc_hd__clkbuf_16)
     4    0.012486    0.058069    0.209293    0.511789 ^ clkbuf_1_1__f_clk_i/X (sky130_fd_sc_hd__clkbuf_16)
                                                         clknet_1_1__leaf_clk_i (net)
                      0.058070    0.000540    0.512329 ^ _39_/CLK (sky130_fd_sc_hd__dfxtp_2)
                                  0.100000    0.612329   clock uncertainty
                                  0.000000    0.612329   clock reconvergence pessimism
                                 -0.080031    0.532298   library hold time
                                              0.532298   data required time
---------------------------------------------------------------------------------------------
                                              0.532298   data required time
                                             -1.597853   data arrival time
---------------------------------------------------------------------------------------------
                                              1.065556   slack (MET)


Startpoint: _44_ (rising edge-triggered flip-flop clocked by clk_i)
Endpoint: _44_ (rising edge-triggered flip-flop clocked by clk_i)
Path Group: clk_i
Path Type: min

Fanout         Cap        Slew       Delay        Time   Description
---------------------------------------------------------------------------------------------
                                  0.000000    0.000000   clock clk_i (rise edge)
                                  0.000000    0.000000   clock source latency
     1    0.012926    0.101215    0.067129    0.067129 ^ clk_i (in)
                                                         clk_i (net)
                      0.101220    0.000000    0.067129 ^ clkbuf_0_clk_i/A (sky130_fd_sc_hd__clkbuf_16)
     2    0.019305    0.066564    0.234756    0.301885 ^ clkbuf_0_clk_i/X (sky130_fd_sc_hd__clkbuf_16)
                                                         clknet_0_clk_i (net)
                      0.066564    0.000611    0.302496 ^ clkbuf_1_1__f_clk_i/A (sky130_fd_sc_hd__clkbuf_16)
     4    0.012486    0.058069    0.209293    0.511789 ^ clkbuf_1_1__f_clk_i/X (sky130_fd_sc_hd__clkbuf_16)
                                                         clknet_1_1__leaf_clk_i (net)
                      0.058069    0.000460    0.512249 ^ _44_/CLK (sky130_fd_sc_hd__dfxtp_4)
     5    0.045701    0.135596    0.733574    1.245823 v _44_/Q (sky130_fd_sc_hd__dfxtp_4)
                                                         counter_val_o[4] (net)
                      0.135598    0.000776    1.246599 v _35_/A1 (sky130_fd_sc_hd__o21a_1)
     1    0.001873    0.049123    0.349107    1.595706 v _35_/X (sky130_fd_sc_hd__o21a_1)
                                                         _06_ (net)
                      0.049123    0.000054    1.595760 v _44_/D (sky130_fd_sc_hd__dfxtp_4)
                                              1.595760   data arrival time

                                  0.000000    0.000000   clock clk_i (rise edge)
                                  0.000000    0.000000   clock source latency
     1    0.012926    0.101215    0.067129    0.067129 ^ clk_i (in)
                                                         clk_i (net)
                      0.101220    0.000000    0.067129 ^ clkbuf_0_clk_i/A (sky130_fd_sc_hd__clkbuf_16)
     2    0.019305    0.066564    0.234756    0.301885 ^ clkbuf_0_clk_i/X (sky130_fd_sc_hd__clkbuf_16)
                                                         clknet_0_clk_i (net)
                      0.066564    0.000611    0.302496 ^ clkbuf_1_1__f_clk_i/A (sky130_fd_sc_hd__clkbuf_16)
     4    0.012486    0.058069    0.209293    0.511789 ^ clkbuf_1_1__f_clk_i/X (sky130_fd_sc_hd__clkbuf_16)
                                                         clknet_1_1__leaf_clk_i (net)
                      0.058069    0.000460    0.512249 ^ _44_/CLK (sky130_fd_sc_hd__dfxtp_4)
                                  0.100000    0.612249   clock uncertainty
                                  0.000000    0.612249   clock reconvergence pessimism
                                 -0.085436    0.526814   library hold time
                                              0.526814   data required time
---------------------------------------------------------------------------------------------
                                              0.526814   data required time
                                             -1.595760   data arrival time
---------------------------------------------------------------------------------------------
                                              1.068946   slack (MET)


Startpoint: _38_ (rising edge-triggered flip-flop clocked by clk_i)
Endpoint: _38_ (rising edge-triggered flip-flop clocked by clk_i)
Path Group: clk_i
Path Type: min

Fanout         Cap        Slew       Delay        Time   Description
---------------------------------------------------------------------------------------------
                                  0.000000    0.000000   clock clk_i (rise edge)
                                  0.000000    0.000000   clock source latency
     1    0.012926    0.101215    0.067129    0.067129 ^ clk_i (in)
                                                         clk_i (net)
                      0.101220    0.000000    0.067129 ^ clkbuf_0_clk_i/A (sky130_fd_sc_hd__clkbuf_16)
     2    0.019305    0.066564    0.234756    0.301885 ^ clkbuf_0_clk_i/X (sky130_fd_sc_hd__clkbuf_16)
                                                         clknet_0_clk_i (net)
                      0.066564    0.000611    0.302496 ^ clkbuf_1_1__f_clk_i/A (sky130_fd_sc_hd__clkbuf_16)
     4    0.012486    0.058069    0.209293    0.511789 ^ clkbuf_1_1__f_clk_i/X (sky130_fd_sc_hd__clkbuf_16)
                                                         clknet_1_1__leaf_clk_i (net)
                      0.058070    0.000516    0.512305 ^ _38_/CLK (sky130_fd_sc_hd__dfxtp_4)
     5    0.045732    0.135521    0.733250    1.245556 v _38_/Q (sky130_fd_sc_hd__dfxtp_4)
                                                         counter_val_o[6] (net)
                      0.135542    0.001738    1.247294 v _23_/A1 (sky130_fd_sc_hd__o21a_1)
     1    0.002551    0.055085    0.356932    1.604226 v _23_/X (sky130_fd_sc_hd__o21a_1)
                                                         _00_ (net)
                      0.055085    0.000078    1.604303 v _38_/D (sky130_fd_sc_hd__dfxtp_4)
                                              1.604303   data arrival time

                                  0.000000    0.000000   clock clk_i (rise edge)
                                  0.000000    0.000000   clock source latency
     1    0.012926    0.101215    0.067129    0.067129 ^ clk_i (in)
                                                         clk_i (net)
                      0.101220    0.000000    0.067129 ^ clkbuf_0_clk_i/A (sky130_fd_sc_hd__clkbuf_16)
     2    0.019305    0.066564    0.234756    0.301885 ^ clkbuf_0_clk_i/X (sky130_fd_sc_hd__clkbuf_16)
                                                         clknet_0_clk_i (net)
                      0.066564    0.000611    0.302496 ^ clkbuf_1_1__f_clk_i/A (sky130_fd_sc_hd__clkbuf_16)
     4    0.012486    0.058069    0.209293    0.511789 ^ clkbuf_1_1__f_clk_i/X (sky130_fd_sc_hd__clkbuf_16)
                                                         clknet_1_1__leaf_clk_i (net)
                      0.058070    0.000516    0.512305 ^ _38_/CLK (sky130_fd_sc_hd__dfxtp_4)
                                  0.100000    0.612305   clock uncertainty
                                  0.000000    0.612305   clock reconvergence pessimism
                                 -0.087593    0.524712   library hold time
                                              0.524712   data required time
---------------------------------------------------------------------------------------------
                                              0.524712   data required time
                                             -1.604303   data arrival time
---------------------------------------------------------------------------------------------
                                              1.079591   slack (MET)


Startpoint: _45_ (rising edge-triggered flip-flop clocked by clk_i)
Endpoint: _45_ (rising edge-triggered flip-flop clocked by clk_i)
Path Group: clk_i
Path Type: min

Fanout         Cap        Slew       Delay        Time   Description
---------------------------------------------------------------------------------------------
                                  0.000000    0.000000   clock clk_i (rise edge)
                                  0.000000    0.000000   clock source latency
     1    0.012926    0.101215    0.067129    0.067129 ^ clk_i (in)
                                                         clk_i (net)
                      0.101220    0.000000    0.067129 ^ clkbuf_0_clk_i/A (sky130_fd_sc_hd__clkbuf_16)
     2    0.019305    0.066564    0.234756    0.301885 ^ clkbuf_0_clk_i/X (sky130_fd_sc_hd__clkbuf_16)
                                                         clknet_0_clk_i (net)
                      0.066564    0.000611    0.302496 ^ clkbuf_1_1__f_clk_i/A (sky130_fd_sc_hd__clkbuf_16)
     4    0.012486    0.058069    0.209293    0.511789 ^ clkbuf_1_1__f_clk_i/X (sky130_fd_sc_hd__clkbuf_16)
                                                         clknet_1_1__leaf_clk_i (net)
                      0.058069    0.000445    0.512234 ^ _45_/CLK (sky130_fd_sc_hd__dfxtp_2)
     3    0.038467    0.178547    0.720066    1.232300 v _45_/Q (sky130_fd_sc_hd__dfxtp_2)
                                                         counter_val_o[5] (net)
                      0.178547    0.000651    1.232952 v _36_/B1 (sky130_fd_sc_hd__a21oi_1)
     1    0.004133    0.184667    0.257516    1.490467 ^ _36_/Y (sky130_fd_sc_hd__a21oi_1)
                                                         _18_ (net)
                      0.184667    0.000139    1.490606 ^ _37_/C (sky130_fd_sc_hd__nor3_1)
     1    0.002639    0.060937    0.120553    1.611159 v _37_/Y (sky130_fd_sc_hd__nor3_1)
                                                         _07_ (net)
                      0.060937    0.000081    1.611240 v _45_/D (sky130_fd_sc_hd__dfxtp_2)
                                              1.611240   data arrival time

                                  0.000000    0.000000   clock clk_i (rise edge)
                                  0.000000    0.000000   clock source latency
     1    0.012926    0.101215    0.067129    0.067129 ^ clk_i (in)
                                                         clk_i (net)
                      0.101220    0.000000    0.067129 ^ clkbuf_0_clk_i/A (sky130_fd_sc_hd__clkbuf_16)
     2    0.019305    0.066564    0.234756    0.301885 ^ clkbuf_0_clk_i/X (sky130_fd_sc_hd__clkbuf_16)
                                                         clknet_0_clk_i (net)
                      0.066564    0.000611    0.302496 ^ clkbuf_1_1__f_clk_i/A (sky130_fd_sc_hd__clkbuf_16)
     4    0.012486    0.058069    0.209293    0.511789 ^ clkbuf_1_1__f_clk_i/X (sky130_fd_sc_hd__clkbuf_16)
                                                         clknet_1_1__leaf_clk_i (net)
                      0.058069    0.000445    0.512234 ^ _45_/CLK (sky130_fd_sc_hd__dfxtp_2)
                                  0.100000    0.612234   clock uncertainty
                                  0.000000    0.612234   clock reconvergence pessimism
                                 -0.089660    0.522574   library hold time
                                              0.522574   data required time
---------------------------------------------------------------------------------------------
                                              0.522574   data required time
                                             -1.611240   data arrival time
---------------------------------------------------------------------------------------------
                                              1.088666   slack (MET)


Startpoint: _43_ (rising edge-triggered flip-flop clocked by clk_i)
Endpoint: _43_ (rising edge-triggered flip-flop clocked by clk_i)
Path Group: clk_i
Path Type: min

Fanout         Cap        Slew       Delay        Time   Description
---------------------------------------------------------------------------------------------
                                  0.000000    0.000000   clock clk_i (rise edge)
                                  0.000000    0.000000   clock source latency
     1    0.012926    0.101215    0.067129    0.067129 ^ clk_i (in)
                                                         clk_i (net)
                      0.101220    0.000000    0.067129 ^ clkbuf_0_clk_i/A (sky130_fd_sc_hd__clkbuf_16)
     2    0.019305    0.066564    0.234756    0.301885 ^ clkbuf_0_clk_i/X (sky130_fd_sc_hd__clkbuf_16)
                                                         clknet_0_clk_i (net)
                      0.066564    0.000583    0.302468 ^ clkbuf_1_0__f_clk_i/A (sky130_fd_sc_hd__clkbuf_16)
     5    0.015121    0.061364    0.213013    0.515480 ^ clkbuf_1_0__f_clk_i/X (sky130_fd_sc_hd__clkbuf_16)
                                                         clknet_1_0__leaf_clk_i (net)
                      0.061364    0.000620    0.516100 ^ _43_/CLK (sky130_fd_sc_hd__dfxtp_2)
     3    0.038896    0.180251    0.722881    1.238981 v _43_/Q (sky130_fd_sc_hd__dfxtp_2)
                                                         counter_val_o[3] (net)
                      0.180252    0.000724    1.239705 v _33_/A1 (sky130_fd_sc_hd__o21a_1)
     1    0.002937    0.058711    0.379191    1.618896 v _33_/X (sky130_fd_sc_hd__o21a_1)
                                                         _05_ (net)
                      0.058711    0.000095    1.618990 v _43_/D (sky130_fd_sc_hd__dfxtp_2)
                                              1.618990   data arrival time

                                  0.000000    0.000000   clock clk_i (rise edge)
                                  0.000000    0.000000   clock source latency
     1    0.012926    0.101215    0.067129    0.067129 ^ clk_i (in)
                                                         clk_i (net)
                      0.101220    0.000000    0.067129 ^ clkbuf_0_clk_i/A (sky130_fd_sc_hd__clkbuf_16)
     2    0.019305    0.066564    0.234756    0.301885 ^ clkbuf_0_clk_i/X (sky130_fd_sc_hd__clkbuf_16)
                                                         clknet_0_clk_i (net)
                      0.066564    0.000583    0.302468 ^ clkbuf_1_0__f_clk_i/A (sky130_fd_sc_hd__clkbuf_16)
     5    0.015121    0.061364    0.213013    0.515480 ^ clkbuf_1_0__f_clk_i/X (sky130_fd_sc_hd__clkbuf_16)
                                                         clknet_1_0__leaf_clk_i (net)
                      0.061364    0.000620    0.516100 ^ _43_/CLK (sky130_fd_sc_hd__dfxtp_2)
                                  0.100000    0.616100   clock uncertainty
                                  0.000000    0.616100   clock reconvergence pessimism
                                 -0.088059    0.528041   library hold time
                                              0.528041   data required time
---------------------------------------------------------------------------------------------
                                              0.528041   data required time
                                             -1.618990   data arrival time
---------------------------------------------------------------------------------------------
                                              1.090950   slack (MET)


Startpoint: _40_ (rising edge-triggered flip-flop clocked by clk_i)
Endpoint: _40_ (rising edge-triggered flip-flop clocked by clk_i)
Path Group: clk_i
Path Type: min

Fanout         Cap        Slew       Delay        Time   Description
---------------------------------------------------------------------------------------------
                                  0.000000    0.000000   clock clk_i (rise edge)
                                  0.000000    0.000000   clock source latency
     1    0.012926    0.101215    0.067129    0.067129 ^ clk_i (in)
                                                         clk_i (net)
                      0.101220    0.000000    0.067129 ^ clkbuf_0_clk_i/A (sky130_fd_sc_hd__clkbuf_16)
     2    0.019305    0.066564    0.234756    0.301885 ^ clkbuf_0_clk_i/X (sky130_fd_sc_hd__clkbuf_16)
                                                         clknet_0_clk_i (net)
                      0.066564    0.000583    0.302468 ^ clkbuf_1_0__f_clk_i/A (sky130_fd_sc_hd__clkbuf_16)
     5    0.015121    0.061364    0.213013    0.515480 ^ clkbuf_1_0__f_clk_i/X (sky130_fd_sc_hd__clkbuf_16)
                                                         clknet_1_0__leaf_clk_i (net)
                      0.061364    0.000624    0.516104 ^ _40_/CLK (sky130_fd_sc_hd__dfxtp_4)
     7    0.050707    0.245112    0.835878    1.351982 ^ _40_/Q (sky130_fd_sc_hd__dfxtp_4)
                                                         counter_val_o[0] (net)
                      0.245112    0.000737    1.352718 ^ hold1/A (sky130_fd_sc_hd__dlygate4sd3_1)
     1    0.002846    0.092228    1.109374    2.462092 ^ hold1/X (sky130_fd_sc_hd__dlygate4sd3_1)
                                                         net2 (net)
                      0.092228    0.000058    2.462150 ^ _27_/A (sky130_fd_sc_hd__nor2_1)
     1    0.001918    0.040217    0.081801    2.543950 v _27_/Y (sky130_fd_sc_hd__nor2_1)
                                                         _02_ (net)
                      0.040217    0.000054    2.544004 v _40_/D (sky130_fd_sc_hd__dfxtp_4)
                                              2.544004   data arrival time

                                  0.000000    0.000000   clock clk_i (rise edge)
                                  0.000000    0.000000   clock source latency
     1    0.012926    0.101215    0.067129    0.067129 ^ clk_i (in)
                                                         clk_i (net)
                      0.101220    0.000000    0.067129 ^ clkbuf_0_clk_i/A (sky130_fd_sc_hd__clkbuf_16)
     2    0.019305    0.066564    0.234756    0.301885 ^ clkbuf_0_clk_i/X (sky130_fd_sc_hd__clkbuf_16)
                                                         clknet_0_clk_i (net)
                      0.066564    0.000583    0.302468 ^ clkbuf_1_0__f_clk_i/A (sky130_fd_sc_hd__clkbuf_16)
     5    0.015121    0.061364    0.213013    0.515480 ^ clkbuf_1_0__f_clk_i/X (sky130_fd_sc_hd__clkbuf_16)
                                                         clknet_1_0__leaf_clk_i (net)
                      0.061364    0.000624    0.516104 ^ _40_/CLK (sky130_fd_sc_hd__dfxtp_4)
                                  0.100000    0.616104   clock uncertainty
                                  0.000000    0.616104   clock reconvergence pessimism
                                 -0.081463    0.534641   library hold time
                                              0.534641   data required time
---------------------------------------------------------------------------------------------
                                              0.534641   data required time
                                             -2.544004   data arrival time
---------------------------------------------------------------------------------------------
                                              2.009363   slack (MET)


Startpoint: _45_ (rising edge-triggered flip-flop clocked by clk_i)
Endpoint: counter_val_o[5] (output port clocked by clk_i)
Path Group: clk_i
Path Type: min

Fanout         Cap        Slew       Delay        Time   Description
---------------------------------------------------------------------------------------------
                                  0.000000    0.000000   clock clk_i (rise edge)
                                  0.000000    0.000000   clock source latency
     1    0.012926    0.101215    0.067129    0.067129 ^ clk_i (in)
                                                         clk_i (net)
                      0.101220    0.000000    0.067129 ^ clkbuf_0_clk_i/A (sky130_fd_sc_hd__clkbuf_16)
     2    0.019305    0.066564    0.234756    0.301885 ^ clkbuf_0_clk_i/X (sky130_fd_sc_hd__clkbuf_16)
                                                         clknet_0_clk_i (net)
                      0.066564    0.000611    0.302496 ^ clkbuf_1_1__f_clk_i/A (sky130_fd_sc_hd__clkbuf_16)
     4    0.012486    0.058069    0.209293    0.511789 ^ clkbuf_1_1__f_clk_i/X (sky130_fd_sc_hd__clkbuf_16)
                                                         clknet_1_1__leaf_clk_i (net)
                      0.058069    0.000445    0.512234 ^ _45_/CLK (sky130_fd_sc_hd__dfxtp_2)
     3    0.038467    0.178547    0.720066    1.232300 v _45_/Q (sky130_fd_sc_hd__dfxtp_2)
                                                         counter_val_o[5] (net)
                      0.178548    0.000738    1.233038 v counter_val_o[5] (out)
                                              1.233038   data arrival time

                                  0.000000    0.000000   clock clk_i (rise edge)
                                  0.000000    0.000000   clock network delay (propagated)
                                  0.100000    0.100000   clock uncertainty
                                  0.000000    0.100000   clock reconvergence pessimism
                                 -4.000000   -3.900000   output external delay
                                             -3.900000   data required time
---------------------------------------------------------------------------------------------
                                             -3.900000   data required time
                                             -1.233038   data arrival time
---------------------------------------------------------------------------------------------
                                              5.133038   slack (MET)


Startpoint: _39_ (rising edge-triggered flip-flop clocked by clk_i)
Endpoint: counter_val_o[7] (output port clocked by clk_i)
Path Group: clk_i
Path Type: min

Fanout         Cap        Slew       Delay        Time   Description
---------------------------------------------------------------------------------------------
                                  0.000000    0.000000   clock clk_i (rise edge)
                                  0.000000    0.000000   clock source latency
     1    0.012926    0.101215    0.067129    0.067129 ^ clk_i (in)
                                                         clk_i (net)
                      0.101220    0.000000    0.067129 ^ clkbuf_0_clk_i/A (sky130_fd_sc_hd__clkbuf_16)
     2    0.019305    0.066564    0.234756    0.301885 ^ clkbuf_0_clk_i/X (sky130_fd_sc_hd__clkbuf_16)
                                                         clknet_0_clk_i (net)
                      0.066564    0.000611    0.302496 ^ clkbuf_1_1__f_clk_i/A (sky130_fd_sc_hd__clkbuf_16)
     4    0.012486    0.058069    0.209293    0.511789 ^ clkbuf_1_1__f_clk_i/X (sky130_fd_sc_hd__clkbuf_16)
                                                         clknet_1_1__leaf_clk_i (net)
                      0.058070    0.000540    0.512329 ^ _39_/CLK (sky130_fd_sc_hd__dfxtp_2)
     3    0.039571    0.182942    0.723547    1.235876 v _39_/Q (sky130_fd_sc_hd__dfxtp_2)
                                                         counter_val_o[7] (net)
                      0.182943    0.000785    1.236661 v counter_val_o[7] (out)
                                              1.236661   data arrival time

                                  0.000000    0.000000   clock clk_i (rise edge)
                                  0.000000    0.000000   clock network delay (propagated)
                                  0.100000    0.100000   clock uncertainty
                                  0.000000    0.100000   clock reconvergence pessimism
                                 -4.000000   -3.900000   output external delay
                                             -3.900000   data required time
---------------------------------------------------------------------------------------------
                                             -3.900000   data required time
                                             -1.236661   data arrival time
---------------------------------------------------------------------------------------------
                                              5.136661   slack (MET)


Startpoint: _43_ (rising edge-triggered flip-flop clocked by clk_i)
Endpoint: counter_val_o[3] (output port clocked by clk_i)
Path Group: clk_i
Path Type: min

Fanout         Cap        Slew       Delay        Time   Description
---------------------------------------------------------------------------------------------
                                  0.000000    0.000000   clock clk_i (rise edge)
                                  0.000000    0.000000   clock source latency
     1    0.012926    0.101215    0.067129    0.067129 ^ clk_i (in)
                                                         clk_i (net)
                      0.101220    0.000000    0.067129 ^ clkbuf_0_clk_i/A (sky130_fd_sc_hd__clkbuf_16)
     2    0.019305    0.066564    0.234756    0.301885 ^ clkbuf_0_clk_i/X (sky130_fd_sc_hd__clkbuf_16)
                                                         clknet_0_clk_i (net)
                      0.066564    0.000583    0.302468 ^ clkbuf_1_0__f_clk_i/A (sky130_fd_sc_hd__clkbuf_16)
     5    0.015121    0.061364    0.213013    0.515480 ^ clkbuf_1_0__f_clk_i/X (sky130_fd_sc_hd__clkbuf_16)
                                                         clknet_1_0__leaf_clk_i (net)
                      0.061364    0.000620    0.516100 ^ _43_/CLK (sky130_fd_sc_hd__dfxtp_2)
     3    0.038896    0.180251    0.722881    1.238981 v _43_/Q (sky130_fd_sc_hd__dfxtp_2)
                                                         counter_val_o[3] (net)
                      0.180253    0.000792    1.239774 v counter_val_o[3] (out)
                                              1.239774   data arrival time

                                  0.000000    0.000000   clock clk_i (rise edge)
                                  0.000000    0.000000   clock network delay (propagated)
                                  0.100000    0.100000   clock uncertainty
                                  0.000000    0.100000   clock reconvergence pessimism
                                 -4.000000   -3.900000   output external delay
                                             -3.900000   data required time
---------------------------------------------------------------------------------------------
                                             -3.900000   data required time
                                             -1.239774   data arrival time
---------------------------------------------------------------------------------------------
                                              5.139774   slack (MET)


Startpoint: _42_ (rising edge-triggered flip-flop clocked by clk_i)
Endpoint: counter_val_o[2] (output port clocked by clk_i)
Path Group: clk_i
Path Type: min

Fanout         Cap        Slew       Delay        Time   Description
---------------------------------------------------------------------------------------------
                                  0.000000    0.000000   clock clk_i (rise edge)
                                  0.000000    0.000000   clock source latency
     1    0.012926    0.101215    0.067129    0.067129 ^ clk_i (in)
                                                         clk_i (net)
                      0.101220    0.000000    0.067129 ^ clkbuf_0_clk_i/A (sky130_fd_sc_hd__clkbuf_16)
     2    0.019305    0.066564    0.234756    0.301885 ^ clkbuf_0_clk_i/X (sky130_fd_sc_hd__clkbuf_16)
                                                         clknet_0_clk_i (net)
                      0.066564    0.000583    0.302468 ^ clkbuf_1_0__f_clk_i/A (sky130_fd_sc_hd__clkbuf_16)
     5    0.015121    0.061364    0.213013    0.515480 ^ clkbuf_1_0__f_clk_i/X (sky130_fd_sc_hd__clkbuf_16)
                                                         clknet_1_0__leaf_clk_i (net)
                      0.061364    0.000651    0.516131 ^ _42_/CLK (sky130_fd_sc_hd__dfxtp_4)
     4    0.041584    0.127263    0.727543    1.243674 v _42_/Q (sky130_fd_sc_hd__dfxtp_4)
                                                         counter_val_o[2] (net)
                      0.127403    0.001270    1.244944 v counter_val_o[2] (out)
                                              1.244944   data arrival time

                                  0.000000    0.000000   clock clk_i (rise edge)
                                  0.000000    0.000000   clock network delay (propagated)
                                  0.100000    0.100000   clock uncertainty
                                  0.000000    0.100000   clock reconvergence pessimism
                                 -4.000000   -3.900000   output external delay
                                             -3.900000   data required time
---------------------------------------------------------------------------------------------
                                             -3.900000   data required time
                                             -1.244944   data arrival time
---------------------------------------------------------------------------------------------
                                              5.144944   slack (MET)


Startpoint: _44_ (rising edge-triggered flip-flop clocked by clk_i)
Endpoint: counter_val_o[4] (output port clocked by clk_i)
Path Group: clk_i
Path Type: min

Fanout         Cap        Slew       Delay        Time   Description
---------------------------------------------------------------------------------------------
                                  0.000000    0.000000   clock clk_i (rise edge)
                                  0.000000    0.000000   clock source latency
     1    0.012926    0.101215    0.067129    0.067129 ^ clk_i (in)
                                                         clk_i (net)
                      0.101220    0.000000    0.067129 ^ clkbuf_0_clk_i/A (sky130_fd_sc_hd__clkbuf_16)
     2    0.019305    0.066564    0.234756    0.301885 ^ clkbuf_0_clk_i/X (sky130_fd_sc_hd__clkbuf_16)
                                                         clknet_0_clk_i (net)
                      0.066564    0.000611    0.302496 ^ clkbuf_1_1__f_clk_i/A (sky130_fd_sc_hd__clkbuf_16)
     4    0.012486    0.058069    0.209293    0.511789 ^ clkbuf_1_1__f_clk_i/X (sky130_fd_sc_hd__clkbuf_16)
                                                         clknet_1_1__leaf_clk_i (net)
                      0.058069    0.000460    0.512249 ^ _44_/CLK (sky130_fd_sc_hd__dfxtp_4)
     5    0.045701    0.135596    0.733574    1.245823 v _44_/Q (sky130_fd_sc_hd__dfxtp_4)
                                                         counter_val_o[4] (net)
                      0.135608    0.001389    1.247212 v counter_val_o[4] (out)
                                              1.247212   data arrival time

                                  0.000000    0.000000   clock clk_i (rise edge)
                                  0.000000    0.000000   clock network delay (propagated)
                                  0.100000    0.100000   clock uncertainty
                                  0.000000    0.100000   clock reconvergence pessimism
                                 -4.000000   -3.900000   output external delay
                                             -3.900000   data required time
---------------------------------------------------------------------------------------------
                                             -3.900000   data required time
                                             -1.247212   data arrival time
---------------------------------------------------------------------------------------------
                                              5.147212   slack (MET)


Startpoint: _38_ (rising edge-triggered flip-flop clocked by clk_i)
Endpoint: counter_val_o[6] (output port clocked by clk_i)
Path Group: clk_i
Path Type: min

Fanout         Cap        Slew       Delay        Time   Description
---------------------------------------------------------------------------------------------
                                  0.000000    0.000000   clock clk_i (rise edge)
                                  0.000000    0.000000   clock source latency
     1    0.012926    0.101215    0.067129    0.067129 ^ clk_i (in)
                                                         clk_i (net)
                      0.101220    0.000000    0.067129 ^ clkbuf_0_clk_i/A (sky130_fd_sc_hd__clkbuf_16)
     2    0.019305    0.066564    0.234756    0.301885 ^ clkbuf_0_clk_i/X (sky130_fd_sc_hd__clkbuf_16)
                                                         clknet_0_clk_i (net)
                      0.066564    0.000611    0.302496 ^ clkbuf_1_1__f_clk_i/A (sky130_fd_sc_hd__clkbuf_16)
     4    0.012486    0.058069    0.209293    0.511789 ^ clkbuf_1_1__f_clk_i/X (sky130_fd_sc_hd__clkbuf_16)
                                                         clknet_1_1__leaf_clk_i (net)
                      0.058070    0.000516    0.512305 ^ _38_/CLK (sky130_fd_sc_hd__dfxtp_4)
     5    0.045732    0.135521    0.733250    1.245556 v _38_/Q (sky130_fd_sc_hd__dfxtp_4)
                                                         counter_val_o[6] (net)
                      0.135557    0.002132    1.247688 v counter_val_o[6] (out)
                                              1.247688   data arrival time

                                  0.000000    0.000000   clock clk_i (rise edge)
                                  0.000000    0.000000   clock network delay (propagated)
                                  0.100000    0.100000   clock uncertainty
                                  0.000000    0.100000   clock reconvergence pessimism
                                 -4.000000   -3.900000   output external delay
                                             -3.900000   data required time
---------------------------------------------------------------------------------------------
                                             -3.900000   data required time
                                             -1.247688   data arrival time
---------------------------------------------------------------------------------------------
                                              5.147688   slack (MET)


Startpoint: _41_ (rising edge-triggered flip-flop clocked by clk_i)
Endpoint: counter_val_o[1] (output port clocked by clk_i)
Path Group: clk_i
Path Type: min

Fanout         Cap        Slew       Delay        Time   Description
---------------------------------------------------------------------------------------------
                                  0.000000    0.000000   clock clk_i (rise edge)
                                  0.000000    0.000000   clock source latency
     1    0.012926    0.101215    0.067129    0.067129 ^ clk_i (in)
                                                         clk_i (net)
                      0.101220    0.000000    0.067129 ^ clkbuf_0_clk_i/A (sky130_fd_sc_hd__clkbuf_16)
     2    0.019305    0.066564    0.234756    0.301885 ^ clkbuf_0_clk_i/X (sky130_fd_sc_hd__clkbuf_16)
                                                         clknet_0_clk_i (net)
                      0.066564    0.000583    0.302468 ^ clkbuf_1_0__f_clk_i/A (sky130_fd_sc_hd__clkbuf_16)
     5    0.015121    0.061364    0.213013    0.515480 ^ clkbuf_1_0__f_clk_i/X (sky130_fd_sc_hd__clkbuf_16)
                                                         clknet_1_0__leaf_clk_i (net)
                      0.061364    0.000654    0.516134 ^ _41_/CLK (sky130_fd_sc_hd__dfxtp_4)
     6    0.047571    0.139256    0.738825    1.254959 v _41_/Q (sky130_fd_sc_hd__dfxtp_4)
                                                         counter_val_o[1] (net)
                      0.139259    0.000874    1.255834 v counter_val_o[1] (out)
                                              1.255834   data arrival time

                                  0.000000    0.000000   clock clk_i (rise edge)
                                  0.000000    0.000000   clock network delay (propagated)
                                  0.100000    0.100000   clock uncertainty
                                  0.000000    0.100000   clock reconvergence pessimism
                                 -4.000000   -3.900000   output external delay
                                             -3.900000   data required time
---------------------------------------------------------------------------------------------
                                             -3.900000   data required time
                                             -1.255834   data arrival time
---------------------------------------------------------------------------------------------
                                              5.155834   slack (MET)


Startpoint: _40_ (rising edge-triggered flip-flop clocked by clk_i)
Endpoint: counter_val_o[0] (output port clocked by clk_i)
Path Group: clk_i
Path Type: min

Fanout         Cap        Slew       Delay        Time   Description
---------------------------------------------------------------------------------------------
                                  0.000000    0.000000   clock clk_i (rise edge)
                                  0.000000    0.000000   clock source latency
     1    0.012926    0.101215    0.067129    0.067129 ^ clk_i (in)
                                                         clk_i (net)
                      0.101220    0.000000    0.067129 ^ clkbuf_0_clk_i/A (sky130_fd_sc_hd__clkbuf_16)
     2    0.019305    0.066564    0.234756    0.301885 ^ clkbuf_0_clk_i/X (sky130_fd_sc_hd__clkbuf_16)
                                                         clknet_0_clk_i (net)
                      0.066564    0.000583    0.302468 ^ clkbuf_1_0__f_clk_i/A (sky130_fd_sc_hd__clkbuf_16)
     5    0.015121    0.061364    0.213013    0.515480 ^ clkbuf_1_0__f_clk_i/X (sky130_fd_sc_hd__clkbuf_16)
                                                         clknet_1_0__leaf_clk_i (net)
                      0.061364    0.000624    0.516104 ^ _40_/CLK (sky130_fd_sc_hd__dfxtp_4)
     7    0.050127    0.144595    0.743195    1.259299 v _40_/Q (sky130_fd_sc_hd__dfxtp_4)
                                                         counter_val_o[0] (net)
                      0.144608    0.001481    1.260780 v counter_val_o[0] (out)
                                              1.260780   data arrival time

                                  0.000000    0.000000   clock clk_i (rise edge)
                                  0.000000    0.000000   clock network delay (propagated)
                                  0.100000    0.100000   clock uncertainty
                                  0.000000    0.100000   clock reconvergence pessimism
                                 -4.000000   -3.900000   output external delay
                                             -3.900000   data required time
---------------------------------------------------------------------------------------------
                                             -3.900000   data required time
                                             -1.260780   data arrival time
---------------------------------------------------------------------------------------------
                                              5.160780   slack (MET)



