
===========================================================================
report_checks -path_delay max (Setup)
============================================================================
======================= nom_ss_100C_1v60 Corner ===================================

Startpoint: _40_ (rising edge-triggered flip-flop clocked by clk_i)
Endpoint: counter_val_o[0] (output port clocked by clk_i)
Path Group: clk_i
Path Type: max

Fanout         Cap        Slew       Delay        Time   Description
---------------------------------------------------------------------------------------------
                      0.150000    0.000000    0.000000   clock clk_i (rise edge)
                                  0.000000    0.000000   clock network delay (ideal)
                      0.150000    0.000000    0.000000 ^ _40_/CLK (sky130_fd_sc_hd__dfxtp_2)
     7    0.052493    0.425220    0.957371    0.957371 ^ _40_/Q (sky130_fd_sc_hd__dfxtp_2)
                                                         counter_val_o[0] (net)
                      0.425220    0.000000    0.957371 ^ counter_val_o[0] (out)
                                              0.957371   data arrival time

                      0.150000   20.000000   20.000000   clock clk_i (rise edge)
                                  0.000000   20.000000   clock network delay (ideal)
                                 -0.250000   19.750002   clock uncertainty
                                  0.000000   19.750002   clock reconvergence pessimism
                                 -4.000000   15.750001   output external delay
                                             15.750001   data required time
---------------------------------------------------------------------------------------------
                                             15.750001   data required time
                                             -0.957371   data arrival time
---------------------------------------------------------------------------------------------
                                             14.792630   slack (MET)


Startpoint: _41_ (rising edge-triggered flip-flop clocked by clk_i)
Endpoint: counter_val_o[1] (output port clocked by clk_i)
Path Group: clk_i
Path Type: max

Fanout         Cap        Slew       Delay        Time   Description
---------------------------------------------------------------------------------------------
                      0.150000    0.000000    0.000000   clock clk_i (rise edge)
                                  0.000000    0.000000   clock network delay (ideal)
                      0.150000    0.000000    0.000000 ^ _41_/CLK (sky130_fd_sc_hd__dfxtp_2)
     6    0.049061    0.399117    0.938406    0.938406 ^ _41_/Q (sky130_fd_sc_hd__dfxtp_2)
                                                         counter_val_o[1] (net)
                      0.399117    0.000000    0.938406 ^ counter_val_o[1] (out)
                                              0.938406   data arrival time

                      0.150000   20.000000   20.000000   clock clk_i (rise edge)
                                  0.000000   20.000000   clock network delay (ideal)
                                 -0.250000   19.750002   clock uncertainty
                                  0.000000   19.750002   clock reconvergence pessimism
                                 -4.000000   15.750001   output external delay
                                             15.750001   data required time
---------------------------------------------------------------------------------------------
                                             15.750001   data required time
                                             -0.938406   data arrival time
---------------------------------------------------------------------------------------------
                                             14.811595   slack (MET)


Startpoint: _38_ (rising edge-triggered flip-flop clocked by clk_i)
Endpoint: counter_val_o[6] (output port clocked by clk_i)
Path Group: clk_i
Path Type: max

Fanout         Cap        Slew       Delay        Time   Description
---------------------------------------------------------------------------------------------
                      0.150000    0.000000    0.000000   clock clk_i (rise edge)
                                  0.000000    0.000000   clock network delay (ideal)
                      0.150000    0.000000    0.000000 ^ _38_/CLK (sky130_fd_sc_hd__dfxtp_2)
     5    0.047529    0.387465    0.929940    0.929940 ^ _38_/Q (sky130_fd_sc_hd__dfxtp_2)
                                                         counter_val_o[6] (net)
                      0.387465    0.000000    0.929940 ^ counter_val_o[6] (out)
                                              0.929940   data arrival time

                      0.150000   20.000000   20.000000   clock clk_i (rise edge)
                                  0.000000   20.000000   clock network delay (ideal)
                                 -0.250000   19.750002   clock uncertainty
                                  0.000000   19.750002   clock reconvergence pessimism
                                 -4.000000   15.750001   output external delay
                                             15.750001   data required time
---------------------------------------------------------------------------------------------
                                             15.750001   data required time
                                             -0.929940   data arrival time
---------------------------------------------------------------------------------------------
                                             14.820061   slack (MET)


Startpoint: _44_ (rising edge-triggered flip-flop clocked by clk_i)
Endpoint: counter_val_o[4] (output port clocked by clk_i)
Path Group: clk_i
Path Type: max

Fanout         Cap        Slew       Delay        Time   Description
---------------------------------------------------------------------------------------------
                      0.150000    0.000000    0.000000   clock clk_i (rise edge)
                                  0.000000    0.000000   clock network delay (ideal)
                      0.150000    0.000000    0.000000 ^ _44_/CLK (sky130_fd_sc_hd__dfxtp_2)
     5    0.046454    0.379289    0.924000    0.924000 ^ _44_/Q (sky130_fd_sc_hd__dfxtp_2)
                                                         counter_val_o[4] (net)
                      0.379289    0.000000    0.924000 ^ counter_val_o[4] (out)
                                              0.924000   data arrival time

                      0.150000   20.000000   20.000000   clock clk_i (rise edge)
                                  0.000000   20.000000   clock network delay (ideal)
                                 -0.250000   19.750002   clock uncertainty
                                  0.000000   19.750002   clock reconvergence pessimism
                                 -4.000000   15.750001   output external delay
                                             15.750001   data required time
---------------------------------------------------------------------------------------------
                                             15.750001   data required time
                                             -0.924000   data arrival time
---------------------------------------------------------------------------------------------
                                             14.826001   slack (MET)


Startpoint: _42_ (rising edge-triggered flip-flop clocked by clk_i)
Endpoint: counter_val_o[2] (output port clocked by clk_i)
Path Group: clk_i
Path Type: max

Fanout         Cap        Slew       Delay        Time   Description
---------------------------------------------------------------------------------------------
                      0.150000    0.000000    0.000000   clock clk_i (rise edge)
                                  0.000000    0.000000   clock network delay (ideal)
                      0.150000    0.000000    0.000000 ^ _42_/CLK (sky130_fd_sc_hd__dfxtp_2)
     4    0.041128    0.338780    0.894569    0.894569 ^ _42_/Q (sky130_fd_sc_hd__dfxtp_2)
                                                         counter_val_o[2] (net)
                      0.338780    0.000000    0.894569 ^ counter_val_o[2] (out)
                                              0.894569   data arrival time

                      0.150000   20.000000   20.000000   clock clk_i (rise edge)
                                  0.000000   20.000000   clock network delay (ideal)
                                 -0.250000   19.750002   clock uncertainty
                                  0.000000   19.750002   clock reconvergence pessimism
                                 -4.000000   15.750001   output external delay
                                             15.750001   data required time
---------------------------------------------------------------------------------------------
                                             15.750001   data required time
                                             -0.894569   data arrival time
---------------------------------------------------------------------------------------------
                                             14.855432   slack (MET)


Startpoint: _39_ (rising edge-triggered flip-flop clocked by clk_i)
Endpoint: counter_val_o[7] (output port clocked by clk_i)
Path Group: clk_i
Path Type: max

Fanout         Cap        Slew       Delay        Time   Description
---------------------------------------------------------------------------------------------
                      0.150000    0.000000    0.000000   clock clk_i (rise edge)
                                  0.000000    0.000000   clock network delay (ideal)
                      0.150000    0.000000    0.000000 ^ _39_/CLK (sky130_fd_sc_hd__dfxtp_2)
     3    0.040578    0.334597    0.891529    0.891529 ^ _39_/Q (sky130_fd_sc_hd__dfxtp_2)
                                                         counter_val_o[7] (net)
                      0.334597    0.000000    0.891529 ^ counter_val_o[7] (out)
                                              0.891529   data arrival time

                      0.150000   20.000000   20.000000   clock clk_i (rise edge)
                                  0.000000   20.000000   clock network delay (ideal)
                                 -0.250000   19.750002   clock uncertainty
                                  0.000000   19.750002   clock reconvergence pessimism
                                 -4.000000   15.750001   output external delay
                                             15.750001   data required time
---------------------------------------------------------------------------------------------
                                             15.750001   data required time
                                             -0.891529   data arrival time
---------------------------------------------------------------------------------------------
                                             14.858471   slack (MET)


Startpoint: _45_ (rising edge-triggered flip-flop clocked by clk_i)
Endpoint: counter_val_o[5] (output port clocked by clk_i)
Path Group: clk_i
Path Type: max

Fanout         Cap        Slew       Delay        Time   Description
---------------------------------------------------------------------------------------------
                      0.150000    0.000000    0.000000   clock clk_i (rise edge)
                                  0.000000    0.000000   clock network delay (ideal)
                      0.150000    0.000000    0.000000 ^ _45_/CLK (sky130_fd_sc_hd__dfxtp_2)
     3    0.039598    0.327143    0.886114    0.886114 ^ _45_/Q (sky130_fd_sc_hd__dfxtp_2)
                                                         counter_val_o[5] (net)
                      0.327143    0.000000    0.886114 ^ counter_val_o[5] (out)
                                              0.886114   data arrival time

                      0.150000   20.000000   20.000000   clock clk_i (rise edge)
                                  0.000000   20.000000   clock network delay (ideal)
                                 -0.250000   19.750002   clock uncertainty
                                  0.000000   19.750002   clock reconvergence pessimism
                                 -4.000000   15.750001   output external delay
                                             15.750001   data required time
---------------------------------------------------------------------------------------------
                                             15.750001   data required time
                                             -0.886114   data arrival time
---------------------------------------------------------------------------------------------
                                             14.863887   slack (MET)


Startpoint: _43_ (rising edge-triggered flip-flop clocked by clk_i)
Endpoint: counter_val_o[3] (output port clocked by clk_i)
Path Group: clk_i
Path Type: max

Fanout         Cap        Slew       Delay        Time   Description
---------------------------------------------------------------------------------------------
                      0.150000    0.000000    0.000000   clock clk_i (rise edge)
                                  0.000000    0.000000   clock network delay (ideal)
                      0.150000    0.000000    0.000000 ^ _43_/CLK (sky130_fd_sc_hd__dfxtp_2)
     3    0.037396    0.310395    0.873946    0.873946 ^ _43_/Q (sky130_fd_sc_hd__dfxtp_2)
                                                         counter_val_o[3] (net)
                      0.310395    0.000000    0.873946 ^ counter_val_o[3] (out)
                                              0.873946   data arrival time

                      0.150000   20.000000   20.000000   clock clk_i (rise edge)
                                  0.000000   20.000000   clock network delay (ideal)
                                 -0.250000   19.750002   clock uncertainty
                                  0.000000   19.750002   clock reconvergence pessimism
                                 -4.000000   15.750001   output external delay
                                             15.750001   data required time
---------------------------------------------------------------------------------------------
                                             15.750001   data required time
                                             -0.873946   data arrival time
---------------------------------------------------------------------------------------------
                                             14.876056   slack (MET)


Startpoint: rst_i (input port clocked by clk_i)
Endpoint: _39_ (rising edge-triggered flip-flop clocked by clk_i)
Path Group: clk_i
Path Type: max

Fanout         Cap        Slew       Delay        Time   Description
---------------------------------------------------------------------------------------------
                      0.150000    0.000000    0.000000   clock clk_i (rise edge)
                                  0.000000    0.000000   clock network delay (ideal)
                                  4.000000    4.000000 v input external delay
     8    0.031662    0.138756    0.097153    4.097153 v rst_i (in)
                                                         rst_i (net)
                      0.138756    0.000000    4.097153 v _25_/B1 (sky130_fd_sc_hd__a31o_2)
     1    0.004181    0.071448    0.423485    4.520638 v _25_/X (sky130_fd_sc_hd__a31o_2)
                                                         _13_ (net)
                      0.071448    0.000000    4.520638 v _26_/B (sky130_fd_sc_hd__nor2_2)
     1    0.001537    0.083004    0.102869    4.623506 ^ _26_/Y (sky130_fd_sc_hd__nor2_2)
                                                         _01_ (net)
                      0.083004    0.000000    4.623506 ^ _39_/D (sky130_fd_sc_hd__dfxtp_2)
                                              4.623506   data arrival time

                      0.150000   20.000000   20.000000   clock clk_i (rise edge)
                                  0.000000   20.000000   clock network delay (ideal)
                                 -0.250000   19.750002   clock uncertainty
                                  0.000000   19.750002   clock reconvergence pessimism
                                             19.750002 ^ _39_/CLK (sky130_fd_sc_hd__dfxtp_2)
                                 -0.130574   19.619427   library setup time
                                             19.619427   data required time
---------------------------------------------------------------------------------------------
                                             19.619427   data required time
                                             -4.623506   data arrival time
---------------------------------------------------------------------------------------------
                                             14.995919   slack (MET)


Startpoint: rst_i (input port clocked by clk_i)
Endpoint: _43_ (rising edge-triggered flip-flop clocked by clk_i)
Path Group: clk_i
Path Type: max

Fanout         Cap        Slew       Delay        Time   Description
---------------------------------------------------------------------------------------------
                      0.150000    0.000000    0.000000   clock clk_i (rise edge)
                                  0.000000    0.000000   clock network delay (ideal)
                                  4.000000    4.000000 ^ input external delay
     8    0.034970    0.257283    0.175860    4.175860 ^ rst_i (in)
                                                         rst_i (net)
                      0.257283    0.000000    4.175860 ^ _32_/A (sky130_fd_sc_hd__nor2_2)
     1    0.002359    0.060146    0.130698    4.306558 v _32_/Y (sky130_fd_sc_hd__nor2_2)
                                                         _16_ (net)
                      0.060146    0.000000    4.306558 v _33_/B1 (sky130_fd_sc_hd__o21a_2)
     1    0.001577    0.052918    0.191243    4.497801 v _33_/X (sky130_fd_sc_hd__o21a_2)
                                                         _05_ (net)
                      0.052918    0.000000    4.497801 v _43_/D (sky130_fd_sc_hd__dfxtp_2)
                                              4.497801   data arrival time

                      0.150000   20.000000   20.000000   clock clk_i (rise edge)
                                  0.000000   20.000000   clock network delay (ideal)
                                 -0.250000   19.750002   clock uncertainty
                                  0.000000   19.750002   clock reconvergence pessimism
                                             19.750002 ^ _43_/CLK (sky130_fd_sc_hd__dfxtp_2)
                                 -0.245628   19.504374   library setup time
                                             19.504374   data required time
---------------------------------------------------------------------------------------------
                                             19.504374   data required time
                                             -4.497801   data arrival time
---------------------------------------------------------------------------------------------
                                             15.006573   slack (MET)


Startpoint: rst_i (input port clocked by clk_i)
Endpoint: _41_ (rising edge-triggered flip-flop clocked by clk_i)
Path Group: clk_i
Path Type: max

Fanout         Cap        Slew       Delay        Time   Description
---------------------------------------------------------------------------------------------
                      0.150000    0.000000    0.000000   clock clk_i (rise edge)
                                  0.000000    0.000000   clock network delay (ideal)
                                  4.000000    4.000000 ^ input external delay
     8    0.034970    0.257283    0.175860    4.175860 ^ rst_i (in)
                                                         rst_i (net)
                      0.257283    0.000000    4.175860 ^ _28_/B1 (sky130_fd_sc_hd__a21oi_2)
     1    0.002359    0.102757    0.105415    4.281275 v _28_/Y (sky130_fd_sc_hd__a21oi_2)
                                                         _14_ (net)
                      0.102757    0.000000    4.281275 v _29_/B1 (sky130_fd_sc_hd__o21a_2)
     1    0.001577    0.053223    0.211653    4.492929 v _29_/X (sky130_fd_sc_hd__o21a_2)
                                                         _03_ (net)
                      0.053223    0.000000    4.492929 v _41_/D (sky130_fd_sc_hd__dfxtp_2)
                                              4.492929   data arrival time

                      0.150000   20.000000   20.000000   clock clk_i (rise edge)
                                  0.000000   20.000000   clock network delay (ideal)
                                 -0.250000   19.750002   clock uncertainty
                                  0.000000   19.750002   clock reconvergence pessimism
                                             19.750002 ^ _41_/CLK (sky130_fd_sc_hd__dfxtp_2)
                                 -0.245755   19.504246   library setup time
                                             19.504246   data required time
---------------------------------------------------------------------------------------------
                                             19.504246   data required time
                                             -4.492929   data arrival time
---------------------------------------------------------------------------------------------
                                             15.011317   slack (MET)


Startpoint: rst_i (input port clocked by clk_i)
Endpoint: _38_ (rising edge-triggered flip-flop clocked by clk_i)
Path Group: clk_i
Path Type: max

Fanout         Cap        Slew       Delay        Time   Description
---------------------------------------------------------------------------------------------
                      0.150000    0.000000    0.000000   clock clk_i (rise edge)
                                  0.000000    0.000000   clock network delay (ideal)
                                  4.000000    4.000000 ^ input external delay
     8    0.034970    0.257283    0.175860    4.175860 ^ rst_i (in)
                                                         rst_i (net)
                      0.257283    0.000000    4.175860 ^ _22_/B1 (sky130_fd_sc_hd__a21oi_2)
     1    0.002359    0.097432    0.105415    4.281275 v _22_/Y (sky130_fd_sc_hd__a21oi_2)
                                                         _11_ (net)
                      0.097432    0.000000    4.281275 v _23_/B1 (sky130_fd_sc_hd__o21a_2)
     1    0.001577    0.053147    0.209041    4.490316 v _23_/X (sky130_fd_sc_hd__o21a_2)
                                                         _00_ (net)
                      0.053147    0.000000    4.490316 v _38_/D (sky130_fd_sc_hd__dfxtp_2)
                                              4.490316   data arrival time

                      0.150000   20.000000   20.000000   clock clk_i (rise edge)
                                  0.000000   20.000000   clock network delay (ideal)
                                 -0.250000   19.750002   clock uncertainty
                                  0.000000   19.750002   clock reconvergence pessimism
                                             19.750002 ^ _38_/CLK (sky130_fd_sc_hd__dfxtp_2)
                                 -0.245723   19.504278   library setup time
                                             19.504278   data required time
---------------------------------------------------------------------------------------------
                                             19.504278   data required time
                                             -4.490316   data arrival time
---------------------------------------------------------------------------------------------
                                             15.013962   slack (MET)


Startpoint: rst_i (input port clocked by clk_i)
Endpoint: _44_ (rising edge-triggered flip-flop clocked by clk_i)
Path Group: clk_i
Path Type: max

Fanout         Cap        Slew       Delay        Time   Description
---------------------------------------------------------------------------------------------
                      0.150000    0.000000    0.000000   clock clk_i (rise edge)
                                  0.000000    0.000000   clock network delay (ideal)
                                  4.000000    4.000000 ^ input external delay
     8    0.034970    0.257283    0.175860    4.175860 ^ rst_i (in)
                                                         rst_i (net)
                      0.257283    0.000000    4.175860 ^ _34_/B1 (sky130_fd_sc_hd__a21oi_2)
     1    0.002359    0.096279    0.105415    4.281275 v _34_/Y (sky130_fd_sc_hd__a21oi_2)
                                                         _17_ (net)
                      0.096279    0.000000    4.281275 v _35_/B1 (sky130_fd_sc_hd__o21a_2)
     1    0.001577    0.053123    0.208475    4.489750 v _35_/X (sky130_fd_sc_hd__o21a_2)
                                                         _06_ (net)
                      0.053123    0.000000    4.489750 v _44_/D (sky130_fd_sc_hd__dfxtp_2)
                                              4.489750   data arrival time

                      0.150000   20.000000   20.000000   clock clk_i (rise edge)
                                  0.000000   20.000000   clock network delay (ideal)
                                 -0.250000   19.750002   clock uncertainty
                                  0.000000   19.750002   clock reconvergence pessimism
                                             19.750002 ^ _44_/CLK (sky130_fd_sc_hd__dfxtp_2)
                                 -0.245713   19.504288   library setup time
                                             19.504288   data required time
---------------------------------------------------------------------------------------------
                                             19.504288   data required time
                                             -4.489750   data arrival time
---------------------------------------------------------------------------------------------
                                             15.014540   slack (MET)


Startpoint: rst_i (input port clocked by clk_i)
Endpoint: _42_ (rising edge-triggered flip-flop clocked by clk_i)
Path Group: clk_i
Path Type: max

Fanout         Cap        Slew       Delay        Time   Description
---------------------------------------------------------------------------------------------
                      0.150000    0.000000    0.000000   clock clk_i (rise edge)
                                  0.000000    0.000000   clock network delay (ideal)
                                  4.000000    4.000000 ^ input external delay
     8    0.034970    0.257283    0.175860    4.175860 ^ rst_i (in)
                                                         rst_i (net)
                      0.257283    0.000000    4.175860 ^ _31_/A (sky130_fd_sc_hd__nor3_2)
     1    0.001577    0.067384    0.141299    4.317159 v _31_/Y (sky130_fd_sc_hd__nor3_2)
                                                         _04_ (net)
                      0.067384    0.000000    4.317159 v _42_/D (sky130_fd_sc_hd__dfxtp_2)
                                              4.317159   data arrival time

                      0.150000   20.000000   20.000000   clock clk_i (rise edge)
                                  0.000000   20.000000   clock network delay (ideal)
                                 -0.250000   19.750002   clock uncertainty
                                  0.000000   19.750002   clock reconvergence pessimism
                                             19.750002 ^ _42_/CLK (sky130_fd_sc_hd__dfxtp_2)
                                 -0.251634   19.498367   library setup time
                                             19.498367   data required time
---------------------------------------------------------------------------------------------
                                             19.498367   data required time
                                             -4.317159   data arrival time
---------------------------------------------------------------------------------------------
                                             15.181210   slack (MET)


Startpoint: rst_i (input port clocked by clk_i)
Endpoint: _45_ (rising edge-triggered flip-flop clocked by clk_i)
Path Group: clk_i
Path Type: max

Fanout         Cap        Slew       Delay        Time   Description
---------------------------------------------------------------------------------------------
                      0.150000    0.000000    0.000000   clock clk_i (rise edge)
                                  0.000000    0.000000   clock network delay (ideal)
                                  4.000000    4.000000 ^ input external delay
     8    0.034970    0.257283    0.175860    4.175860 ^ rst_i (in)
                                                         rst_i (net)
                      0.257283    0.000000    4.175860 ^ _37_/A (sky130_fd_sc_hd__nor3_2)
     1    0.001577    0.067384    0.141299    4.317159 v _37_/Y (sky130_fd_sc_hd__nor3_2)
                                                         _07_ (net)
                      0.067384    0.000000    4.317159 v _45_/D (sky130_fd_sc_hd__dfxtp_2)
                                              4.317159   data arrival time

                      0.150000   20.000000   20.000000   clock clk_i (rise edge)
                                  0.000000   20.000000   clock network delay (ideal)
                                 -0.250000   19.750002   clock uncertainty
                                  0.000000   19.750002   clock reconvergence pessimism
                                             19.750002 ^ _45_/CLK (sky130_fd_sc_hd__dfxtp_2)
                                 -0.251634   19.498367   library setup time
                                             19.498367   data required time
---------------------------------------------------------------------------------------------
                                             19.498367   data required time
                                             -4.317159   data arrival time
---------------------------------------------------------------------------------------------
                                             15.181210   slack (MET)


Startpoint: rst_i (input port clocked by clk_i)
Endpoint: _40_ (rising edge-triggered flip-flop clocked by clk_i)
Path Group: clk_i
Path Type: max

Fanout         Cap        Slew       Delay        Time   Description
---------------------------------------------------------------------------------------------
                      0.150000    0.000000    0.000000   clock clk_i (rise edge)
                                  0.000000    0.000000   clock network delay (ideal)
                                  4.000000    4.000000 ^ input external delay
     8    0.034970    0.257283    0.175860    4.175860 ^ rst_i (in)
                                                         rst_i (net)
                      0.257283    0.000000    4.175860 ^ _27_/B (sky130_fd_sc_hd__nor2_2)
     1    0.001577    0.077726    0.102053    4.277913 v _27_/Y (sky130_fd_sc_hd__nor2_2)
                                                         _02_ (net)
                      0.077726    0.000000    4.277913 v _40_/D (sky130_fd_sc_hd__dfxtp_2)
                                              4.277913   data arrival time

                      0.150000   20.000000   20.000000   clock clk_i (rise edge)
                                  0.000000   20.000000   clock network delay (ideal)
                                 -0.250000   19.750002   clock uncertainty
                                  0.000000   19.750002   clock reconvergence pessimism
                                             19.750002 ^ _40_/CLK (sky130_fd_sc_hd__dfxtp_2)
                                 -0.255928   19.494074   library setup time
                                             19.494074   data required time
---------------------------------------------------------------------------------------------
                                             19.494074   data required time
                                             -4.277913   data arrival time
---------------------------------------------------------------------------------------------
                                             15.216161   slack (MET)



