Clock: clk_i
Sources: clk_i 
Generated: no
Virtual: yes
Propagated: no
Period: 20.000000

===========================================================================
report_clock_properties
============================================================================
Clock                   Period          Waveform
----------------------------------------------------
clk_i                20.000000    0.000000 10.000000

===========================================================================
report_clock_latency
============================================================================
Clock clk_i
rise -> rise
    min     max
0.000000 0.000000 source latency
0.293750         network latency _45_/CLK
        0.296396 network latency _41_/CLK
---------------
0.293750 0.296396 latency
        0.002646 skew

fall -> fall
    min     max
0.000000 0.000000 source latency
0.293626         network latency _45_/CLK
        0.295700 network latency _41_/CLK
---------------
0.293626 0.295700 latency
        0.002074 skew



===========================================================================
report_clock_min_period
============================================================================
clk_i period_min = 1.47 fmax = 681.99
