
===========================================================================
report_checks -path_delay min (Hold)
============================================================================
======================= nom_tt_025C_1v80 Corner ===================================

Startpoint: _41_ (rising edge-triggered flip-flop clocked by clk_i)
Endpoint: _41_ (rising edge-triggered flip-flop clocked by clk_i)
Path Group: clk_i
Path Type: min

Fanout         Cap        Slew       Delay        Time   Description
---------------------------------------------------------------------------------------------
                                  0.000000    0.000000   clock clk_i (rise edge)
                                  0.000000    0.000000   clock source latency
     1    0.012926    0.064215    0.043692    0.043692 ^ clk_i (in)
                                                         clk_i (net)
                      0.064223    0.000000    0.043692 ^ clkbuf_0_clk_i/A (sky130_fd_sc_hd__clkbuf_16)
     2    0.019305    0.041262    0.131645    0.175337 ^ clkbuf_0_clk_i/X (sky130_fd_sc_hd__clkbuf_16)
                                                         clknet_0_clk_i (net)
                      0.041265    0.000582    0.175919 ^ clkbuf_1_0__f_clk_i/A (sky130_fd_sc_hd__clkbuf_16)
     5    0.015665    0.038163    0.119794    0.295713 ^ clkbuf_1_0__f_clk_i/X (sky130_fd_sc_hd__clkbuf_16)
                                                         clknet_1_0__leaf_clk_i (net)
                      0.038171    0.000683    0.296396 ^ _41_/CLK (sky130_fd_sc_hd__dfxtp_4)
     6    0.048426    0.145587    0.417847    0.714243 ^ _41_/Q (sky130_fd_sc_hd__dfxtp_4)
                                                         counter_val_o[1] (net)
                      0.145587    0.000555    0.714799 ^ _29_/A2 (sky130_fd_sc_hd__o21a_1)
     1    0.002108    0.034927    0.119468    0.834267 ^ _29_/X (sky130_fd_sc_hd__o21a_1)
                                                         _03_ (net)
                      0.034927    0.000060    0.834327 ^ _41_/D (sky130_fd_sc_hd__dfxtp_4)
                                              0.834327   data arrival time

                                  0.000000    0.000000   clock clk_i (rise edge)
                                  0.000000    0.000000   clock source latency
     1    0.012926    0.064215    0.043692    0.043692 ^ clk_i (in)
                                                         clk_i (net)
                      0.064223    0.000000    0.043692 ^ clkbuf_0_clk_i/A (sky130_fd_sc_hd__clkbuf_16)
     2    0.019305    0.041262    0.131645    0.175337 ^ clkbuf_0_clk_i/X (sky130_fd_sc_hd__clkbuf_16)
                                                         clknet_0_clk_i (net)
                      0.041265    0.000582    0.175919 ^ clkbuf_1_0__f_clk_i/A (sky130_fd_sc_hd__clkbuf_16)
     5    0.015665    0.038163    0.119794    0.295713 ^ clkbuf_1_0__f_clk_i/X (sky130_fd_sc_hd__clkbuf_16)
                                                         clknet_1_0__leaf_clk_i (net)
                      0.038171    0.000683    0.296396 ^ _41_/CLK (sky130_fd_sc_hd__dfxtp_4)
                                  0.100000    0.396396   clock uncertainty
                                  0.000000    0.396396   clock reconvergence pessimism
                                 -0.030129    0.366267   library hold time
                                              0.366267   data required time
---------------------------------------------------------------------------------------------
                                              0.366267   data required time
                                             -0.834327   data arrival time
---------------------------------------------------------------------------------------------
                                              0.468060   slack (MET)


Startpoint: _44_ (rising edge-triggered flip-flop clocked by clk_i)
Endpoint: _44_ (rising edge-triggered flip-flop clocked by clk_i)
Path Group: clk_i
Path Type: min

Fanout         Cap        Slew       Delay        Time   Description
---------------------------------------------------------------------------------------------
                                  0.000000    0.000000   clock clk_i (rise edge)
                                  0.000000    0.000000   clock source latency
     1    0.012926    0.064215    0.043692    0.043692 ^ clk_i (in)
                                                         clk_i (net)
                      0.064223    0.000000    0.043692 ^ clkbuf_0_clk_i/A (sky130_fd_sc_hd__clkbuf_16)
     2    0.019305    0.041262    0.131645    0.175337 ^ clkbuf_0_clk_i/X (sky130_fd_sc_hd__clkbuf_16)
                                                         clknet_0_clk_i (net)
                      0.041265    0.000610    0.175947 ^ clkbuf_1_1__f_clk_i/A (sky130_fd_sc_hd__clkbuf_16)
     4    0.013056    0.035951    0.117336    0.293283 ^ clkbuf_1_1__f_clk_i/X (sky130_fd_sc_hd__clkbuf_16)
                                                         clknet_1_1__leaf_clk_i (net)
                      0.035951    0.000483    0.293766 ^ _44_/CLK (sky130_fd_sc_hd__dfxtp_4)
     5    0.046229    0.139902    0.412380    0.706146 ^ _44_/Q (sky130_fd_sc_hd__dfxtp_4)
                                                         counter_val_o[4] (net)
                      0.139904    0.000787    0.706934 ^ _35_/A1 (sky130_fd_sc_hd__o21a_1)
     1    0.002060    0.034595    0.133627    0.840560 ^ _35_/X (sky130_fd_sc_hd__o21a_1)
                                                         _06_ (net)
                      0.034595    0.000060    0.840620 ^ _44_/D (sky130_fd_sc_hd__dfxtp_4)
                                              0.840620   data arrival time

                                  0.000000    0.000000   clock clk_i (rise edge)
                                  0.000000    0.000000   clock source latency
     1    0.012926    0.064215    0.043692    0.043692 ^ clk_i (in)
                                                         clk_i (net)
                      0.064223    0.000000    0.043692 ^ clkbuf_0_clk_i/A (sky130_fd_sc_hd__clkbuf_16)
     2    0.019305    0.041262    0.131645    0.175337 ^ clkbuf_0_clk_i/X (sky130_fd_sc_hd__clkbuf_16)
                                                         clknet_0_clk_i (net)
                      0.041265    0.000610    0.175947 ^ clkbuf_1_1__f_clk_i/A (sky130_fd_sc_hd__clkbuf_16)
     4    0.013056    0.035951    0.117336    0.293283 ^ clkbuf_1_1__f_clk_i/X (sky130_fd_sc_hd__clkbuf_16)
                                                         clknet_1_1__leaf_clk_i (net)
                      0.035951    0.000483    0.293766 ^ _44_/CLK (sky130_fd_sc_hd__dfxtp_4)
                                  0.100000    0.393766   clock uncertainty
                                  0.000000    0.393766   clock reconvergence pessimism
                                 -0.030346    0.363420   library hold time
                                              0.363420   data required time
---------------------------------------------------------------------------------------------
                                              0.363420   data required time
                                             -0.840620   data arrival time
---------------------------------------------------------------------------------------------
                                              0.477200   slack (MET)


Startpoint: _38_ (rising edge-triggered flip-flop clocked by clk_i)
Endpoint: _38_ (rising edge-triggered flip-flop clocked by clk_i)
Path Group: clk_i
Path Type: min

Fanout         Cap        Slew       Delay        Time   Description
---------------------------------------------------------------------------------------------
                                  0.000000    0.000000   clock clk_i (rise edge)
                                  0.000000    0.000000   clock source latency
     1    0.012926    0.064215    0.043692    0.043692 ^ clk_i (in)
                                                         clk_i (net)
                      0.064223    0.000000    0.043692 ^ clkbuf_0_clk_i/A (sky130_fd_sc_hd__clkbuf_16)
     2    0.019305    0.041262    0.131645    0.175337 ^ clkbuf_0_clk_i/X (sky130_fd_sc_hd__clkbuf_16)
                                                         clknet_0_clk_i (net)
                      0.041265    0.000610    0.175947 ^ clkbuf_1_1__f_clk_i/A (sky130_fd_sc_hd__clkbuf_16)
     4    0.013056    0.035951    0.117336    0.293283 ^ clkbuf_1_1__f_clk_i/X (sky130_fd_sc_hd__clkbuf_16)
                                                         clknet_1_1__leaf_clk_i (net)
                      0.035951    0.000543    0.293826 ^ _38_/CLK (sky130_fd_sc_hd__dfxtp_4)
     5    0.046274    0.139675    0.412060    0.705886 ^ _38_/Q (sky130_fd_sc_hd__dfxtp_4)
                                                         counter_val_o[6] (net)
                      0.139696    0.001758    0.707644 ^ _23_/A1 (sky130_fd_sc_hd__o21a_1)
     1    0.002738    0.040426    0.138719    0.846363 ^ _23_/X (sky130_fd_sc_hd__o21a_1)
                                                         _00_ (net)
                      0.040426    0.000084    0.846447 ^ _38_/D (sky130_fd_sc_hd__dfxtp_4)
                                              0.846447   data arrival time

                                  0.000000    0.000000   clock clk_i (rise edge)
                                  0.000000    0.000000   clock source latency
     1    0.012926    0.064215    0.043692    0.043692 ^ clk_i (in)
                                                         clk_i (net)
                      0.064223    0.000000    0.043692 ^ clkbuf_0_clk_i/A (sky130_fd_sc_hd__clkbuf_16)
     2    0.019305    0.041262    0.131645    0.175337 ^ clkbuf_0_clk_i/X (sky130_fd_sc_hd__clkbuf_16)
                                                         clknet_0_clk_i (net)
                      0.041265    0.000610    0.175947 ^ clkbuf_1_1__f_clk_i/A (sky130_fd_sc_hd__clkbuf_16)
     4    0.013056    0.035951    0.117336    0.293283 ^ clkbuf_1_1__f_clk_i/X (sky130_fd_sc_hd__clkbuf_16)
                                                         clknet_1_1__leaf_clk_i (net)
                      0.035951    0.000543    0.293826 ^ _38_/CLK (sky130_fd_sc_hd__dfxtp_4)
                                  0.100000    0.393826   clock uncertainty
                                  0.000000    0.393826   clock reconvergence pessimism
                                 -0.031569    0.362257   library hold time
                                              0.362257   data required time
---------------------------------------------------------------------------------------------
                                              0.362257   data required time
                                             -0.846447   data arrival time
---------------------------------------------------------------------------------------------
                                              0.484191   slack (MET)


Startpoint: _42_ (rising edge-triggered flip-flop clocked by clk_i)
Endpoint: _42_ (rising edge-triggered flip-flop clocked by clk_i)
Path Group: clk_i
Path Type: min

Fanout         Cap        Slew       Delay        Time   Description
---------------------------------------------------------------------------------------------
                                  0.000000    0.000000   clock clk_i (rise edge)
                                  0.000000    0.000000   clock source latency
     1    0.012926    0.064215    0.043692    0.043692 ^ clk_i (in)
                                                         clk_i (net)
                      0.064223    0.000000    0.043692 ^ clkbuf_0_clk_i/A (sky130_fd_sc_hd__clkbuf_16)
     2    0.019305    0.041262    0.131645    0.175337 ^ clkbuf_0_clk_i/X (sky130_fd_sc_hd__clkbuf_16)
                                                         clknet_0_clk_i (net)
                      0.041265    0.000582    0.175919 ^ clkbuf_1_0__f_clk_i/A (sky130_fd_sc_hd__clkbuf_16)
     5    0.015665    0.038163    0.119794    0.295713 ^ clkbuf_1_0__f_clk_i/X (sky130_fd_sc_hd__clkbuf_16)
                                                         clknet_1_0__leaf_clk_i (net)
                      0.038171    0.000680    0.296393 ^ _42_/CLK (sky130_fd_sc_hd__dfxtp_4)
     4    0.041649    0.074387    0.378477    0.674870 v _42_/Q (sky130_fd_sc_hd__dfxtp_4)
                                                         counter_val_o[2] (net)
                      0.074405    0.001118    0.675988 v _30_/B1 (sky130_fd_sc_hd__a21oi_1)
     1    0.002692    0.085021    0.118559    0.794548 ^ _30_/Y (sky130_fd_sc_hd__a21oi_1)
                                                         _15_ (net)
                      0.085021    0.000076    0.794624 ^ _31_/C (sky130_fd_sc_hd__nor3_1)
     1    0.002337    0.030478    0.047768    0.842392 v _31_/Y (sky130_fd_sc_hd__nor3_1)
                                                         _04_ (net)
                      0.030478    0.000070    0.842461 v _42_/D (sky130_fd_sc_hd__dfxtp_4)
                                              0.842461   data arrival time

                                  0.000000    0.000000   clock clk_i (rise edge)
                                  0.000000    0.000000   clock source latency
     1    0.012926    0.064215    0.043692    0.043692 ^ clk_i (in)
                                                         clk_i (net)
                      0.064223    0.000000    0.043692 ^ clkbuf_0_clk_i/A (sky130_fd_sc_hd__clkbuf_16)
     2    0.019305    0.041262    0.131645    0.175337 ^ clkbuf_0_clk_i/X (sky130_fd_sc_hd__clkbuf_16)
                                                         clknet_0_clk_i (net)
                      0.041265    0.000582    0.175919 ^ clkbuf_1_0__f_clk_i/A (sky130_fd_sc_hd__clkbuf_16)
     5    0.015665    0.038163    0.119794    0.295713 ^ clkbuf_1_0__f_clk_i/X (sky130_fd_sc_hd__clkbuf_16)
                                                         clknet_1_0__leaf_clk_i (net)
                      0.038171    0.000680    0.296393 ^ _42_/CLK (sky130_fd_sc_hd__dfxtp_4)
                                  0.100000    0.396393   clock uncertainty
                                  0.000000    0.396393   clock reconvergence pessimism
                                 -0.040694    0.355699   library hold time
                                              0.355699   data required time
---------------------------------------------------------------------------------------------
                                              0.355699   data required time
                                             -0.842461   data arrival time
---------------------------------------------------------------------------------------------
                                              0.486762   slack (MET)


Startpoint: _39_ (rising edge-triggered flip-flop clocked by clk_i)
Endpoint: _39_ (rising edge-triggered flip-flop clocked by clk_i)
Path Group: clk_i
Path Type: min

Fanout         Cap        Slew       Delay        Time   Description
---------------------------------------------------------------------------------------------
                                  0.000000    0.000000   clock clk_i (rise edge)
                                  0.000000    0.000000   clock source latency
     1    0.012926    0.064215    0.043692    0.043692 ^ clk_i (in)
                                                         clk_i (net)
                      0.064223    0.000000    0.043692 ^ clkbuf_0_clk_i/A (sky130_fd_sc_hd__clkbuf_16)
     2    0.019305    0.041262    0.131645    0.175337 ^ clkbuf_0_clk_i/X (sky130_fd_sc_hd__clkbuf_16)
                                                         clknet_0_clk_i (net)
                      0.041265    0.000610    0.175947 ^ clkbuf_1_1__f_clk_i/A (sky130_fd_sc_hd__clkbuf_16)
     4    0.013056    0.035951    0.117336    0.293283 ^ clkbuf_1_1__f_clk_i/X (sky130_fd_sc_hd__clkbuf_16)
                                                         clknet_1_1__leaf_clk_i (net)
                      0.035951    0.000568    0.293851 ^ _39_/CLK (sky130_fd_sc_hd__dfxtp_2)
     3    0.039506    0.098029    0.374493    0.668344 v _39_/Q (sky130_fd_sc_hd__dfxtp_2)
                                                         counter_val_o[7] (net)
                      0.098033    0.000701    0.669045 v _24_/B1 (sky130_fd_sc_hd__a21oi_1)
     1    0.003609    0.101469    0.140908    0.809953 ^ _24_/Y (sky130_fd_sc_hd__a21oi_1)
                                                         _12_ (net)
                      0.101469    0.000086    0.810038 ^ _26_/A (sky130_fd_sc_hd__nor2_1)
     1    0.002157    0.020626    0.053158    0.863196 v _26_/Y (sky130_fd_sc_hd__nor2_1)
                                                         _01_ (net)
                      0.020626    0.000061    0.863258 v _39_/D (sky130_fd_sc_hd__dfxtp_2)
                                              0.863258   data arrival time

                                  0.000000    0.000000   clock clk_i (rise edge)
                                  0.000000    0.000000   clock source latency
     1    0.012926    0.064215    0.043692    0.043692 ^ clk_i (in)
                                                         clk_i (net)
                      0.064223    0.000000    0.043692 ^ clkbuf_0_clk_i/A (sky130_fd_sc_hd__clkbuf_16)
     2    0.019305    0.041262    0.131645    0.175337 ^ clkbuf_0_clk_i/X (sky130_fd_sc_hd__clkbuf_16)
                                                         clknet_0_clk_i (net)
                      0.041265    0.000610    0.175947 ^ clkbuf_1_1__f_clk_i/A (sky130_fd_sc_hd__clkbuf_16)
     4    0.013056    0.035951    0.117336    0.293283 ^ clkbuf_1_1__f_clk_i/X (sky130_fd_sc_hd__clkbuf_16)
                                                         clknet_1_1__leaf_clk_i (net)
                      0.035951    0.000568    0.293851 ^ _39_/CLK (sky130_fd_sc_hd__dfxtp_2)
                                  0.100000    0.393851   clock uncertainty
                                  0.000000    0.393851   clock reconvergence pessimism
                                 -0.038074    0.355777   library hold time
                                              0.355777   data required time
---------------------------------------------------------------------------------------------
                                              0.355777   data required time
                                             -0.863258   data arrival time
---------------------------------------------------------------------------------------------
                                              0.507481   slack (MET)


Startpoint: _43_ (rising edge-triggered flip-flop clocked by clk_i)
Endpoint: _43_ (rising edge-triggered flip-flop clocked by clk_i)
Path Group: clk_i
Path Type: min

Fanout         Cap        Slew       Delay        Time   Description
---------------------------------------------------------------------------------------------
                                  0.000000    0.000000   clock clk_i (rise edge)
                                  0.000000    0.000000   clock source latency
     1    0.012926    0.064215    0.043692    0.043692 ^ clk_i (in)
                                                         clk_i (net)
                      0.064223    0.000000    0.043692 ^ clkbuf_0_clk_i/A (sky130_fd_sc_hd__clkbuf_16)
     2    0.019305    0.041262    0.131645    0.175337 ^ clkbuf_0_clk_i/X (sky130_fd_sc_hd__clkbuf_16)
                                                         clknet_0_clk_i (net)
                      0.041265    0.000582    0.175919 ^ clkbuf_1_0__f_clk_i/A (sky130_fd_sc_hd__clkbuf_16)
     5    0.015665    0.038163    0.119794    0.295713 ^ clkbuf_1_0__f_clk_i/X (sky130_fd_sc_hd__clkbuf_16)
                                                         clknet_1_0__leaf_clk_i (net)
                      0.038170    0.000648    0.296361 ^ _43_/CLK (sky130_fd_sc_hd__dfxtp_2)
     3    0.038924    0.096796    0.374326    0.670687 v _43_/Q (sky130_fd_sc_hd__dfxtp_2)
                                                         counter_val_o[3] (net)
                      0.096799    0.000724    0.671411 v _33_/A1 (sky130_fd_sc_hd__o21a_1)
     1    0.003041    0.030669    0.199583    0.870994 v _33_/X (sky130_fd_sc_hd__o21a_1)
                                                         _05_ (net)
                      0.030669    0.000098    0.871092 v _43_/D (sky130_fd_sc_hd__dfxtp_2)
                                              0.871092   data arrival time

                                  0.000000    0.000000   clock clk_i (rise edge)
                                  0.000000    0.000000   clock source latency
     1    0.012926    0.064215    0.043692    0.043692 ^ clk_i (in)
                                                         clk_i (net)
                      0.064223    0.000000    0.043692 ^ clkbuf_0_clk_i/A (sky130_fd_sc_hd__clkbuf_16)
     2    0.019305    0.041262    0.131645    0.175337 ^ clkbuf_0_clk_i/X (sky130_fd_sc_hd__clkbuf_16)
                                                         clknet_0_clk_i (net)
                      0.041265    0.000582    0.175919 ^ clkbuf_1_0__f_clk_i/A (sky130_fd_sc_hd__clkbuf_16)
     5    0.015665    0.038163    0.119794    0.295713 ^ clkbuf_1_0__f_clk_i/X (sky130_fd_sc_hd__clkbuf_16)
                                                         clknet_1_0__leaf_clk_i (net)
                      0.038170    0.000648    0.296361 ^ _43_/CLK (sky130_fd_sc_hd__dfxtp_2)
                                  0.100000    0.396361   clock uncertainty
                                  0.000000    0.396361   clock reconvergence pessimism
                                 -0.041696    0.354665   library hold time
                                              0.354665   data required time
---------------------------------------------------------------------------------------------
                                              0.354665   data required time
                                             -0.871092   data arrival time
---------------------------------------------------------------------------------------------
                                              0.516428   slack (MET)


Startpoint: _45_ (rising edge-triggered flip-flop clocked by clk_i)
Endpoint: _45_ (rising edge-triggered flip-flop clocked by clk_i)
Path Group: clk_i
Path Type: min

Fanout         Cap        Slew       Delay        Time   Description
---------------------------------------------------------------------------------------------
                                  0.000000    0.000000   clock clk_i (rise edge)
                                  0.000000    0.000000   clock source latency
     1    0.012926    0.064215    0.043692    0.043692 ^ clk_i (in)
                                                         clk_i (net)
                      0.064223    0.000000    0.043692 ^ clkbuf_0_clk_i/A (sky130_fd_sc_hd__clkbuf_16)
     2    0.019305    0.041262    0.131645    0.175337 ^ clkbuf_0_clk_i/X (sky130_fd_sc_hd__clkbuf_16)
                                                         clknet_0_clk_i (net)
                      0.041265    0.000610    0.175947 ^ clkbuf_1_1__f_clk_i/A (sky130_fd_sc_hd__clkbuf_16)
     4    0.013056    0.035951    0.117336    0.293283 ^ clkbuf_1_1__f_clk_i/X (sky130_fd_sc_hd__clkbuf_16)
                                                         clknet_1_1__leaf_clk_i (net)
                      0.035951    0.000468    0.293750 ^ _45_/CLK (sky130_fd_sc_hd__dfxtp_2)
     3    0.038484    0.095842    0.372824    0.666575 v _45_/Q (sky130_fd_sc_hd__dfxtp_2)
                                                         counter_val_o[5] (net)
                      0.095845    0.000651    0.667226 v _36_/B1 (sky130_fd_sc_hd__a21oi_1)
     1    0.004154    0.111469    0.147821    0.815047 ^ _36_/Y (sky130_fd_sc_hd__a21oi_1)
                                                         _18_ (net)
                      0.111469    0.000139    0.815186 ^ _37_/C (sky130_fd_sc_hd__nor3_1)
     1    0.002743    0.037260    0.055943    0.871129 v _37_/Y (sky130_fd_sc_hd__nor3_1)
                                                         _07_ (net)
                      0.037260    0.000084    0.871213 v _45_/D (sky130_fd_sc_hd__dfxtp_2)
                                              0.871213   data arrival time

                                  0.000000    0.000000   clock clk_i (rise edge)
                                  0.000000    0.000000   clock source latency
     1    0.012926    0.064215    0.043692    0.043692 ^ clk_i (in)
                                                         clk_i (net)
                      0.064223    0.000000    0.043692 ^ clkbuf_0_clk_i/A (sky130_fd_sc_hd__clkbuf_16)
     2    0.019305    0.041262    0.131645    0.175337 ^ clkbuf_0_clk_i/X (sky130_fd_sc_hd__clkbuf_16)
                                                         clknet_0_clk_i (net)
                      0.041265    0.000610    0.175947 ^ clkbuf_1_1__f_clk_i/A (sky130_fd_sc_hd__clkbuf_16)
     4    0.013056    0.035951    0.117336    0.293283 ^ clkbuf_1_1__f_clk_i/X (sky130_fd_sc_hd__clkbuf_16)
                                                         clknet_1_1__leaf_clk_i (net)
                      0.035951    0.000468    0.293750 ^ _45_/CLK (sky130_fd_sc_hd__dfxtp_2)
                                  0.100000    0.393750   clock uncertainty
                                  0.000000    0.393750   clock reconvergence pessimism
                                 -0.044893    0.348858   library hold time
                                              0.348858   data required time
---------------------------------------------------------------------------------------------
                                              0.348858   data required time
                                             -0.871213   data arrival time
---------------------------------------------------------------------------------------------
                                              0.522356   slack (MET)


Startpoint: _40_ (rising edge-triggered flip-flop clocked by clk_i)
Endpoint: _40_ (rising edge-triggered flip-flop clocked by clk_i)
Path Group: clk_i
Path Type: min

Fanout         Cap        Slew       Delay        Time   Description
---------------------------------------------------------------------------------------------
                                  0.000000    0.000000   clock clk_i (rise edge)
                                  0.000000    0.000000   clock source latency
     1    0.012926    0.064215    0.043692    0.043692 ^ clk_i (in)
                                                         clk_i (net)
                      0.064223    0.000000    0.043692 ^ clkbuf_0_clk_i/A (sky130_fd_sc_hd__clkbuf_16)
     2    0.019305    0.041262    0.131645    0.175337 ^ clkbuf_0_clk_i/X (sky130_fd_sc_hd__clkbuf_16)
                                                         clknet_0_clk_i (net)
                      0.041265    0.000582    0.175919 ^ clkbuf_1_0__f_clk_i/A (sky130_fd_sc_hd__clkbuf_16)
     5    0.015665    0.038163    0.119794    0.295713 ^ clkbuf_1_0__f_clk_i/X (sky130_fd_sc_hd__clkbuf_16)
                                                         clknet_1_0__leaf_clk_i (net)
                      0.038170    0.000652    0.296364 ^ _40_/CLK (sky130_fd_sc_hd__dfxtp_4)
     7    0.050946    0.152324    0.422468    0.718832 ^ _40_/Q (sky130_fd_sc_hd__dfxtp_4)
                                                         counter_val_o[0] (net)
                      0.152325    0.000742    0.719574 ^ hold1/A (sky130_fd_sc_hd__dlygate4sd3_1)
     1    0.002854    0.053380    0.564288    1.283862 ^ hold1/X (sky130_fd_sc_hd__dlygate4sd3_1)
                                                         net2 (net)
                      0.053380    0.000058    1.283920 ^ _27_/A (sky130_fd_sc_hd__nor2_1)
     1    0.002017    0.023108    0.040336    1.324256 v _27_/Y (sky130_fd_sc_hd__nor2_1)
                                                         _02_ (net)
                      0.023109    0.000057    1.324313 v _40_/D (sky130_fd_sc_hd__dfxtp_4)
                                              1.324313   data arrival time

                                  0.000000    0.000000   clock clk_i (rise edge)
                                  0.000000    0.000000   clock source latency
     1    0.012926    0.064215    0.043692    0.043692 ^ clk_i (in)
                                                         clk_i (net)
                      0.064223    0.000000    0.043692 ^ clkbuf_0_clk_i/A (sky130_fd_sc_hd__clkbuf_16)
     2    0.019305    0.041262    0.131645    0.175337 ^ clkbuf_0_clk_i/X (sky130_fd_sc_hd__clkbuf_16)
                                                         clknet_0_clk_i (net)
                      0.041265    0.000582    0.175919 ^ clkbuf_1_0__f_clk_i/A (sky130_fd_sc_hd__clkbuf_16)
     5    0.015665    0.038163    0.119794    0.295713 ^ clkbuf_1_0__f_clk_i/X (sky130_fd_sc_hd__clkbuf_16)
                                                         clknet_1_0__leaf_clk_i (net)
                      0.038170    0.000652    0.296364 ^ _40_/CLK (sky130_fd_sc_hd__dfxtp_4)
                                  0.100000    0.396364   clock uncertainty
                                  0.000000    0.396364   clock reconvergence pessimism
                                 -0.037693    0.358672   library hold time
                                              0.358672   data required time
---------------------------------------------------------------------------------------------
                                              0.358672   data required time
                                             -1.324313   data arrival time
---------------------------------------------------------------------------------------------
                                              0.965641   slack (MET)


Startpoint: _45_ (rising edge-triggered flip-flop clocked by clk_i)
Endpoint: counter_val_o[5] (output port clocked by clk_i)
Path Group: clk_i
Path Type: min

Fanout         Cap        Slew       Delay        Time   Description
---------------------------------------------------------------------------------------------
                                  0.000000    0.000000   clock clk_i (rise edge)
                                  0.000000    0.000000   clock source latency
     1    0.012926    0.064215    0.043692    0.043692 ^ clk_i (in)
                                                         clk_i (net)
                      0.064223    0.000000    0.043692 ^ clkbuf_0_clk_i/A (sky130_fd_sc_hd__clkbuf_16)
     2    0.019305    0.041262    0.131645    0.175337 ^ clkbuf_0_clk_i/X (sky130_fd_sc_hd__clkbuf_16)
                                                         clknet_0_clk_i (net)
                      0.041265    0.000610    0.175947 ^ clkbuf_1_1__f_clk_i/A (sky130_fd_sc_hd__clkbuf_16)
     4    0.013056    0.035951    0.117336    0.293283 ^ clkbuf_1_1__f_clk_i/X (sky130_fd_sc_hd__clkbuf_16)
                                                         clknet_1_1__leaf_clk_i (net)
                      0.035951    0.000468    0.293750 ^ _45_/CLK (sky130_fd_sc_hd__dfxtp_2)
     3    0.038484    0.095842    0.372824    0.666575 v _45_/Q (sky130_fd_sc_hd__dfxtp_2)
                                                         counter_val_o[5] (net)
                      0.095846    0.000738    0.667313 v counter_val_o[5] (out)
                                              0.667313   data arrival time

                                  0.000000    0.000000   clock clk_i (rise edge)
                                  0.000000    0.000000   clock network delay (propagated)
                                  0.100000    0.100000   clock uncertainty
                                  0.000000    0.100000   clock reconvergence pessimism
                                 -4.000000   -3.900000   output external delay
                                             -3.900000   data required time
---------------------------------------------------------------------------------------------
                                             -3.900000   data required time
                                             -0.667313   data arrival time
---------------------------------------------------------------------------------------------
                                              4.567312   slack (MET)


Startpoint: _39_ (rising edge-triggered flip-flop clocked by clk_i)
Endpoint: counter_val_o[7] (output port clocked by clk_i)
Path Group: clk_i
Path Type: min

Fanout         Cap        Slew       Delay        Time   Description
---------------------------------------------------------------------------------------------
                                  0.000000    0.000000   clock clk_i (rise edge)
                                  0.000000    0.000000   clock source latency
     1    0.012926    0.064215    0.043692    0.043692 ^ clk_i (in)
                                                         clk_i (net)
                      0.064223    0.000000    0.043692 ^ clkbuf_0_clk_i/A (sky130_fd_sc_hd__clkbuf_16)
     2    0.019305    0.041262    0.131645    0.175337 ^ clkbuf_0_clk_i/X (sky130_fd_sc_hd__clkbuf_16)
                                                         clknet_0_clk_i (net)
                      0.041265    0.000610    0.175947 ^ clkbuf_1_1__f_clk_i/A (sky130_fd_sc_hd__clkbuf_16)
     4    0.013056    0.035951    0.117336    0.293283 ^ clkbuf_1_1__f_clk_i/X (sky130_fd_sc_hd__clkbuf_16)
                                                         clknet_1_1__leaf_clk_i (net)
                      0.035951    0.000568    0.293851 ^ _39_/CLK (sky130_fd_sc_hd__dfxtp_2)
     3    0.039506    0.098029    0.374493    0.668344 v _39_/Q (sky130_fd_sc_hd__dfxtp_2)
                                                         counter_val_o[7] (net)
                      0.098034    0.000784    0.669128 v counter_val_o[7] (out)
                                              0.669128   data arrival time

                                  0.000000    0.000000   clock clk_i (rise edge)
                                  0.000000    0.000000   clock network delay (propagated)
                                  0.100000    0.100000   clock uncertainty
                                  0.000000    0.100000   clock reconvergence pessimism
                                 -4.000000   -3.900000   output external delay
                                             -3.900000   data required time
---------------------------------------------------------------------------------------------
                                             -3.900000   data required time
                                             -0.669128   data arrival time
---------------------------------------------------------------------------------------------
                                              4.569128   slack (MET)


Startpoint: _43_ (rising edge-triggered flip-flop clocked by clk_i)
Endpoint: counter_val_o[3] (output port clocked by clk_i)
Path Group: clk_i
Path Type: min

Fanout         Cap        Slew       Delay        Time   Description
---------------------------------------------------------------------------------------------
                                  0.000000    0.000000   clock clk_i (rise edge)
                                  0.000000    0.000000   clock source latency
     1    0.012926    0.064215    0.043692    0.043692 ^ clk_i (in)
                                                         clk_i (net)
                      0.064223    0.000000    0.043692 ^ clkbuf_0_clk_i/A (sky130_fd_sc_hd__clkbuf_16)
     2    0.019305    0.041262    0.131645    0.175337 ^ clkbuf_0_clk_i/X (sky130_fd_sc_hd__clkbuf_16)
                                                         clknet_0_clk_i (net)
                      0.041265    0.000582    0.175919 ^ clkbuf_1_0__f_clk_i/A (sky130_fd_sc_hd__clkbuf_16)
     5    0.015665    0.038163    0.119794    0.295713 ^ clkbuf_1_0__f_clk_i/X (sky130_fd_sc_hd__clkbuf_16)
                                                         clknet_1_0__leaf_clk_i (net)
                      0.038170    0.000648    0.296361 ^ _43_/CLK (sky130_fd_sc_hd__dfxtp_2)
     3    0.038924    0.096796    0.374326    0.670687 v _43_/Q (sky130_fd_sc_hd__dfxtp_2)
                                                         counter_val_o[3] (net)
                      0.096801    0.000793    0.671480 v counter_val_o[3] (out)
                                              0.671480   data arrival time

                                  0.000000    0.000000   clock clk_i (rise edge)
                                  0.000000    0.000000   clock network delay (propagated)
                                  0.100000    0.100000   clock uncertainty
                                  0.000000    0.100000   clock reconvergence pessimism
                                 -4.000000   -3.900000   output external delay
                                             -3.900000   data required time
---------------------------------------------------------------------------------------------
                                             -3.900000   data required time
                                             -0.671480   data arrival time
---------------------------------------------------------------------------------------------
                                              4.571480   slack (MET)


Startpoint: _42_ (rising edge-triggered flip-flop clocked by clk_i)
Endpoint: counter_val_o[2] (output port clocked by clk_i)
Path Group: clk_i
Path Type: min

Fanout         Cap        Slew       Delay        Time   Description
---------------------------------------------------------------------------------------------
                                  0.000000    0.000000   clock clk_i (rise edge)
                                  0.000000    0.000000   clock source latency
     1    0.012926    0.064215    0.043692    0.043692 ^ clk_i (in)
                                                         clk_i (net)
                      0.064223    0.000000    0.043692 ^ clkbuf_0_clk_i/A (sky130_fd_sc_hd__clkbuf_16)
     2    0.019305    0.041262    0.131645    0.175337 ^ clkbuf_0_clk_i/X (sky130_fd_sc_hd__clkbuf_16)
                                                         clknet_0_clk_i (net)
                      0.041265    0.000582    0.175919 ^ clkbuf_1_0__f_clk_i/A (sky130_fd_sc_hd__clkbuf_16)
     5    0.015665    0.038163    0.119794    0.295713 ^ clkbuf_1_0__f_clk_i/X (sky130_fd_sc_hd__clkbuf_16)
                                                         clknet_1_0__leaf_clk_i (net)
                      0.038171    0.000680    0.296393 ^ _42_/CLK (sky130_fd_sc_hd__dfxtp_4)
     4    0.041649    0.074387    0.378477    0.674870 v _42_/Q (sky130_fd_sc_hd__dfxtp_4)
                                                         counter_val_o[2] (net)
                      0.074412    0.001269    0.676140 v counter_val_o[2] (out)
                                              0.676140   data arrival time

                                  0.000000    0.000000   clock clk_i (rise edge)
                                  0.000000    0.000000   clock network delay (propagated)
                                  0.100000    0.100000   clock uncertainty
                                  0.000000    0.100000   clock reconvergence pessimism
                                 -4.000000   -3.900000   output external delay
                                             -3.900000   data required time
---------------------------------------------------------------------------------------------
                                             -3.900000   data required time
                                             -0.676140   data arrival time
---------------------------------------------------------------------------------------------
                                              4.576139   slack (MET)


Startpoint: _44_ (rising edge-triggered flip-flop clocked by clk_i)
Endpoint: counter_val_o[4] (output port clocked by clk_i)
Path Group: clk_i
Path Type: min

Fanout         Cap        Slew       Delay        Time   Description
---------------------------------------------------------------------------------------------
                                  0.000000    0.000000   clock clk_i (rise edge)
                                  0.000000    0.000000   clock source latency
     1    0.012926    0.064215    0.043692    0.043692 ^ clk_i (in)
                                                         clk_i (net)
                      0.064223    0.000000    0.043692 ^ clkbuf_0_clk_i/A (sky130_fd_sc_hd__clkbuf_16)
     2    0.019305    0.041262    0.131645    0.175337 ^ clkbuf_0_clk_i/X (sky130_fd_sc_hd__clkbuf_16)
                                                         clknet_0_clk_i (net)
                      0.041265    0.000610    0.175947 ^ clkbuf_1_1__f_clk_i/A (sky130_fd_sc_hd__clkbuf_16)
     4    0.013056    0.035951    0.117336    0.293283 ^ clkbuf_1_1__f_clk_i/X (sky130_fd_sc_hd__clkbuf_16)
                                                         clknet_1_1__leaf_clk_i (net)
                      0.035951    0.000483    0.293766 ^ _44_/CLK (sky130_fd_sc_hd__dfxtp_4)
     5    0.045677    0.079343    0.382453    0.676219 v _44_/Q (sky130_fd_sc_hd__dfxtp_4)
                                                         counter_val_o[4] (net)
                      0.079370    0.001387    0.677606 v counter_val_o[4] (out)
                                              0.677606   data arrival time

                                  0.000000    0.000000   clock clk_i (rise edge)
                                  0.000000    0.000000   clock network delay (propagated)
                                  0.100000    0.100000   clock uncertainty
                                  0.000000    0.100000   clock reconvergence pessimism
                                 -4.000000   -3.900000   output external delay
                                             -3.900000   data required time
---------------------------------------------------------------------------------------------
                                             -3.900000   data required time
                                             -0.677606   data arrival time
---------------------------------------------------------------------------------------------
                                              4.577606   slack (MET)


Startpoint: _38_ (rising edge-triggered flip-flop clocked by clk_i)
Endpoint: counter_val_o[6] (output port clocked by clk_i)
Path Group: clk_i
Path Type: min

Fanout         Cap        Slew       Delay        Time   Description
---------------------------------------------------------------------------------------------
                                  0.000000    0.000000   clock clk_i (rise edge)
                                  0.000000    0.000000   clock source latency
     1    0.012926    0.064215    0.043692    0.043692 ^ clk_i (in)
                                                         clk_i (net)
                      0.064223    0.000000    0.043692 ^ clkbuf_0_clk_i/A (sky130_fd_sc_hd__clkbuf_16)
     2    0.019305    0.041262    0.131645    0.175337 ^ clkbuf_0_clk_i/X (sky130_fd_sc_hd__clkbuf_16)
                                                         clknet_0_clk_i (net)
                      0.041265    0.000610    0.175947 ^ clkbuf_1_1__f_clk_i/A (sky130_fd_sc_hd__clkbuf_16)
     4    0.013056    0.035951    0.117336    0.293283 ^ clkbuf_1_1__f_clk_i/X (sky130_fd_sc_hd__clkbuf_16)
                                                         clknet_1_1__leaf_clk_i (net)
                      0.035951    0.000543    0.293826 ^ _38_/CLK (sky130_fd_sc_hd__dfxtp_4)
     5    0.045616    0.079218    0.381945    0.675771 v _38_/Q (sky130_fd_sc_hd__dfxtp_4)
                                                         counter_val_o[6] (net)
                      0.079288    0.002125    0.677896 v counter_val_o[6] (out)
                                              0.677896   data arrival time

                                  0.000000    0.000000   clock clk_i (rise edge)
                                  0.000000    0.000000   clock network delay (propagated)
                                  0.100000    0.100000   clock uncertainty
                                  0.000000    0.100000   clock reconvergence pessimism
                                 -4.000000   -3.900000   output external delay
                                             -3.900000   data required time
---------------------------------------------------------------------------------------------
                                             -3.900000   data required time
                                             -0.677896   data arrival time
---------------------------------------------------------------------------------------------
                                              4.577896   slack (MET)


Startpoint: _41_ (rising edge-triggered flip-flop clocked by clk_i)
Endpoint: counter_val_o[1] (output port clocked by clk_i)
Path Group: clk_i
Path Type: min

Fanout         Cap        Slew       Delay        Time   Description
---------------------------------------------------------------------------------------------
                                  0.000000    0.000000   clock clk_i (rise edge)
                                  0.000000    0.000000   clock source latency
     1    0.012926    0.064215    0.043692    0.043692 ^ clk_i (in)
                                                         clk_i (net)
                      0.064223    0.000000    0.043692 ^ clkbuf_0_clk_i/A (sky130_fd_sc_hd__clkbuf_16)
     2    0.019305    0.041262    0.131645    0.175337 ^ clkbuf_0_clk_i/X (sky130_fd_sc_hd__clkbuf_16)
                                                         clknet_0_clk_i (net)
                      0.041265    0.000582    0.175919 ^ clkbuf_1_0__f_clk_i/A (sky130_fd_sc_hd__clkbuf_16)
     5    0.015665    0.038163    0.119794    0.295713 ^ clkbuf_1_0__f_clk_i/X (sky130_fd_sc_hd__clkbuf_16)
                                                         clknet_1_0__leaf_clk_i (net)
                      0.038171    0.000683    0.296396 ^ _41_/CLK (sky130_fd_sc_hd__dfxtp_4)
     6    0.047595    0.081464    0.385913    0.682309 v _41_/Q (sky130_fd_sc_hd__dfxtp_4)
                                                         counter_val_o[1] (net)
                      0.081473    0.000874    0.683183 v counter_val_o[1] (out)
                                              0.683183   data arrival time

                                  0.000000    0.000000   clock clk_i (rise edge)
                                  0.000000    0.000000   clock network delay (propagated)
                                  0.100000    0.100000   clock uncertainty
                                  0.000000    0.100000   clock reconvergence pessimism
                                 -4.000000   -3.900000   output external delay
                                             -3.900000   data required time
---------------------------------------------------------------------------------------------
                                             -3.900000   data required time
                                             -0.683183   data arrival time
---------------------------------------------------------------------------------------------
                                              4.583183   slack (MET)


Startpoint: _40_ (rising edge-triggered flip-flop clocked by clk_i)
Endpoint: counter_val_o[0] (output port clocked by clk_i)
Path Group: clk_i
Path Type: min

Fanout         Cap        Slew       Delay        Time   Description
---------------------------------------------------------------------------------------------
                                  0.000000    0.000000   clock clk_i (rise edge)
                                  0.000000    0.000000   clock source latency
     1    0.012926    0.064215    0.043692    0.043692 ^ clk_i (in)
                                                         clk_i (net)
                      0.064223    0.000000    0.043692 ^ clkbuf_0_clk_i/A (sky130_fd_sc_hd__clkbuf_16)
     2    0.019305    0.041262    0.131645    0.175337 ^ clkbuf_0_clk_i/X (sky130_fd_sc_hd__clkbuf_16)
                                                         clknet_0_clk_i (net)
                      0.041265    0.000582    0.175919 ^ clkbuf_1_0__f_clk_i/A (sky130_fd_sc_hd__clkbuf_16)
     5    0.015665    0.038163    0.119794    0.295713 ^ clkbuf_1_0__f_clk_i/X (sky130_fd_sc_hd__clkbuf_16)
                                                         clknet_1_0__leaf_clk_i (net)
                      0.038170    0.000652    0.296364 ^ _40_/CLK (sky130_fd_sc_hd__dfxtp_4)
     7    0.050199    0.084944    0.388628    0.684992 v _40_/Q (sky130_fd_sc_hd__dfxtp_4)
                                                         counter_val_o[0] (net)
                      0.084974    0.001480    0.686472 v counter_val_o[0] (out)
                                              0.686472   data arrival time

                                  0.000000    0.000000   clock clk_i (rise edge)
                                  0.000000    0.000000   clock network delay (propagated)
                                  0.100000    0.100000   clock uncertainty
                                  0.000000    0.100000   clock reconvergence pessimism
                                 -4.000000   -3.900000   output external delay
                                             -3.900000   data required time
---------------------------------------------------------------------------------------------
                                             -3.900000   data required time
                                             -0.686472   data arrival time
---------------------------------------------------------------------------------------------
                                              4.586472   slack (MET)



