
===========================================================================
report_checks -path_delay min (Hold)
============================================================================
======================= nom_tt_025C_1v80 Corner ===================================

Startpoint: _40_ (rising edge-triggered flip-flop clocked by clk_i)
Endpoint: _40_ (rising edge-triggered flip-flop clocked by clk_i)
Path Group: clk_i
Path Type: min

Fanout         Cap        Slew       Delay        Time   Description
---------------------------------------------------------------------------------------------
                                  0.000000    0.000000   clock clk_i (rise edge)
                                  0.000000    0.000000   clock source latency
     1    0.011770    0.059327    0.039793    0.039793 ^ clk_i (in)
                                                         clk_i (net)
                      0.059329    0.000000    0.039793 ^ clkbuf_0_clk_i/A (sky130_fd_sc_hd__clkbuf_16)
     2    0.018338    0.040437    0.129105    0.168898 ^ clkbuf_0_clk_i/X (sky130_fd_sc_hd__clkbuf_16)
                                                         clknet_0_clk_i (net)
                      0.040437    0.000080    0.168978 ^ clkbuf_1_0__f_clk_i/A (sky130_fd_sc_hd__clkbuf_16)
     5    0.013400    0.036230    0.117465    0.286443 ^ clkbuf_1_0__f_clk_i/X (sky130_fd_sc_hd__clkbuf_16)
                                                         clknet_1_0__leaf_clk_i (net)
                      0.036230    0.000158    0.286601 ^ _40_/CLK (sky130_fd_sc_hd__dfxtp_4)
     7    0.049215    0.147503    0.419125    0.705726 ^ _40_/Q (sky130_fd_sc_hd__dfxtp_4)
                                                         counter_val_o[0] (net)
                      0.147503    0.000015    0.705741 ^ _27_/A (sky130_fd_sc_hd__nor2_1)
     1    0.001825    0.036454    0.059731    0.765472 v _27_/Y (sky130_fd_sc_hd__nor2_1)
                                                         _02_ (net)
                      0.036454    0.000003    0.765475 v _40_/D (sky130_fd_sc_hd__dfxtp_4)
                                              0.765475   data arrival time

                                  0.000000    0.000000   clock clk_i (rise edge)
                                  0.000000    0.000000   clock source latency
     1    0.011770    0.059327    0.039793    0.039793 ^ clk_i (in)
                                                         clk_i (net)
                      0.059329    0.000000    0.039793 ^ clkbuf_0_clk_i/A (sky130_fd_sc_hd__clkbuf_16)
     2    0.018338    0.040437    0.129105    0.168898 ^ clkbuf_0_clk_i/X (sky130_fd_sc_hd__clkbuf_16)
                                                         clknet_0_clk_i (net)
                      0.040437    0.000080    0.168978 ^ clkbuf_1_0__f_clk_i/A (sky130_fd_sc_hd__clkbuf_16)
     5    0.013400    0.036230    0.117465    0.286443 ^ clkbuf_1_0__f_clk_i/X (sky130_fd_sc_hd__clkbuf_16)
                                                         clknet_1_0__leaf_clk_i (net)
                      0.036230    0.000158    0.286601 ^ _40_/CLK (sky130_fd_sc_hd__dfxtp_4)
                                  0.250000    0.536601   clock uncertainty
                                  0.000000    0.536601   clock reconvergence pessimism
                                 -0.043536    0.493065   library hold time
                                              0.493065   data required time
---------------------------------------------------------------------------------------------
                                              0.493065   data required time
                                             -0.765475   data arrival time
---------------------------------------------------------------------------------------------
                                              0.272411   slack (MET)


Startpoint: _41_ (rising edge-triggered flip-flop clocked by clk_i)
Endpoint: _41_ (rising edge-triggered flip-flop clocked by clk_i)
Path Group: clk_i
Path Type: min

Fanout         Cap        Slew       Delay        Time   Description
---------------------------------------------------------------------------------------------
                                  0.000000    0.000000   clock clk_i (rise edge)
                                  0.000000    0.000000   clock source latency
     1    0.011770    0.059327    0.039793    0.039793 ^ clk_i (in)
                                                         clk_i (net)
                      0.059329    0.000000    0.039793 ^ clkbuf_0_clk_i/A (sky130_fd_sc_hd__clkbuf_16)
     2    0.018338    0.040437    0.129105    0.168898 ^ clkbuf_0_clk_i/X (sky130_fd_sc_hd__clkbuf_16)
                                                         clknet_0_clk_i (net)
                      0.040437    0.000080    0.168978 ^ clkbuf_1_0__f_clk_i/A (sky130_fd_sc_hd__clkbuf_16)
     5    0.013400    0.036230    0.117465    0.286443 ^ clkbuf_1_0__f_clk_i/X (sky130_fd_sc_hd__clkbuf_16)
                                                         clknet_1_0__leaf_clk_i (net)
                      0.036230    0.000161    0.286604 ^ _41_/CLK (sky130_fd_sc_hd__dfxtp_4)
     6    0.046485    0.140327    0.413758    0.700362 ^ _41_/Q (sky130_fd_sc_hd__dfxtp_4)
                                                         counter_val_o[1] (net)
                      0.140327    0.000074    0.700436 ^ _29_/A2 (sky130_fd_sc_hd__o21a_1)
     1    0.001941    0.034517    0.117318    0.817754 ^ _29_/X (sky130_fd_sc_hd__o21a_1)
                                                         _03_ (net)
                      0.034517    0.000004    0.817758 ^ _41_/D (sky130_fd_sc_hd__dfxtp_4)
                                              0.817758   data arrival time

                                  0.000000    0.000000   clock clk_i (rise edge)
                                  0.000000    0.000000   clock source latency
     1    0.011770    0.059327    0.039793    0.039793 ^ clk_i (in)
                                                         clk_i (net)
                      0.059329    0.000000    0.039793 ^ clkbuf_0_clk_i/A (sky130_fd_sc_hd__clkbuf_16)
     2    0.018338    0.040437    0.129105    0.168898 ^ clkbuf_0_clk_i/X (sky130_fd_sc_hd__clkbuf_16)
                                                         clknet_0_clk_i (net)
                      0.040437    0.000080    0.168978 ^ clkbuf_1_0__f_clk_i/A (sky130_fd_sc_hd__clkbuf_16)
     5    0.013400    0.036230    0.117465    0.286443 ^ clkbuf_1_0__f_clk_i/X (sky130_fd_sc_hd__clkbuf_16)
                                                         clknet_1_0__leaf_clk_i (net)
                      0.036230    0.000161    0.286604 ^ _41_/CLK (sky130_fd_sc_hd__dfxtp_4)
                                  0.250000    0.536604   clock uncertainty
                                  0.000000    0.536604   clock reconvergence pessimism
                                 -0.030294    0.506310   library hold time
                                              0.506310   data required time
---------------------------------------------------------------------------------------------
                                              0.506310   data required time
                                             -0.817758   data arrival time
---------------------------------------------------------------------------------------------
                                              0.311448   slack (MET)


Startpoint: _44_ (rising edge-triggered flip-flop clocked by clk_i)
Endpoint: _44_ (rising edge-triggered flip-flop clocked by clk_i)
Path Group: clk_i
Path Type: min

Fanout         Cap        Slew       Delay        Time   Description
---------------------------------------------------------------------------------------------
                                  0.000000    0.000000   clock clk_i (rise edge)
                                  0.000000    0.000000   clock source latency
     1    0.011770    0.059327    0.039793    0.039793 ^ clk_i (in)
                                                         clk_i (net)
                      0.059329    0.000000    0.039793 ^ clkbuf_0_clk_i/A (sky130_fd_sc_hd__clkbuf_16)
     2    0.018338    0.040437    0.129105    0.168898 ^ clkbuf_0_clk_i/X (sky130_fd_sc_hd__clkbuf_16)
                                                         clknet_0_clk_i (net)
                      0.040437    0.000105    0.169002 ^ clkbuf_1_1__f_clk_i/A (sky130_fd_sc_hd__clkbuf_16)
     4    0.010828    0.034043    0.114994    0.283996 ^ clkbuf_1_1__f_clk_i/X (sky130_fd_sc_hd__clkbuf_16)
                                                         clknet_1_1__leaf_clk_i (net)
                      0.034043    0.000128    0.284124 ^ _44_/CLK (sky130_fd_sc_hd__dfxtp_4)
     5    0.044207    0.134372    0.408378    0.692502 ^ _44_/Q (sky130_fd_sc_hd__dfxtp_4)
                                                         counter_val_o[4] (net)
                      0.134372    0.000066    0.692568 ^ _35_/A1 (sky130_fd_sc_hd__o21a_1)
     1    0.001899    0.033882    0.131229    0.823798 ^ _35_/X (sky130_fd_sc_hd__o21a_1)
                                                         _06_ (net)
                      0.033882    0.000003    0.823801 ^ _44_/D (sky130_fd_sc_hd__dfxtp_4)
                                              0.823801   data arrival time

                                  0.000000    0.000000   clock clk_i (rise edge)
                                  0.000000    0.000000   clock source latency
     1    0.011770    0.059327    0.039793    0.039793 ^ clk_i (in)
                                                         clk_i (net)
                      0.059329    0.000000    0.039793 ^ clkbuf_0_clk_i/A (sky130_fd_sc_hd__clkbuf_16)
     2    0.018338    0.040437    0.129105    0.168898 ^ clkbuf_0_clk_i/X (sky130_fd_sc_hd__clkbuf_16)
                                                         clknet_0_clk_i (net)
                      0.040437    0.000105    0.169002 ^ clkbuf_1_1__f_clk_i/A (sky130_fd_sc_hd__clkbuf_16)
     4    0.010828    0.034043    0.114994    0.283996 ^ clkbuf_1_1__f_clk_i/X (sky130_fd_sc_hd__clkbuf_16)
                                                         clknet_1_1__leaf_clk_i (net)
                      0.034043    0.000128    0.284124 ^ _44_/CLK (sky130_fd_sc_hd__dfxtp_4)
                                  0.250000    0.534124   clock uncertainty
                                  0.000000    0.534124   clock reconvergence pessimism
                                 -0.030443    0.503682   library hold time
                                              0.503682   data required time
---------------------------------------------------------------------------------------------
                                              0.503682   data required time
                                             -0.823801   data arrival time
---------------------------------------------------------------------------------------------
                                              0.320119   slack (MET)


Startpoint: _38_ (rising edge-triggered flip-flop clocked by clk_i)
Endpoint: _38_ (rising edge-triggered flip-flop clocked by clk_i)
Path Group: clk_i
Path Type: min

Fanout         Cap        Slew       Delay        Time   Description
---------------------------------------------------------------------------------------------
                                  0.000000    0.000000   clock clk_i (rise edge)
                                  0.000000    0.000000   clock source latency
     1    0.011770    0.059327    0.039793    0.039793 ^ clk_i (in)
                                                         clk_i (net)
                      0.059329    0.000000    0.039793 ^ clkbuf_0_clk_i/A (sky130_fd_sc_hd__clkbuf_16)
     2    0.018338    0.040437    0.129105    0.168898 ^ clkbuf_0_clk_i/X (sky130_fd_sc_hd__clkbuf_16)
                                                         clknet_0_clk_i (net)
                      0.040437    0.000105    0.169002 ^ clkbuf_1_1__f_clk_i/A (sky130_fd_sc_hd__clkbuf_16)
     4    0.010828    0.034043    0.114994    0.283996 ^ clkbuf_1_1__f_clk_i/X (sky130_fd_sc_hd__clkbuf_16)
                                                         clknet_1_1__leaf_clk_i (net)
                      0.034043    0.000159    0.284155 ^ _38_/CLK (sky130_fd_sc_hd__dfxtp_4)
     5    0.044704    0.135681    0.409339    0.693494 ^ _38_/Q (sky130_fd_sc_hd__dfxtp_4)
                                                         counter_val_o[6] (net)
                      0.135681    0.000184    0.693678 ^ _23_/A1 (sky130_fd_sc_hd__o21a_1)
     1    0.002151    0.036550    0.133419    0.827097 ^ _23_/X (sky130_fd_sc_hd__o21a_1)
                                                         _00_ (net)
                      0.036550    0.000006    0.827103 ^ _38_/D (sky130_fd_sc_hd__dfxtp_4)
                                              0.827103   data arrival time

                                  0.000000    0.000000   clock clk_i (rise edge)
                                  0.000000    0.000000   clock source latency
     1    0.011770    0.059327    0.039793    0.039793 ^ clk_i (in)
                                                         clk_i (net)
                      0.059329    0.000000    0.039793 ^ clkbuf_0_clk_i/A (sky130_fd_sc_hd__clkbuf_16)
     2    0.018338    0.040437    0.129105    0.168898 ^ clkbuf_0_clk_i/X (sky130_fd_sc_hd__clkbuf_16)
                                                         clknet_0_clk_i (net)
                      0.040437    0.000105    0.169002 ^ clkbuf_1_1__f_clk_i/A (sky130_fd_sc_hd__clkbuf_16)
     4    0.010828    0.034043    0.114994    0.283996 ^ clkbuf_1_1__f_clk_i/X (sky130_fd_sc_hd__clkbuf_16)
                                                         clknet_1_1__leaf_clk_i (net)
                      0.034043    0.000159    0.284155 ^ _38_/CLK (sky130_fd_sc_hd__dfxtp_4)
                                  0.250000    0.534155   clock uncertainty
                                  0.000000    0.534155   clock reconvergence pessimism
                                 -0.031002    0.503152   library hold time
                                              0.503152   data required time
---------------------------------------------------------------------------------------------
                                              0.503152   data required time
                                             -0.827103   data arrival time
---------------------------------------------------------------------------------------------
                                              0.323951   slack (MET)


Startpoint: _42_ (rising edge-triggered flip-flop clocked by clk_i)
Endpoint: _42_ (rising edge-triggered flip-flop clocked by clk_i)
Path Group: clk_i
Path Type: min

Fanout         Cap        Slew       Delay        Time   Description
---------------------------------------------------------------------------------------------
                                  0.000000    0.000000   clock clk_i (rise edge)
                                  0.000000    0.000000   clock source latency
     1    0.011770    0.059327    0.039793    0.039793 ^ clk_i (in)
                                                         clk_i (net)
                      0.059329    0.000000    0.039793 ^ clkbuf_0_clk_i/A (sky130_fd_sc_hd__clkbuf_16)
     2    0.018338    0.040437    0.129105    0.168898 ^ clkbuf_0_clk_i/X (sky130_fd_sc_hd__clkbuf_16)
                                                         clknet_0_clk_i (net)
                      0.040437    0.000080    0.168978 ^ clkbuf_1_0__f_clk_i/A (sky130_fd_sc_hd__clkbuf_16)
     5    0.013400    0.036230    0.117465    0.286443 ^ clkbuf_1_0__f_clk_i/X (sky130_fd_sc_hd__clkbuf_16)
                                                         clknet_1_0__leaf_clk_i (net)
                      0.036230    0.000148    0.286591 ^ _42_/CLK (sky130_fd_sc_hd__dfxtp_4)
     4    0.040142    0.072092    0.376707    0.663298 v _42_/Q (sky130_fd_sc_hd__dfxtp_4)
                                                         counter_val_o[2] (net)
                      0.072092    0.000127    0.663425 v _30_/B1 (sky130_fd_sc_hd__a21oi_1)
     1    0.002565    0.085384    0.115831    0.779257 ^ _30_/Y (sky130_fd_sc_hd__a21oi_1)
                                                         _15_ (net)
                      0.085384    0.000000    0.779257 ^ _31_/C (sky130_fd_sc_hd__nor3_1)
     1    0.001984    0.029801    0.045923    0.825180 v _31_/Y (sky130_fd_sc_hd__nor3_1)
                                                         _04_ (net)
                      0.029801    0.000004    0.825185 v _42_/D (sky130_fd_sc_hd__dfxtp_4)
                                              0.825185   data arrival time

                                  0.000000    0.000000   clock clk_i (rise edge)
                                  0.000000    0.000000   clock source latency
     1    0.011770    0.059327    0.039793    0.039793 ^ clk_i (in)
                                                         clk_i (net)
                      0.059329    0.000000    0.039793 ^ clkbuf_0_clk_i/A (sky130_fd_sc_hd__clkbuf_16)
     2    0.018338    0.040437    0.129105    0.168898 ^ clkbuf_0_clk_i/X (sky130_fd_sc_hd__clkbuf_16)
                                                         clknet_0_clk_i (net)
                      0.040437    0.000080    0.168978 ^ clkbuf_1_0__f_clk_i/A (sky130_fd_sc_hd__clkbuf_16)
     5    0.013400    0.036230    0.117465    0.286443 ^ clkbuf_1_0__f_clk_i/X (sky130_fd_sc_hd__clkbuf_16)
                                                         clknet_1_0__leaf_clk_i (net)
                      0.036230    0.000148    0.286591 ^ _42_/CLK (sky130_fd_sc_hd__dfxtp_4)
                                  0.250000    0.536591   clock uncertainty
                                  0.000000    0.536591   clock reconvergence pessimism
                                 -0.040827    0.495765   library hold time
                                              0.495765   data required time
---------------------------------------------------------------------------------------------
                                              0.495765   data required time
                                             -0.825185   data arrival time
---------------------------------------------------------------------------------------------
                                              0.329420   slack (MET)


Startpoint: _39_ (rising edge-triggered flip-flop clocked by clk_i)
Endpoint: _39_ (rising edge-triggered flip-flop clocked by clk_i)
Path Group: clk_i
Path Type: min

Fanout         Cap        Slew       Delay        Time   Description
---------------------------------------------------------------------------------------------
                                  0.000000    0.000000   clock clk_i (rise edge)
                                  0.000000    0.000000   clock source latency
     1    0.011770    0.059327    0.039793    0.039793 ^ clk_i (in)
                                                         clk_i (net)
                      0.059329    0.000000    0.039793 ^ clkbuf_0_clk_i/A (sky130_fd_sc_hd__clkbuf_16)
     2    0.018338    0.040437    0.129105    0.168898 ^ clkbuf_0_clk_i/X (sky130_fd_sc_hd__clkbuf_16)
                                                         clknet_0_clk_i (net)
                      0.040437    0.000105    0.169002 ^ clkbuf_1_1__f_clk_i/A (sky130_fd_sc_hd__clkbuf_16)
     4    0.010828    0.034043    0.114994    0.283996 ^ clkbuf_1_1__f_clk_i/X (sky130_fd_sc_hd__clkbuf_16)
                                                         clknet_1_1__leaf_clk_i (net)
                      0.034043    0.000156    0.284152 ^ _39_/CLK (sky130_fd_sc_hd__dfxtp_2)
     3    0.038822    0.096406    0.373089    0.657241 v _39_/Q (sky130_fd_sc_hd__dfxtp_2)
                                                         counter_val_o[7] (net)
                      0.096406    0.000062    0.657303 v _24_/B1 (sky130_fd_sc_hd__a21oi_1)
     1    0.002930    0.092276    0.130626    0.787929 ^ _24_/Y (sky130_fd_sc_hd__a21oi_1)
                                                         _12_ (net)
                      0.092276    0.000005    0.787934 ^ _26_/A (sky130_fd_sc_hd__nor2_1)
     1    0.001910    0.019385    0.049564    0.837498 v _26_/Y (sky130_fd_sc_hd__nor2_1)
                                                         _01_ (net)
                      0.019385    0.000003    0.837500 v _39_/D (sky130_fd_sc_hd__dfxtp_2)
                                              0.837500   data arrival time

                                  0.000000    0.000000   clock clk_i (rise edge)
                                  0.000000    0.000000   clock source latency
     1    0.011770    0.059327    0.039793    0.039793 ^ clk_i (in)
                                                         clk_i (net)
                      0.059329    0.000000    0.039793 ^ clkbuf_0_clk_i/A (sky130_fd_sc_hd__clkbuf_16)
     2    0.018338    0.040437    0.129105    0.168898 ^ clkbuf_0_clk_i/X (sky130_fd_sc_hd__clkbuf_16)
                                                         clknet_0_clk_i (net)
                      0.040437    0.000105    0.169002 ^ clkbuf_1_1__f_clk_i/A (sky130_fd_sc_hd__clkbuf_16)
     4    0.010828    0.034043    0.114994    0.283996 ^ clkbuf_1_1__f_clk_i/X (sky130_fd_sc_hd__clkbuf_16)
                                                         clknet_1_1__leaf_clk_i (net)
                      0.034043    0.000156    0.284152 ^ _39_/CLK (sky130_fd_sc_hd__dfxtp_2)
                                  0.250000    0.534152   clock uncertainty
                                  0.000000    0.534152   clock reconvergence pessimism
                                 -0.037991    0.496161   library hold time
                                              0.496161   data required time
---------------------------------------------------------------------------------------------
                                              0.496161   data required time
                                             -0.837500   data arrival time
---------------------------------------------------------------------------------------------
                                              0.341339   slack (MET)


Startpoint: _45_ (rising edge-triggered flip-flop clocked by clk_i)
Endpoint: _45_ (rising edge-triggered flip-flop clocked by clk_i)
Path Group: clk_i
Path Type: min

Fanout         Cap        Slew       Delay        Time   Description
---------------------------------------------------------------------------------------------
                                  0.000000    0.000000   clock clk_i (rise edge)
                                  0.000000    0.000000   clock source latency
     1    0.011770    0.059327    0.039793    0.039793 ^ clk_i (in)
                                                         clk_i (net)
                      0.059329    0.000000    0.039793 ^ clkbuf_0_clk_i/A (sky130_fd_sc_hd__clkbuf_16)
     2    0.018338    0.040437    0.129105    0.168898 ^ clkbuf_0_clk_i/X (sky130_fd_sc_hd__clkbuf_16)
                                                         clknet_0_clk_i (net)
                      0.040437    0.000105    0.169002 ^ clkbuf_1_1__f_clk_i/A (sky130_fd_sc_hd__clkbuf_16)
     4    0.010828    0.034043    0.114994    0.283996 ^ clkbuf_1_1__f_clk_i/X (sky130_fd_sc_hd__clkbuf_16)
                                                         clknet_1_1__leaf_clk_i (net)
                      0.034043    0.000138    0.284134 ^ _45_/CLK (sky130_fd_sc_hd__dfxtp_2)
     3    0.038108    0.094887    0.371899    0.656032 v _45_/Q (sky130_fd_sc_hd__dfxtp_2)
                                                         counter_val_o[5] (net)
                      0.094887    0.000076    0.656108 v _36_/B1 (sky130_fd_sc_hd__a21oi_1)
     1    0.003246    0.098282    0.134540    0.790648 ^ _36_/Y (sky130_fd_sc_hd__a21oi_1)
                                                         _18_ (net)
                      0.098282    0.000014    0.790662 ^ _37_/C (sky130_fd_sc_hd__nor3_1)
     1    0.002324    0.033164    0.050733    0.841395 v _37_/Y (sky130_fd_sc_hd__nor3_1)
                                                         _07_ (net)
                      0.033164    0.000007    0.841402 v _45_/D (sky130_fd_sc_hd__dfxtp_2)
                                              0.841402   data arrival time

                                  0.000000    0.000000   clock clk_i (rise edge)
                                  0.000000    0.000000   clock source latency
     1    0.011770    0.059327    0.039793    0.039793 ^ clk_i (in)
                                                         clk_i (net)
                      0.059329    0.000000    0.039793 ^ clkbuf_0_clk_i/A (sky130_fd_sc_hd__clkbuf_16)
     2    0.018338    0.040437    0.129105    0.168898 ^ clkbuf_0_clk_i/X (sky130_fd_sc_hd__clkbuf_16)
                                                         clknet_0_clk_i (net)
                      0.040437    0.000105    0.169002 ^ clkbuf_1_1__f_clk_i/A (sky130_fd_sc_hd__clkbuf_16)
     4    0.010828    0.034043    0.114994    0.283996 ^ clkbuf_1_1__f_clk_i/X (sky130_fd_sc_hd__clkbuf_16)
                                                         clknet_1_1__leaf_clk_i (net)
                      0.034043    0.000138    0.284134 ^ _45_/CLK (sky130_fd_sc_hd__dfxtp_2)
                                  0.250000    0.534134   clock uncertainty
                                  0.000000    0.534134   clock reconvergence pessimism
                                 -0.043639    0.490495   library hold time
                                              0.490495   data required time
---------------------------------------------------------------------------------------------
                                              0.490495   data required time
                                             -0.841402   data arrival time
---------------------------------------------------------------------------------------------
                                              0.350908   slack (MET)


Startpoint: _43_ (rising edge-triggered flip-flop clocked by clk_i)
Endpoint: _43_ (rising edge-triggered flip-flop clocked by clk_i)
Path Group: clk_i
Path Type: min

Fanout         Cap        Slew       Delay        Time   Description
---------------------------------------------------------------------------------------------
                                  0.000000    0.000000   clock clk_i (rise edge)
                                  0.000000    0.000000   clock source latency
     1    0.011770    0.059327    0.039793    0.039793 ^ clk_i (in)
                                                         clk_i (net)
                      0.059329    0.000000    0.039793 ^ clkbuf_0_clk_i/A (sky130_fd_sc_hd__clkbuf_16)
     2    0.018338    0.040437    0.129105    0.168898 ^ clkbuf_0_clk_i/X (sky130_fd_sc_hd__clkbuf_16)
                                                         clknet_0_clk_i (net)
                      0.040437    0.000080    0.168978 ^ clkbuf_1_0__f_clk_i/A (sky130_fd_sc_hd__clkbuf_16)
     5    0.013400    0.036230    0.117465    0.286443 ^ clkbuf_1_0__f_clk_i/X (sky130_fd_sc_hd__clkbuf_16)
                                                         clknet_1_0__leaf_clk_i (net)
                      0.036230    0.000145    0.286588 ^ _43_/CLK (sky130_fd_sc_hd__dfxtp_2)
     3    0.038538    0.197247    0.428105    0.714693 ^ _43_/Q (sky130_fd_sc_hd__dfxtp_2)
                                                         counter_val_o[3] (net)
                      0.197247    0.000113    0.714806 ^ _33_/A1 (sky130_fd_sc_hd__o21a_1)
     1    0.002418    0.037865    0.148845    0.863652 ^ _33_/X (sky130_fd_sc_hd__o21a_1)
                                                         _05_ (net)
                      0.037865    0.000009    0.863660 ^ _43_/D (sky130_fd_sc_hd__dfxtp_2)
                                              0.863660   data arrival time

                                  0.000000    0.000000   clock clk_i (rise edge)
                                  0.000000    0.000000   clock source latency
     1    0.011770    0.059327    0.039793    0.039793 ^ clk_i (in)
                                                         clk_i (net)
                      0.059329    0.000000    0.039793 ^ clkbuf_0_clk_i/A (sky130_fd_sc_hd__clkbuf_16)
     2    0.018338    0.040437    0.129105    0.168898 ^ clkbuf_0_clk_i/X (sky130_fd_sc_hd__clkbuf_16)
                                                         clknet_0_clk_i (net)
                      0.040437    0.000080    0.168978 ^ clkbuf_1_0__f_clk_i/A (sky130_fd_sc_hd__clkbuf_16)
     5    0.013400    0.036230    0.117465    0.286443 ^ clkbuf_1_0__f_clk_i/X (sky130_fd_sc_hd__clkbuf_16)
                                                         clknet_1_0__leaf_clk_i (net)
                      0.036230    0.000145    0.286588 ^ _43_/CLK (sky130_fd_sc_hd__dfxtp_2)
                                  0.250000    0.536588   clock uncertainty
                                  0.000000    0.536588   clock reconvergence pessimism
                                 -0.030865    0.505723   library hold time
                                              0.505723   data required time
---------------------------------------------------------------------------------------------
                                              0.505723   data required time
                                             -0.863660   data arrival time
---------------------------------------------------------------------------------------------
                                              0.357937   slack (MET)


Startpoint: _45_ (rising edge-triggered flip-flop clocked by clk_i)
Endpoint: counter_val_o[5] (output port clocked by clk_i)
Path Group: clk_i
Path Type: min

Fanout         Cap        Slew       Delay        Time   Description
---------------------------------------------------------------------------------------------
                                  0.000000    0.000000   clock clk_i (rise edge)
                                  0.000000    0.000000   clock source latency
     1    0.011770    0.059327    0.039793    0.039793 ^ clk_i (in)
                                                         clk_i (net)
                      0.059329    0.000000    0.039793 ^ clkbuf_0_clk_i/A (sky130_fd_sc_hd__clkbuf_16)
     2    0.018338    0.040437    0.129105    0.168898 ^ clkbuf_0_clk_i/X (sky130_fd_sc_hd__clkbuf_16)
                                                         clknet_0_clk_i (net)
                      0.040437    0.000105    0.169002 ^ clkbuf_1_1__f_clk_i/A (sky130_fd_sc_hd__clkbuf_16)
     4    0.010828    0.034043    0.114994    0.283996 ^ clkbuf_1_1__f_clk_i/X (sky130_fd_sc_hd__clkbuf_16)
                                                         clknet_1_1__leaf_clk_i (net)
                      0.034043    0.000138    0.284134 ^ _45_/CLK (sky130_fd_sc_hd__dfxtp_2)
     3    0.038108    0.094887    0.371899    0.656032 v _45_/Q (sky130_fd_sc_hd__dfxtp_2)
                                                         counter_val_o[5] (net)
                      0.094887    0.000171    0.656203 v counter_val_o[5] (out)
                                              0.656203   data arrival time

                                  0.000000    0.000000   clock clk_i (rise edge)
                                  0.000000    0.000000   clock network delay (propagated)
                                  0.250000    0.250000   clock uncertainty
                                  0.000000    0.250000   clock reconvergence pessimism
                                 -4.000000   -3.750000   output external delay
                                             -3.750000   data required time
---------------------------------------------------------------------------------------------
                                             -3.750000   data required time
                                             -0.656203   data arrival time
---------------------------------------------------------------------------------------------
                                              4.406204   slack (MET)


Startpoint: _39_ (rising edge-triggered flip-flop clocked by clk_i)
Endpoint: counter_val_o[7] (output port clocked by clk_i)
Path Group: clk_i
Path Type: min

Fanout         Cap        Slew       Delay        Time   Description
---------------------------------------------------------------------------------------------
                                  0.000000    0.000000   clock clk_i (rise edge)
                                  0.000000    0.000000   clock source latency
     1    0.011770    0.059327    0.039793    0.039793 ^ clk_i (in)
                                                         clk_i (net)
                      0.059329    0.000000    0.039793 ^ clkbuf_0_clk_i/A (sky130_fd_sc_hd__clkbuf_16)
     2    0.018338    0.040437    0.129105    0.168898 ^ clkbuf_0_clk_i/X (sky130_fd_sc_hd__clkbuf_16)
                                                         clknet_0_clk_i (net)
                      0.040437    0.000105    0.169002 ^ clkbuf_1_1__f_clk_i/A (sky130_fd_sc_hd__clkbuf_16)
     4    0.010828    0.034043    0.114994    0.283996 ^ clkbuf_1_1__f_clk_i/X (sky130_fd_sc_hd__clkbuf_16)
                                                         clknet_1_1__leaf_clk_i (net)
                      0.034043    0.000156    0.284152 ^ _39_/CLK (sky130_fd_sc_hd__dfxtp_2)
     3    0.038822    0.096406    0.373089    0.657241 v _39_/Q (sky130_fd_sc_hd__dfxtp_2)
                                                         counter_val_o[7] (net)
                      0.096406    0.000163    0.657404 v counter_val_o[7] (out)
                                              0.657404   data arrival time

                                  0.000000    0.000000   clock clk_i (rise edge)
                                  0.000000    0.000000   clock network delay (propagated)
                                  0.250000    0.250000   clock uncertainty
                                  0.000000    0.250000   clock reconvergence pessimism
                                 -4.000000   -3.750000   output external delay
                                             -3.750000   data required time
---------------------------------------------------------------------------------------------
                                             -3.750000   data required time
                                             -0.657404   data arrival time
---------------------------------------------------------------------------------------------
                                              4.407404   slack (MET)


Startpoint: _43_ (rising edge-triggered flip-flop clocked by clk_i)
Endpoint: counter_val_o[3] (output port clocked by clk_i)
Path Group: clk_i
Path Type: min

Fanout         Cap        Slew       Delay        Time   Description
---------------------------------------------------------------------------------------------
                                  0.000000    0.000000   clock clk_i (rise edge)
                                  0.000000    0.000000   clock source latency
     1    0.011770    0.059327    0.039793    0.039793 ^ clk_i (in)
                                                         clk_i (net)
                      0.059329    0.000000    0.039793 ^ clkbuf_0_clk_i/A (sky130_fd_sc_hd__clkbuf_16)
     2    0.018338    0.040437    0.129105    0.168898 ^ clkbuf_0_clk_i/X (sky130_fd_sc_hd__clkbuf_16)
                                                         clknet_0_clk_i (net)
                      0.040437    0.000080    0.168978 ^ clkbuf_1_0__f_clk_i/A (sky130_fd_sc_hd__clkbuf_16)
     5    0.013400    0.036230    0.117465    0.286443 ^ clkbuf_1_0__f_clk_i/X (sky130_fd_sc_hd__clkbuf_16)
                                                         clknet_1_0__leaf_clk_i (net)
                      0.036230    0.000145    0.286588 ^ _43_/CLK (sky130_fd_sc_hd__dfxtp_2)
     3    0.038214    0.095115    0.372879    0.659467 v _43_/Q (sky130_fd_sc_hd__dfxtp_2)
                                                         counter_val_o[3] (net)
                      0.095115    0.000166    0.659632 v counter_val_o[3] (out)
                                              0.659632   data arrival time

                                  0.000000    0.000000   clock clk_i (rise edge)
                                  0.000000    0.000000   clock network delay (propagated)
                                  0.250000    0.250000   clock uncertainty
                                  0.000000    0.250000   clock reconvergence pessimism
                                 -4.000000   -3.750000   output external delay
                                             -3.750000   data required time
---------------------------------------------------------------------------------------------
                                             -3.750000   data required time
                                             -0.659632   data arrival time
---------------------------------------------------------------------------------------------
                                              4.409632   slack (MET)


Startpoint: _42_ (rising edge-triggered flip-flop clocked by clk_i)
Endpoint: counter_val_o[2] (output port clocked by clk_i)
Path Group: clk_i
Path Type: min

Fanout         Cap        Slew       Delay        Time   Description
---------------------------------------------------------------------------------------------
                                  0.000000    0.000000   clock clk_i (rise edge)
                                  0.000000    0.000000   clock source latency
     1    0.011770    0.059327    0.039793    0.039793 ^ clk_i (in)
                                                         clk_i (net)
                      0.059329    0.000000    0.039793 ^ clkbuf_0_clk_i/A (sky130_fd_sc_hd__clkbuf_16)
     2    0.018338    0.040437    0.129105    0.168898 ^ clkbuf_0_clk_i/X (sky130_fd_sc_hd__clkbuf_16)
                                                         clknet_0_clk_i (net)
                      0.040437    0.000080    0.168978 ^ clkbuf_1_0__f_clk_i/A (sky130_fd_sc_hd__clkbuf_16)
     5    0.013400    0.036230    0.117465    0.286443 ^ clkbuf_1_0__f_clk_i/X (sky130_fd_sc_hd__clkbuf_16)
                                                         clknet_1_0__leaf_clk_i (net)
                      0.036230    0.000148    0.286591 ^ _42_/CLK (sky130_fd_sc_hd__dfxtp_4)
     4    0.040142    0.072092    0.376707    0.663298 v _42_/Q (sky130_fd_sc_hd__dfxtp_4)
                                                         counter_val_o[2] (net)
                      0.072092    0.000171    0.663469 v counter_val_o[2] (out)
                                              0.663469   data arrival time

                                  0.000000    0.000000   clock clk_i (rise edge)
                                  0.000000    0.000000   clock network delay (propagated)
                                  0.250000    0.250000   clock uncertainty
                                  0.000000    0.250000   clock reconvergence pessimism
                                 -4.000000   -3.750000   output external delay
                                             -3.750000   data required time
---------------------------------------------------------------------------------------------
                                             -3.750000   data required time
                                             -0.663469   data arrival time
---------------------------------------------------------------------------------------------
                                              4.413469   slack (MET)


Startpoint: _44_ (rising edge-triggered flip-flop clocked by clk_i)
Endpoint: counter_val_o[4] (output port clocked by clk_i)
Path Group: clk_i
Path Type: min

Fanout         Cap        Slew       Delay        Time   Description
---------------------------------------------------------------------------------------------
                                  0.000000    0.000000   clock clk_i (rise edge)
                                  0.000000    0.000000   clock source latency
     1    0.011770    0.059327    0.039793    0.039793 ^ clk_i (in)
                                                         clk_i (net)
                      0.059329    0.000000    0.039793 ^ clkbuf_0_clk_i/A (sky130_fd_sc_hd__clkbuf_16)
     2    0.018338    0.040437    0.129105    0.168898 ^ clkbuf_0_clk_i/X (sky130_fd_sc_hd__clkbuf_16)
                                                         clknet_0_clk_i (net)
                      0.040437    0.000105    0.169002 ^ clkbuf_1_1__f_clk_i/A (sky130_fd_sc_hd__clkbuf_16)
     4    0.010828    0.034043    0.114994    0.283996 ^ clkbuf_1_1__f_clk_i/X (sky130_fd_sc_hd__clkbuf_16)
                                                         clknet_1_1__leaf_clk_i (net)
                      0.034043    0.000128    0.284124 ^ _44_/CLK (sky130_fd_sc_hd__dfxtp_4)
     5    0.043655    0.076382    0.380092    0.664216 v _44_/Q (sky130_fd_sc_hd__dfxtp_4)
                                                         counter_val_o[4] (net)
                      0.076382    0.000261    0.664477 v counter_val_o[4] (out)
                                              0.664477   data arrival time

                                  0.000000    0.000000   clock clk_i (rise edge)
                                  0.000000    0.000000   clock network delay (propagated)
                                  0.250000    0.250000   clock uncertainty
                                  0.000000    0.250000   clock reconvergence pessimism
                                 -4.000000   -3.750000   output external delay
                                             -3.750000   data required time
---------------------------------------------------------------------------------------------
                                             -3.750000   data required time
                                             -0.664477   data arrival time
---------------------------------------------------------------------------------------------
                                              4.414477   slack (MET)


Startpoint: _38_ (rising edge-triggered flip-flop clocked by clk_i)
Endpoint: counter_val_o[6] (output port clocked by clk_i)
Path Group: clk_i
Path Type: min

Fanout         Cap        Slew       Delay        Time   Description
---------------------------------------------------------------------------------------------
                                  0.000000    0.000000   clock clk_i (rise edge)
                                  0.000000    0.000000   clock source latency
     1    0.011770    0.059327    0.039793    0.039793 ^ clk_i (in)
                                                         clk_i (net)
                      0.059329    0.000000    0.039793 ^ clkbuf_0_clk_i/A (sky130_fd_sc_hd__clkbuf_16)
     2    0.018338    0.040437    0.129105    0.168898 ^ clkbuf_0_clk_i/X (sky130_fd_sc_hd__clkbuf_16)
                                                         clknet_0_clk_i (net)
                      0.040437    0.000105    0.169002 ^ clkbuf_1_1__f_clk_i/A (sky130_fd_sc_hd__clkbuf_16)
     4    0.010828    0.034043    0.114994    0.283996 ^ clkbuf_1_1__f_clk_i/X (sky130_fd_sc_hd__clkbuf_16)
                                                         clknet_1_1__leaf_clk_i (net)
                      0.034043    0.000159    0.284155 ^ _38_/CLK (sky130_fd_sc_hd__dfxtp_4)
     5    0.044046    0.076872    0.380540    0.664695 v _38_/Q (sky130_fd_sc_hd__dfxtp_4)
                                                         counter_val_o[6] (net)
                      0.076873    0.000292    0.664987 v counter_val_o[6] (out)
                                              0.664987   data arrival time

                                  0.000000    0.000000   clock clk_i (rise edge)
                                  0.000000    0.000000   clock network delay (propagated)
                                  0.250000    0.250000   clock uncertainty
                                  0.000000    0.250000   clock reconvergence pessimism
                                 -4.000000   -3.750000   output external delay
                                             -3.750000   data required time
---------------------------------------------------------------------------------------------
                                             -3.750000   data required time
                                             -0.664987   data arrival time
---------------------------------------------------------------------------------------------
                                              4.414987   slack (MET)


Startpoint: _41_ (rising edge-triggered flip-flop clocked by clk_i)
Endpoint: counter_val_o[1] (output port clocked by clk_i)
Path Group: clk_i
Path Type: min

Fanout         Cap        Slew       Delay        Time   Description
---------------------------------------------------------------------------------------------
                                  0.000000    0.000000   clock clk_i (rise edge)
                                  0.000000    0.000000   clock source latency
     1    0.011770    0.059327    0.039793    0.039793 ^ clk_i (in)
                                                         clk_i (net)
                      0.059329    0.000000    0.039793 ^ clkbuf_0_clk_i/A (sky130_fd_sc_hd__clkbuf_16)
     2    0.018338    0.040437    0.129105    0.168898 ^ clkbuf_0_clk_i/X (sky130_fd_sc_hd__clkbuf_16)
                                                         clknet_0_clk_i (net)
                      0.040437    0.000080    0.168978 ^ clkbuf_1_0__f_clk_i/A (sky130_fd_sc_hd__clkbuf_16)
     5    0.013400    0.036230    0.117465    0.286443 ^ clkbuf_1_0__f_clk_i/X (sky130_fd_sc_hd__clkbuf_16)
                                                         clknet_1_0__leaf_clk_i (net)
                      0.036230    0.000161    0.286604 ^ _41_/CLK (sky130_fd_sc_hd__dfxtp_4)
     6    0.045654    0.078747    0.383383    0.669986 v _41_/Q (sky130_fd_sc_hd__dfxtp_4)
                                                         counter_val_o[1] (net)
                      0.078747    0.000148    0.670134 v counter_val_o[1] (out)
                                              0.670134   data arrival time

                                  0.000000    0.000000   clock clk_i (rise edge)
                                  0.000000    0.000000   clock network delay (propagated)
                                  0.250000    0.250000   clock uncertainty
                                  0.000000    0.250000   clock reconvergence pessimism
                                 -4.000000   -3.750000   output external delay
                                             -3.750000   data required time
---------------------------------------------------------------------------------------------
                                             -3.750000   data required time
                                             -0.670134   data arrival time
---------------------------------------------------------------------------------------------
                                              4.420135   slack (MET)


Startpoint: _40_ (rising edge-triggered flip-flop clocked by clk_i)
Endpoint: counter_val_o[0] (output port clocked by clk_i)
Path Group: clk_i
Path Type: min

Fanout         Cap        Slew       Delay        Time   Description
---------------------------------------------------------------------------------------------
                                  0.000000    0.000000   clock clk_i (rise edge)
                                  0.000000    0.000000   clock source latency
     1    0.011770    0.059327    0.039793    0.039793 ^ clk_i (in)
                                                         clk_i (net)
                      0.059329    0.000000    0.039793 ^ clkbuf_0_clk_i/A (sky130_fd_sc_hd__clkbuf_16)
     2    0.018338    0.040437    0.129105    0.168898 ^ clkbuf_0_clk_i/X (sky130_fd_sc_hd__clkbuf_16)
                                                         clknet_0_clk_i (net)
                      0.040437    0.000080    0.168978 ^ clkbuf_1_0__f_clk_i/A (sky130_fd_sc_hd__clkbuf_16)
     5    0.013400    0.036230    0.117465    0.286443 ^ clkbuf_1_0__f_clk_i/X (sky130_fd_sc_hd__clkbuf_16)
                                                         clknet_1_0__leaf_clk_i (net)
                      0.036230    0.000158    0.286601 ^ _40_/CLK (sky130_fd_sc_hd__dfxtp_4)
     7    0.048445    0.082193    0.386709    0.673310 v _40_/Q (sky130_fd_sc_hd__dfxtp_4)
                                                         counter_val_o[0] (net)
                      0.082193    0.000225    0.673535 v counter_val_o[0] (out)
                                              0.673535   data arrival time

                                  0.000000    0.000000   clock clk_i (rise edge)
                                  0.000000    0.000000   clock network delay (propagated)
                                  0.250000    0.250000   clock uncertainty
                                  0.000000    0.250000   clock reconvergence pessimism
                                 -4.000000   -3.750000   output external delay
                                             -3.750000   data required time
---------------------------------------------------------------------------------------------
                                             -3.750000   data required time
                                             -0.673535   data arrival time
---------------------------------------------------------------------------------------------
                                              4.423535   slack (MET)



