Clock: clk_i
Sources: clk_i 
Generated: no
Virtual: yes
Propagated: no
Period: 20.000000

===========================================================================
report_clock_properties
============================================================================
Clock                   Period          Waveform
----------------------------------------------------
clk_i                20.000000    0.000000 10.000000

===========================================================================
report_clock_latency
============================================================================
Clock clk_i
rise -> rise
    min     max
0.000000 0.000000 source latency
0.518515         network latency _45_/CLK
        0.522583 network latency _41_/CLK
---------------
0.518515 0.522583 latency
        0.004069 skew

fall -> fall
    min     max
0.000000 0.000000 source latency
0.531322         network latency _45_/CLK
        0.534618 network latency _41_/CLK
---------------
0.531322 0.534618 latency
        0.003296 skew



===========================================================================
report_clock_min_period
============================================================================
clk_i period_min = 2.95 fmax = 339.53
