
===========================================================================
report_checks -path_delay min (Hold)
============================================================================
======================= max_ss_100C_1v60 Corner ===================================

Startpoint: _42_ (rising edge-triggered flip-flop clocked by clk_i)
Endpoint: _42_ (rising edge-triggered flip-flop clocked by clk_i)
Path Group: clk_i
Path Type: min

Fanout         Cap        Slew       Delay        Time   Description
---------------------------------------------------------------------------------------------
                                  0.000000    0.000000   clock clk_i (rise edge)
                                  0.000000    0.000000   clock source latency
     1    0.013401    0.104506    0.069647    0.069647 ^ clk_i (in)
                                                         clk_i (net)
                      0.104517    0.000000    0.069647 ^ clkbuf_0_clk_i/A (sky130_fd_sc_hd__clkbuf_16)
     2    0.019615    0.066961    0.236475    0.306122 ^ clkbuf_0_clk_i/X (sky130_fd_sc_hd__clkbuf_16)
                                                         clknet_0_clk_i (net)
                      0.066979    0.001279    0.307401 ^ clkbuf_1_0__f_clk_i/A (sky130_fd_sc_hd__clkbuf_16)
     5    0.015724    0.062136    0.213897    0.521298 ^ clkbuf_1_0__f_clk_i/X (sky130_fd_sc_hd__clkbuf_16)
                                                         clknet_1_0__leaf_clk_i (net)
                      0.062136    0.001282    0.522580 ^ _42_/CLK (sky130_fd_sc_hd__dfxtp_4)
     4    0.041756    0.127672    0.727217    1.249797 v _42_/Q (sky130_fd_sc_hd__dfxtp_4)
                                                         counter_val_o[2] (net)
                      0.127842    0.002650    1.252446 v _30_/B1 (sky130_fd_sc_hd__a21oi_1)
     1    0.002683    0.141822    0.202848    1.455294 ^ _30_/Y (sky130_fd_sc_hd__a21oi_1)
                                                         _15_ (net)
                      0.141822    0.000198    1.455492 ^ _31_/C (sky130_fd_sc_hd__nor3_1)
     1    0.002327    0.051388    0.100620    1.556113 v _31_/Y (sky130_fd_sc_hd__nor3_1)
                                                         _04_ (net)
                      0.051388    0.000169    1.556281 v _42_/D (sky130_fd_sc_hd__dfxtp_4)
                                              1.556281   data arrival time

                                  0.000000    0.000000   clock clk_i (rise edge)
                                  0.000000    0.000000   clock source latency
     1    0.013401    0.104506    0.069647    0.069647 ^ clk_i (in)
                                                         clk_i (net)
                      0.104517    0.000000    0.069647 ^ clkbuf_0_clk_i/A (sky130_fd_sc_hd__clkbuf_16)
     2    0.019615    0.066961    0.236475    0.306122 ^ clkbuf_0_clk_i/X (sky130_fd_sc_hd__clkbuf_16)
                                                         clknet_0_clk_i (net)
                      0.066979    0.001279    0.307401 ^ clkbuf_1_0__f_clk_i/A (sky130_fd_sc_hd__clkbuf_16)
     5    0.015724    0.062136    0.213897    0.521298 ^ clkbuf_1_0__f_clk_i/X (sky130_fd_sc_hd__clkbuf_16)
                                                         clknet_1_0__leaf_clk_i (net)
                      0.062136    0.001282    0.522580 ^ _42_/CLK (sky130_fd_sc_hd__dfxtp_4)
                                  0.100000    0.622580   clock uncertainty
                                  0.000000    0.622580   clock reconvergence pessimism
                                 -0.085329    0.537250   library hold time
                                              0.537250   data required time
---------------------------------------------------------------------------------------------
                                              0.537250   data required time
                                             -1.556281   data arrival time
---------------------------------------------------------------------------------------------
                                              1.019031   slack (MET)


Startpoint: _41_ (rising edge-triggered flip-flop clocked by clk_i)
Endpoint: _41_ (rising edge-triggered flip-flop clocked by clk_i)
Path Group: clk_i
Path Type: min

Fanout         Cap        Slew       Delay        Time   Description
---------------------------------------------------------------------------------------------
                                  0.000000    0.000000   clock clk_i (rise edge)
                                  0.000000    0.000000   clock source latency
     1    0.013401    0.104506    0.069647    0.069647 ^ clk_i (in)
                                                         clk_i (net)
                      0.104517    0.000000    0.069647 ^ clkbuf_0_clk_i/A (sky130_fd_sc_hd__clkbuf_16)
     2    0.019615    0.066961    0.236475    0.306122 ^ clkbuf_0_clk_i/X (sky130_fd_sc_hd__clkbuf_16)
                                                         clknet_0_clk_i (net)
                      0.066979    0.001279    0.307401 ^ clkbuf_1_0__f_clk_i/A (sky130_fd_sc_hd__clkbuf_16)
     5    0.015724    0.062136    0.213897    0.521298 ^ clkbuf_1_0__f_clk_i/X (sky130_fd_sc_hd__clkbuf_16)
                                                         clknet_1_0__leaf_clk_i (net)
                      0.062136    0.001286    0.522583 ^ _41_/CLK (sky130_fd_sc_hd__dfxtp_4)
     6    0.048044    0.140537    0.739403    1.261986 v _41_/Q (sky130_fd_sc_hd__dfxtp_4)
                                                         counter_val_o[1] (net)
                      0.140547    0.001353    1.263339 v _29_/A2 (sky130_fd_sc_hd__o21a_1)
     1    0.001972    0.049989    0.325408    1.588747 v _29_/X (sky130_fd_sc_hd__o21a_1)
                                                         _03_ (net)
                      0.049989    0.000128    1.588875 v _41_/D (sky130_fd_sc_hd__dfxtp_4)
                                              1.588875   data arrival time

                                  0.000000    0.000000   clock clk_i (rise edge)
                                  0.000000    0.000000   clock source latency
     1    0.013401    0.104506    0.069647    0.069647 ^ clk_i (in)
                                                         clk_i (net)
                      0.104517    0.000000    0.069647 ^ clkbuf_0_clk_i/A (sky130_fd_sc_hd__clkbuf_16)
     2    0.019615    0.066961    0.236475    0.306122 ^ clkbuf_0_clk_i/X (sky130_fd_sc_hd__clkbuf_16)
                                                         clknet_0_clk_i (net)
                      0.066979    0.001279    0.307401 ^ clkbuf_1_0__f_clk_i/A (sky130_fd_sc_hd__clkbuf_16)
     5    0.015724    0.062136    0.213897    0.521298 ^ clkbuf_1_0__f_clk_i/X (sky130_fd_sc_hd__clkbuf_16)
                                                         clknet_1_0__leaf_clk_i (net)
                      0.062136    0.001286    0.522583 ^ _41_/CLK (sky130_fd_sc_hd__dfxtp_4)
                                  0.100000    0.622583   clock uncertainty
                                  0.000000    0.622583   clock reconvergence pessimism
                                 -0.084823    0.537760   library hold time
                                              0.537760   data required time
---------------------------------------------------------------------------------------------
                                              0.537760   data required time
                                             -1.588875   data arrival time
---------------------------------------------------------------------------------------------
                                              1.051115   slack (MET)


Startpoint: _39_ (rising edge-triggered flip-flop clocked by clk_i)
Endpoint: _39_ (rising edge-triggered flip-flop clocked by clk_i)
Path Group: clk_i
Path Type: min

Fanout         Cap        Slew       Delay        Time   Description
---------------------------------------------------------------------------------------------
                                  0.000000    0.000000   clock clk_i (rise edge)
                                  0.000000    0.000000   clock source latency
     1    0.013401    0.104506    0.069647    0.069647 ^ clk_i (in)
                                                         clk_i (net)
                      0.104517    0.000000    0.069647 ^ clkbuf_0_clk_i/A (sky130_fd_sc_hd__clkbuf_16)
     2    0.019615    0.066961    0.236475    0.306122 ^ clkbuf_0_clk_i/X (sky130_fd_sc_hd__clkbuf_16)
                                                         clknet_0_clk_i (net)
                      0.066979    0.001311    0.307434 ^ clkbuf_1_1__f_clk_i/A (sky130_fd_sc_hd__clkbuf_16)
     4    0.013076    0.058827    0.210202    0.517635 ^ clkbuf_1_1__f_clk_i/X (sky130_fd_sc_hd__clkbuf_16)
                                                         clknet_1_1__leaf_clk_i (net)
                      0.058829    0.001076    0.518712 ^ _39_/CLK (sky130_fd_sc_hd__dfxtp_2)
     3    0.039710    0.183795    0.723631    1.242343 v _39_/Q (sky130_fd_sc_hd__dfxtp_2)
                                                         counter_val_o[7] (net)
                      0.183809    0.001715    1.244058 v _24_/B1 (sky130_fd_sc_hd__a21oi_1)
     1    0.003637    0.169766    0.248023    1.492080 ^ _24_/Y (sky130_fd_sc_hd__a21oi_1)
                                                         _12_ (net)
                      0.169766    0.000161    1.492242 ^ _26_/A (sky130_fd_sc_hd__nor2_1)
     1    0.002112    0.035499    0.115232    1.607474 v _26_/Y (sky130_fd_sc_hd__nor2_1)
                                                         _01_ (net)
                      0.035499    0.000141    1.607615 v _39_/D (sky130_fd_sc_hd__dfxtp_2)
                                              1.607615   data arrival time

                                  0.000000    0.000000   clock clk_i (rise edge)
                                  0.000000    0.000000   clock source latency
     1    0.013401    0.104506    0.069647    0.069647 ^ clk_i (in)
                                                         clk_i (net)
                      0.104517    0.000000    0.069647 ^ clkbuf_0_clk_i/A (sky130_fd_sc_hd__clkbuf_16)
     2    0.019615    0.066961    0.236475    0.306122 ^ clkbuf_0_clk_i/X (sky130_fd_sc_hd__clkbuf_16)
                                                         clknet_0_clk_i (net)
                      0.066979    0.001311    0.307434 ^ clkbuf_1_1__f_clk_i/A (sky130_fd_sc_hd__clkbuf_16)
     4    0.013076    0.058827    0.210202    0.517635 ^ clkbuf_1_1__f_clk_i/X (sky130_fd_sc_hd__clkbuf_16)
                                                         clknet_1_1__leaf_clk_i (net)
                      0.058829    0.001076    0.518712 ^ _39_/CLK (sky130_fd_sc_hd__dfxtp_2)
                                  0.100000    0.618712   clock uncertainty
                                  0.000000    0.618712   clock reconvergence pessimism
                                 -0.080089    0.538623   library hold time
                                              0.538623   data required time
---------------------------------------------------------------------------------------------
                                              0.538623   data required time
                                             -1.607615   data arrival time
---------------------------------------------------------------------------------------------
                                              1.068992   slack (MET)


Startpoint: _44_ (rising edge-triggered flip-flop clocked by clk_i)
Endpoint: _44_ (rising edge-triggered flip-flop clocked by clk_i)
Path Group: clk_i
Path Type: min

Fanout         Cap        Slew       Delay        Time   Description
---------------------------------------------------------------------------------------------
                                  0.000000    0.000000   clock clk_i (rise edge)
                                  0.000000    0.000000   clock source latency
     1    0.013401    0.104506    0.069647    0.069647 ^ clk_i (in)
                                                         clk_i (net)
                      0.104517    0.000000    0.069647 ^ clkbuf_0_clk_i/A (sky130_fd_sc_hd__clkbuf_16)
     2    0.019615    0.066961    0.236475    0.306122 ^ clkbuf_0_clk_i/X (sky130_fd_sc_hd__clkbuf_16)
                                                         clknet_0_clk_i (net)
                      0.066979    0.001311    0.307434 ^ clkbuf_1_1__f_clk_i/A (sky130_fd_sc_hd__clkbuf_16)
     4    0.013076    0.058827    0.210202    0.517635 ^ clkbuf_1_1__f_clk_i/X (sky130_fd_sc_hd__clkbuf_16)
                                                         clknet_1_1__leaf_clk_i (net)
                      0.058829    0.000946    0.518581 ^ _44_/CLK (sky130_fd_sc_hd__dfxtp_4)
     5    0.046049    0.136338    0.733530    1.252111 v _44_/Q (sky130_fd_sc_hd__dfxtp_4)
                                                         counter_val_o[4] (net)
                      0.136365    0.001947    1.254058 v _35_/A1 (sky130_fd_sc_hd__o21a_1)
     1    0.001927    0.049605    0.350011    1.604069 v _35_/X (sky130_fd_sc_hd__o21a_1)
                                                         _06_ (net)
                      0.049605    0.000136    1.604204 v _44_/D (sky130_fd_sc_hd__dfxtp_4)
                                              1.604204   data arrival time

                                  0.000000    0.000000   clock clk_i (rise edge)
                                  0.000000    0.000000   clock source latency
     1    0.013401    0.104506    0.069647    0.069647 ^ clk_i (in)
                                                         clk_i (net)
                      0.104517    0.000000    0.069647 ^ clkbuf_0_clk_i/A (sky130_fd_sc_hd__clkbuf_16)
     2    0.019615    0.066961    0.236475    0.306122 ^ clkbuf_0_clk_i/X (sky130_fd_sc_hd__clkbuf_16)
                                                         clknet_0_clk_i (net)
                      0.066979    0.001311    0.307434 ^ clkbuf_1_1__f_clk_i/A (sky130_fd_sc_hd__clkbuf_16)
     4    0.013076    0.058827    0.210202    0.517635 ^ clkbuf_1_1__f_clk_i/X (sky130_fd_sc_hd__clkbuf_16)
                                                         clknet_1_1__leaf_clk_i (net)
                      0.058829    0.000946    0.518581 ^ _44_/CLK (sky130_fd_sc_hd__dfxtp_4)
                                  0.100000    0.618581   clock uncertainty
                                  0.000000    0.618581   clock reconvergence pessimism
                                 -0.085437    0.533144   library hold time
                                              0.533144   data required time
---------------------------------------------------------------------------------------------
                                              0.533144   data required time
                                             -1.604204   data arrival time
---------------------------------------------------------------------------------------------
                                              1.071060   slack (MET)


Startpoint: _38_ (rising edge-triggered flip-flop clocked by clk_i)
Endpoint: _38_ (rising edge-triggered flip-flop clocked by clk_i)
Path Group: clk_i
Path Type: min

Fanout         Cap        Slew       Delay        Time   Description
---------------------------------------------------------------------------------------------
                                  0.000000    0.000000   clock clk_i (rise edge)
                                  0.000000    0.000000   clock source latency
     1    0.013401    0.104506    0.069647    0.069647 ^ clk_i (in)
                                                         clk_i (net)
                      0.104517    0.000000    0.069647 ^ clkbuf_0_clk_i/A (sky130_fd_sc_hd__clkbuf_16)
     2    0.019615    0.066961    0.236475    0.306122 ^ clkbuf_0_clk_i/X (sky130_fd_sc_hd__clkbuf_16)
                                                         clknet_0_clk_i (net)
                      0.066979    0.001311    0.307434 ^ clkbuf_1_1__f_clk_i/A (sky130_fd_sc_hd__clkbuf_16)
     4    0.013076    0.058827    0.210202    0.517635 ^ clkbuf_1_1__f_clk_i/X (sky130_fd_sc_hd__clkbuf_16)
                                                         clknet_1_1__leaf_clk_i (net)
                      0.058829    0.001013    0.518648 ^ _38_/CLK (sky130_fd_sc_hd__dfxtp_4)
     5    0.045972    0.136904    0.732347    1.250996 v _38_/Q (sky130_fd_sc_hd__dfxtp_4)
                                                         counter_val_o[6] (net)
                      0.137178    0.004236    1.255232 v _23_/A1 (sky130_fd_sc_hd__o21a_1)
     1    0.002688    0.056392    0.359145    1.614377 v _23_/X (sky130_fd_sc_hd__o21a_1)
                                                         _00_ (net)
                      0.056392    0.000165    1.614542 v _38_/D (sky130_fd_sc_hd__dfxtp_4)
                                              1.614542   data arrival time

                                  0.000000    0.000000   clock clk_i (rise edge)
                                  0.000000    0.000000   clock source latency
     1    0.013401    0.104506    0.069647    0.069647 ^ clk_i (in)
                                                         clk_i (net)
                      0.104517    0.000000    0.069647 ^ clkbuf_0_clk_i/A (sky130_fd_sc_hd__clkbuf_16)
     2    0.019615    0.066961    0.236475    0.306122 ^ clkbuf_0_clk_i/X (sky130_fd_sc_hd__clkbuf_16)
                                                         clknet_0_clk_i (net)
                      0.066979    0.001311    0.307434 ^ clkbuf_1_1__f_clk_i/A (sky130_fd_sc_hd__clkbuf_16)
     4    0.013076    0.058827    0.210202    0.517635 ^ clkbuf_1_1__f_clk_i/X (sky130_fd_sc_hd__clkbuf_16)
                                                         clknet_1_1__leaf_clk_i (net)
                      0.058829    0.001013    0.518648 ^ _38_/CLK (sky130_fd_sc_hd__dfxtp_4)
                                  0.100000    0.618648   clock uncertainty
                                  0.000000    0.618648   clock reconvergence pessimism
                                 -0.087893    0.530755   library hold time
                                              0.530755   data required time
---------------------------------------------------------------------------------------------
                                              0.530755   data required time
                                             -1.614542   data arrival time
---------------------------------------------------------------------------------------------
                                              1.083787   slack (MET)


Startpoint: _43_ (rising edge-triggered flip-flop clocked by clk_i)
Endpoint: _43_ (rising edge-triggered flip-flop clocked by clk_i)
Path Group: clk_i
Path Type: min

Fanout         Cap        Slew       Delay        Time   Description
---------------------------------------------------------------------------------------------
                                  0.000000    0.000000   clock clk_i (rise edge)
                                  0.000000    0.000000   clock source latency
     1    0.013401    0.104506    0.069647    0.069647 ^ clk_i (in)
                                                         clk_i (net)
                      0.104517    0.000000    0.069647 ^ clkbuf_0_clk_i/A (sky130_fd_sc_hd__clkbuf_16)
     2    0.019615    0.066961    0.236475    0.306122 ^ clkbuf_0_clk_i/X (sky130_fd_sc_hd__clkbuf_16)
                                                         clknet_0_clk_i (net)
                      0.066979    0.001279    0.307401 ^ clkbuf_1_0__f_clk_i/A (sky130_fd_sc_hd__clkbuf_16)
     5    0.015724    0.062136    0.213897    0.521298 ^ clkbuf_1_0__f_clk_i/X (sky130_fd_sc_hd__clkbuf_16)
                                                         clknet_1_0__leaf_clk_i (net)
                      0.062136    0.001207    0.522505 ^ _43_/CLK (sky130_fd_sc_hd__dfxtp_2)
     3    0.039032    0.181092    0.722937    1.245441 v _43_/Q (sky130_fd_sc_hd__dfxtp_2)
                                                         counter_val_o[3] (net)
                      0.181108    0.001744    1.247185 v _33_/A1 (sky130_fd_sc_hd__o21a_1)
     1    0.003081    0.060130    0.381168    1.628354 v _33_/X (sky130_fd_sc_hd__o21a_1)
                                                         _05_ (net)
                      0.060130    0.000198    1.628552 v _43_/D (sky130_fd_sc_hd__dfxtp_2)
                                              1.628552   data arrival time

                                  0.000000    0.000000   clock clk_i (rise edge)
                                  0.000000    0.000000   clock source latency
     1    0.013401    0.104506    0.069647    0.069647 ^ clk_i (in)
                                                         clk_i (net)
                      0.104517    0.000000    0.069647 ^ clkbuf_0_clk_i/A (sky130_fd_sc_hd__clkbuf_16)
     2    0.019615    0.066961    0.236475    0.306122 ^ clkbuf_0_clk_i/X (sky130_fd_sc_hd__clkbuf_16)
                                                         clknet_0_clk_i (net)
                      0.066979    0.001279    0.307401 ^ clkbuf_1_0__f_clk_i/A (sky130_fd_sc_hd__clkbuf_16)
     5    0.015724    0.062136    0.213897    0.521298 ^ clkbuf_1_0__f_clk_i/X (sky130_fd_sc_hd__clkbuf_16)
                                                         clknet_1_0__leaf_clk_i (net)
                      0.062136    0.001207    0.522505 ^ _43_/CLK (sky130_fd_sc_hd__dfxtp_2)
                                  0.100000    0.622505   clock uncertainty
                                  0.000000    0.622505   clock reconvergence pessimism
                                 -0.088401    0.534104   library hold time
                                              0.534104   data required time
---------------------------------------------------------------------------------------------
                                              0.534104   data required time
                                             -1.628552   data arrival time
---------------------------------------------------------------------------------------------
                                              1.094448   slack (MET)


Startpoint: _45_ (rising edge-triggered flip-flop clocked by clk_i)
Endpoint: _45_ (rising edge-triggered flip-flop clocked by clk_i)
Path Group: clk_i
Path Type: min

Fanout         Cap        Slew       Delay        Time   Description
---------------------------------------------------------------------------------------------
                                  0.000000    0.000000   clock clk_i (rise edge)
                                  0.000000    0.000000   clock source latency
     1    0.013401    0.104506    0.069647    0.069647 ^ clk_i (in)
                                                         clk_i (net)
                      0.104517    0.000000    0.069647 ^ clkbuf_0_clk_i/A (sky130_fd_sc_hd__clkbuf_16)
     2    0.019615    0.066961    0.236475    0.306122 ^ clkbuf_0_clk_i/X (sky130_fd_sc_hd__clkbuf_16)
                                                         clknet_0_clk_i (net)
                      0.066979    0.001311    0.307434 ^ clkbuf_1_1__f_clk_i/A (sky130_fd_sc_hd__clkbuf_16)
     4    0.013076    0.058827    0.210202    0.517635 ^ clkbuf_1_1__f_clk_i/X (sky130_fd_sc_hd__clkbuf_16)
                                                         clknet_1_1__leaf_clk_i (net)
                      0.058829    0.000879    0.518515 ^ _45_/CLK (sky130_fd_sc_hd__dfxtp_2)
     3    0.038606    0.179400    0.720137    1.238652 v _45_/Q (sky130_fd_sc_hd__dfxtp_2)
                                                         counter_val_o[5] (net)
                      0.179413    0.001653    1.240305 v _36_/B1 (sky130_fd_sc_hd__a21oi_1)
     1    0.004331    0.190676    0.262458    1.502763 ^ _36_/Y (sky130_fd_sc_hd__a21oi_1)
                                                         _18_ (net)
                      0.190676    0.000285    1.503049 ^ _37_/C (sky130_fd_sc_hd__nor3_1)
     1    0.002755    0.062754    0.124133    1.627181 v _37_/Y (sky130_fd_sc_hd__nor3_1)
                                                         _07_ (net)
                      0.062754    0.000183    1.627364 v _45_/D (sky130_fd_sc_hd__dfxtp_2)
                                              1.627364   data arrival time

                                  0.000000    0.000000   clock clk_i (rise edge)
                                  0.000000    0.000000   clock source latency
     1    0.013401    0.104506    0.069647    0.069647 ^ clk_i (in)
                                                         clk_i (net)
                      0.104517    0.000000    0.069647 ^ clkbuf_0_clk_i/A (sky130_fd_sc_hd__clkbuf_16)
     2    0.019615    0.066961    0.236475    0.306122 ^ clkbuf_0_clk_i/X (sky130_fd_sc_hd__clkbuf_16)
                                                         clknet_0_clk_i (net)
                      0.066979    0.001311    0.307434 ^ clkbuf_1_1__f_clk_i/A (sky130_fd_sc_hd__clkbuf_16)
     4    0.013076    0.058827    0.210202    0.517635 ^ clkbuf_1_1__f_clk_i/X (sky130_fd_sc_hd__clkbuf_16)
                                                         clknet_1_1__leaf_clk_i (net)
                      0.058829    0.000879    0.518515 ^ _45_/CLK (sky130_fd_sc_hd__dfxtp_2)
                                  0.100000    0.618515   clock uncertainty
                                  0.000000    0.618515   clock reconvergence pessimism
                                 -0.090152    0.528363   library hold time
                                              0.528363   data required time
---------------------------------------------------------------------------------------------
                                              0.528363   data required time
                                             -1.627364   data arrival time
---------------------------------------------------------------------------------------------
                                              1.099001   slack (MET)


Startpoint: _40_ (rising edge-triggered flip-flop clocked by clk_i)
Endpoint: _40_ (rising edge-triggered flip-flop clocked by clk_i)
Path Group: clk_i
Path Type: min

Fanout         Cap        Slew       Delay        Time   Description
---------------------------------------------------------------------------------------------
                                  0.000000    0.000000   clock clk_i (rise edge)
                                  0.000000    0.000000   clock source latency
     1    0.013401    0.104506    0.069647    0.069647 ^ clk_i (in)
                                                         clk_i (net)
                      0.104517    0.000000    0.069647 ^ clkbuf_0_clk_i/A (sky130_fd_sc_hd__clkbuf_16)
     2    0.019615    0.066961    0.236475    0.306122 ^ clkbuf_0_clk_i/X (sky130_fd_sc_hd__clkbuf_16)
                                                         clknet_0_clk_i (net)
                      0.066979    0.001279    0.307401 ^ clkbuf_1_0__f_clk_i/A (sky130_fd_sc_hd__clkbuf_16)
     5    0.015724    0.062136    0.213897    0.521298 ^ clkbuf_1_0__f_clk_i/X (sky130_fd_sc_hd__clkbuf_16)
                                                         clknet_1_0__leaf_clk_i (net)
                      0.062136    0.001212    0.522509 ^ _40_/CLK (sky130_fd_sc_hd__dfxtp_4)
     7    0.051077    0.247001    0.836098    1.358608 ^ _40_/Q (sky130_fd_sc_hd__dfxtp_4)
                                                         counter_val_o[0] (net)
                      0.247013    0.002018    1.360626 ^ hold1/A (sky130_fd_sc_hd__dlygate4sd3_1)
     1    0.002889    0.092711    1.110601    2.471227 ^ hold1/X (sky130_fd_sc_hd__dlygate4sd3_1)
                                                         net2 (net)
                      0.092711    0.000134    2.471361 ^ _27_/A (sky130_fd_sc_hd__nor2_1)
     1    0.001983    0.040744    0.082429    2.553790 v _27_/Y (sky130_fd_sc_hd__nor2_1)
                                                         _02_ (net)
                      0.040744    0.000129    2.553919 v _40_/D (sky130_fd_sc_hd__dfxtp_4)
                                              2.553919   data arrival time

                                  0.000000    0.000000   clock clk_i (rise edge)
                                  0.000000    0.000000   clock source latency
     1    0.013401    0.104506    0.069647    0.069647 ^ clk_i (in)
                                                         clk_i (net)
                      0.104517    0.000000    0.069647 ^ clkbuf_0_clk_i/A (sky130_fd_sc_hd__clkbuf_16)
     2    0.019615    0.066961    0.236475    0.306122 ^ clkbuf_0_clk_i/X (sky130_fd_sc_hd__clkbuf_16)
                                                         clknet_0_clk_i (net)
                      0.066979    0.001279    0.307401 ^ clkbuf_1_0__f_clk_i/A (sky130_fd_sc_hd__clkbuf_16)
     5    0.015724    0.062136    0.213897    0.521298 ^ clkbuf_1_0__f_clk_i/X (sky130_fd_sc_hd__clkbuf_16)
                                                         clknet_1_0__leaf_clk_i (net)
                      0.062136    0.001212    0.522509 ^ _40_/CLK (sky130_fd_sc_hd__dfxtp_4)
                                  0.100000    0.622509   clock uncertainty
                                  0.000000    0.622509   clock reconvergence pessimism
                                 -0.081478    0.541032   library hold time
                                              0.541032   data required time
---------------------------------------------------------------------------------------------
                                              0.541032   data required time
                                             -2.553919   data arrival time
---------------------------------------------------------------------------------------------
                                              2.012887   slack (MET)


Startpoint: _45_ (rising edge-triggered flip-flop clocked by clk_i)
Endpoint: counter_val_o[5] (output port clocked by clk_i)
Path Group: clk_i
Path Type: min

Fanout         Cap        Slew       Delay        Time   Description
---------------------------------------------------------------------------------------------
                                  0.000000    0.000000   clock clk_i (rise edge)
                                  0.000000    0.000000   clock source latency
     1    0.013401    0.104506    0.069647    0.069647 ^ clk_i (in)
                                                         clk_i (net)
                      0.104517    0.000000    0.069647 ^ clkbuf_0_clk_i/A (sky130_fd_sc_hd__clkbuf_16)
     2    0.019615    0.066961    0.236475    0.306122 ^ clkbuf_0_clk_i/X (sky130_fd_sc_hd__clkbuf_16)
                                                         clknet_0_clk_i (net)
                      0.066979    0.001311    0.307434 ^ clkbuf_1_1__f_clk_i/A (sky130_fd_sc_hd__clkbuf_16)
     4    0.013076    0.058827    0.210202    0.517635 ^ clkbuf_1_1__f_clk_i/X (sky130_fd_sc_hd__clkbuf_16)
                                                         clknet_1_1__leaf_clk_i (net)
                      0.058829    0.000879    0.518515 ^ _45_/CLK (sky130_fd_sc_hd__dfxtp_2)
     3    0.038606    0.179400    0.720137    1.238652 v _45_/Q (sky130_fd_sc_hd__dfxtp_2)
                                                         counter_val_o[5] (net)
                      0.179414    0.001704    1.240355 v counter_val_o[5] (out)
                                              1.240355   data arrival time

                                  0.000000    0.000000   clock clk_i (rise edge)
                                  0.000000    0.000000   clock network delay (propagated)
                                  0.100000    0.100000   clock uncertainty
                                  0.000000    0.100000   clock reconvergence pessimism
                                 -4.000000   -3.900000   output external delay
                                             -3.900000   data required time
---------------------------------------------------------------------------------------------
                                             -3.900000   data required time
                                             -1.240355   data arrival time
---------------------------------------------------------------------------------------------
                                              5.140356   slack (MET)


Startpoint: _39_ (rising edge-triggered flip-flop clocked by clk_i)
Endpoint: counter_val_o[7] (output port clocked by clk_i)
Path Group: clk_i
Path Type: min

Fanout         Cap        Slew       Delay        Time   Description
---------------------------------------------------------------------------------------------
                                  0.000000    0.000000   clock clk_i (rise edge)
                                  0.000000    0.000000   clock source latency
     1    0.013401    0.104506    0.069647    0.069647 ^ clk_i (in)
                                                         clk_i (net)
                      0.104517    0.000000    0.069647 ^ clkbuf_0_clk_i/A (sky130_fd_sc_hd__clkbuf_16)
     2    0.019615    0.066961    0.236475    0.306122 ^ clkbuf_0_clk_i/X (sky130_fd_sc_hd__clkbuf_16)
                                                         clknet_0_clk_i (net)
                      0.066979    0.001311    0.307434 ^ clkbuf_1_1__f_clk_i/A (sky130_fd_sc_hd__clkbuf_16)
     4    0.013076    0.058827    0.210202    0.517635 ^ clkbuf_1_1__f_clk_i/X (sky130_fd_sc_hd__clkbuf_16)
                                                         clknet_1_1__leaf_clk_i (net)
                      0.058829    0.001076    0.518712 ^ _39_/CLK (sky130_fd_sc_hd__dfxtp_2)
     3    0.039710    0.183795    0.723631    1.242343 v _39_/Q (sky130_fd_sc_hd__dfxtp_2)
                                                         counter_val_o[7] (net)
                      0.183810    0.001756    1.244099 v counter_val_o[7] (out)
                                              1.244099   data arrival time

                                  0.000000    0.000000   clock clk_i (rise edge)
                                  0.000000    0.000000   clock network delay (propagated)
                                  0.100000    0.100000   clock uncertainty
                                  0.000000    0.100000   clock reconvergence pessimism
                                 -4.000000   -3.900000   output external delay
                                             -3.900000   data required time
---------------------------------------------------------------------------------------------
                                             -3.900000   data required time
                                             -1.244099   data arrival time
---------------------------------------------------------------------------------------------
                                              5.144099   slack (MET)


Startpoint: _43_ (rising edge-triggered flip-flop clocked by clk_i)
Endpoint: counter_val_o[3] (output port clocked by clk_i)
Path Group: clk_i
Path Type: min

Fanout         Cap        Slew       Delay        Time   Description
---------------------------------------------------------------------------------------------
                                  0.000000    0.000000   clock clk_i (rise edge)
                                  0.000000    0.000000   clock source latency
     1    0.013401    0.104506    0.069647    0.069647 ^ clk_i (in)
                                                         clk_i (net)
                      0.104517    0.000000    0.069647 ^ clkbuf_0_clk_i/A (sky130_fd_sc_hd__clkbuf_16)
     2    0.019615    0.066961    0.236475    0.306122 ^ clkbuf_0_clk_i/X (sky130_fd_sc_hd__clkbuf_16)
                                                         clknet_0_clk_i (net)
                      0.066979    0.001279    0.307401 ^ clkbuf_1_0__f_clk_i/A (sky130_fd_sc_hd__clkbuf_16)
     5    0.015724    0.062136    0.213897    0.521298 ^ clkbuf_1_0__f_clk_i/X (sky130_fd_sc_hd__clkbuf_16)
                                                         clknet_1_0__leaf_clk_i (net)
                      0.062136    0.001207    0.522505 ^ _43_/CLK (sky130_fd_sc_hd__dfxtp_2)
     3    0.039032    0.181092    0.722937    1.245441 v _43_/Q (sky130_fd_sc_hd__dfxtp_2)
                                                         counter_val_o[3] (net)
                      0.181108    0.001772    1.247213 v counter_val_o[3] (out)
                                              1.247213   data arrival time

                                  0.000000    0.000000   clock clk_i (rise edge)
                                  0.000000    0.000000   clock network delay (propagated)
                                  0.100000    0.100000   clock uncertainty
                                  0.000000    0.100000   clock reconvergence pessimism
                                 -4.000000   -3.900000   output external delay
                                             -3.900000   data required time
---------------------------------------------------------------------------------------------
                                             -3.900000   data required time
                                             -1.247213   data arrival time
---------------------------------------------------------------------------------------------
                                              5.147213   slack (MET)


Startpoint: _42_ (rising edge-triggered flip-flop clocked by clk_i)
Endpoint: counter_val_o[2] (output port clocked by clk_i)
Path Group: clk_i
Path Type: min

Fanout         Cap        Slew       Delay        Time   Description
---------------------------------------------------------------------------------------------
                                  0.000000    0.000000   clock clk_i (rise edge)
                                  0.000000    0.000000   clock source latency
     1    0.013401    0.104506    0.069647    0.069647 ^ clk_i (in)
                                                         clk_i (net)
                      0.104517    0.000000    0.069647 ^ clkbuf_0_clk_i/A (sky130_fd_sc_hd__clkbuf_16)
     2    0.019615    0.066961    0.236475    0.306122 ^ clkbuf_0_clk_i/X (sky130_fd_sc_hd__clkbuf_16)
                                                         clknet_0_clk_i (net)
                      0.066979    0.001279    0.307401 ^ clkbuf_1_0__f_clk_i/A (sky130_fd_sc_hd__clkbuf_16)
     5    0.015724    0.062136    0.213897    0.521298 ^ clkbuf_1_0__f_clk_i/X (sky130_fd_sc_hd__clkbuf_16)
                                                         clknet_1_0__leaf_clk_i (net)
                      0.062136    0.001282    0.522580 ^ _42_/CLK (sky130_fd_sc_hd__dfxtp_4)
     4    0.041756    0.127672    0.727217    1.249797 v _42_/Q (sky130_fd_sc_hd__dfxtp_4)
                                                         counter_val_o[2] (net)
                      0.127871    0.003118    1.252914 v counter_val_o[2] (out)
                                              1.252914   data arrival time

                                  0.000000    0.000000   clock clk_i (rise edge)
                                  0.000000    0.000000   clock network delay (propagated)
                                  0.100000    0.100000   clock uncertainty
                                  0.000000    0.100000   clock reconvergence pessimism
                                 -4.000000   -3.900000   output external delay
                                             -3.900000   data required time
---------------------------------------------------------------------------------------------
                                             -3.900000   data required time
                                             -1.252914   data arrival time
---------------------------------------------------------------------------------------------
                                              5.152914   slack (MET)


Startpoint: _44_ (rising edge-triggered flip-flop clocked by clk_i)
Endpoint: counter_val_o[4] (output port clocked by clk_i)
Path Group: clk_i
Path Type: min

Fanout         Cap        Slew       Delay        Time   Description
---------------------------------------------------------------------------------------------
                                  0.000000    0.000000   clock clk_i (rise edge)
                                  0.000000    0.000000   clock source latency
     1    0.013401    0.104506    0.069647    0.069647 ^ clk_i (in)
                                                         clk_i (net)
                      0.104517    0.000000    0.069647 ^ clkbuf_0_clk_i/A (sky130_fd_sc_hd__clkbuf_16)
     2    0.019615    0.066961    0.236475    0.306122 ^ clkbuf_0_clk_i/X (sky130_fd_sc_hd__clkbuf_16)
                                                         clknet_0_clk_i (net)
                      0.066979    0.001311    0.307434 ^ clkbuf_1_1__f_clk_i/A (sky130_fd_sc_hd__clkbuf_16)
     4    0.013076    0.058827    0.210202    0.517635 ^ clkbuf_1_1__f_clk_i/X (sky130_fd_sc_hd__clkbuf_16)
                                                         clknet_1_1__leaf_clk_i (net)
                      0.058829    0.000946    0.518581 ^ _44_/CLK (sky130_fd_sc_hd__dfxtp_4)
     5    0.046049    0.136338    0.733530    1.252111 v _44_/Q (sky130_fd_sc_hd__dfxtp_4)
                                                         counter_val_o[4] (net)
                      0.136433    0.003290    1.255402 v counter_val_o[4] (out)
                                              1.255402   data arrival time

                                  0.000000    0.000000   clock clk_i (rise edge)
                                  0.000000    0.000000   clock network delay (propagated)
                                  0.100000    0.100000   clock uncertainty
                                  0.000000    0.100000   clock reconvergence pessimism
                                 -4.000000   -3.900000   output external delay
                                             -3.900000   data required time
---------------------------------------------------------------------------------------------
                                             -3.900000   data required time
                                             -1.255402   data arrival time
---------------------------------------------------------------------------------------------
                                              5.155402   slack (MET)


Startpoint: _38_ (rising edge-triggered flip-flop clocked by clk_i)
Endpoint: counter_val_o[6] (output port clocked by clk_i)
Path Group: clk_i
Path Type: min

Fanout         Cap        Slew       Delay        Time   Description
---------------------------------------------------------------------------------------------
                                  0.000000    0.000000   clock clk_i (rise edge)
                                  0.000000    0.000000   clock source latency
     1    0.013401    0.104506    0.069647    0.069647 ^ clk_i (in)
                                                         clk_i (net)
                      0.104517    0.000000    0.069647 ^ clkbuf_0_clk_i/A (sky130_fd_sc_hd__clkbuf_16)
     2    0.019615    0.066961    0.236475    0.306122 ^ clkbuf_0_clk_i/X (sky130_fd_sc_hd__clkbuf_16)
                                                         clknet_0_clk_i (net)
                      0.066979    0.001311    0.307434 ^ clkbuf_1_1__f_clk_i/A (sky130_fd_sc_hd__clkbuf_16)
     4    0.013076    0.058827    0.210202    0.517635 ^ clkbuf_1_1__f_clk_i/X (sky130_fd_sc_hd__clkbuf_16)
                                                         clknet_1_1__leaf_clk_i (net)
                      0.058829    0.001013    0.518648 ^ _38_/CLK (sky130_fd_sc_hd__dfxtp_4)
     5    0.045972    0.136904    0.732347    1.250996 v _38_/Q (sky130_fd_sc_hd__dfxtp_4)
                                                         counter_val_o[6] (net)
                      0.137251    0.004994    1.255989 v counter_val_o[6] (out)
                                              1.255989   data arrival time

                                  0.000000    0.000000   clock clk_i (rise edge)
                                  0.000000    0.000000   clock network delay (propagated)
                                  0.100000    0.100000   clock uncertainty
                                  0.000000    0.100000   clock reconvergence pessimism
                                 -4.000000   -3.900000   output external delay
                                             -3.900000   data required time
---------------------------------------------------------------------------------------------
                                             -3.900000   data required time
                                             -1.255989   data arrival time
---------------------------------------------------------------------------------------------
                                              5.155989   slack (MET)


Startpoint: _41_ (rising edge-triggered flip-flop clocked by clk_i)
Endpoint: counter_val_o[1] (output port clocked by clk_i)
Path Group: clk_i
Path Type: min

Fanout         Cap        Slew       Delay        Time   Description
---------------------------------------------------------------------------------------------
                                  0.000000    0.000000   clock clk_i (rise edge)
                                  0.000000    0.000000   clock source latency
     1    0.013401    0.104506    0.069647    0.069647 ^ clk_i (in)
                                                         clk_i (net)
                      0.104517    0.000000    0.069647 ^ clkbuf_0_clk_i/A (sky130_fd_sc_hd__clkbuf_16)
     2    0.019615    0.066961    0.236475    0.306122 ^ clkbuf_0_clk_i/X (sky130_fd_sc_hd__clkbuf_16)
                                                         clknet_0_clk_i (net)
                      0.066979    0.001279    0.307401 ^ clkbuf_1_0__f_clk_i/A (sky130_fd_sc_hd__clkbuf_16)
     5    0.015724    0.062136    0.213897    0.521298 ^ clkbuf_1_0__f_clk_i/X (sky130_fd_sc_hd__clkbuf_16)
                                                         clknet_1_0__leaf_clk_i (net)
                      0.062136    0.001286    0.522583 ^ _41_/CLK (sky130_fd_sc_hd__dfxtp_4)
     6    0.048044    0.140537    0.739403    1.261986 v _41_/Q (sky130_fd_sc_hd__dfxtp_4)
                                                         counter_val_o[1] (net)
                      0.140565    0.001956    1.263942 v counter_val_o[1] (out)
                                              1.263942   data arrival time

                                  0.000000    0.000000   clock clk_i (rise edge)
                                  0.000000    0.000000   clock network delay (propagated)
                                  0.100000    0.100000   clock uncertainty
                                  0.000000    0.100000   clock reconvergence pessimism
                                 -4.000000   -3.900000   output external delay
                                             -3.900000   data required time
---------------------------------------------------------------------------------------------
                                             -3.900000   data required time
                                             -1.263942   data arrival time
---------------------------------------------------------------------------------------------
                                              5.163942   slack (MET)


Startpoint: _40_ (rising edge-triggered flip-flop clocked by clk_i)
Endpoint: counter_val_o[0] (output port clocked by clk_i)
Path Group: clk_i
Path Type: min

Fanout         Cap        Slew       Delay        Time   Description
---------------------------------------------------------------------------------------------
                                  0.000000    0.000000   clock clk_i (rise edge)
                                  0.000000    0.000000   clock source latency
     1    0.013401    0.104506    0.069647    0.069647 ^ clk_i (in)
                                                         clk_i (net)
                      0.104517    0.000000    0.069647 ^ clkbuf_0_clk_i/A (sky130_fd_sc_hd__clkbuf_16)
     2    0.019615    0.066961    0.236475    0.306122 ^ clkbuf_0_clk_i/X (sky130_fd_sc_hd__clkbuf_16)
                                                         clknet_0_clk_i (net)
                      0.066979    0.001279    0.307401 ^ clkbuf_1_0__f_clk_i/A (sky130_fd_sc_hd__clkbuf_16)
     5    0.015724    0.062136    0.213897    0.521298 ^ clkbuf_1_0__f_clk_i/X (sky130_fd_sc_hd__clkbuf_16)
                                                         clknet_1_0__leaf_clk_i (net)
                      0.062136    0.001212    0.522509 ^ _40_/CLK (sky130_fd_sc_hd__dfxtp_4)
     7    0.050497    0.145411    0.743043    1.265553 v _40_/Q (sky130_fd_sc_hd__dfxtp_4)
                                                         counter_val_o[0] (net)
                      0.145516    0.003564    1.269117 v counter_val_o[0] (out)
                                              1.269117   data arrival time

                                  0.000000    0.000000   clock clk_i (rise edge)
                                  0.000000    0.000000   clock network delay (propagated)
                                  0.100000    0.100000   clock uncertainty
                                  0.000000    0.100000   clock reconvergence pessimism
                                 -4.000000   -3.900000   output external delay
                                             -3.900000   data required time
---------------------------------------------------------------------------------------------
                                             -3.900000   data required time
                                             -1.269117   data arrival time
---------------------------------------------------------------------------------------------
                                              5.169117   slack (MET)



